Log file open, 10/31/20 15:11:33
LogInit:Display: Running engine for game: ProyectoLabApps
LogPlatformFile: Not using cached read wrapper
LogInit:Display: RandInit(66827639) SRandInit(66827640).
LogTaskGraph: Started task graph with 5 named threads and 6 total threads with 1 sets of task threads.
LogStats: Stats thread started at 0.348641
LogInit: Using libcurl 7.47.1
LogInit:  - built for x86_64-pc-win32
LogInit:  - supports SSL with OpenSSL/1.0.2g
LogInit:  - supports HTTP deflate (compression) using libz 1.2.8
LogInit:  - other features:
LogInit:      CURL_VERSION_SSL
LogInit:      CURL_VERSION_LIBZ
LogInit:      CURL_VERSION_IPV6
LogInit:      CURL_VERSION_ASYNCHDNS
LogInit:      CURL_VERSION_LARGEFILE
LogInit:      CURL_VERSION_IDN
LogInit:  CurlRequestOptions (configurable via config and command line):
LogInit:  - bVerifyPeer = false  - Libcurl will NOT verify peer certificate
LogInit:  - bUseHttpProxy = false  - Libcurl will NOT use HTTP proxy
LogInit:  - bDontReuseConnections = false  - Libcurl will reuse connections
LogInit:  - CertBundlePath = nullptr  - Libcurl will use whatever was configured at build time.
LogInit: Build: ++UE4+Release-4.15-CL-3450819
LogInit: Engine Version: 4.15.3-3450819+++UE4+Release-4.15
LogInit: Compatible Engine Version: 4.15.0-3299760+++UE4+Release-4.15
LogInit: Net CL: 3299760
LogDevObjectVersion: Number of dev versions registered: 14
LogDevObjectVersion:   Dev-Blueprints (B0D832E4-1F89-4F0D-ACCF-7EB736FD4AA2): 8
LogDevObjectVersion:   Dev-Build (E1C64328-A22C-4D53-A36C-8E866417BD8C): 0
LogDevObjectVersion:   Dev-Core (375EC13C-06E4-48FB-B500-84F0262A717E): 2
LogDevObjectVersion:   Dev-Editor (E4B068ED-F494-42E9-A231-DA0B2E46BB41): 14
LogDevObjectVersion:   Dev-Framework (CFFC743F-43B0-4480-9391-14DF171D2073): 22
LogDevObjectVersion:   Dev-Mobile (B02B49B5-BB20-44E9-A304-32B752E40360): 0
LogDevObjectVersion:   Dev-Networking (A4E4105C-59A1-49B5-A7C5-40C4547EDFEE): 0
LogDevObjectVersion:   Dev-Online (39C831C9-5AE6-47DC-9A44-9C173E1C8E7C): 0
LogDevObjectVersion:   Dev-Physics (78F01B33-EBEA-4F98-B9B4-84EACCB95AA2): 0
LogDevObjectVersion:   Dev-Platform (6631380F-2D4D-43E0-8009-CF276956A95A): 0
LogDevObjectVersion:   Dev-Rendering (12F88B9F-8875-4AFC-A67C-D90C383ABD29): 12
LogDevObjectVersion:   Dev-Sequencer (7B5AE74C-D270-4C10-A958-57980B212A5A): 3
LogDevObjectVersion:   Dev-VR (D7296918-1DD6-4BDD-9DE2-64A83CC13884): 0
LogDevObjectVersion:   Dev-LoadTimes (C2A15278-BFE7-4AFE-6C17-90FF531DF755): 1
LogInit: Compiled (64-bit): May 21 2017 11:02:34
LogInit: Compiled with Visual C++: 19.00.23026.00
LogInit: Build Configuration: Development
LogInit: Branch Name: ++UE4+Release-4.15
LogInit: Command line: 
LogInit: Base directory: C:/Program Files/Epic Games/UE_4.15/Engine/Binaries/Win64/
LogInit: Installed Engine Build: 1
LogInit: Presizing for max 8388607 objects, including 0 objects not considered by GC, pre-allocating 0 bytes for permanent pool.
LogInit: Object subsystem initialized
[2020.10.31-18.11.38:168][  0]LogInit: Selected Device Profile: [Windows]
[2020.10.31-18.11.38:168][  0]LogInit: Applying CVar settings loaded from the selected device profile: [Windows]
[2020.10.31-18.11.38:412][  0]LogInit: Computer: BELU
[2020.10.31-18.11.38:412][  0]LogInit: User: Beluu
[2020.10.31-18.11.38:412][  0]LogInit: CPU Page size=65536, Cores=2
[2020.10.31-18.11.38:412][  0]LogInit: High frequency timer resolution =2.143578 MHz
[2020.10.31-18.11.38:413][  0]LogMemory: Memory total: Physical=3.7GB (4GB approx)
[2020.10.31-18.11.38:413][  0]LogMemory: Platform Memory Stats for Windows
[2020.10.31-18.11.38:413][  0]LogMemory: Process Physical Memory: 263.63 MB used, 263.63 MB peak
[2020.10.31-18.11.38:413][  0]LogMemory: Process Virtual Memory: 262.47 MB used, 262.47 MB peak
[2020.10.31-18.11.38:413][  0]LogMemory: Physical Memory: 2847.33 MB used,  948.20 MB free, 3795.54 MB total
[2020.10.31-18.11.38:413][  0]LogMemory: Virtual Memory: 643.31 MB used,  948.20 MB free, 134217728.00 MB total
[2020.10.31-18.11.41:224][  0]LogTextLocalizationManager: No specific translations for ('es-AR') exist, so ('es') translations will be used.
[2020.10.31-18.11.55:328][  0]LogD3D11RHI: D3D11 adapters:
[2020.10.31-18.11.55:346][  0]LogD3D11RHI:    0. 'Intel(R) HD Graphics' (Feature Level 10_0)
[2020.10.31-18.11.55:346][  0]LogD3D11RHI:       32/0/1632 MB DedicatedVideo/DedicatedSystem/SharedSystem, Outputs:1, VendorId:0x8086
[2020.10.31-18.11.55:355][  0]LogD3D11RHI:    1. 'Microsoft Basic Render Driver' (Feature Level 11_0)
[2020.10.31-18.11.55:355][  0]LogD3D11RHI:       0/0/1897 MB DedicatedVideo/DedicatedSystem/SharedSystem, Outputs:0, VendorId:0x1414
[2020.10.31-18.11.55:355][  0]LogD3D11RHI: Chosen D3D11 Adapter: 0
[2020.10.31-18.11.55:375][  0]LogD3D11RHI: Creating new Direct3DDevice
[2020.10.31-18.11.55:375][  0]LogD3D11RHI:     GPU DeviceId: 0x106 (for the marketing name, search the web for "GPU Device Id")
[2020.10.31-18.11.55:375][  0]LogWindows: EnumDisplayDevices:
[2020.10.31-18.11.55:376][  0]LogWindows:    0. 'Intel(R) HD Graphics' (P:1 D:1)
[2020.10.31-18.11.55:377][  0]LogWindows:    1. 'Intel(R) HD Graphics' (P:0 D:0)
[2020.10.31-18.11.55:378][  0]LogWindows: DebugString: FoundDriverCount:2 
[2020.10.31-18.11.55:378][  0]LogD3D11RHI:     Adapter Name: Intel(R) HD Graphics
[2020.10.31-18.11.55:378][  0]LogD3D11RHI:   Driver Version: 9.17.10.4459 (internal:9.17.10.4459, unified:9.17.10.4459)
[2020.10.31-18.11.55:378][  0]LogD3D11RHI:      Driver Date: 5-19-2016
[2020.10.31-18.11.55:378][  0]LogRHI: Texture pool is 593 MB (70% of 848 MB)
[2020.10.31-18.11.55:389][  0]LogD3D11RHI: Async texture creation enabled
[2020.10.31-18.11.55:445][  0]LogD3D11RHI: GPU Timing Frequency: 12.500000 (Debug: 2 1)
[2020.10.31-18.11.55:449][  0]LogShaderCompilers: Guid format shader working directory is -43 characters bigger than the processId version (../../../../../../Users/Belci_3/Documents/GitHub/Proyecto-Laberinto-Grupo-1/ProyectoLabApps/Intermediate/Shaders/WorkingDirectory/1684/).
[2020.10.31-18.11.55:450][  0]LogShaderCompilers: Cleaned the shader compiler working directory 'C:/Users/Belci_3/AppData/Local/Temp/UnrealShaderWorkingDir/923EEE444372E261995784B6ED74AC97/'.
[2020.10.31-18.11.55:451][  0]LogShaderCompilers:Display: Using Local Shader Compiler.
[2020.10.31-18.12.07:315][  0]LogTemp:Display: Loaded TP AllDesktopTargetPlatform
[2020.10.31-18.12.07:509][  0]LogTemp:Display: Loaded TP MacClientTargetPlatform
[2020.10.31-18.12.07:716][  0]LogTemp:Display: Loaded TP MacNoEditorTargetPlatform
[2020.10.31-18.12.07:922][  0]LogTemp:Display: Loaded TP MacServerTargetPlatform
[2020.10.31-18.12.08:139][  0]LogTemp:Display: Loaded TP MacTargetPlatform
[2020.10.31-18.12.08:321][  0]LogTemp:Display: Loaded TP WindowsClientTargetPlatform
[2020.10.31-18.12.08:577][  0]LogTemp:Display: Loaded TP WindowsNoEditorTargetPlatform
[2020.10.31-18.12.08:768][  0]LogTemp:Display: Loaded TP WindowsServerTargetPlatform
[2020.10.31-18.12.09:154][  0]LogTemp:Display: Loaded TP WindowsTargetPlatform
[2020.10.31-18.12.09:694][  0]LogTemp:Display: Loaded TP AndroidTargetPlatform
[2020.10.31-18.12.09:908][  0]LogTemp:Display: Loaded TP Android_ASTCTargetPlatform
[2020.10.31-18.12.10:150][  0]LogTemp:Display: Loaded TP Android_ATCTargetPlatform
[2020.10.31-18.12.10:385][  0]LogTemp:Display: Loaded TP Android_DXTTargetPlatform
[2020.10.31-18.12.10:585][  0]LogTemp:Display: Loaded TP Android_ETC1TargetPlatform
[2020.10.31-18.12.10:802][  0]LogTemp:Display: Loaded TP Android_ETC2TargetPlatform
[2020.10.31-18.12.11:231][  0]LogTemp:Display: Loaded TP Android_MultiTargetPlatform
[2020.10.31-18.12.11:231][  0]LogTemp:Display: Loaded TP Android_PVRTCTargetPlatform
[2020.10.31-18.12.11:402][  0]LogTemp:Display: Loaded TP HTML5TargetPlatform
[2020.10.31-18.12.11:775][  0]LogTemp:Display: Loaded TP IOSTargetPlatform
[2020.10.31-18.12.12:185][  0]LogTemp:Display: Loaded TP TVOSTargetPlatform
[2020.10.31-18.12.13:049][  0]LogTemp:Display: Loaded TP LinuxClientTargetPlatform
[2020.10.31-18.12.13:864][  0]LogTemp:Display: Loaded TP LinuxNoEditorTargetPlatform
[2020.10.31-18.12.14:506][  0]LogTemp:Display: Loaded TP LinuxServerTargetPlatform
[2020.10.31-18.12.15:130][  0]LogTemp:Display: Loaded TP LinuxTargetPlatform
[2020.10.31-18.12.15:130][  0]LogTargetPlatformManager:Display: Building Assets For Windows
[2020.10.31-18.12.20:698][  0]LogDerivedDataCache:Display: Max Cache Size: 512 MB
[2020.10.31-18.12.29:424][  0]LogDerivedDataCache: Loaded boot cache 8.73s 48MB C:/Users/Belci_3/AppData/Local/UnrealEngine/4.15/DerivedDataCache/Boot.ddc.
[2020.10.31-18.12.29:424][  0]LogDerivedDataCache:Display: Loaded Boot cache: C:/Users/Belci_3/AppData/Local/UnrealEngine/4.15/DerivedDataCache/Boot.ddc
[2020.10.31-18.12.29:425][  0]LogDerivedDataCache: FDerivedDataBackendGraph:  Pak pak cache file ../../../../../../Users/Belci_3/Documents/GitHub/Proyecto-Laberinto-Grupo-1/ProyectoLabApps/DerivedDataCache/DDC.ddp not found, will not use a pak cache.
[2020.10.31-18.12.29:425][  0]LogDerivedDataCache: Unable to find inner node Pak for hierarchical cache Hierarchy.
[2020.10.31-18.12.29:426][  0]LogDerivedDataCache: FDerivedDataBackendGraph:  CompressedPak pak cache file ../../../../../../Users/Belci_3/Documents/GitHub/Proyecto-Laberinto-Grupo-1/ProyectoLabApps/DerivedDataCache/Compressed.ddp not found, will not use a pak cache.
[2020.10.31-18.12.29:426][  0]LogDerivedDataCache: Unable to find inner node CompressedPak for hierarchical cache Hierarchy.
[2020.10.31-18.12.29:840][  0]LogDerivedDataCache:Display: Pak cache opened for reading ../../../Engine/DerivedDataCache/Compressed.ddp.
[2020.10.31-18.12.29:863][  0]LogDerivedDataCache: Using Local data cache path C:/Users/Belci_3/AppData/Local/UnrealEngine/Common/DerivedDataCache: Writable
[2020.10.31-18.12.29:912][  0]LogSlate: Using Freetype 2.6.0
[2020.10.31-18.12.29:991][  0]LogSlate: SlateFontCache - WITH_FREETYPE: 1, WITH_HARFBUZZ: 1
[2020.10.31-18.12.29:992][  0]LogSlate: SlateFontCache - WITH_FREETYPE: 1, WITH_HARFBUZZ: 1
[2020.10.31-18.13.13:419][  0]LogInit: Selected Device Profile: [Windows]
[2020.10.31-18.13.14:215][  0]LogContentStreaming: Texture pool size is 0.00 MB
[2020.10.31-18.13.19:179][  0]LogMeshUtilities: Using QuadricMeshReduction for automatic static mesh reduction
[2020.10.31-18.13.19:643][  0]LogSimplygon: Simplygon DLL not present - disabling.
[2020.10.31-18.13.19:995][  0]LogMeshUtilities: Using SimplygonSwarm for distributed automatic mesh merging
[2020.10.31-18.13.19:995][  0]LogMeshUtilities: No automatic skeletal mesh reduction module available
[2020.10.31-18.13.19:995][  0]LogMeshUtilities: No automatic mesh merging module available
[2020.10.31-18.13.52:240][  0]LogNetVersion: GetLocalNetworkVersion: CL: 3299760, ProjectName: proyectolabapps, ProjectVersion: , EngineNetworkVersion: 2, GameNetworkVersion: 0, NetworkChecksum: 1791571130
[2020.10.31-18.13.53:118][  0]LogAssetRegistry: FAssetRegistry took 0.0410 seconds to start up
[2020.10.31-18.13.53:942][  0]LogPackageLocalizationCache: Processed 3 localized package path(s) for 2 prioritized culture(s) in 0.613799 seconds
[2020.10.31-18.13.54:166][  0]LogUObjectArray: 32493 objects as part of root set at end of initial load.
[2020.10.31-18.13.54:166][  0]LogUObjectAllocator: 7077024 out of 0 bytes used by permanent object pool.
[2020.10.31-18.13.54:166][  0]LogUObjectArray: CloseDisregardForGC: 0/0 objects in disregard for GC pool
[2020.10.31-18.13.54:520][  0]LogInit: WinSock: version 1.1 (2.2), MaxSocks=32767, MaxUdp=65467
[2020.10.31-18.16.04:236][  0]LogTcpMessaging: Initializing TcpMessaging bridge
[2020.10.31-18.16.04:622][  0]LogUdpMessaging: Initializing bridge on interface 0.0.0.0:0 to multicast group 230.0.0.1:6666.
[2020.10.31-18.16.16:019][  0]LogMaterial: Uniform references updated for custom material expression Custom.
[2020.10.31-18.16.20:444][  0]SourceControl: Información El control de código fuente está desactivado
[2020.10.31-18.16.20:478][  0]SourceControl: Información El control de código fuente está desactivado
[2020.10.31-18.16.20:946][  0]SourceControl: Información El control de código fuente está desactivado
[2020.10.31-18.16.21:255][  0]SourceControl: Información El control de código fuente está desactivado
[2020.10.31-18.16.35:562][  0]LogEngine: Initializing Engine...
[2020.10.31-18.16.35:624][  0]LogHMD: Failed to initialize OpenVR with code 110
[2020.10.31-18.16.37:083][  0]LogStats: UGameplayTagsManager::ConstructGameplayTagTree: Construct from data asset -  0.000 s
[2020.10.31-18.16.37:088][  0]LogStats: UGameplayTagsManager::ConstructGameplayTagTree: GameplayTagTreeChangedEvent.Broadcast -  0.000 s
[2020.10.31-18.16.39:610][  0]LogAIModule: Creating AISystem for world Untitled
[2020.10.31-18.16.40:378][  0]LogInit: XAudio2 using 'Speakers (Realtek High Definition Audio)' : 2 channels at 48 kHz using 32 bits per sample (channel mask 0x3)
[2020.10.31-18.16.40:646][  0]LogInit: FAudioDevice initialized.
[2020.10.31-18.16.41:027][  0]LogDerivedDataCache: Saved boot cache 0.32s 48MB C:/Users/Belci_3/AppData/Local/UnrealEngine/4.15/DerivedDataCache/Boot.ddc.
[2020.10.31-18.16.41:169][  0]LogInit: Texture streaming: Enabled
[2020.10.31-18.16.42:964][  0]LogEngineSessionManager: EngineSessionManager initialized
[2020.10.31-18.16.44:519][  0]LogInit: Transaction tracking system initialized
[2020.10.31-18.16.47:331][  0]BlueprintLog: New page: Cargar el editor
[2020.10.31-18.16.59:439][  0]LocalizationService: Información Localization service is disabled
[2020.10.31-18.17.04:705][  0]LogConsoleResponse:Display: 
[2020.10.31-18.17.08:454][  0]LogFileCache: Scanning file cache for directory 'C:/Users/Belci_3/Documents/GitHub/Proyecto-Laberinto-Grupo-1/ProyectoLabApps/Content/' took 0.13s
[2020.10.31-18.17.08:454][  0]LogCook:Display: Max memory allowance for cook 16384mb min free memory 0mb
[2020.10.31-18.17.08:458][  0]LogCook:Display: Mobile HDR setting 1
[2020.10.31-18.17.28:456][  0]SourceControl: Información El control de código fuente está desactivado
[2020.10.31-18.17.31:484][  0]LogWindowsTextInputMethodSystem:Display: IME system now deactivated.
[2020.10.31-18.17.31:863][  0]LogSlate: Took 0.017347 seconds to synchronously load lazily loaded font '../../../Engine/Content/Slate/Fonts/Roboto-Regular.ttf' (155K)
[2020.10.31-18.18.00:401][  0]LogWindowsTextInputMethodSystem:Display: IME system now deactivated.
[2020.10.31-18.18.00:404][  0]LogWindowsTextInputMethodSystem:Display: IME system now deactivated.
[2020.10.31-18.18.01:270][  0]Cmd: MAP LOAD FILE="../../../../../../Users/Belci_3/Documents/GitHub/Proyecto-Laberinto-Grupo-1/ProyectoLabApps/Content/StarterContent/Maps/Minimal_Default.umap" TEMPLATE=0 SHOWPROGRESS=1 FEATURELEVEL=2
[2020.10.31-18.18.01:360][  0]LogEditorServer:Warning: Can't find file '../../../../../../Users/Belci_3/Documents/GitHub/Proyecto-Laberinto-Grupo-1/ProyectoLabApps/Content/StarterContent/Maps/Minimal_Default.umap'
[2020.10.31-18.18.01:534][  0]Cmd: MAP CHECKDEP NOCLEARLOG
[2020.10.31-18.18.02:845][  0]MapCheck: Información Map check complete: 0 Error(s), 0 Warning(s), took 1.310,348ms to complete.
[2020.10.31-18.18.02:846][  0]LogFileHelpers: Loading map 'Minimal_Default' took 1.845
[2020.10.31-18.18.10:262][  0]LogStats:Warning: MetaData mismatch. Did you assign a stat to two groups? New //STATGROUP_Threads//SplashScreenThread///Thread_1cb8_0///####STATCAT_Advanced#### old //STATGROUP_Threads//SplashScreenThread///Thread_1488_0///####STATCAT_Advanced####
[2020.10.31-18.18.10:263][  0]LogCollectionManager: Loaded 0 collections in 0.011936 seconds
[2020.10.31-18.18.11:062][  0]LogFileCache: Scanning file cache for directory 'C:/Users/Belci_3/Documents/GitHub/Proyecto-Laberinto-Grupo-1/ProyectoLabApps/Saved/Collections/' took 0.01s
[2020.10.31-18.18.11:062][  0]LogFileCache: Scanning file cache for directory 'C:/Users/Belci_3/Documents/GitHub/Proyecto-Laberinto-Grupo-1/ProyectoLabApps/Content/Developers/Beluu/Collections/' took 0.01s
[2020.10.31-18.18.11:062][  0]LogFileCache: Scanning file cache for directory 'C:/Users/Belci_3/Documents/GitHub/Proyecto-Laberinto-Grupo-1/ProyectoLabApps/Content/Collections/' took 0.01s
[2020.10.31-18.18.11:062][  0]LogCollectionManager: Rebuilt the GUID cache for 0 collections in 0.000006 seconds
[2020.10.31-18.18.11:267][  0]LogContentBrowser: Native class hierarchy populated in 0.1773 seconds. Added 2246 classes and 455 folders.
[2020.10.31-18.18.12:124][  0]LogContentBrowser: Native class hierarchy updated for 'WidgetCarousel' in 0.0090 seconds. Added 0 classes and 0 folders.
[2020.10.31-18.18.14:671][  0]LogContentBrowser: Native class hierarchy updated for 'AddContentDialog' in 0.0118 seconds. Added 0 classes and 0 folders.
[2020.10.31-18.18.15:604][  0]LogContentBrowser: Native class hierarchy updated for 'SceneOutliner' in 0.0107 seconds. Added 1 classes and 2 folders.
[2020.10.31-18.18.16:963][  0]LogCrashTracker: Crashtracker disabled due to settings.
[2020.10.31-18.18.17:358][  0]LogUObjectGlobals:Warning: Error al encontrar el objeto 'Class Ninguno.'
[2020.10.31-18.18.18:025][  0]LogContentBrowser: Native class hierarchy updated for 'HierarchicalLODOutliner' in 0.0053 seconds. Added 1 classes and 2 folders.
[2020.10.31-18.18.18:025][  0]LogLoad: (Engine Initialization) Total time: 416.84 seconds
[2020.10.31-18.18.18:026][  0]LogLoad: (Engine Initialization) Total Blueprint compile time: 2.89 seconds
[2020.10.31-18.18.18:026][  0]LogExternalProfiler: Found external profiler: VSPerf
[2020.10.31-18.18.18:026][  0]LogExternalProfiler: Using external profiler: VSPerf
[2020.10.31-18.18.18:193][  0]LogOcInput: OculusInput pre-init called
[2020.10.31-18.18.18:855][  0]LogContentStreaming: Texture pool size now 400 MB
[2020.10.31-18.18.19:095][  0]LogSlate: Took 0.022750 seconds to synchronously load lazily loaded font '../../../Engine/Content/Slate/Fonts/Roboto-Bold.ttf' (160K)
[2020.10.31-18.18.19:256][  0]LogSlate: Took 0.083740 seconds to synchronously load lazily loaded font '../../../Engine/Content/Editor/Slate/Fonts/FontAwesome.ttf' (139K)
[2020.10.31-18.18.20:904][  0]LogRenderer: Reallocating scene render targets to support 740x360 NumSamples 1 (Frame:2).
[2020.10.31-18.18.23:339][  1]LogSlate: Took 0.014846 seconds to synchronously load lazily loaded font '../../../Engine/Content/Slate/Fonts/Roboto-Light.ttf' (159K)
[2020.10.31-18.18.23:506][  2]LogSlate: Took 0.000619 seconds to synchronously load lazily loaded font '../../../Engine/Content/Slate/Fonts/Roboto-Light.ttf' (159K)
[2020.10.31-18.18.23:675][  4]LogAssetRegistry: Asset discovery search completed in 270.5961 seconds
[2020.10.31-18.18.23:675][  4]LogCollectionManager: Rebuilt the object cache for 0 collections in 0.000015 seconds (found 0 objects)
[2020.10.31-18.18.23:675][  4]LogCollectionManager: Fixed up redirectors for 0 collections in 0.000044 seconds (updated 0 objects)
[2020.10.31-18.18.28:638][115]LogRenderer: Reallocating scene render targets to support 744x372 NumSamples 1 (Frame:6).
[2020.10.31-18.25.01:538][118]LogSlate: Took 0.024342 seconds to synchronously load lazily loaded font '../../../Engine/Content/Slate/Fonts/Roboto-Light.ttf' (159K)
[2020.10.31-18.25.03:190][118]LogSlate: Took 0.000770 seconds to synchronously load lazily loaded font '../../../Engine/Content/Slate/Fonts/Roboto-Regular.ttf' (155K)
[2020.10.31-18.25.09:512][118]LogAIModule: Creating AISystem for world Minimal_Default
[2020.10.31-18.25.11:566][118]Cmd: MAP LOAD FILE="../../../../../../Users/Belci_3/Documents/GitHub/Proyecto-Laberinto-Grupo-1/ProyectoLabApps/Content/Niveles/Mapa/Minimal_Default.umap" TEMPLATE=0 SHOWPROGRESS=1 FEATURELEVEL=2
[2020.10.31-18.25.11:584][118]LightingResults: New page: Diseñar la iluminación
[2020.10.31-18.25.11:997][118]LogContentBrowser: Native class hierarchy updated for 'StatsViewer' in 0.0107 seconds. Added 5 classes and 0 folders.
[2020.10.31-18.25.12:007][118]LoadErrors: New page: Cargando mapa: Minimal_Default.umap
[2020.10.31-18.25.12:186][118]MapCheck: New page: Revisión del mapa
[2020.10.31-18.25.12:186][118]LightingResults: New page: Diseñar la iluminación
[2020.10.31-18.25.13:442][118]LogEditorServer: Finished looking for orphan Actors (0.000 secs)
[2020.10.31-18.25.13:689][118]Cmd: MAP CHECKDEP NOCLEARLOG
[2020.10.31-18.25.14:431][118]MapCheck: Información Map check complete: 0 Error(s), 0 Warning(s), took 741,493ms to complete.
[2020.10.31-18.25.14:433][118]LogFileHelpers: Loading map 'Minimal_Default' took 2.894
[2020.10.31-18.26.34:236][623]Cmd: ACTOR UNHIDE ALL
[2020.10.31-18.27.36:976][729]Cmd: TRANSACTION UNDO
[2020.10.31-18.27.36:976][729]LogEditorTransaction: Undo Move Actors
[2020.10.31-18.27.37:860][741]Cmd: TRANSACTION UNDO
[2020.10.31-18.27.37:860][741]LogEditorTransaction: Undo Move Actors
[2020.10.31-18.27.38:995][769]Cmd: TRANSACTION UNDO
[2020.10.31-18.27.38:995][769]LogEditorTransaction: Undo Move Actors
[2020.10.31-18.27.39:781][789]Cmd: TRANSACTION UNDO
[2020.10.31-18.27.39:781][789]LogEditorTransaction: Undo Move Actors
[2020.10.31-18.27.40:592][809]Cmd: TRANSACTION UNDO
[2020.10.31-18.27.40:592][809]LogEditorTransaction: Undo Move Actors
[2020.10.31-18.27.41:340][828]Cmd: TRANSACTION UNDO
[2020.10.31-18.27.41:340][828]LogEditorTransaction: Undo Move Actors
[2020.10.31-18.27.41:945][843]Cmd: TRANSACTION UNDO
[2020.10.31-18.27.41:945][843]LogEditorTransaction: Undo Move Actors
[2020.10.31-18.27.42:469][855]Cmd: TRANSACTION UNDO
[2020.10.31-18.27.42:469][855]LogEditorTransaction: Undo Move Actors
[2020.10.31-18.27.45:313][930]Cmd: TRANSACTION UNDO
[2020.10.31-18.27.45:313][930]LogEditorTransaction: Undo Move Actors
[2020.10.31-18.27.47:954][  0]Cmd: TRANSACTION UNDO
[2020.10.31-18.27.47:954][  0]LogEditorTransaction: Undo Move Actors
[2020.10.31-18.27.48:637][ 17]Cmd: TRANSACTION UNDO
[2020.10.31-18.27.48:637][ 17]LogEditorTransaction: Undo Mostrar todo
[2020.10.31-18.27.49:342][ 34]Cmd: TRANSACTION UNDO
[2020.10.31-18.27.49:342][ 34]LogEditorTransaction: Undo Pinchar en los actores
[2020.10.31-18.28.08:682][428]LogTemp: Repeting last play command: New Editor Window (PIE)
[2020.10.31-18.28.08:784][428]LogBlueprintUserMessages: Early PlayInEditor Detection: Level '/Game/Niveles/Mapa/Minimal_Default.Minimal_Default:PersistentLevel' has LevelScriptBlueprint '/Game/Niveles/Mapa/Minimal_Default.Minimal_Default:PersistentLevel.Minimal_Default' with GeneratedClass '/Game/Niveles/Mapa/Minimal_Default.Minimal_Default_C' with ClassGeneratedBy '/Game/Niveles/Mapa/Minimal_Default.Minimal_Default:PersistentLevel.Minimal_Default'
[2020.10.31-18.28.08:795][428]LogPlayLevel: PlayLevel: No blueprints needed recompiling
[2020.10.31-18.28.09:045][428]PIE: New page: Sesión PIE (reproducción en el editor): Minimal_Default (31/10/2020 12:28:09)
[2020.10.31-18.28.09:100][428]LogPlayLevel: Creating play world package: /Game/Niveles/Mapa/UEDPIE_0_Minimal_Default
[2020.10.31-18.28.09:541][428]LogPlayLevel: PIE: StaticDuplicateObject took: (0.440541s)
[2020.10.31-18.28.09:543][428]LogAIModule: Creating AISystem for world Minimal_Default
[2020.10.31-18.28.09:545][428]LogPlayLevel: PIE: World Init took: (0.003646s)
[2020.10.31-18.28.09:553][428]LogPlayLevel: PIE: Created PIE world by copying editor world from /Game/Niveles/Mapa/Minimal_Default.Minimal_Default to /Game/Niveles/Mapa/UEDPIE_0_Minimal_Default.Minimal_Default (0.462355s)
[2020.10.31-18.28.09:681][428]LogInit: XAudio2 using 'Speakers (Realtek High Definition Audio)' : 2 channels at 48 kHz using 32 bits per sample (channel mask 0x3)
[2020.10.31-18.28.09:729][428]LogInit: FAudioDevice initialized.
[2020.10.31-18.28.10:098][428]LogUObjectGlobals:Warning: Error al encontrar el objeto 'Class /Script/ProyectoLabApps.ProyectoLabAppsGameMode'
[2020.10.31-18.28.10:114][428]LogLoad: Game class is 'GameModeBase'
[2020.10.31-18.28.10:343][428]LogWorld: Bringing World /Game/Niveles/Mapa/UEDPIE_0_Minimal_Default.Minimal_Default up for play (max tick rate 60) at 2020.10.31-15.28.10
[2020.10.31-18.28.10:503][428]LogWorld: Bringing up level for play took: 0.221657
[2020.10.31-18.28.11:299][428]LogContentBrowser: Native class hierarchy updated for 'MovieSceneCapture' in 0.0137 seconds. Added 11 classes and 0 folders.
[2020.10.31-18.28.11:451][428]PIE: Información Tiempo de inicio de la reproducción en el editor para  /Game/Niveles/Mapa/UEDPIE_0_Minimal_Default 3,241
[2020.10.31-18.28.11:454][428]LogBlueprintUserMessages: Late PlayInEditor Detection: Level '/Game/Niveles/Mapa/Minimal_Default.Minimal_Default:PersistentLevel' has LevelScriptBlueprint '/Game/Niveles/Mapa/Minimal_Default.Minimal_Default:PersistentLevel.Minimal_Default' with GeneratedClass '/Game/Niveles/Mapa/Minimal_Default.Minimal_Default_C' with ClassGeneratedBy '/Game/Niveles/Mapa/Minimal_Default.Minimal_Default:PersistentLevel.Minimal_Default'
[2020.10.31-18.28.12:047][428]LogRenderer: Reallocating scene render targets to support 744x380 NumSamples 1 (Frame:872).
[2020.10.31-18.28.20:093][503]LogBlueprintUserMessages: Early EndPlayMap Detection: Level '/Game/Niveles/Mapa/Minimal_Default.Minimal_Default:PersistentLevel' has LevelScriptBlueprint '/Game/Niveles/Mapa/Minimal_Default.Minimal_Default:PersistentLevel.Minimal_Default' with GeneratedClass '/Game/Niveles/Mapa/Minimal_Default.Minimal_Default_C' with ClassGeneratedBy '/Game/Niveles/Mapa/Minimal_Default.Minimal_Default:PersistentLevel.Minimal_Default'
[2020.10.31-18.28.20:450][503]LogBlueprintUserMessages: Late EndPlayMap Detection: Level '/Game/Niveles/Mapa/Minimal_Default.Minimal_Default:PersistentLevel' has LevelScriptBlueprint '/Game/Niveles/Mapa/Minimal_Default.Minimal_Default:PersistentLevel.Minimal_Default' with GeneratedClass '/Game/Niveles/Mapa/Minimal_Default.Minimal_Default_C' with ClassGeneratedBy '/Game/Niveles/Mapa/Minimal_Default.Minimal_Default:PersistentLevel.Minimal_Default'
[2020.10.31-18.30.18:491][424]LogHttp:Warning: 00000276EB4A4880: request failed, libcurl error: 6 (Couldn't resolve host name)
[2020.10.31-18.30.18:491][424]LogHttp:Warning: 00000276EB4A4880: libcurl info message cache 0 (Connection 4 seems to be dead!)
[2020.10.31-18.30.18:491][424]LogHttp:Warning: 00000276EB4A4880: libcurl info message cache 1 (Closing connection 4)
[2020.10.31-18.30.18:491][424]LogHttp:Warning: 00000276EB4A4880: libcurl info message cache 2 (Could not resolve host: datarouter.ol.epicgames.com)
[2020.10.31-18.30.18:491][424]LogHttp:Warning: 00000276EB4A4880: libcurl info message cache 3 (Closing connection 5)
[2020.10.31-18.31.18:748][597]LogHttp:Warning: 00000276FD0B4700: request failed, libcurl error: 6 (Couldn't resolve host name)
[2020.10.31-18.31.18:748][597]LogHttp:Warning: 00000276FD0B4700: libcurl info message cache 0 (Could not resolve host: datarouter.ol.epicgames.com)
[2020.10.31-18.31.18:748][597]LogHttp:Warning: 00000276FD0B4700: libcurl info message cache 1 (Closing connection 6)
[2020.10.31-18.33.18:535][909]LogHttp:Warning: 00000276FD0B4A00: request failed, libcurl error: 6 (Couldn't resolve host name)
[2020.10.31-18.33.18:536][909]LogHttp:Warning: 00000276FD0B4A00: libcurl info message cache 0 (Could not resolve host: datarouter.ol.epicgames.com)
[2020.10.31-18.33.18:536][909]LogHttp:Warning: 00000276FD0B4A00: libcurl info message cache 1 (Closing connection 7)
[2020.10.31-18.35.18:687][285]LogHttp:Warning: 00000276FE584700: request failed, libcurl error: 6 (Couldn't resolve host name)
[2020.10.31-18.35.18:687][285]LogHttp:Warning: 00000276FE584700: libcurl info message cache 0 (Could not resolve host: datarouter.ol.epicgames.com)
[2020.10.31-18.35.18:687][285]LogHttp:Warning: 00000276FE584700: libcurl info message cache 1 (Closing connection 8)
[2020.10.31-18.36.49:982][126]LogContentBrowser: Native class hierarchy updated for 'BlueprintGraph' in 0.0755 seconds. Added 112 classes and 0 folders.
[2020.10.31-18.36.57:592][126]LogSlate: Took 0.056064 seconds to synchronously load lazily loaded font '../../../Engine/Content/Editor/Slate/Fonts/Roboto-BoldCondensed.ttf' (158K)
[2020.10.31-18.37.01:682][127]LogSavePackage: Save=1969.51ms
[2020.10.31-18.37.01:682][127]LogSavePackage: Moving '../../../../../../Users/Belci_3/Documents/GitHub/Proyecto-Laberinto-Grupo-1/ProyectoLabApps/Saved/Minimal_Default_Auto17AC0ECA74BE43E27B0B82C99D908B2B0.tmp' to '../../../../../../Users/Belci_3/Documents/GitHub/Proyecto-Laberinto-Grupo-1/ProyectoLabApps/Saved/Autosaves/Game/Niveles/Mapa/Minimal_Default_Auto1.umap'
[2020.10.31-18.37.01:704][127]LogSavePackage:Display: Finished SavePackage ../../../../../../Users/Belci_3/Documents/GitHub/Proyecto-Laberinto-Grupo-1/ProyectoLabApps/Saved/Autosaves/Game/Niveles/Mapa/Minimal_Default_Auto1.umap
[2020.10.31-18.37.01:784][127]LogFileHelpers: Editor autosave (incl. sublevels) for '/Game/Niveles/Mapa/Minimal_Default' took 3.051
[2020.10.31-18.37.01:784][127]LogFileHelpers: Editor autosave (incl. sublevels) for all levels took 3.051
[2020.10.31-18.37.18:221][524]LogHttp:Warning: 00000276F3825900: request failed, libcurl error: 6 (Couldn't resolve host name)
[2020.10.31-18.37.18:221][524]LogHttp:Warning: 00000276F3825900: libcurl info message cache 0 (Could not resolve host: datarouter.ol.epicgames.com)
[2020.10.31-18.37.18:221][524]LogHttp:Warning: 00000276F3825900: libcurl info message cache 1 (Closing connection 9)
[2020.10.31-18.37.54:782][385]LogEditorViewport: Clicking on Actor (LMB): StaticMeshActor (Wall_400x303)
[2020.10.31-18.37.57:063][388]LogEditorViewport: Clicking on Actor (LMB): StaticMeshActor (Wall_400x303)
[2020.10.31-18.37.58:443][420]LogEditorViewport: Clicking on Actor (LMB): Personaje_C (Personaje)
[2020.10.31-18.38.04:338][506]LogSlate: Took 0.066250 seconds to synchronously load lazily loaded font '../../../Engine/Content/Editor/Slate/Fonts/Roboto-Italic.ttf' (157K)
[2020.10.31-18.38.18:269][877]LogHttp:Warning: 0000027692735D80: request failed, libcurl error: 6 (Couldn't resolve host name)
[2020.10.31-18.38.18:269][877]LogHttp:Warning: 0000027692735D80: libcurl info message cache 0 (Could not resolve host: datarouter.ol.epicgames.com)
[2020.10.31-18.38.18:269][877]LogHttp:Warning: 0000027692735D80: libcurl info message cache 1 (Closing connection 10)
[2020.10.31-18.38.25:491][ 52]LogEditorViewport: Clicking on Actor (LMB): TriggerVolume (TriggerVolume)
[2020.10.31-18.38.53:016][782]BlueprintLog: New page: Compilar Minimal_Default
[2020.10.31-18.39.18:628][449]BlueprintLog: New page: Compilar Minimal_Default
[2020.10.31-18.39.23:111][560]LogTemp: Repeting last play command: New Editor Window (PIE)
[2020.10.31-18.39.23:160][560]LogBlueprintUserMessages: Early PlayInEditor Detection: Level '/Game/Niveles/Mapa/Minimal_Default.Minimal_Default:PersistentLevel' has LevelScriptBlueprint '/Game/Niveles/Mapa/Minimal_Default.Minimal_Default:PersistentLevel.Minimal_Default' with GeneratedClass '/Game/Niveles/Mapa/Minimal_Default.Minimal_Default_C' with ClassGeneratedBy '/Game/Niveles/Mapa/Minimal_Default.Minimal_Default:PersistentLevel.Minimal_Default'
[2020.10.31-18.39.23:160][560]LogPlayLevel: PlayLevel: No blueprints needed recompiling
[2020.10.31-18.39.23:160][560]PIE: New page: Sesión PIE (reproducción en el editor): Minimal_Default (31/10/2020 12:39:23)
[2020.10.31-18.39.23:161][560]LogPlayLevel: Creating play world package: /Game/Niveles/Mapa/UEDPIE_0_Minimal_Default
[2020.10.31-18.39.23:815][560]LogPlayLevel: PIE: StaticDuplicateObject took: (0.654274s)
[2020.10.31-18.39.23:818][560]LogAIModule: Creating AISystem for world Minimal_Default
[2020.10.31-18.39.23:819][560]LogPlayLevel: PIE: World Init took: (0.004193s)
[2020.10.31-18.39.23:820][560]LogPlayLevel: PIE: Created PIE world by copying editor world from /Game/Niveles/Mapa/Minimal_Default.Minimal_Default to /Game/Niveles/Mapa/UEDPIE_0_Minimal_Default.Minimal_Default (0.659286s)
[2020.10.31-18.39.23:977][560]LogInit: XAudio2 using 'Speakers (Realtek High Definition Audio)' : 2 channels at 48 kHz using 32 bits per sample (channel mask 0x3)
[2020.10.31-18.39.24:052][560]LogInit: FAudioDevice initialized.
[2020.10.31-18.39.24:151][560]LogLoad: Game class is 'GameModeBase'
[2020.10.31-18.39.24:202][560]LogWorld: Bringing World /Game/Niveles/Mapa/UEDPIE_0_Minimal_Default.Minimal_Default up for play (max tick rate 0) at 2020.10.31-15.39.24
[2020.10.31-18.39.24:218][560]LogWorld: Bringing up level for play took: 0.047765
[2020.10.31-18.39.24:238][560]PIE: Información Tiempo de inicio de la reproducción en el editor para  /Game/Niveles/Mapa/UEDPIE_0_Minimal_Default 2,027
[2020.10.31-18.39.24:240][560]LogBlueprintUserMessages: Late PlayInEditor Detection: Level '/Game/Niveles/Mapa/Minimal_Default.Minimal_Default:PersistentLevel' has LevelScriptBlueprint '/Game/Niveles/Mapa/Minimal_Default.Minimal_Default:PersistentLevel.Minimal_Default' with GeneratedClass '/Game/Niveles/Mapa/Minimal_Default.Minimal_Default_C' with ClassGeneratedBy '/Game/Niveles/Mapa/Minimal_Default.Minimal_Default:PersistentLevel.Minimal_Default'
[2020.10.31-18.39.38:144][691]LogBlueprintUserMessages: Early EndPlayMap Detection: Level '/Game/Niveles/Mapa/Minimal_Default.Minimal_Default:PersistentLevel' has LevelScriptBlueprint '/Game/Niveles/Mapa/Minimal_Default.Minimal_Default:PersistentLevel.Minimal_Default' with GeneratedClass '/Game/Niveles/Mapa/Minimal_Default.Minimal_Default_C' with ClassGeneratedBy '/Game/Niveles/Mapa/Minimal_Default.Minimal_Default:PersistentLevel.Minimal_Default'
[2020.10.31-18.39.38:515][691]LogBlueprintUserMessages: Late EndPlayMap Detection: Level '/Game/Niveles/Mapa/Minimal_Default.Minimal_Default:PersistentLevel' has LevelScriptBlueprint '/Game/Niveles/Mapa/Minimal_Default.Minimal_Default:PersistentLevel.Minimal_Default' with GeneratedClass '/Game/Niveles/Mapa/Minimal_Default.Minimal_Default_C' with ClassGeneratedBy '/Game/Niveles/Mapa/Minimal_Default.Minimal_Default:PersistentLevel.Minimal_Default'
[2020.10.31-18.39.53:064][ 85]LogHttp:Warning: 00000276ECB03B80: request failed, libcurl error: 6 (Couldn't resolve host name)
[2020.10.31-18.39.53:064][ 85]LogHttp:Warning: 00000276ECB03B80: libcurl info message cache 0 (Could not resolve host: datarouter.ol.epicgames.com)
[2020.10.31-18.39.53:064][ 85]LogHttp:Warning: 00000276ECB03B80: libcurl info message cache 1 (Closing connection 11)
[2020.10.31-18.40.13:561][475]LogEditorViewport: Clicking on Actor (LMB): StaticMeshActor (SILLON_CON_TEXTURA2_Cube_002)
[2020.10.31-18.40.21:833][640]LogEditorViewport: Clicking on Actor (LMB): StaticMeshActor (SILLON_CON_TEXTURA2_Cube_005)
[2020.10.31-18.40.26:180][734]LogEditorViewport: Clicking on Actor (LMB): StaticMeshActor (SILLON_CON_TEXTURA2_Cube_006)
[2020.10.31-18.40.36:267][964]LogEditorViewport: Clicking on Actor (LMB): StaticMeshActor (SILLON_CON_TEXTURA2_Cube_002)
[2020.10.31-18.41.05:357][595]LogEditorViewport: Clicking on Actor (LMB): StaticMeshActor (Wall_400x303)
[2020.10.31-18.41.09:940][703]LogEditorViewport: Clicking on Actor (LMB): StaticMeshActor (SILLON_CON_TEXTURA2_Cube_002)
[2020.10.31-18.41.18:200][917]LogHttp:Warning: 00000276FC4D3E80: request failed, libcurl error: 6 (Couldn't resolve host name)
[2020.10.31-18.41.18:200][917]LogHttp:Warning: 00000276FC4D3E80: libcurl info message cache 0 (Could not resolve host: datarouter.ol.epicgames.com)
[2020.10.31-18.41.18:201][917]LogHttp:Warning: 00000276FC4D3E80: libcurl info message cache 1 (Closing connection 12)
[2020.10.31-18.41.35:606][356]LogEditorViewport: Clicking on Actor (LMB): StaticMeshActor (SILLON_CON_TEXTURA2_Cube_002)
[2020.10.31-18.42.07:026][180]LogEditorViewport: Clicking on Actor (LMB): TriggerVolume (TriggerVolume2)
[2020.10.31-18.42.18:222][405]LogHttp:Warning: 00000276EEA4B280: request failed, libcurl error: 6 (Couldn't resolve host name)
[2020.10.31-18.42.18:222][405]LogHttp:Warning: 00000276EEA4B280: libcurl info message cache 0 (Could not resolve host: datarouter.ol.epicgames.com)
[2020.10.31-18.42.18:222][405]LogHttp:Warning: 00000276EEA4B280: libcurl info message cache 1 (Closing connection 13)
[2020.10.31-18.42.23:956][549]LogEditorViewport: Clicking on Actor (LMB): TriggerVolume (TriggerVolume2)
[2020.10.31-18.42.25:401][584]LogEditorViewport: Clicking on Actor (LMB): TriggerVolume (TriggerVolume2)
[2020.10.31-18.42.26:358][604]LogEditorViewport: Clicking on Actor (LMB): TriggerVolume (TriggerVolume2)
[2020.10.31-18.43.10:469][777]LogEditorViewport: Clicking on Actor (LMB): StaticMeshActor (SILLON_CON_TEXTURA2_Cube_002)
[2020.10.31-18.43.15:513][878]LogEditorViewport: Clicking on Actor (LMB): TriggerVolume (TriggerVolume2)
[2020.10.31-18.43.26:660][141]Cmd: SELECT NONE
[2020.10.31-18.43.32:354][261]LogEditorViewport: Clicking on Actor (LMB): TriggerVolume (TriggerVolume2)
[2020.10.31-18.43.49:892][693]LogEditorViewport: Clicking on Actor (LMB): TriggerVolume (TriggerVolume)
[2020.10.31-18.44.01:303][949]LogEditorViewport: Clicking on Actor (LMB): TriggerVolume (TriggerVolume2)
[2020.10.31-18.44.18:168][342]LogHttp:Warning: 000002769AD2BD00: request failed, libcurl error: 6 (Couldn't resolve host name)
[2020.10.31-18.44.18:168][342]LogHttp:Warning: 000002769AD2BD00: libcurl info message cache 0 (Could not resolve host: datarouter.ol.epicgames.com)
[2020.10.31-18.44.18:168][342]LogHttp:Warning: 000002769AD2BD00: libcurl info message cache 1 (Closing connection 14)
[2020.10.31-18.45.18:205][879]LogHttp:Warning: 000002769AD2BD00: request failed, libcurl error: 6 (Couldn't resolve host name)
[2020.10.31-18.45.18:205][879]LogHttp:Warning: 000002769AD2BD00: libcurl info message cache 0 (Could not resolve host: datarouter.ol.epicgames.com)
[2020.10.31-18.45.18:205][879]LogHttp:Warning: 000002769AD2BD00: libcurl info message cache 1 (Closing connection 15)
[2020.10.31-18.46.18:242][459]LogHttp:Warning: 000002769AD2A980: request failed, libcurl error: 6 (Couldn't resolve host name)
[2020.10.31-18.46.18:242][459]LogHttp:Warning: 000002769AD2A980: libcurl info message cache 0 (Could not resolve host: datarouter.ol.epicgames.com)
[2020.10.31-18.46.18:242][459]LogHttp:Warning: 000002769AD2A980: libcurl info message cache 1 (Closing connection 16)
[2020.10.31-18.47.18:887][ 10]LogSavePackage: Save=1228.63ms
[2020.10.31-18.47.18:887][ 10]LogSavePackage: Moving '../../../../../../Users/Belci_3/Documents/GitHub/Proyecto-Laberinto-Grupo-1/ProyectoLabApps/Saved/Minimal_Default_Auto2CE56D7014861B68ABD44E8B1A24BEA37.tmp' to '../../../../../../Users/Belci_3/Documents/GitHub/Proyecto-Laberinto-Grupo-1/ProyectoLabApps/Saved/Autosaves/Game/Niveles/Mapa/Minimal_Default_Auto2.umap'
[2020.10.31-18.47.18:896][ 10]LogSavePackage:Display: Finished SavePackage ../../../../../../Users/Belci_3/Documents/GitHub/Proyecto-Laberinto-Grupo-1/ProyectoLabApps/Saved/Autosaves/Game/Niveles/Mapa/Minimal_Default_Auto2.umap
[2020.10.31-18.47.18:909][ 10]LogFileHelpers: Editor autosave (incl. sublevels) for '/Game/Niveles/Mapa/Minimal_Default' took 1.664
[2020.10.31-18.47.18:909][ 10]LogFileHelpers: Editor autosave (incl. sublevels) for all levels took 1.664
[2020.10.31-18.48.17:098][546]LogHttp:Warning: 000002769FABAC80: request failed, libcurl error: 6 (Couldn't resolve host name)
[2020.10.31-18.48.17:098][546]LogHttp:Warning: 000002769FABAC80: libcurl info message cache 0 (Could not resolve host: datarouter.ol.epicgames.com)
[2020.10.31-18.48.17:098][546]LogHttp:Warning: 000002769FABAC80: libcurl info message cache 1 (Closing connection 17)
[2020.10.31-18.49.08:804][910]LogEditorViewport: Clicking on Actor (LMB): TriggerVolume (TriggerVolume2)
[2020.10.31-18.49.18:227][163]LogHttp:Warning: 00000276F37D2E00: request failed, libcurl error: 6 (Couldn't resolve host name)
[2020.10.31-18.49.18:227][163]LogHttp:Warning: 00000276F37D2E00: libcurl info message cache 0 (Could not resolve host: datarouter.ol.epicgames.com)
[2020.10.31-18.49.18:227][163]LogHttp:Warning: 00000276F37D2E00: libcurl info message cache 1 (Closing connection 18)
[2020.10.31-18.49.20:489][231]LogEditorActor: Deleted Actor: TriggerVolume
[2020.10.31-18.49.20:668][231]LogEditorActor: Deleted 1 Actors (0.189 secs)
[2020.10.31-18.50.18:220][904]LogHttp:Warning: 00000276FC820580: request failed, libcurl error: 6 (Couldn't resolve host name)
[2020.10.31-18.50.18:220][904]LogHttp:Warning: 00000276FC820580: libcurl info message cache 0 (Could not resolve host: datarouter.ol.epicgames.com)
[2020.10.31-18.50.18:220][904]LogHttp:Warning: 00000276FC820580: libcurl info message cache 1 (Closing connection 19)
[2020.10.31-18.52.18:316][431]LogHttp:Warning: 000002769F68F100: request failed, libcurl error: 6 (Couldn't resolve host name)
[2020.10.31-18.52.18:316][431]LogHttp:Warning: 000002769F68F100: libcurl info message cache 0 (Could not resolve host: datarouter.ol.epicgames.com)
[2020.10.31-18.52.18:316][431]LogHttp:Warning: 000002769F68F100: libcurl info message cache 1 (Closing connection 20)
[2020.10.31-18.54.18:309][119]LogHttp:Warning: 000002769F59AC80: request failed, libcurl error: 6 (Couldn't resolve host name)
[2020.10.31-18.54.18:309][119]LogHttp:Warning: 000002769F59AC80: libcurl info message cache 0 (Could not resolve host: datarouter.ol.epicgames.com)
[2020.10.31-18.54.18:309][119]LogHttp:Warning: 000002769F59AC80: libcurl info message cache 1 (Closing connection 21)
[2020.10.31-18.56.00:097][572]BlueprintLog: New page: Compilar msgINT
[2020.10.31-18.56.18:302][800]LogHttp:Warning: 000002769F59B100: request failed, libcurl error: 6 (Couldn't resolve host name)
[2020.10.31-18.56.18:302][800]LogHttp:Warning: 000002769F59B100: libcurl info message cache 0 (Could not resolve host: datarouter.ol.epicgames.com)
[2020.10.31-18.56.18:302][800]LogHttp:Warning: 000002769F59B100: libcurl info message cache 1 (Closing connection 22)
[2020.10.31-18.56.36:799][ 46]LogSlate: Took 0.071575 seconds to synchronously load lazily loaded font '../../../Engine/Content/Editor/Slate/Fonts/Roboto-BoldCondensedItalic.ttf' (160K)
[2020.10.31-18.58.05:876][247]LogHttp:Warning: 00000276A27BE800: request failed, libcurl error: 6 (Couldn't resolve host name)
[2020.10.31-18.58.05:876][247]LogHttp:Warning: 00000276A27BE800: libcurl info message cache 0 (Could not resolve host: datarouter.ol.epicgames.com)
[2020.10.31-18.58.05:876][247]LogHttp:Warning: 00000276A27BE800: libcurl info message cache 1 (Closing connection 23)
[2020.10.31-18.58.40:617][700]LogSavePackage: Save=901.15ms
[2020.10.31-18.58.40:617][700]LogSavePackage: Moving '../../../../../../Users/Belci_3/Documents/GitHub/Proyecto-Laberinto-Grupo-1/ProyectoLabApps/Saved/Minimal_Default_Auto39079A42C40EBF9F00E22C69F7E7545D2.tmp' to '../../../../../../Users/Belci_3/Documents/GitHub/Proyecto-Laberinto-Grupo-1/ProyectoLabApps/Saved/Autosaves/Game/Niveles/Mapa/Minimal_Default_Auto3.umap'
[2020.10.31-18.58.40:624][700]LogSavePackage:Display: Finished SavePackage ../../../../../../Users/Belci_3/Documents/GitHub/Proyecto-Laberinto-Grupo-1/ProyectoLabApps/Saved/Autosaves/Game/Niveles/Mapa/Minimal_Default_Auto3.umap
[2020.10.31-18.58.40:635][700]LogFileHelpers: Editor autosave (incl. sublevels) for '/Game/Niveles/Mapa/Minimal_Default' took 1.183
[2020.10.31-18.58.40:635][700]LogFileHelpers: Editor autosave (incl. sublevels) for all levels took 1.183
[2020.10.31-18.58.40:664][700]OBJ SavePackage: Generating thumbnails for [0] asset(s) in package [/Game/Niveles/Menu_P/msgINT] ([1] browsable assets)...
[2020.10.31-18.58.40:664][700]OBJ SavePackage: Finished generating thumbnails for package [/Game/Niveles/Menu_P/msgINT]
[2020.10.31-18.58.40:734][700]LogSavePackage: Save=37.46ms
[2020.10.31-18.58.40:734][700]LogSavePackage: Moving '../../../../../../Users/Belci_3/Documents/GitHub/Proyecto-Laberinto-Grupo-1/ProyectoLabApps/Saved/msgINT_Auto3271AB84B49E3F5A7B9C4668341484E9A.tmp' to '../../../../../../Users/Belci_3/Documents/GitHub/Proyecto-Laberinto-Grupo-1/ProyectoLabApps/Saved/Autosaves/Game/Niveles/Menu_P/msgINT_Auto3.uasset'
[2020.10.31-18.58.40:760][700]LogSavePackage:Display: Finished SavePackage ../../../../../../Users/Belci_3/Documents/GitHub/Proyecto-Laberinto-Grupo-1/ProyectoLabApps/Saved/Autosaves/Game/Niveles/Menu_P/msgINT_Auto3.uasset
[2020.10.31-18.58.40:760][700]LogFileHelpers: Auto-saving content packages took 0.120
[2020.10.31-18.58.42:992][731]BlueprintLog: New page: Compilar msgINT
[2020.10.31-18.58.53:230][857]LogSavePackage: Save=79.88ms
[2020.10.31-18.58.53:230][857]LogSavePackage: Moving '../../../../../../Users/Belci_3/Documents/GitHub/Proyecto-Laberinto-Grupo-1/ProyectoLabApps/Saved/msgINT3129581B445273A787F0DD943F4935CD.tmp' to '../../../../../../Users/Belci_3/Documents/GitHub/Proyecto-Laberinto-Grupo-1/ProyectoLabApps/Content/Niveles/Menu_P/msgINT.uasset'
[2020.10.31-18.58.53:249][857]LogSavePackage:Display: Finished SavePackage ../../../../../../Users/Belci_3/Documents/GitHub/Proyecto-Laberinto-Grupo-1/ProyectoLabApps/Content/Niveles/Menu_P/msgINT.uasset
[2020.10.31-18.59.01:163][ 52]LogTemp: Repeting last play command: New Editor Window (PIE)
[2020.10.31-18.59.01:212][ 52]LogBlueprintUserMessages: Early PlayInEditor Detection: Level '/Game/Niveles/Mapa/Minimal_Default.Minimal_Default:PersistentLevel' has LevelScriptBlueprint '/Game/Niveles/Mapa/Minimal_Default.Minimal_Default:PersistentLevel.Minimal_Default' with GeneratedClass '/Game/Niveles/Mapa/Minimal_Default.Minimal_Default_C' with ClassGeneratedBy '/Game/Niveles/Mapa/Minimal_Default.Minimal_Default:PersistentLevel.Minimal_Default'
[2020.10.31-18.59.01:212][ 52]LogPlayLevel: PlayLevel: No blueprints needed recompiling
[2020.10.31-18.59.01:212][ 52]PIE: New page: Sesión PIE (reproducción en el editor): Minimal_Default (31/10/2020 12:59:01)
[2020.10.31-18.59.01:212][ 52]LogPlayLevel: Creating play world package: /Game/Niveles/Mapa/UEDPIE_0_Minimal_Default
[2020.10.31-18.59.01:529][ 52]LogPlayLevel: PIE: StaticDuplicateObject took: (0.316639s)
[2020.10.31-18.59.01:532][ 52]LogAIModule: Creating AISystem for world Minimal_Default
[2020.10.31-18.59.01:532][ 52]LogPlayLevel: PIE: World Init took: (0.002546s)
[2020.10.31-18.59.01:533][ 52]LogPlayLevel: PIE: Created PIE world by copying editor world from /Game/Niveles/Mapa/Minimal_Default.Minimal_Default to /Game/Niveles/Mapa/UEDPIE_0_Minimal_Default.Minimal_Default (0.319922s)
[2020.10.31-18.59.01:653][ 52]LogInit: XAudio2 using 'Speakers (Realtek High Definition Audio)' : 2 channels at 48 kHz using 32 bits per sample (channel mask 0x3)
[2020.10.31-18.59.01:696][ 52]LogInit: FAudioDevice initialized.
[2020.10.31-18.59.01:769][ 52]LogLoad: Game class is 'GameModeBase'
[2020.10.31-18.59.01:790][ 52]LogWorld: Bringing World /Game/Niveles/Mapa/UEDPIE_0_Minimal_Default.Minimal_Default up for play (max tick rate 60) at 2020.10.31-15.59.01
[2020.10.31-18.59.01:793][ 52]LogWorld: Bringing up level for play took: 0.022794
[2020.10.31-18.59.01:805][ 52]PIE: Información Tiempo de inicio de la reproducción en el editor para  /Game/Niveles/Mapa/UEDPIE_0_Minimal_Default -0,405
[2020.10.31-18.59.01:806][ 52]LogBlueprintUserMessages: Late PlayInEditor Detection: Level '/Game/Niveles/Mapa/Minimal_Default.Minimal_Default:PersistentLevel' has LevelScriptBlueprint '/Game/Niveles/Mapa/Minimal_Default.Minimal_Default:PersistentLevel.Minimal_Default' with GeneratedClass '/Game/Niveles/Mapa/Minimal_Default.Minimal_Default_C' with ClassGeneratedBy '/Game/Niveles/Mapa/Minimal_Default.Minimal_Default:PersistentLevel.Minimal_Default'
[2020.10.31-18.59.02:243][ 53]LogCharacterMovement:Warning: GetSimulationTimeStep() - Max iterations 8 hit while remaining time 0.100000 > MaxSimulationTimeStep (0.050) for 'Personaje_58', movement 'Walking'
[2020.10.31-18.59.13:179][156]LogBlueprintUserMessages: Early EndPlayMap Detection: Level '/Game/Niveles/Mapa/Minimal_Default.Minimal_Default:PersistentLevel' has LevelScriptBlueprint '/Game/Niveles/Mapa/Minimal_Default.Minimal_Default:PersistentLevel.Minimal_Default' with GeneratedClass '/Game/Niveles/Mapa/Minimal_Default.Minimal_Default_C' with ClassGeneratedBy '/Game/Niveles/Mapa/Minimal_Default.Minimal_Default:PersistentLevel.Minimal_Default'
[2020.10.31-18.59.13:417][156]LogBlueprintUserMessages: Late EndPlayMap Detection: Level '/Game/Niveles/Mapa/Minimal_Default.Minimal_Default:PersistentLevel' has LevelScriptBlueprint '/Game/Niveles/Mapa/Minimal_Default.Minimal_Default:PersistentLevel.Minimal_Default' with GeneratedClass '/Game/Niveles/Mapa/Minimal_Default.Minimal_Default_C' with ClassGeneratedBy '/Game/Niveles/Mapa/Minimal_Default.Minimal_Default:PersistentLevel.Minimal_Default'
[2020.10.31-18.59.18:176][288]LogHttp:Warning: 00000276A3148A00: request failed, libcurl error: 6 (Couldn't resolve host name)
[2020.10.31-18.59.18:176][288]LogHttp:Warning: 00000276A3148A00: libcurl info message cache 0 (Could not resolve host: datarouter.ol.epicgames.com)
[2020.10.31-18.59.18:176][288]LogHttp:Warning: 00000276A3148A00: libcurl info message cache 1 (Closing connection 24)
[2020.10.31-18.59.44:220][886]LogSavePackage: Save=915.72ms
[2020.10.31-18.59.44:220][886]LogSavePackage: Moving '../../../../../../Users/Belci_3/Documents/GitHub/Proyecto-Laberinto-Grupo-1/ProyectoLabApps/Saved/Minimal_Default912BBDEB4FCE16B92AA6049547141CBF.tmp' to '../../../../../../Users/Belci_3/Documents/GitHub/Proyecto-Laberinto-Grupo-1/ProyectoLabApps/Content/Niveles/Mapa/Minimal_Default.umap'
[2020.10.31-18.59.44:254][886]LogSavePackage:Display: Finished SavePackage ../../../../../../Users/Belci_3/Documents/GitHub/Proyecto-Laberinto-Grupo-1/ProyectoLabApps/Content/Niveles/Mapa/Minimal_Default.umap
[2020.10.31-18.59.44:401][886]LogFileHelpers: Saving map 'Minimal_Default' took 1.687
[2020.10.31-19.00.18:207][856]LogHttp:Warning: 00000276FAE0F280: request failed, libcurl error: 6 (Couldn't resolve host name)
[2020.10.31-19.00.18:207][856]LogHttp:Warning: 00000276FAE0F280: libcurl info message cache 0 (Could not resolve host: datarouter.ol.epicgames.com)
[2020.10.31-19.00.18:207][856]LogHttp:Warning: 00000276FAE0F280: libcurl info message cache 1 (Closing connection 25)
[2020.10.31-19.01.18:687][749]LogHttp:Warning: 00000276FAE0C880: request failed, libcurl error: 6 (Couldn't resolve host name)
[2020.10.31-19.01.18:687][749]LogHttp:Warning: 00000276FAE0C880: libcurl info message cache 0 (Could not resolve host: datarouter.ol.epicgames.com)
[2020.10.31-19.01.18:687][749]LogHttp:Warning: 00000276FAE0C880: libcurl info message cache 1 (Closing connection 26)
