Log file open, 10/28/20 13:59:27
LogInit:Display: Running engine for game: ProyectoLabApps
LogPlatformFile: Not using cached read wrapper
LogInit:Display: RandInit(103859889) SRandInit(103859889).
LogTaskGraph: Started task graph with 5 named threads and 8 total threads with 1 sets of task threads.
LogStats: Stats thread started at 0.126065
LogInit: Using libcurl 7.47.1
LogInit:  - built for x86_64-pc-win32
LogInit:  - supports SSL with OpenSSL/1.0.2g
LogInit:  - supports HTTP deflate (compression) using libz 1.2.8
LogInit:  - other features:
LogInit:      CURL_VERSION_SSL
LogInit:      CURL_VERSION_LIBZ
LogInit:      CURL_VERSION_IPV6
LogInit:      CURL_VERSION_ASYNCHDNS
LogInit:      CURL_VERSION_LARGEFILE
LogInit:      CURL_VERSION_IDN
LogInit:  CurlRequestOptions (configurable via config and command line):
LogInit:  - bVerifyPeer = false  - Libcurl will NOT verify peer certificate
LogInit:  - bUseHttpProxy = false  - Libcurl will NOT use HTTP proxy
LogInit:  - bDontReuseConnections = false  - Libcurl will reuse connections
LogInit:  - CertBundlePath = nullptr  - Libcurl will use whatever was configured at build time.
LogInit: Build: ++UE4+Release-4.15-CL-3450819
LogInit: Engine Version: 4.15.3-3450819+++UE4+Release-4.15
LogInit: Compatible Engine Version: 4.15.0-3299760+++UE4+Release-4.15
LogInit: Net CL: 3299760
LogDevObjectVersion: Number of dev versions registered: 14
LogDevObjectVersion:   Dev-Blueprints (B0D832E4-1F89-4F0D-ACCF-7EB736FD4AA2): 8
LogDevObjectVersion:   Dev-Build (E1C64328-A22C-4D53-A36C-8E866417BD8C): 0
LogDevObjectVersion:   Dev-Core (375EC13C-06E4-48FB-B500-84F0262A717E): 2
LogDevObjectVersion:   Dev-Editor (E4B068ED-F494-42E9-A231-DA0B2E46BB41): 14
LogDevObjectVersion:   Dev-Framework (CFFC743F-43B0-4480-9391-14DF171D2073): 22
LogDevObjectVersion:   Dev-Mobile (B02B49B5-BB20-44E9-A304-32B752E40360): 0
LogDevObjectVersion:   Dev-Networking (A4E4105C-59A1-49B5-A7C5-40C4547EDFEE): 0
LogDevObjectVersion:   Dev-Online (39C831C9-5AE6-47DC-9A44-9C173E1C8E7C): 0
LogDevObjectVersion:   Dev-Physics (78F01B33-EBEA-4F98-B9B4-84EACCB95AA2): 0
LogDevObjectVersion:   Dev-Platform (6631380F-2D4D-43E0-8009-CF276956A95A): 0
LogDevObjectVersion:   Dev-Rendering (12F88B9F-8875-4AFC-A67C-D90C383ABD29): 12
LogDevObjectVersion:   Dev-Sequencer (7B5AE74C-D270-4C10-A958-57980B212A5A): 3
LogDevObjectVersion:   Dev-VR (D7296918-1DD6-4BDD-9DE2-64A83CC13884): 0
LogDevObjectVersion:   Dev-LoadTimes (C2A15278-BFE7-4AFE-6C17-90FF531DF755): 1
LogInit: Compiled (64-bit): May 21 2017 11:02:34
LogInit: Compiled with Visual C++: 19.00.23026.00
LogInit: Build Configuration: Development
LogInit: Branch Name: ++UE4+Release-4.15
LogInit: Command line: -EpicPortal  -epicusername="Ink Fischer" -epicuserid=feada0bc91244e1bbc85f333bfb7432e -epiclocale=es
LogInit: Base directory: D:/Epic Games/Juegos epic/UE_4.15/Engine/Binaries/Win64/
LogInit: Installed Engine Build: 1
LogInit: Presizing for max 8388607 objects, including 0 objects not considered by GC, pre-allocating 0 bytes for permanent pool.
LogInit: Object subsystem initialized
[2020.10.28-16.59.28:718][  0]LogInit: Selected Device Profile: [Windows]
[2020.10.28-16.59.28:718][  0]LogInit: Applying CVar settings loaded from the selected device profile: [Windows]
[2020.10.28-16.59.28:750][  0]LogInit: Computer: DESKTOP-8EMTTPP
[2020.10.28-16.59.28:750][  0]LogInit: User: Usuario
[2020.10.28-16.59.28:750][  0]LogInit: CPU Page size=65536, Cores=4
[2020.10.28-16.59.28:750][  0]LogInit: High frequency timer resolution =10.000000 MHz
[2020.10.28-16.59.28:750][  0]LogMemory: Memory total: Physical=7.9GB (8GB approx)
[2020.10.28-16.59.28:750][  0]LogMemory: Platform Memory Stats for Windows
[2020.10.28-16.59.28:750][  0]LogMemory: Process Physical Memory: 264.98 MB used, 264.99 MB peak
[2020.10.28-16.59.28:750][  0]LogMemory: Process Virtual Memory: 263.36 MB used, 263.36 MB peak
[2020.10.28-16.59.28:750][  0]LogMemory: Physical Memory: 4996.13 MB used,  3122.27 MB free, 8118.40 MB total
[2020.10.28-16.59.28:750][  0]LogMemory: Virtual Memory: 4749.52 MB used,  3122.27 MB free, 134217728.00 MB total
[2020.10.28-16.59.28:859][  0]LogTextLocalizationManager: No specific translations for ('es-AR') exist, so ('es') translations will be used.
[2020.10.28-16.59.29:382][  0]LogD3D11RHI: D3D11 adapters:
[2020.10.28-16.59.29:468][  0]LogD3D11RHI:    0. 'NVIDIA GeForce GTX 1050 Ti' (Feature Level 11_0)
[2020.10.28-16.59.29:468][  0]LogD3D11RHI:       4018/0/4059 MB DedicatedVideo/DedicatedSystem/SharedSystem, Outputs:1, VendorId:0x10de
[2020.10.28-16.59.29:471][  0]LogD3D11RHI:    1. 'Microsoft Basic Render Driver' (Feature Level 11_0)
[2020.10.28-16.59.29:471][  0]LogD3D11RHI:       0/0/4059 MB DedicatedVideo/DedicatedSystem/SharedSystem, Outputs:0, VendorId:0x1414
[2020.10.28-16.59.29:471][  0]LogD3D11RHI: Chosen D3D11 Adapter: 0
[2020.10.28-16.59.29:481][  0]LogD3D11RHI: Creating new Direct3DDevice
[2020.10.28-16.59.29:481][  0]LogD3D11RHI:     GPU DeviceId: 0x1c82 (for the marketing name, search the web for "GPU Device Id")
[2020.10.28-16.59.29:481][  0]LogWindows: EnumDisplayDevices:
[2020.10.28-16.59.29:481][  0]LogWindows:    0. 'NVIDIA GeForce GTX 1050 Ti' (P:1 D:1)
[2020.10.28-16.59.29:482][  0]LogWindows:    1. 'NVIDIA GeForce GTX 1050 Ti' (P:0 D:0)
[2020.10.28-16.59.29:482][  0]LogWindows:    2. 'NVIDIA GeForce GTX 1050 Ti' (P:0 D:0)
[2020.10.28-16.59.29:482][  0]LogWindows:    3. 'NVIDIA GeForce GTX 1050 Ti' (P:0 D:0)
[2020.10.28-16.59.29:482][  0]LogWindows: DebugString: GetVideoDriverDetailsInvalid PrimaryIsNotTheChoosenAdapter GetVideoDriverDetailsInvalid PrimaryIsNotTheChoosenAdapter GetVideoDriverDetailsInvalid PrimaryIsNotTheChoosenAdapter GetVideoDriverDetailsInvalid PrimaryIsNotTheChoosenAdapter FoundDriverCount:0 
[2020.10.28-16.59.29:482][  0]LogD3D11RHI:     Adapter Name: NVIDIA GeForce GTX 1050 Ti
[2020.10.28-16.59.29:482][  0]LogD3D11RHI:   Driver Version: Unknown (internal:Unknown, unified:Unknown)
[2020.10.28-16.59.29:482][  0]LogD3D11RHI:      Driver Date: Unknown
[2020.10.28-16.59.29:482][  0]LogRHI: Texture pool is 1361 MB (70% of 1945 MB)
[2020.10.28-16.59.29:543][  0]LogD3D11RHI: Async texture creation enabled
[2020.10.28-16.59.29:556][  0]LogD3D11RHI: GPU Timing Frequency: 1000.000000 (Debug: 2 1)
[2020.10.28-16.59.29:607][  0]LogShaderCompilers: Guid format shader working directory is -33 characters bigger than the processId version (../../../../../../Escritorio/Proyecto/Proyecto-Laberinto-Grupo-1/ProyectoLabApps/Intermediate/Shaders/WorkingDirectory/12516/).
[2020.10.28-16.59.29:607][  0]LogShaderCompilers: Cleaned the shader compiler working directory 'C:/Users/Usuario/AppData/Local/Temp/UnrealShaderWorkingDir/C90BAD6249E995862C0A78B765D847C4/'.
[2020.10.28-16.59.29:607][  0]LogShaderCompilers:Display: Using Local Shader Compiler.
[2020.10.28-16.59.30:810][  0]LogTemp:Display: Loaded TP AllDesktopTargetPlatform
[2020.10.28-16.59.30:873][  0]LogTemp:Display: Loaded TP MacClientTargetPlatform
[2020.10.28-16.59.30:958][  0]LogTemp:Display: Loaded TP MacNoEditorTargetPlatform
[2020.10.28-16.59.31:026][  0]LogTemp:Display: Loaded TP MacServerTargetPlatform
[2020.10.28-16.59.31:091][  0]LogTemp:Display: Loaded TP MacTargetPlatform
[2020.10.28-16.59.31:156][  0]LogTemp:Display: Loaded TP WindowsClientTargetPlatform
[2020.10.28-16.59.31:223][  0]LogTemp:Display: Loaded TP WindowsNoEditorTargetPlatform
[2020.10.28-16.59.31:291][  0]LogTemp:Display: Loaded TP WindowsServerTargetPlatform
[2020.10.28-16.59.31:345][  0]LogTemp:Display: Loaded TP WindowsTargetPlatform
[2020.10.28-16.59.31:408][  0]LogTemp:Display: Loaded TP AndroidTargetPlatform
[2020.10.28-16.59.31:490][  0]LogTemp:Display: Loaded TP Android_ASTCTargetPlatform
[2020.10.28-16.59.31:549][  0]LogTemp:Display: Loaded TP Android_ATCTargetPlatform
[2020.10.28-16.59.31:685][  0]LogTemp:Display: Loaded TP Android_DXTTargetPlatform
[2020.10.28-16.59.31:747][  0]LogTemp:Display: Loaded TP Android_ETC1TargetPlatform
[2020.10.28-16.59.31:817][  0]LogTemp:Display: Loaded TP Android_ETC2TargetPlatform
[2020.10.28-16.59.31:945][  0]LogTemp:Display: Loaded TP Android_MultiTargetPlatform
[2020.10.28-16.59.31:945][  0]LogTemp:Display: Loaded TP Android_PVRTCTargetPlatform
[2020.10.28-16.59.31:986][  0]LogTemp:Display: Loaded TP HTML5TargetPlatform
[2020.10.28-16.59.32:096][  0]LogTemp:Display: Loaded TP IOSTargetPlatform
[2020.10.28-16.59.32:139][  0]LogTemp:Display: Loaded TP TVOSTargetPlatform
[2020.10.28-16.59.32:202][  0]LogTemp:Display: Loaded TP LinuxClientTargetPlatform
[2020.10.28-16.59.32:267][  0]LogTemp:Display: Loaded TP LinuxNoEditorTargetPlatform
[2020.10.28-16.59.32:331][  0]LogTemp:Display: Loaded TP LinuxServerTargetPlatform
[2020.10.28-16.59.32:393][  0]LogTemp:Display: Loaded TP LinuxTargetPlatform
[2020.10.28-16.59.32:393][  0]LogTargetPlatformManager:Display: Building Assets For Windows
[2020.10.28-16.59.32:935][  0]LogDerivedDataCache:Display: Max Cache Size: 512 MB
[2020.10.28-16.59.32:990][  0]LogDerivedDataCache: Loaded boot cache 0.06s 50MB C:/Users/Usuario/AppData/Local/UnrealEngine/4.15/DerivedDataCache/Boot.ddc.
[2020.10.28-16.59.32:990][  0]LogDerivedDataCache:Display: Loaded Boot cache: C:/Users/Usuario/AppData/Local/UnrealEngine/4.15/DerivedDataCache/Boot.ddc
[2020.10.28-16.59.32:990][  0]LogDerivedDataCache: FDerivedDataBackendGraph:  Pak pak cache file ../../../../../../Escritorio/Proyecto/Proyecto-Laberinto-Grupo-1/ProyectoLabApps/DerivedDataCache/DDC.ddp not found, will not use a pak cache.
[2020.10.28-16.59.32:990][  0]LogDerivedDataCache: Unable to find inner node Pak for hierarchical cache Hierarchy.
[2020.10.28-16.59.32:990][  0]LogDerivedDataCache: FDerivedDataBackendGraph:  CompressedPak pak cache file ../../../../../../Escritorio/Proyecto/Proyecto-Laberinto-Grupo-1/ProyectoLabApps/DerivedDataCache/Compressed.ddp not found, will not use a pak cache.
[2020.10.28-16.59.32:990][  0]LogDerivedDataCache: Unable to find inner node CompressedPak for hierarchical cache Hierarchy.
[2020.10.28-16.59.33:011][  0]LogDerivedDataCache:Display: Pak cache opened for reading ../../../Engine/DerivedDataCache/Compressed.ddp.
[2020.10.28-16.59.33:023][  0]LogDerivedDataCache: Using Local data cache path C:/Users/Usuario/AppData/Local/UnrealEngine/Common/DerivedDataCache: Writable
[2020.10.28-16.59.33:036][  0]LogSlate: Using Freetype 2.6.0
[2020.10.28-16.59.33:037][  0]LogSlate: SlateFontCache - WITH_FREETYPE: 1, WITH_HARFBUZZ: 1
[2020.10.28-16.59.33:037][  0]LogSlate: SlateFontCache - WITH_FREETYPE: 1, WITH_HARFBUZZ: 1
[2020.10.28-16.59.33:333][  0]LogInit: Selected Device Profile: [Windows]
[2020.10.28-16.59.33:336][  0]LogContentStreaming: Texture pool size is 0.00 MB
[2020.10.28-16.59.34:053][  0]LogMeshUtilities: Using QuadricMeshReduction for automatic static mesh reduction
[2020.10.28-16.59.34:124][  0]LogSimplygon: Simplygon DLL not present - disabling.
[2020.10.28-16.59.34:184][  0]LogMeshUtilities: Using SimplygonSwarm for distributed automatic mesh merging
[2020.10.28-16.59.34:184][  0]LogMeshUtilities: No automatic skeletal mesh reduction module available
[2020.10.28-16.59.34:184][  0]LogMeshUtilities: No automatic mesh merging module available
[2020.10.28-16.59.34:806][  0]LogNetVersion: GetLocalNetworkVersion: CL: 3299760, ProjectName: proyectolabapps, ProjectVersion: , EngineNetworkVersion: 2, GameNetworkVersion: 0, NetworkChecksum: 1791571130
[2020.10.28-16.59.34:859][  0]LogAssetRegistry: FAssetRegistry took 0.0219 seconds to start up
[2020.10.28-16.59.34:916][  0]LogPackageLocalizationCache: Processed 3 localized package path(s) for 2 prioritized culture(s) in 0.032899 seconds
[2020.10.28-16.59.34:923][  0]LogUObjectArray: 32493 objects as part of root set at end of initial load.
[2020.10.28-16.59.34:923][  0]LogUObjectAllocator: 7077032 out of 0 bytes used by permanent object pool.
[2020.10.28-16.59.34:923][  0]LogUObjectArray: CloseDisregardForGC: 0/0 objects in disregard for GC pool
[2020.10.28-16.59.34:994][  0]LogInit: WinSock: version 1.1 (2.2), MaxSocks=32767, MaxUdp=65467
[2020.10.28-16.59.36:913][  0]LogTcpMessaging: Initializing TcpMessaging bridge
[2020.10.28-16.59.36:968][  0]LogUdpMessaging: Initializing bridge on interface 0.0.0.0:0 to multicast group 230.0.0.1:6666.
[2020.10.28-16.59.37:719][  0]LogMaterial: Uniform references updated for custom material expression Custom.
[2020.10.28-16.59.38:190][  0]SourceControl: Información El control de código fuente está desactivado
[2020.10.28-16.59.38:192][  0]SourceControl: Información El control de código fuente está desactivado
[2020.10.28-16.59.38:258][  0]SourceControl: Información El control de código fuente está desactivado
[2020.10.28-16.59.38:318][  0]SourceControl: Información El control de código fuente está desactivado
[2020.10.28-16.59.39:989][  0]LogEngine: Initializing Engine...
[2020.10.28-16.59.39:991][  0]LogHMD: Failed to initialize OpenVR with code 110
[2020.10.28-16.59.40:101][  0]LogStats: UGameplayTagsManager::ConstructGameplayTagTree: Construct from data asset -  0.000 s
[2020.10.28-16.59.40:101][  0]LogStats: UGameplayTagsManager::ConstructGameplayTagTree: GameplayTagTreeChangedEvent.Broadcast -  0.000 s
[2020.10.28-16.59.40:244][  0]LogAIModule: Creating AISystem for world Untitled
[2020.10.28-16.59.40:273][  0]LogInit: XAudio2 using 'Altavoces (Realtek High Definition Audio)' : 2 channels at 48 kHz using 32 bits per sample (channel mask 0x3)
[2020.10.28-16.59.40:335][  0]LogInit: FAudioDevice initialized.
[2020.10.28-16.59.40:374][  0]LogDerivedDataCache: Saved boot cache 0.04s 50MB C:/Users/Usuario/AppData/Local/UnrealEngine/4.15/DerivedDataCache/Boot.ddc.
[2020.10.28-16.59.40:383][  0]LogInit: Texture streaming: Enabled
[2020.10.28-16.59.40:504][  0]LogEngineSessionManager: EngineSessionManager initialized
[2020.10.28-16.59.40:668][  0]LogInit: Transaction tracking system initialized
[2020.10.28-16.59.41:084][  0]BlueprintLog: New page: Cargar el editor
[2020.10.28-16.59.42:167][  0]LocalizationService: Información Localization service is disabled
[2020.10.28-16.59.42:979][  0]LogConsoleResponse:Display: 
[2020.10.28-16.59.43:119][  0]LogCook:Display: Max memory allowance for cook 16384mb min free memory 0mb
[2020.10.28-16.59.43:119][  0]LogCook:Display: Mobile HDR setting 1
[2020.10.28-16.59.43:964][  0]LogFileCache: Scanning file cache for directory 'D:/Escritorio/Proyecto/Proyecto-Laberinto-Grupo-1/ProyectoLabApps/Content/' took 0.01s
[2020.10.28-16.59.44:514][  0]SourceControl: Información El control de código fuente está desactivado
[2020.10.28-16.59.44:514][  0]Cmd: MAP LOAD FILE="../../../../../../Escritorio/Proyecto/Proyecto-Laberinto-Grupo-1/ProyectoLabApps/Content/StarterContent/Maps/Minimal_Default.umap" TEMPLATE=0 SHOWPROGRESS=1 FEATURELEVEL=3
[2020.10.28-16.59.44:514][  0]LogEditorServer:Warning: Can't find file '../../../../../../Escritorio/Proyecto/Proyecto-Laberinto-Grupo-1/ProyectoLabApps/Content/StarterContent/Maps/Minimal_Default.umap'
[2020.10.28-16.59.44:514][  0]Cmd: MAP CHECKDEP NOCLEARLOG
[2020.10.28-16.59.44:559][  0]MapCheck: Información Map check complete: 0 Error(s), 0 Warning(s), took 44,573ms to complete.
[2020.10.28-16.59.44:559][  0]LogFileHelpers: Loading map 'Minimal_Default' took 0.045
[2020.10.28-16.59.45:727][  0]LogCollectionManager: Loaded 0 collections in 0.002381 seconds
[2020.10.28-16.59.46:096][  0]LogFileCache: Scanning file cache for directory 'D:/Escritorio/Proyecto/Proyecto-Laberinto-Grupo-1/ProyectoLabApps/Saved/Collections/' took 0.01s
[2020.10.28-16.59.46:096][  0]LogFileCache: Scanning file cache for directory 'D:/Escritorio/Proyecto/Proyecto-Laberinto-Grupo-1/ProyectoLabApps/Content/Developers/Usuario/Collections/' took 0.01s
[2020.10.28-16.59.46:096][  0]LogFileCache: Scanning file cache for directory 'D:/Escritorio/Proyecto/Proyecto-Laberinto-Grupo-1/ProyectoLabApps/Content/Collections/' took 0.01s
[2020.10.28-16.59.46:096][  0]LogCollectionManager: Rebuilt the GUID cache for 0 collections in 0.000003 seconds
[2020.10.28-16.59.46:115][  0]LogContentBrowser: Native class hierarchy populated in 0.0175 seconds. Added 2246 classes and 455 folders.
[2020.10.28-16.59.46:256][  0]LogContentBrowser: Native class hierarchy updated for 'WidgetCarousel' in 0.0035 seconds. Added 0 classes and 0 folders.
[2020.10.28-16.59.47:585][  0]LogContentBrowser: Native class hierarchy updated for 'AddContentDialog' in 0.0038 seconds. Added 0 classes and 0 folders.
[2020.10.28-16.59.47:868][  0]LogContentBrowser: Native class hierarchy updated for 'SceneOutliner' in 0.0027 seconds. Added 1 classes and 2 folders.
[2020.10.28-16.59.49:536][  0]LogCrashTracker: Crashtracker disabled due to settings.
[2020.10.28-16.59.49:845][  0]LogUObjectGlobals:Warning: Error al encontrar el objeto 'Class Ninguno.'
[2020.10.28-16.59.49:995][  0]LogContentBrowser: Native class hierarchy updated for 'HierarchicalLODOutliner' in 0.0027 seconds. Added 1 classes and 2 folders.
[2020.10.28-16.59.49:995][  0]LogLoad: (Engine Initialization) Total time: 24.16 seconds
[2020.10.28-16.59.49:995][  0]LogLoad: (Engine Initialization) Total Blueprint compile time: 0.05 seconds
[2020.10.28-16.59.49:995][  0]LogExternalProfiler: No external profilers were discovered.  External profiling features will not be available.
[2020.10.28-16.59.50:005][  0]LogOcInput: OculusInput pre-init called
[2020.10.28-16.59.50:139][  0]LogContentStreaming: Texture pool size now 1000 MB
[2020.10.28-16.59.50:141][  0]LogSlate: Took 0.000494 seconds to synchronously load lazily loaded font '../../../Engine/Content/Slate/Fonts/Roboto-Regular.ttf' (155K)
[2020.10.28-16.59.50:148][  0]LogSlate: Took 0.000303 seconds to synchronously load lazily loaded font '../../../Engine/Content/Slate/Fonts/Roboto-Bold.ttf' (160K)
[2020.10.28-16.59.50:272][  0]LogSlate: Took 0.027356 seconds to synchronously load lazily loaded font '../../../Engine/Content/Editor/Slate/Fonts/FontAwesome.ttf' (139K)
[2020.10.28-16.59.50:968][  0]LogRenderer: Reallocating scene render targets to support 952x396 NumSamples 1 (Frame:2).
[2020.10.28-16.59.52:194][  1]LogSlate: Took 0.010960 seconds to synchronously load lazily loaded font '../../../Engine/Content/Slate/Fonts/Roboto-Light.ttf' (159K)
[2020.10.28-16.59.52:329][  3]LogAssetRegistry: Asset discovery search completed in 17.4916 seconds
[2020.10.28-16.59.52:329][  3]LogCollectionManager: Rebuilt the object cache for 0 collections in 0.000010 seconds (found 0 objects)
[2020.10.28-16.59.52:329][  3]LogCollectionManager: Fixed up redirectors for 0 collections in 0.000024 seconds (updated 0 objects)
[2020.10.28-17.05.53:278][638]LogRenderer: Reallocating scene render targets to support 952x400 NumSamples 1 (Frame:7).
[2020.10.28-17.05.53:433][638]LogRenderer: Reallocating scene render targets to support 952x408 NumSamples 1 (Frame:9).
[2020.10.28-17.05.53:490][638]LogRenderer: Reallocating scene render targets to support 952x416 NumSamples 1 (Frame:10).
[2020.10.28-17.05.53:624][638]LogRenderer: Reallocating scene render targets to support 952x420 NumSamples 1 (Frame:12).
[2020.10.28-17.05.53:680][638]LogRenderer: Reallocating scene render targets to support 952x428 NumSamples 1 (Frame:13).
[2020.10.28-17.05.53:887][638]LogRenderer: Reallocating scene render targets to support 952x432 NumSamples 1 (Frame:15).
[2020.10.28-17.05.53:944][638]LogRenderer: Reallocating scene render targets to support 952x436 NumSamples 1 (Frame:16).
[2020.10.28-17.05.54:000][638]LogRenderer: Reallocating scene render targets to support 952x440 NumSamples 1 (Frame:17).
[2020.10.28-17.05.54:160][638]LogRenderer: Reallocating scene render targets to support 952x444 NumSamples 1 (Frame:19).
[2020.10.28-17.05.54:217][638]LogRenderer: Reallocating scene render targets to support 952x452 NumSamples 1 (Frame:20).
[2020.10.28-17.05.54:281][638]LogRenderer: Reallocating scene render targets to support 952x456 NumSamples 1 (Frame:21).
[2020.10.28-17.05.54:338][638]LogRenderer: Reallocating scene render targets to support 952x460 NumSamples 1 (Frame:22).
[2020.10.28-17.05.58:488][903]LogRenderer: Reallocating scene render targets to support 952x464 NumSamples 1 (Frame:25).
[2020.10.28-17.05.59:045][903]LogRenderer: Reallocating scene render targets to support 952x472 NumSamples 1 (Frame:27).
[2020.10.28-17.06.01:648][148]LogRenderer: Reallocating scene render targets to support 952x476 NumSamples 1 (Frame:29).
[2020.10.28-17.06.01:707][148]LogRenderer: Reallocating scene render targets to support 952x488 NumSamples 1 (Frame:30).
[2020.10.28-17.06.01:763][148]LogRenderer: Reallocating scene render targets to support 952x496 NumSamples 1 (Frame:31).
[2020.10.28-17.06.01:876][148]LogRenderer: Reallocating scene render targets to support 952x500 NumSamples 1 (Frame:33).
[2020.10.28-17.06.01:968][148]LogRenderer: Reallocating scene render targets to support 952x504 NumSamples 1 (Frame:35).
[2020.10.28-17.06.02:018][148]LogRenderer: Reallocating scene render targets to support 952x508 NumSamples 1 (Frame:36).
[2020.10.28-17.06.02:236][148]LogRenderer: Reallocating scene render targets to support 952x512 NumSamples 1 (Frame:39).
[2020.10.28-17.06.02:440][148]LogRenderer: Reallocating scene render targets to support 952x516 NumSamples 1 (Frame:42).
[2020.10.28-17.06.02:546][148]LogRenderer: Reallocating scene render targets to support 952x520 NumSamples 1 (Frame:44).
[2020.10.28-17.06.02:604][148]LogRenderer: Reallocating scene render targets to support 956x520 NumSamples 1 (Frame:45).
[2020.10.28-17.06.02:710][148]LogRenderer: Reallocating scene render targets to support 960x520 NumSamples 1 (Frame:47).
[2020.10.28-17.06.02:767][148]LogRenderer: Reallocating scene render targets to support 964x524 NumSamples 1 (Frame:48).
[2020.10.28-17.06.02:832][148]LogRenderer: Reallocating scene render targets to support 976x524 NumSamples 1 (Frame:49).
[2020.10.28-17.06.02:888][148]LogRenderer: Reallocating scene render targets to support 984x528 NumSamples 1 (Frame:50).
[2020.10.28-17.06.02:945][148]LogRenderer: Reallocating scene render targets to support 988x528 NumSamples 1 (Frame:51).
[2020.10.28-17.06.03:001][148]LogRenderer: Reallocating scene render targets to support 992x528 NumSamples 1 (Frame:52).
[2020.10.28-17.06.03:385][148]LogRenderer: Reallocating scene render targets to support 996x536 NumSamples 1 (Frame:54).
[2020.10.28-17.06.03:651][148]LogRenderer: Reallocating scene render targets to support 1004x540 NumSamples 1 (Frame:56).
[2020.10.28-17.06.04:578][148]LogRenderer: Reallocating scene render targets to support 1004x564 NumSamples 1 (Frame:58).
[2020.10.28-17.07.19:159][607]LogTemp: Repeting last play command: New Editor Window (PIE)
[2020.10.28-17.07.19:173][607]LogPlayLevel: PlayLevel: No blueprints needed recompiling
[2020.10.28-17.07.19:205][607]PIE: New page: Sesión PIE (reproducción en el editor): Untitled_0 (28/10/2020 11:07:19)
[2020.10.28-17.07.19:222][607]LogPlayLevel: Creating play world package: /Temp/UEDPIE_0_Untitled_0
[2020.10.28-17.07.19:238][607]LogPlayLevel: PIE: StaticDuplicateObject took: (0.015758s)
[2020.10.28-17.07.19:239][607]LogAIModule: Creating AISystem for world Untitled
[2020.10.28-17.07.19:239][607]LogPlayLevel: PIE: World Init took: (0.001458s)
[2020.10.28-17.07.19:240][607]LogPlayLevel: PIE: Created PIE world by copying editor world from /Temp/Untitled_0.Untitled to /Temp/UEDPIE_0_Untitled_0.Untitled (0.035227s)
[2020.10.28-17.07.19:298][607]LogInit: XAudio2 using 'Altavoces (Realtek High Definition Audio)' : 2 channels at 48 kHz using 32 bits per sample (channel mask 0x3)
[2020.10.28-17.07.19:321][607]LogInit: FAudioDevice initialized.
[2020.10.28-17.07.19:430][607]LogUObjectGlobals:Warning: Error al encontrar el objeto 'Class /Script/ProyectoLabApps.ProyectoLabAppsGameMode'
[2020.10.28-17.07.19:430][607]LogLoad: Game class is 'GameModeBase'
[2020.10.28-17.07.19:494][607]LogWorld: Bringing World /Temp/UEDPIE_0_Untitled_0.Untitled up for play (max tick rate 0) at 2020.10.28-14.07.19
[2020.10.28-17.07.19:501][607]LogWorld: Bringing up level for play took: 0.008024
[2020.10.28-17.07.19:645][607]LogContentBrowser: Native class hierarchy updated for 'MovieSceneCapture' in 0.0033 seconds. Added 11 classes and 0 folders.
[2020.10.28-17.07.19:758][607]PIE: Información Tiempo de inicio de la reproducción en el editor para  /Temp/UEDPIE_0_Untitled_0 -0,229
[2020.10.28-17.07.19:807][607]LogRenderer: Reallocating scene render targets to support 1292x756 NumSamples 1 (Frame:84).
[2020.10.28-17.07.25:301][212]LogSlate: Took 0.000424 seconds to synchronously load lazily loaded font '../../../Engine/Content/Slate/Fonts/Roboto-Light.ttf' (159K)
[2020.10.28-17.07.25:950][212]LogSlate: Took 0.000391 seconds to synchronously load lazily loaded font '../../../Engine/Content/Slate/Fonts/Roboto-Regular.ttf' (155K)
[2020.10.28-17.07.26:512][212]LogContentBrowser: Native class hierarchy updated for 'BlueprintGraph' in 0.0029 seconds. Added 112 classes and 0 folders.
[2020.10.28-17.07.28:242][212]LogSlate: Took 0.000337 seconds to synchronously load lazily loaded font '../../../Engine/Content/Slate/Fonts/Roboto-Light.ttf' (159K)
[2020.10.28-17.07.28:254][212]LogSlate: Took 0.011046 seconds to synchronously load lazily loaded font '../../../Engine/Content/Editor/Slate/Fonts/Roboto-BoldCondensed.ttf' (158K)
[2020.10.28-17.07.35:387][914]LogAIModule: Creating AISystem for world mainmenu
[2020.10.28-17.07.35:542][914]Cmd: MAP LOAD FILE="../../../../../../Escritorio/Proyecto/Proyecto-Laberinto-Grupo-1/ProyectoLabApps/Content/Niveles/mainmenu.umap" TEMPLATE=0 SHOWPROGRESS=1 FEATURELEVEL=3
[2020.10.28-17.07.35:543][914]LightingResults: New page: Diseñar la iluminación
[2020.10.28-17.07.35:588][914]LogContentBrowser: Native class hierarchy updated for 'StatsViewer' in 0.0025 seconds. Added 5 classes and 0 folders.
[2020.10.28-17.07.35:590][914]LoadErrors: New page: Cargando mapa: mainmenu.umap
[2020.10.28-17.07.35:590][914]MapCheck: New page: Revisión del mapa
[2020.10.28-17.07.35:590][914]LightingResults: New page: Diseñar la iluminación
[2020.10.28-17.07.35:683][914]LogEditorServer: Finished looking for orphan Actors (0.000 secs)
[2020.10.28-17.07.35:710][914]Cmd: MAP CHECKDEP NOCLEARLOG
[2020.10.28-17.07.35:763][914]MapCheck: Información Map check complete: 0 Error(s), 0 Warning(s), took 52,894ms to complete.
[2020.10.28-17.07.35:763][914]LogFileHelpers: Loading map 'mainmenu' took 0.222
[2020.10.28-17.07.37:460][108]LogTemp: Repeting last play command: New Editor Window (PIE)
[2020.10.28-17.07.37:474][108]LogBlueprintUserMessages: Early PlayInEditor Detection: Level '/Game/Niveles/mainmenu.mainmenu:PersistentLevel' has LevelScriptBlueprint '/Game/Niveles/mainmenu.mainmenu:PersistentLevel.mainmenu' with GeneratedClass '/Game/Niveles/mainmenu.mainmenu_C' with ClassGeneratedBy '/Game/Niveles/mainmenu.mainmenu:PersistentLevel.mainmenu'
[2020.10.28-17.07.37:474][108]LogPlayLevel: PlayLevel: No blueprints needed recompiling
[2020.10.28-17.07.37:475][108]PIE: New page: Sesión PIE (reproducción en el editor): mainmenu (28/10/2020 11:07:37)
[2020.10.28-17.07.37:475][108]LogPlayLevel: Creating play world package: /Game/Niveles/UEDPIE_0_mainmenu
[2020.10.28-17.07.37:493][108]LogPlayLevel: PIE: StaticDuplicateObject took: (0.018281s)
[2020.10.28-17.07.37:494][108]LogAIModule: Creating AISystem for world mainmenu
[2020.10.28-17.07.37:494][108]LogPlayLevel: PIE: World Init took: (0.000848s)
[2020.10.28-17.07.37:494][108]LogPlayLevel: PIE: Created PIE world by copying editor world from /Game/Niveles/mainmenu.mainmenu to /Game/Niveles/UEDPIE_0_mainmenu.mainmenu (0.019314s)
[2020.10.28-17.07.37:524][108]LogInit: XAudio2 using 'Altavoces (Realtek High Definition Audio)' : 2 channels at 48 kHz using 32 bits per sample (channel mask 0x3)
[2020.10.28-17.07.37:545][108]LogInit: FAudioDevice initialized.
[2020.10.28-17.07.37:595][108]LogLoad: Game class is 'GameModeBase'
[2020.10.28-17.07.37:597][108]LogWorld: Bringing World /Game/Niveles/UEDPIE_0_mainmenu.mainmenu up for play (max tick rate 0) at 2020.10.28-14.07.37
[2020.10.28-17.07.37:597][108]LogWorld: Bringing up level for play took: 0.000925
[2020.10.28-17.07.37:604][108]PIE: Información Tiempo de inicio de la reproducción en el editor para  /Game/Niveles/UEDPIE_0_mainmenu -0,384
[2020.10.28-17.07.37:605][108]LogBlueprintUserMessages: Late PlayInEditor Detection: Level '/Game/Niveles/mainmenu.mainmenu:PersistentLevel' has LevelScriptBlueprint '/Game/Niveles/mainmenu.mainmenu:PersistentLevel.mainmenu' with GeneratedClass '/Game/Niveles/mainmenu.mainmenu_C' with ClassGeneratedBy '/Game/Niveles/mainmenu.mainmenu:PersistentLevel.mainmenu'
[2020.10.28-17.07.52:431][855]LogNet: Browse: /Game/Niveles/Mapa/Minimal_Default
[2020.10.28-17.07.52:431][855]LogLoad: LoadMap: /Game/Niveles/Mapa/Minimal_Default
[2020.10.28-17.07.52:445][855]Cmd: MEM
[2020.10.28-17.07.52:480][855]LogMemory: Platform Memory Stats for Windows
[2020.10.28-17.07.52:480][855]LogMemory: Process Physical Memory: 1009.16 MB used, 1027.72 MB peak
[2020.10.28-17.07.52:480][855]LogMemory: Process Virtual Memory: 1370.50 MB used, 1650.03 MB peak
[2020.10.28-17.07.52:480][855]LogMemory: Physical Memory: 5210.33 MB used,  2908.07 MB free, 8118.40 MB total
[2020.10.28-17.07.52:480][855]LogMemory: Virtual Memory: 6610.86 MB used,  2908.07 MB free, 134217728.00 MB total
[2020.10.28-17.07.52:480][855]LogMemory: 
[2020.10.28-17.07.52:480][855]Allocator Stats for TBB: (not implemented)
[2020.10.28-17.07.55:668][855]LogAIModule: Creating AISystem for world Minimal_Default
[2020.10.28-17.07.55:670][855]LogLoad: Game class is 'GameModeBase'
[2020.10.28-17.07.55:686][855]LogWorld: Bringing World /Game/Niveles/Mapa/UEDPIE_0_Minimal_Default.Minimal_Default up for play (max tick rate 0) at 2020.10.28-14.07.55
[2020.10.28-17.07.55:726][855]LogWorld: Bringing up level for play took: 0.054860
[2020.10.28-17.07.55:727][855]LogGameMode: FindPlayerStart: PATHS NOT DEFINED or NO PLAYERSTART with positive rating
[2020.10.28-17.07.55:728][855]LogLoad: Took 3.296617 seconds to LoadMap(/Game/Niveles/Mapa/Minimal_Default)
[2020.10.28-17.07.55:849][856]LogCharacterMovement:Warning: GetSimulationTimeStep() - Max iterations 8 hit while remaining time 0.092952 > MaxSimulationTimeStep (0.050) for 'Personaje_58', movement 'Walking'
[2020.10.28-17.08.03:695][772]LogBlueprintUserMessages: Early EndPlayMap Detection: Level '/Game/Niveles/mainmenu.mainmenu:PersistentLevel' has LevelScriptBlueprint '/Game/Niveles/mainmenu.mainmenu:PersistentLevel.mainmenu' with GeneratedClass '/Game/Niveles/mainmenu.mainmenu_C' with ClassGeneratedBy '/Game/Niveles/mainmenu.mainmenu:PersistentLevel.mainmenu'
[2020.10.28-17.08.03:741][772]LogBlueprintUserMessages: Late EndPlayMap Detection: Level '/Game/Niveles/mainmenu.mainmenu:PersistentLevel' has LevelScriptBlueprint '/Game/Niveles/mainmenu.mainmenu:PersistentLevel.mainmenu' with GeneratedClass '/Game/Niveles/mainmenu.mainmenu_C' with ClassGeneratedBy '/Game/Niveles/mainmenu.mainmenu:PersistentLevel.mainmenu'
[2020.10.28-17.08.10:058][513]LogAIModule: Creating AISystem for world Minimal_Default
[2020.10.28-17.08.10:970][612]Cmd: MAP LOAD FILE="../../../../../../Escritorio/Proyecto/Proyecto-Laberinto-Grupo-1/ProyectoLabApps/Content/Niveles/Mapa/Minimal_Default.umap" TEMPLATE=0 SHOWPROGRESS=1 FEATURELEVEL=3
[2020.10.28-17.08.10:970][612]LightingResults: New page: Diseñar la iluminación
[2020.10.28-17.08.10:972][612]LoadErrors: New page: Cargando mapa: Minimal_Default.umap
[2020.10.28-17.08.10:972][612]MapCheck: New page: Revisión del mapa
[2020.10.28-17.08.10:972][612]LightingResults: New page: Diseñar la iluminación
[2020.10.28-17.08.11:069][612]LogEditorServer: Finished looking for orphan Actors (0.000 secs)
[2020.10.28-17.08.11:093][612]Cmd: MAP CHECKDEP NOCLEARLOG
[2020.10.28-17.08.11:156][612]MapCheck: Información Map check complete: 0 Error(s), 0 Warning(s), took 62,714ms to complete.
[2020.10.28-17.08.11:157][612]LogFileHelpers: Loading map 'Minimal_Default' took 0.188
[2020.10.28-17.08.43:489][483]LogEditorViewport: Clicking on Actor (LMB): BP_Sky_Sphere_C (BP_Sky_Sphere)
[2020.10.28-17.08.44:983][640]LogTemp: Repeting last play command: New Editor Window (PIE)
[2020.10.28-17.08.44:995][640]LogBlueprintUserMessages: Early PlayInEditor Detection: Level '/Game/Niveles/Mapa/Minimal_Default.Minimal_Default:PersistentLevel' has LevelScriptBlueprint '/Game/Niveles/Mapa/Minimal_Default.Minimal_Default:PersistentLevel.Minimal_Default' with GeneratedClass '/Game/Niveles/Mapa/Minimal_Default.Minimal_Default_C' with ClassGeneratedBy '/Game/Niveles/Mapa/Minimal_Default.Minimal_Default:PersistentLevel.Minimal_Default'
[2020.10.28-17.08.44:995][640]LogPlayLevel: PlayLevel: No blueprints needed recompiling
[2020.10.28-17.08.44:995][640]PIE: New page: Sesión PIE (reproducción en el editor): Minimal_Default (28/10/2020 11:08:44)
[2020.10.28-17.08.44:995][640]LogPlayLevel: Creating play world package: /Game/Niveles/Mapa/UEDPIE_0_Minimal_Default
[2020.10.28-17.08.45:003][640]LogPlayLevel: PIE: StaticDuplicateObject took: (0.007760s)
[2020.10.28-17.08.45:004][640]LogAIModule: Creating AISystem for world Minimal_Default
[2020.10.28-17.08.45:004][640]LogPlayLevel: PIE: World Init took: (0.001314s)
[2020.10.28-17.08.45:004][640]LogPlayLevel: PIE: Created PIE world by copying editor world from /Game/Niveles/Mapa/Minimal_Default.Minimal_Default to /Game/Niveles/Mapa/UEDPIE_0_Minimal_Default.Minimal_Default (0.009307s)
[2020.10.28-17.08.45:032][640]LogInit: XAudio2 using 'Altavoces (Realtek High Definition Audio)' : 2 channels at 48 kHz using 32 bits per sample (channel mask 0x3)
[2020.10.28-17.08.45:056][640]LogInit: FAudioDevice initialized.
[2020.10.28-17.08.45:103][640]LogLoad: Game class is 'GameModeBase'
[2020.10.28-17.08.45:105][640]LogWorld: Bringing World /Game/Niveles/Mapa/UEDPIE_0_Minimal_Default.Minimal_Default up for play (max tick rate 0) at 2020.10.28-14.08.45
[2020.10.28-17.08.45:106][640]LogWorld: Bringing up level for play took: 0.001352
[2020.10.28-17.08.45:112][640]PIE: Información Tiempo de inicio de la reproducción en el editor para  /Game/Niveles/Mapa/UEDPIE_0_Minimal_Default -0,875
[2020.10.28-17.08.45:113][640]LogBlueprintUserMessages: Late PlayInEditor Detection: Level '/Game/Niveles/Mapa/Minimal_Default.Minimal_Default:PersistentLevel' has LevelScriptBlueprint '/Game/Niveles/Mapa/Minimal_Default.Minimal_Default:PersistentLevel.Minimal_Default' with GeneratedClass '/Game/Niveles/Mapa/Minimal_Default.Minimal_Default_C' with ClassGeneratedBy '/Game/Niveles/Mapa/Minimal_Default.Minimal_Default:PersistentLevel.Minimal_Default'
[2020.10.28-17.09.01:254][553]LogBlueprintUserMessages: Early EndPlayMap Detection: Level '/Game/Niveles/Mapa/Minimal_Default.Minimal_Default:PersistentLevel' has LevelScriptBlueprint '/Game/Niveles/Mapa/Minimal_Default.Minimal_Default:PersistentLevel.Minimal_Default' with GeneratedClass '/Game/Niveles/Mapa/Minimal_Default.Minimal_Default_C' with ClassGeneratedBy '/Game/Niveles/Mapa/Minimal_Default.Minimal_Default:PersistentLevel.Minimal_Default'
[2020.10.28-17.09.01:348][553]LogBlueprintUserMessages: Late EndPlayMap Detection: Level '/Game/Niveles/Mapa/Minimal_Default.Minimal_Default:PersistentLevel' has LevelScriptBlueprint '/Game/Niveles/Mapa/Minimal_Default.Minimal_Default:PersistentLevel.Minimal_Default' with GeneratedClass '/Game/Niveles/Mapa/Minimal_Default.Minimal_Default_C' with ClassGeneratedBy '/Game/Niveles/Mapa/Minimal_Default.Minimal_Default:PersistentLevel.Minimal_Default'
[2020.10.28-17.10.09:610][224]LogTemp: Repeting last play command: New Editor Window (PIE)
[2020.10.28-17.10.09:621][224]LogBlueprintUserMessages: Early PlayInEditor Detection: Level '/Game/Niveles/Mapa/Minimal_Default.Minimal_Default:PersistentLevel' has LevelScriptBlueprint '/Game/Niveles/Mapa/Minimal_Default.Minimal_Default:PersistentLevel.Minimal_Default' with GeneratedClass '/Game/Niveles/Mapa/Minimal_Default.Minimal_Default_C' with ClassGeneratedBy '/Game/Niveles/Mapa/Minimal_Default.Minimal_Default:PersistentLevel.Minimal_Default'
[2020.10.28-17.10.09:621][224]LogPlayLevel: PlayLevel: No blueprints needed recompiling
[2020.10.28-17.10.09:621][224]PIE: New page: Sesión PIE (reproducción en el editor): Minimal_Default (28/10/2020 11:10:09)
[2020.10.28-17.10.09:622][224]LogPlayLevel: Creating play world package: /Game/Niveles/Mapa/UEDPIE_0_Minimal_Default
[2020.10.28-17.10.09:628][224]LogPlayLevel: PIE: StaticDuplicateObject took: (0.006028s)
[2020.10.28-17.10.09:629][224]LogAIModule: Creating AISystem for world Minimal_Default
[2020.10.28-17.10.09:629][224]LogPlayLevel: PIE: World Init took: (0.001426s)
[2020.10.28-17.10.09:629][224]LogPlayLevel: PIE: Created PIE world by copying editor world from /Game/Niveles/Mapa/Minimal_Default.Minimal_Default to /Game/Niveles/Mapa/UEDPIE_0_Minimal_Default.Minimal_Default (0.007695s)
[2020.10.28-17.10.09:659][224]LogInit: XAudio2 using 'Altavoces (Realtek High Definition Audio)' : 2 channels at 48 kHz using 32 bits per sample (channel mask 0x3)
[2020.10.28-17.10.09:682][224]LogInit: FAudioDevice initialized.
[2020.10.28-17.10.09:732][224]LogLoad: Game class is 'GameModeBase'
[2020.10.28-17.10.09:734][224]LogWorld: Bringing World /Game/Niveles/Mapa/UEDPIE_0_Minimal_Default.Minimal_Default up for play (max tick rate 0) at 2020.10.28-14.10.09
[2020.10.28-17.10.09:734][224]LogWorld: Bringing up level for play took: 0.001263
[2020.10.28-17.10.09:740][224]PIE: Información Tiempo de inicio de la reproducción en el editor para  /Game/Niveles/Mapa/UEDPIE_0_Minimal_Default -0,247
[2020.10.28-17.10.09:741][224]LogBlueprintUserMessages: Late PlayInEditor Detection: Level '/Game/Niveles/Mapa/Minimal_Default.Minimal_Default:PersistentLevel' has LevelScriptBlueprint '/Game/Niveles/Mapa/Minimal_Default.Minimal_Default:PersistentLevel.Minimal_Default' with GeneratedClass '/Game/Niveles/Mapa/Minimal_Default.Minimal_Default_C' with ClassGeneratedBy '/Game/Niveles/Mapa/Minimal_Default.Minimal_Default:PersistentLevel.Minimal_Default'
[2020.10.28-17.11.16:968][254]LogBlueprintUserMessages: Early EndPlayMap Detection: Level '/Game/Niveles/Mapa/Minimal_Default.Minimal_Default:PersistentLevel' has LevelScriptBlueprint '/Game/Niveles/Mapa/Minimal_Default.Minimal_Default:PersistentLevel.Minimal_Default' with GeneratedClass '/Game/Niveles/Mapa/Minimal_Default.Minimal_Default_C' with ClassGeneratedBy '/Game/Niveles/Mapa/Minimal_Default.Minimal_Default:PersistentLevel.Minimal_Default'
[2020.10.28-17.11.17:032][254]LogBlueprintUserMessages: Late EndPlayMap Detection: Level '/Game/Niveles/Mapa/Minimal_Default.Minimal_Default:PersistentLevel' has LevelScriptBlueprint '/Game/Niveles/Mapa/Minimal_Default.Minimal_Default:PersistentLevel.Minimal_Default' with GeneratedClass '/Game/Niveles/Mapa/Minimal_Default.Minimal_Default_C' with ClassGeneratedBy '/Game/Niveles/Mapa/Minimal_Default.Minimal_Default:PersistentLevel.Minimal_Default'
[2020.10.28-17.11.24:548][100]LogContentBrowser: Native class hierarchy updated for 'WorldBrowser' in 0.0032 seconds. Added 1 classes and 3 folders.
[2020.10.28-17.11.41:907][916]LogSlate: Took 0.010671 seconds to synchronously load lazily loaded font '../../../Engine/Content/Editor/Slate/Fonts/Roboto-Italic.ttf' (157K)
[2020.10.28-17.13.56:140][967]LogWindowsTextInputMethodSystem:Display: IME system now deactivated.
[2020.10.28-17.13.56:384][968]Cmd: QUIT_EDITOR
[2020.10.28-17.13.57:010][968]LogExit: Preparing to exit.
[2020.10.28-17.13.57:442][968]LogDirectoryWatcher: A directory notification for 'D:/Escritorio/Proyecto/Proyecto-Laberinto-Grupo-1/ProyectoLabApps/Content/' was aborted.
[2020.10.28-17.13.57:469][968]LogExit: Editor shut down
[2020.10.28-17.13.57:469][968]LogExit: Transaction tracking system shut down
[2020.10.28-17.13.57:580][968]LogObj: Freed 0b from 0 cluster array pools.
[2020.10.28-17.13.57:580][968]LogExit: Object subsystem successfully closed.
[2020.10.28-17.13.57:602][968]LogD3D11RHI: Shutdown
[2020.10.28-17.13.57:602][968]LogD3D11RHI: CleanupD3DDevice
[2020.10.28-17.13.57:670][968]LogD3D11RHI: ~FD3D11DynamicRHI
[2020.10.28-17.13.57:702][968]LogModuleManager: Shutting down and abandoning module WorldBrowser (510)
[2020.10.28-17.13.57:703][968]LogModuleManager: Shutting down and abandoning module StatsViewer (508)
[2020.10.28-17.13.57:703][968]LogModuleManager: Shutting down and abandoning module SequencerWidgets (506)
[2020.10.28-17.13.57:703][968]LogModuleManager: Shutting down and abandoning module BlueprintGraph (504)
[2020.10.28-17.13.57:703][968]LogModuleManager: Shutting down and abandoning module BlueprintProfiler (502)
[2020.10.28-17.13.57:713][968]LogModuleManager: Shutting down and abandoning module MovieSceneCapture (500)
[2020.10.28-17.13.57:713][968]LogModuleManager: Shutting down and abandoning module HierarchicalLODOutliner (498)
[2020.10.28-17.13.57:713][968]LogModuleManager: Shutting down and abandoning module CrashTracker (496)
[2020.10.28-17.13.57:713][968]LogModuleManager: Shutting down and abandoning module SceneOutliner (494)
[2020.10.28-17.13.57:713][968]LogModuleManager: Shutting down and abandoning module AddContentDialog (492)
[2020.10.28-17.13.57:713][968]LogDirectoryWatcher: A directory notification for 'D:/Epic Games/Juegos epic/UE_4.15/FeaturePacks/' was aborted.
[2020.10.28-17.13.57:714][968]LogModuleManager: Shutting down and abandoning module WidgetCarousel (491)
[2020.10.28-17.13.57:714][968]LogModuleManager: Shutting down and abandoning module EditorWidgets (488)
[2020.10.28-17.13.57:714][968]LogModuleManager: Shutting down and abandoning module CollectionManager (486)
[2020.10.28-17.13.57:714][968]LogDirectoryWatcher: A directory notification for 'D:/Escritorio/Proyecto/Proyecto-Laberinto-Grupo-1/ProyectoLabApps/Content/Collections/' was aborted.
[2020.10.28-17.13.57:714][968]LogDirectoryWatcher: A directory notification for 'D:/Escritorio/Proyecto/Proyecto-Laberinto-Grupo-1/ProyectoLabApps/Content/Developers/Usuario/Collections/' was aborted.
[2020.10.28-17.13.57:714][968]LogDirectoryWatcher: A directory notification for 'D:/Escritorio/Proyecto/Proyecto-Laberinto-Grupo-1/ProyectoLabApps/Saved/Collections/' was aborted.
[2020.10.28-17.13.57:714][968]LogModuleManager: Shutting down and abandoning module FoliageEdit (484)
[2020.10.28-17.13.57:714][968]LogModuleManager: Shutting down and abandoning module LandscapeEditor (482)
[2020.10.28-17.13.57:714][968]LogModuleManager: Shutting down and abandoning module SceneDepthPickerMode (480)
[2020.10.28-17.13.57:714][968]LogModuleManager: Shutting down and abandoning module ActorPickerMode (478)
[2020.10.28-17.13.57:714][968]LogModuleManager: Shutting down and abandoning module GeometryMode (476)
[2020.10.28-17.13.57:714][968]LogModuleManager: Shutting down and abandoning module TextureAlignMode (474)
[2020.10.28-17.13.57:714][968]LogModuleManager: Shutting down and abandoning module BspMode (472)
[2020.10.28-17.13.57:714][968]LogModuleManager: Shutting down and abandoning module HardwareSurvey (470)
[2020.10.28-17.13.57:714][968]LogModuleManager: Shutting down and abandoning module SequenceRecorderSections (468)
[2020.10.28-17.13.57:714][968]LogModuleManager: Shutting down and abandoning module AutomationWorker (466)
[2020.10.28-17.13.57:714][968]LogModuleManager: Shutting down and abandoning module MatineeToLevelSequence (464)
[2020.10.28-17.13.57:714][968]LogModuleManager: Shutting down and abandoning module LevelSequenceEditor (462)
[2020.10.28-17.13.57:715][968]LogModuleManager: Shutting down and abandoning module PlacementMode (461)
[2020.10.28-17.13.57:715][968]LogModuleManager: Shutting down and abandoning module WmfMediaFactory (458)
[2020.10.28-17.13.57:715][968]LogModuleManager: Shutting down and abandoning module WmfMediaEditor (456)
[2020.10.28-17.13.57:715][968]LogModuleManager: Shutting down and abandoning module MfMediaFactory (454)
[2020.10.28-17.13.57:715][968]LogModuleManager: Shutting down and abandoning module MfMediaEditor (452)
[2020.10.28-17.13.57:715][968]LogModuleManager: Shutting down and abandoning module AvfMediaFactory (450)
[2020.10.28-17.13.57:715][968]LogModuleManager: Shutting down and abandoning module AvfMediaEditor (448)
[2020.10.28-17.13.57:715][968]LogModuleManager: Shutting down and abandoning module AndroidMediaFactory (446)
[2020.10.28-17.13.57:715][968]LogModuleManager: Shutting down and abandoning module Media (445)
[2020.10.28-17.13.57:715][968]LogModuleManager: Shutting down and abandoning module AndroidMediaEditor (442)
[2020.10.28-17.13.57:715][968]LogModuleManager: Shutting down and abandoning module CharacterAI (440)
[2020.10.28-17.13.57:715][968]LogModuleManager: Shutting down and abandoning module AudioCapture (438)
[2020.10.28-17.13.57:715][968]LogModuleManager: Shutting down and abandoning module SequenceRecorder (437)
[2020.10.28-17.13.57:715][968]LogModuleManager: Shutting down and abandoning module SmartSnapping (434)
[2020.10.28-17.13.57:715][968]LogModuleManager: Shutting down and abandoning module SessionServices (432)
[2020.10.28-17.13.57:715][968]LogModuleManager: Shutting down and abandoning module ViewportSnapping (430)
[2020.10.28-17.13.57:715][968]LogModuleManager: Shutting down and abandoning module ViewportInteraction (428)
[2020.10.28-17.13.57:715][968]LogModuleManager: Shutting down and abandoning module LogVisualizer (426)
[2020.10.28-17.13.57:715][968]LogModuleManager: Shutting down and abandoning module IntroTutorials (424)
[2020.10.28-17.13.57:715][968]LogModuleManager: Shutting down and abandoning module GameProjectGeneration (423)
[2020.10.28-17.13.57:715][968]LogModuleManager: Shutting down and abandoning module EditorLiveStreaming (420)
[2020.10.28-17.13.57:715][968]LogModuleManager: Shutting down and abandoning module IOSPlatformEditor (418)
[2020.10.28-17.13.57:715][968]LogModuleManager: Shutting down and abandoning module HTML5PlatformEditor (416)
[2020.10.28-17.13.57:715][968]LogModuleManager: Shutting down and abandoning module AndroidPlatformEditor (414)
[2020.10.28-17.13.57:715][968]LogModuleManager: Shutting down and abandoning module AndroidDeviceDetection (413)
[2020.10.28-17.13.58:022][968]LogModuleManager: Shutting down and abandoning module IOSRuntimeSettings (410)
[2020.10.28-17.13.58:022][968]LogModuleManager: Shutting down and abandoning module AndroidRuntimeSettings (408)
[2020.10.28-17.13.58:022][968]LogModuleManager: Shutting down and abandoning module InputBindingEditor (406)
[2020.10.28-17.13.58:022][968]LogModuleManager: Shutting down and abandoning module NiagaraEditor (404)
[2020.10.28-17.13.58:022][968]LogModuleManager: Shutting down and abandoning module MergeActors (402)
[2020.10.28-17.13.58:022][968]LogModuleManager: Shutting down and abandoning module SizeMap (400)
[2020.10.28-17.13.58:022][968]LogModuleManager: Shutting down and abandoning module TreeMap (398)
[2020.10.28-17.13.58:022][968]LogModuleManager: Shutting down and abandoning module ReferenceViewer (396)
[2020.10.28-17.13.58:022][968]LogModuleManager: Shutting down and abandoning module LocalizationDashboard (394)
[2020.10.28-17.13.58:022][968]LogModuleManager: Shutting down and abandoning module LocalizationService (393)
[2020.10.28-17.13.58:022][968]LogModuleManager: Shutting down and abandoning module HardwareTargeting (390)
[2020.10.28-17.13.58:022][968]LogModuleManager: Shutting down and abandoning module DeviceProfileEditor (388)
[2020.10.28-17.13.58:022][968]LogModuleManager: Shutting down and abandoning module UndoHistory (386)
[2020.10.28-17.13.58:022][968]LogModuleManager: Shutting down and abandoning module UserFeedback (384)
[2020.10.28-17.13.58:022][968]LogModuleManager: Shutting down and abandoning module XmlParser (382)
[2020.10.28-17.13.58:022][968]LogModuleManager: Shutting down and abandoning module Blutility (380)
[2020.10.28-17.13.58:022][968]LogModuleManager: Shutting down and abandoning module ProjectSettingsViewer (378)
[2020.10.28-17.13.58:022][968]LogModuleManager: Shutting down and abandoning module ProjectTargetPlatformEditor (377)
[2020.10.28-17.13.58:022][968]LogModuleManager: Shutting down and abandoning module EditorSettingsViewer (374)
[2020.10.28-17.13.58:022][968]LogModuleManager: Shutting down and abandoning module SettingsEditor (372)
[2020.10.28-17.13.58:022][968]LogModuleManager: Shutting down and abandoning module ProjectLauncher (370)
[2020.10.28-17.13.58:022][968]LogModuleManager: Shutting down and abandoning module SessionFrontend (368)
[2020.10.28-17.13.58:022][968]LogModuleManager: Shutting down and abandoning module ProfilerClient (366)
[2020.10.28-17.13.58:022][968]LogModuleManager: Shutting down and abandoning module DeviceManager (364)
[2020.10.28-17.13.58:022][968]LogModuleManager: Shutting down and abandoning module TargetDeviceServices (363)
[2020.10.28-17.13.58:065][968]LogModuleManager: Shutting down and abandoning module AutomationController (360)
[2020.10.28-17.13.58:065][968]LogModuleManager: Shutting down and abandoning module AutomationWindow (358)
[2020.10.28-17.13.58:065][968]LogModuleManager: Shutting down and abandoning module Layers (356)
[2020.10.28-17.13.58:065][968]LogModuleManager: Shutting down and abandoning module ComponentVisualizers (354)
[2020.10.28-17.13.58:065][968]LogModuleManager: Shutting down and abandoning module DetailCustomizations (352)
[2020.10.28-17.13.58:065][968]LogModuleManager: Shutting down and abandoning module PackagesDialog (350)
[2020.10.28-17.13.58:065][968]LogModuleManager: Shutting down and abandoning module Persona (348)
[2020.10.28-17.13.58:065][968]LogModuleManager: Shutting down and abandoning module AnimGraph (347)
[2020.10.28-17.13.58:065][968]LogModuleManager: Shutting down and abandoning module Kismet (344)
[2020.10.28-17.13.58:072][968]LogModuleManager: Shutting down and abandoning module GraphEditor (342)
[2020.10.28-17.13.58:072][968]LogModuleManager: Shutting down and abandoning module ClassViewer (340)
[2020.10.28-17.13.58:072][968]LogModuleManager: Shutting down and abandoning module Toolbox (338)
[2020.10.28-17.13.58:072][968]LogModuleManager: Shutting down and abandoning module ModuleUI (336)
[2020.10.28-17.13.58:072][968]LogModuleManager: Shutting down and abandoning module MovieSceneTools (334)
[2020.10.28-17.13.58:072][968]LogModuleManager: Shutting down and abandoning module OutputLog (332)
[2020.10.28-17.13.58:072][968]LogModuleManager: Shutting down and abandoning module GammaUI (330)
[2020.10.28-17.13.58:072][968]LogModuleManager: Shutting down and abandoning module Documentation (328)
[2020.10.28-17.13.58:072][968]LogModuleManager: Shutting down and abandoning module Niagara (326)
[2020.10.28-17.13.58:072][968]LogModuleManager: Shutting down and abandoning module StreamingPauseRendering (324)
[2020.10.28-17.13.58:072][968]LogModuleManager: Shutting down and abandoning module AnalyticsET (322)
[2020.10.28-17.13.58:072][968]LogModuleManager: Shutting down and abandoning module PortalServices (320)
[2020.10.28-17.13.58:072][968]LogModuleManager: Shutting down and abandoning module PortalRpc (318)
[2020.10.28-17.13.58:072][968]LogModuleManager: Shutting down and abandoning module MessagingRpc (316)
[2020.10.28-17.13.58:072][968]LogModuleManager: Shutting down and abandoning module AIModule (314)
[2020.10.28-17.13.58:072][968]LogModuleManager: Shutting down and abandoning module GameplayDebugger (313)
[2020.10.28-17.13.58:072][968]LogModuleManager: Shutting down and abandoning module AITestSuite (311)
[2020.10.28-17.13.58:072][968]LogModuleManager: Shutting down and abandoning module ProfilerService (308)
[2020.10.28-17.13.58:183][968]LogModuleManager: Shutting down and abandoning module TaskGraph (306)
[2020.10.28-17.13.58:184][968]LogModuleManager: Shutting down and abandoning module SteamVRController (304)
[2020.10.28-17.13.58:184][968]LogModuleManager: Shutting down and abandoning module SteamVR (302)
[2020.10.28-17.13.58:184][968]LogModuleManager: Shutting down and abandoning module ProceduralMeshComponentEditor (300)
[2020.10.28-17.13.58:184][968]LogModuleManager: Shutting down and abandoning module ProceduralMeshComponent (298)
[2020.10.28-17.13.58:184][968]LogModuleManager: Shutting down and abandoning module OculusLibrary (296)
[2020.10.28-17.13.58:184][968]LogModuleManager: Shutting down and abandoning module OculusInput (294)
[2020.10.28-17.13.58:184][968]LogModuleManager: Shutting down and abandoning module MobilePatchingUtils (292)
[2020.10.28-17.13.58:184][968]LogModuleManager: Shutting down and abandoning module CustomMeshComponent (290)
[2020.10.28-17.13.58:184][968]LogModuleManager: Shutting down and abandoning module CableComponent (288)
[2020.10.28-17.13.58:184][968]LogModuleManager: Shutting down and abandoning module ArchVisCharacter (286)
[2020.10.28-17.13.58:184][968]LogModuleManager: Shutting down and abandoning module MediaPlayerEditor (282)
[2020.10.28-17.13.58:184][968]LogModuleManager: Shutting down and abandoning module HTML5Networking (280)
[2020.10.28-17.13.58:184][968]LogModuleManager: Shutting down and abandoning module AlembicImporter (278)
[2020.10.28-17.13.58:184][968]LogModuleManager: Shutting down and abandoning module AlembicLibrary (277)
[2020.10.28-17.13.58:184][968]LogModuleManager: Shutting down and abandoning module GeometryCache (276)
[2020.10.28-17.13.58:184][968]LogModuleManager: Shutting down and abandoning module GeometryCacheEd (275)
[2020.10.28-17.13.58:184][968]LogModuleManager: Shutting down and abandoning module SuperSearchEditor (270)
[2020.10.28-17.13.58:184][968]LogModuleManager: Shutting down and abandoning module SuperSearch (269)
[2020.10.28-17.13.58:184][968]LogModuleManager: Shutting down and abandoning module SpeedTreeImporter (266)
[2020.10.28-17.13.58:184][968]LogModuleManager: Shutting down and abandoning module PluginBrowser (264)
[2020.10.28-17.13.58:184][968]LogModuleManager: Shutting down and abandoning module MobileLauncherProfileWizard (262)
[2020.10.28-17.13.58:184][968]LogModuleManager: Shutting down and abandoning module EpicSurvey (260)
[2020.10.28-17.13.58:184][968]LogModuleManager: Shutting down and abandoning module VisualStudioSourceCodeAccess (258)
[2020.10.28-17.13.58:184][968]LogModuleManager: Shutting down and abandoning module DesktopPlatform (257)
[2020.10.28-17.13.58:184][968]LogModuleManager: Shutting down and abandoning module UObjectPlugin (254)
[2020.10.28-17.13.58:184][968]LogModuleManager: Shutting down and abandoning module SubversionSourceControl (252)
[2020.10.28-17.13.58:184][968]LogModuleManager: Shutting down and abandoning module PerforceSourceControl (250)
[2020.10.28-17.13.58:184][968]LogModuleManager: Shutting down and abandoning module GitSourceControl (248)
[2020.10.28-17.13.58:184][968]LogModuleManager: Shutting down and abandoning module SourceControl (247)
[2020.10.28-17.13.58:184][968]LogModuleManager: Shutting down and abandoning module LightPropagationVolumeEditor (244)
[2020.10.28-17.13.58:184][968]LogModuleManager: Shutting down and abandoning module PaperTiledImporter (242)
[2020.10.28-17.13.58:184][968]LogModuleManager: Shutting down and abandoning module PaperSpriteSheetImporter (240)
[2020.10.28-17.13.58:184][968]LogModuleManager: Shutting down and abandoning module Paper2DEditor (238)
[2020.10.28-17.13.58:185][968]LogModuleManager: Shutting down and abandoning module MeshPaint (237)
[2020.10.28-17.13.58:185][968]LogModuleManager: Shutting down and abandoning module LevelEditor (235)
[2020.10.28-17.13.58:186][968]LogModuleManager: Shutting down and abandoning module PixelInspectorModule (234)
[2020.10.28-17.13.58:186][968]LogModuleManager: Shutting down and abandoning module MainFrame (232)
[2020.10.28-17.13.58:186][968]LogModuleManager: Shutting down and abandoning module HotReload (231)
[2020.10.28-17.13.58:186][968]LogDirectoryWatcher: A directory notification for 'D:/Escritorio/Proyecto/Proyecto-Laberinto-Grupo-1/ProyectoLabApps/Binaries/Win64' was aborted.
[2020.10.28-17.13.58:186][968]LogModuleManager: Shutting down and abandoning module ContentBrowser (227)
[2020.10.28-17.13.58:187][968]LogModuleManager: Shutting down and abandoning module ProyectoLabApps (224)
[2020.10.28-17.13.58:187][968]LogModuleManager: Shutting down and abandoning module PhysXVehiclesEditor (222)
[2020.10.28-17.13.58:187][968]LogModuleManager: Shutting down and abandoning module PhysXVehicles (220)
[2020.10.28-17.13.58:187][968]LogModuleManager: Shutting down and abandoning module LocationServicesBPLibrary (218)
[2020.10.28-17.13.58:187][968]LogModuleManager: Shutting down and abandoning module UdpMessaging (216)
[2020.10.28-17.13.58:289][968]LogModuleManager: Shutting down and abandoning module TcpMessaging (214)
[2020.10.28-17.13.58:390][968]LogModuleManager: Shutting down and abandoning module GameplayTagsEditor (212)
[2020.10.28-17.13.58:390][968]LogModuleManager: Shutting down and abandoning module FacialAnimationEditor (210)
[2020.10.28-17.13.58:390][968]LogModuleManager: Shutting down and abandoning module FacialAnimation (208)
[2020.10.28-17.13.58:390][968]LogModuleManager: Shutting down and abandoning module LightPropagationVolumeRuntime (206)
[2020.10.28-17.13.58:390][968]LogModuleManager: Shutting down and abandoning module Paper2D (204)
[2020.10.28-17.13.58:390][968]LogModuleManager: Shutting down and abandoning module WindowsMoviePlayer (202)
[2020.10.28-17.13.58:390][968]LogModuleManager: Shutting down and abandoning module WmfMedia (200)
[2020.10.28-17.13.58:395][968]LogModuleManager: Shutting down and abandoning module MfMedia (198)
[2020.10.28-17.13.58:395][968]LogModuleManager: Shutting down and abandoning module MediaAssets (196)
[2020.10.28-17.13.58:395][968]LogModuleManager: Shutting down and abandoning module GameLiveStreaming (194)
[2020.10.28-17.13.58:395][968]LogModuleManager: Shutting down and abandoning module VREditor (192)
[2020.10.28-17.13.58:395][968]LogModuleManager: Shutting down and abandoning module GameplayTasksEditor (190)
[2020.10.28-17.13.58:395][968]LogModuleManager: Shutting down and abandoning module BehaviorTreeEditor (188)
[2020.10.28-17.13.58:395][968]LogModuleManager: Shutting down and abandoning module FunctionalTesting (186)
[2020.10.28-17.13.58:395][968]LogModuleManager: Shutting down and abandoning module CollisionAnalyzer (184)
[2020.10.28-17.13.58:395][968]LogModuleManager: Shutting down and abandoning module UMG (182)
[2020.10.28-17.13.58:395][968]LogModuleManager: Shutting down and abandoning module UMGEditor (181)
[2020.10.28-17.13.58:395][968]LogModuleManager: Shutting down and abandoning module Sequencer (180)
[2020.10.28-17.13.58:395][968]LogModuleManager: Shutting down and abandoning module AssetTools (178)
[2020.10.28-17.13.58:395][968]LogModuleManager: Shutting down and abandoning module MessageLog (177)
[2020.10.28-17.13.58:395][968]LogModuleManager: Shutting down and abandoning module WorkspaceMenuStructure (176)
[2020.10.28-17.13.58:395][968]LogModuleManager: Shutting down and abandoning module SlateReflector (170)
[2020.10.28-17.13.58:395][968]LogModuleManager: Shutting down and abandoning module Slate (168)
[2020.10.28-17.13.58:395][968]LogModuleManager: Shutting down and abandoning module EditorStyle (166)
[2020.10.28-17.13.58:399][968]LogModuleManager: Shutting down and abandoning module SourceCodeAccess (164)
[2020.10.28-17.13.58:399][968]LogModuleManager: Shutting down and abandoning module HeadMountedDisplay (162)
[2020.10.28-17.13.58:399][968]LogModuleManager: Shutting down and abandoning module XAudio2 (160)
[2020.10.28-17.13.58:399][968]LogModuleManager: Shutting down and abandoning module Networking (158)
[2020.10.28-17.13.58:399][968]LogModuleManager: Shutting down and abandoning module Core (154)
[2020.10.28-17.13.58:399][968]LogModuleManager: Shutting down and abandoning module AssetRegistry (152)
[2020.10.28-17.13.58:614][968]LogDirectoryWatcher: A directory notification for '../../../Engine/Content/' was aborted.
[2020.10.28-17.13.58:615][968]LogDirectoryWatcher: A directory notification for '../../../../../../Escritorio/Proyecto/Proyecto-Laberinto-Grupo-1/ProyectoLabApps/Content/' was aborted.
[2020.10.28-17.13.58:615][968]LogDirectoryWatcher: A directory notification for '../../../Engine/Plugins/2D/Paper2D/Content/' was aborted.
[2020.10.28-17.13.58:615][968]LogModuleManager: Shutting down and abandoning module DirectoryWatcher (151)
[2020.10.28-17.13.58:616][968]LogModuleManager: Shutting down and abandoning module KismetCompiler (148)
[2020.10.28-17.13.58:616][968]LogModuleManager: Shutting down and abandoning module PhysXFormats (146)
[2020.10.28-17.13.58:616][968]LogModuleManager: Shutting down and abandoning module MeshUtilities (144)
[2020.10.28-17.13.58:616][968]LogModuleManager: Shutting down and abandoning module SimplygonSwarm (143)
[2020.10.28-17.13.58:616][968]LogModuleManager: Shutting down and abandoning module SimplygonMeshReduction (141)
[2020.10.28-17.13.58:616][968]LogModuleManager: Shutting down and abandoning module QuadricMeshReduction (139)
[2020.10.28-17.13.58:616][968]LogModuleManager: Shutting down and abandoning module PropertyEditor (137)
[2020.10.28-17.13.58:616][968]LogModuleManager: Shutting down and abandoning module DerivedDataCache (134)
[2020.10.28-17.13.58:651][968]LogDerivedDataCache: Shutdown
[2020.10.28-17.13.58:651][968]LogModuleManager: Shutting down and abandoning module TargetPlatform (132)
[2020.10.28-17.13.58:651][968]LogModuleManager: Shutting down and abandoning module VulkanShaderFormat (131)
[2020.10.28-17.13.58:651][968]LogModuleManager: Shutting down and abandoning module ShaderFormatOpenGL (129)
[2020.10.28-17.13.58:651][968]LogModuleManager: Shutting down and abandoning module ShaderFormatD3D (127)
[2020.10.28-17.13.58:651][968]LogModuleManager: Shutting down and abandoning module MetalShaderFormat (125)
[2020.10.28-17.13.58:651][968]LogModuleManager: Shutting down and abandoning module TextureFormatUncompressed (123)
[2020.10.28-17.13.58:651][968]LogModuleManager: Shutting down and abandoning module TextureFormatPVR (121)
[2020.10.28-17.13.58:651][968]LogModuleManager: Shutting down and abandoning module TextureFormatDXT (119)
[2020.10.28-17.13.58:651][968]LogModuleManager: Shutting down and abandoning module TextureFormatIntelISPCTexComp (117)
[2020.10.28-17.13.58:651][968]LogModuleManager: Shutting down and abandoning module TextureFormatASTC (115)
[2020.10.28-17.13.58:651][968]LogModuleManager: Shutting down and abandoning module ImageWrapper (114)
[2020.10.28-17.13.58:651][968]LogModuleManager: Shutting down and abandoning module TextureFormatAndroid (111)
[2020.10.28-17.13.58:651][968]LogModuleManager: Shutting down and abandoning module AudioFormatOpus (109)
[2020.10.28-17.13.58:651][968]LogModuleManager: Shutting down and abandoning module AudioFormatOgg (107)
[2020.10.28-17.13.58:651][968]LogModuleManager: Shutting down and abandoning module AudioFormatADPCM (105)
[2020.10.28-17.13.58:652][968]LogModuleManager: Shutting down and abandoning module LinuxTargetPlatform (103)
[2020.10.28-17.13.58:652][968]LogModuleManager: Shutting down and abandoning module LinuxServerTargetPlatform (101)
[2020.10.28-17.13.58:652][968]LogModuleManager: Shutting down and abandoning module LinuxNoEditorTargetPlatform (99)
[2020.10.28-17.13.58:652][968]LogModuleManager: Shutting down and abandoning module LinuxClientTargetPlatform (97)
[2020.10.28-17.13.58:652][968]LogModuleManager: Shutting down and abandoning module TVOSTargetPlatform (95)
[2020.10.28-17.13.58:652][968]LogModuleManager: Shutting down and abandoning module Messaging (93)
[2020.10.28-17.13.58:652][968]LogModuleManager: Shutting down and abandoning module IOSTargetPlatform (91)
[2020.10.28-17.13.58:652][968]LogModuleManager: Shutting down and abandoning module HTML5TargetPlatform (89)
[2020.10.28-17.13.58:652][968]LogModuleManager: Shutting down and abandoning module Android_PVRTCTargetPlatform (87)
[2020.10.28-17.13.58:652][968]LogModuleManager: Shutting down and abandoning module Android_MultiTargetPlatform (85)
[2020.10.28-17.13.58:652][968]LogModuleManager: Shutting down and abandoning module Android_ETC2TargetPlatform (83)
[2020.10.28-17.13.58:652][968]LogModuleManager: Shutting down and abandoning module Android_ETC1TargetPlatform (81)
[2020.10.28-17.13.58:652][968]LogModuleManager: Shutting down and abandoning module Android_DXTTargetPlatform (79)
[2020.10.28-17.13.58:652][968]LogModuleManager: Shutting down and abandoning module Android_ATCTargetPlatform (77)
[2020.10.28-17.13.58:652][968]LogModuleManager: Shutting down and abandoning module Android_ASTCTargetPlatform (75)
[2020.10.28-17.13.58:652][968]LogModuleManager: Shutting down and abandoning module AndroidTargetPlatform (73)
[2020.10.28-17.13.58:652][968]LogModuleManager: Shutting down and abandoning module WindowsTargetPlatform (71)
[2020.10.28-17.13.58:652][968]LogModuleManager: Shutting down and abandoning module WindowsServerTargetPlatform (69)
[2020.10.28-17.13.58:652][968]LogModuleManager: Shutting down and abandoning module WindowsNoEditorTargetPlatform (67)
[2020.10.28-17.13.58:652][968]LogModuleManager: Shutting down and abandoning module WindowsClientTargetPlatform (65)
[2020.10.28-17.13.58:652][968]LogModuleManager: Shutting down and abandoning module MacTargetPlatform (63)
[2020.10.28-17.13.58:652][968]LogModuleManager: Shutting down and abandoning module MacServerTargetPlatform (61)
[2020.10.28-17.13.58:652][968]LogModuleManager: Shutting down and abandoning module MacNoEditorTargetPlatform (59)
[2020.10.28-17.13.58:652][968]LogModuleManager: Shutting down and abandoning module MacClientTargetPlatform (57)
[2020.10.28-17.13.58:652][968]LogModuleManager: Shutting down and abandoning module AllDesktopTargetPlatform (55)
[2020.10.28-17.13.58:652][968]LogModuleManager: Shutting down and abandoning module InputCore (52)
[2020.10.28-17.13.58:652][968]LogModuleManager: Shutting down and abandoning module Settings (50)
[2020.10.28-17.13.58:652][968]LogModuleManager: Shutting down and abandoning module OculusRift (48)
[2020.10.28-17.13.58:652][968]LogModuleManager: Shutting down and abandoning module GearVR (46)
[2020.10.28-17.13.58:652][968]LogModuleManager: Shutting down and abandoning module ExampleDeviceProfileSelector (44)
[2020.10.28-17.13.58:652][968]LogModuleManager: Shutting down and abandoning module OnlineBlueprintSupport (42)
[2020.10.28-17.13.58:652][968]LogModuleManager: Shutting down and abandoning module OnlineSubsystem (38)
[2020.10.28-17.13.58:652][968]LogOnline:Display: Unloading online subsystem: NULL
[2020.10.28-17.13.58:652][968]LogModuleManager: Shutting down and abandoning module XMPP (37)
[2020.10.28-17.13.58:652][968]LogModuleManager: Shutting down and abandoning module HTTP (35)
[2020.10.28-17.13.58:652][968]LogHttp:Display: Http module shutting down, but needs to wait on 1 outstanding Http requests:
[2020.10.28-17.13.58:652][968]LogHttp:Display: 	verb=[POST] url=[https://datarouter.ol.epicgames.com/datarouter/api/v1/public/data?SessionID=%7BB7DBACB4-4B89-CC11-F221-C295FEF37B64%7D&AppID=UEEditor.Rocket.Release&AppVersion=4.15.3-3450819%2B%2B%2BUE4%2BRelease-4.15&UserID=e10535a64fb9ed94f97320a8db6f28bc%7Cfeada0bc91244e1bbc85f333bfb7432e%7Cc8f7922c-32f3-4db3-b025-d5db5959e73b&AppEnvironment=datacollector-binary&UploadType=eteventstream] status=Processing
[2020.10.28-17.13.58:668][968]LogModuleManager: Shutting down and abandoning module SSL (34)
[2020.10.28-17.13.58:670][968]LogModuleManager: Shutting down and abandoning module AudioEditor (30)
[2020.10.28-17.13.58:670][968]LogModuleManager: Shutting down and abandoning module TextureCompressor (28)
[2020.10.28-17.13.58:671][968]LogModuleManager: Shutting down and abandoning module ShaderCore (26)
[2020.10.28-17.13.58:671][968]LogModuleManager: Shutting down and abandoning module Landscape (24)
[2020.10.28-17.13.58:671][968]LogModuleManager: Shutting down and abandoning module SlateRHIRenderer (22)
[2020.10.28-17.13.58:674][968]LogModuleManager: Shutting down and abandoning module OpenGLDrv (20)
[2020.10.28-17.13.58:674][968]LogModuleManager: Shutting down and abandoning module D3D11RHI (18)
[2020.10.28-17.13.58:674][968]LogModuleManager: Shutting down and abandoning module AnimGraphRuntime (16)
[2020.10.28-17.13.58:674][968]LogModuleManager: Shutting down and abandoning module Renderer (14)
[2020.10.28-17.13.58:674][968]LogModuleManager: Shutting down and abandoning module Engine (12)
[2020.10.28-17.13.58:674][968]LogModuleManager: Shutting down and abandoning module CoreUObject (10)
[2020.10.28-17.13.58:674][968]LogModuleManager: Shutting down and abandoning module NetworkFile (8)
[2020.10.28-17.13.58:674][968]LogModuleManager: Shutting down and abandoning module StreamingFile (6)
[2020.10.28-17.13.58:674][968]LogModuleManager: Shutting down and abandoning module SandboxFile (4)
[2020.10.28-17.13.58:674][968]LogModuleManager: Shutting down and abandoning module PakFile (2)
[2020.10.28-17.13.58:677][968]LogExit: Exiting.
[2020.10.28-17.13.58:696][968]Log file closed, 10/28/20 14:13:58
