Log file open, 10/28/20 14:47:20
LogInit:Display: Running engine for game: ProyectoLabApps
LogPlatformFile: Not using cached read wrapper
LogInit:Display: RandInit(1517823304) SRandInit(1517823304).
LogTaskGraph: Started task graph with 5 named threads and 8 total threads with 1 sets of task threads.
LogStats: Stats thread started at 0.127147
LogInit: Using libcurl 7.47.1
LogInit:  - built for x86_64-pc-win32
LogInit:  - supports SSL with OpenSSL/1.0.2g
LogInit:  - supports HTTP deflate (compression) using libz 1.2.8
LogInit:  - other features:
LogInit:      CURL_VERSION_SSL
LogInit:      CURL_VERSION_LIBZ
LogInit:      CURL_VERSION_IPV6
LogInit:      CURL_VERSION_ASYNCHDNS
LogInit:      CURL_VERSION_LARGEFILE
LogInit:      CURL_VERSION_IDN
LogInit:  CurlRequestOptions (configurable via config and command line):
LogInit:  - bVerifyPeer = false  - Libcurl will NOT verify peer certificate
LogInit:  - bUseHttpProxy = false  - Libcurl will NOT use HTTP proxy
LogInit:  - bDontReuseConnections = false  - Libcurl will reuse connections
LogInit:  - CertBundlePath = nullptr  - Libcurl will use whatever was configured at build time.
LogInit: Build: ++UE4+Release-4.15-CL-3450819
LogInit: Engine Version: 4.15.3-3450819+++UE4+Release-4.15
LogInit: Compatible Engine Version: 4.15.0-3299760+++UE4+Release-4.15
LogInit: Net CL: 3299760
LogDevObjectVersion: Number of dev versions registered: 14
LogDevObjectVersion:   Dev-Blueprints (B0D832E4-1F89-4F0D-ACCF-7EB736FD4AA2): 8
LogDevObjectVersion:   Dev-Build (E1C64328-A22C-4D53-A36C-8E866417BD8C): 0
LogDevObjectVersion:   Dev-Core (375EC13C-06E4-48FB-B500-84F0262A717E): 2
LogDevObjectVersion:   Dev-Editor (E4B068ED-F494-42E9-A231-DA0B2E46BB41): 14
LogDevObjectVersion:   Dev-Framework (CFFC743F-43B0-4480-9391-14DF171D2073): 22
LogDevObjectVersion:   Dev-Mobile (B02B49B5-BB20-44E9-A304-32B752E40360): 0
LogDevObjectVersion:   Dev-Networking (A4E4105C-59A1-49B5-A7C5-40C4547EDFEE): 0
LogDevObjectVersion:   Dev-Online (39C831C9-5AE6-47DC-9A44-9C173E1C8E7C): 0
LogDevObjectVersion:   Dev-Physics (78F01B33-EBEA-4F98-B9B4-84EACCB95AA2): 0
LogDevObjectVersion:   Dev-Platform (6631380F-2D4D-43E0-8009-CF276956A95A): 0
LogDevObjectVersion:   Dev-Rendering (12F88B9F-8875-4AFC-A67C-D90C383ABD29): 12
LogDevObjectVersion:   Dev-Sequencer (7B5AE74C-D270-4C10-A958-57980B212A5A): 3
LogDevObjectVersion:   Dev-VR (D7296918-1DD6-4BDD-9DE2-64A83CC13884): 0
LogDevObjectVersion:   Dev-LoadTimes (C2A15278-BFE7-4AFE-6C17-90FF531DF755): 1
LogInit: Compiled (64-bit): May 21 2017 11:02:34
LogInit: Compiled with Visual C++: 19.00.23026.00
LogInit: Build Configuration: Development
LogInit: Branch Name: ++UE4+Release-4.15
LogInit: Command line: -EpicPortal  -epicusername="valenbaldomar" -epicuserid=23fc282722064d69a32282319e6de1c2 -epiclocale=es
LogInit: Base directory: C:/Users/Diez 04-07-19/Documents/UE_4.15/Engine/Binaries/Win64/
LogInit: Installed Engine Build: 1
LogInit: Presizing for max 8388607 objects, including 0 objects not considered by GC, pre-allocating 0 bytes for permanent pool.
LogInit: Object subsystem initialized
[2020.10.28-17.47.22:471][  0]LogInit: Selected Device Profile: [Windows]
[2020.10.28-17.47.22:471][  0]LogInit: Applying CVar settings loaded from the selected device profile: [Windows]
[2020.10.28-17.47.22:508][  0]LogInit: Computer: DESKTOP-1MG3D4T
[2020.10.28-17.47.22:508][  0]LogInit: User: baldo
[2020.10.28-17.47.22:508][  0]LogInit: CPU Page size=65536, Cores=4
[2020.10.28-17.47.22:508][  0]LogInit: High frequency timer resolution =10.000000 MHz
[2020.10.28-17.47.22:508][  0]LogMemory: Memory total: Physical=5.9GB (6GB approx)
[2020.10.28-17.47.22:508][  0]LogMemory: Platform Memory Stats for Windows
[2020.10.28-17.47.22:508][  0]LogMemory: Process Physical Memory: 265.44 MB used, 265.44 MB peak
[2020.10.28-17.47.22:508][  0]LogMemory: Process Virtual Memory: 262.41 MB used, 262.41 MB peak
[2020.10.28-17.47.22:508][  0]LogMemory: Physical Memory: 5428.68 MB used,  662.77 MB free, 6091.46 MB total
[2020.10.28-17.47.22:508][  0]LogMemory: Virtual Memory: 4750.39 MB used,  662.77 MB free, 134217728.00 MB total
[2020.10.28-17.47.22:735][  0]LogTextLocalizationManager: No specific translations for ('es-AR') exist, so ('es') translations will be used.
[2020.10.28-17.47.23:568][  0]LogD3D11RHI: D3D11 adapters:
[2020.10.28-17.47.23:838][  0]LogD3D11RHI:    0. 'AMD Radeon(TM) RX Vega 11 Graphics' (Feature Level 11_0)
[2020.10.28-17.47.23:838][  0]LogD3D11RHI:       2033/0/3045 MB DedicatedVideo/DedicatedSystem/SharedSystem, Outputs:1, VendorId:0x1002
[2020.10.28-17.47.23:842][  0]LogD3D11RHI:    1. 'Microsoft Basic Render Driver' (Feature Level 11_0)
[2020.10.28-17.47.23:842][  0]LogD3D11RHI:       0/0/3045 MB DedicatedVideo/DedicatedSystem/SharedSystem, Outputs:0, VendorId:0x1414
[2020.10.28-17.47.23:842][  0]LogD3D11RHI: Chosen D3D11 Adapter: 0
[2020.10.28-17.47.23:853][  0]LogD3D11RHI: Creating new Direct3DDevice
[2020.10.28-17.47.23:853][  0]LogD3D11RHI:     GPU DeviceId: 0x15dd (for the marketing name, search the web for "GPU Device Id")
[2020.10.28-17.47.23:853][  0]LogWindows: EnumDisplayDevices:
[2020.10.28-17.47.23:854][  0]LogWindows:    0. 'AMD Radeon(TM) RX Vega 11 Graphics' (P:1 D:1)
[2020.10.28-17.47.23:854][  0]LogWindows:    1. 'AMD Radeon(TM) RX Vega 11 Graphics' (P:0 D:0)
[2020.10.28-17.47.23:854][  0]LogWindows:    2. 'AMD Radeon(TM) RX Vega 11 Graphics' (P:0 D:0)
[2020.10.28-17.47.23:854][  0]LogWindows:    3. 'AMD Radeon(TM) RX Vega 11 Graphics' (P:0 D:0)
[2020.10.28-17.47.23:854][  0]LogWindows: DebugString: GetVideoDriverDetailsInvalid PrimaryIsNotTheChoosenAdapter GetVideoDriverDetailsInvalid PrimaryIsNotTheChoosenAdapter GetVideoDriverDetailsInvalid PrimaryIsNotTheChoosenAdapter GetVideoDriverDetailsInvalid PrimaryIsNotTheChoosenAdapter FoundDriverCount:0 
[2020.10.28-17.47.23:854][  0]LogD3D11RHI:     Adapter Name: AMD Radeon(TM) RX Vega 11 Graphics
[2020.10.28-17.47.23:854][  0]LogD3D11RHI:   Driver Version: Unknown (internal:Unknown, unified:Unknown)
[2020.10.28-17.47.23:854][  0]LogD3D11RHI:      Driver Date: Unknown
[2020.10.28-17.47.23:854][  0]LogRHI: Texture pool is 1361 MB (70% of 1945 MB)
[2020.10.28-17.47.23:901][  0]LogD3D11RHI: Async texture creation enabled
[2020.10.28-17.47.23:917][  0]LogD3D11RHI: GPU Timing Frequency: 25.000000 (Debug: 2 1)
[2020.10.28-17.47.23:919][  0]LogShaderCompilers: Guid format shader working directory is -8 characters bigger than the processId version (../../../../GitHub/Proyecto-Laberinto-Grupo-1/ProyectoLabApps/Intermediate/Shaders/WorkingDirectory/11444/).
[2020.10.28-17.47.23:919][  0]LogShaderCompilers: Cleaned the shader compiler working directory 'C:/Users/Diez 04-07-19/AppData/Local/Temp/UnrealShaderWorkingDir/192851D041A6812D10DD9E9A9D049325/'.
[2020.10.28-17.47.23:919][  0]LogShaderCompilers:Display: Using Local Shader Compiler.
[2020.10.28-17.47.29:038][  0]LogTemp:Display: Loaded TP AllDesktopTargetPlatform
[2020.10.28-17.47.29:252][  0]LogTemp:Display: Loaded TP MacClientTargetPlatform
[2020.10.28-17.47.29:394][  0]LogTemp:Display: Loaded TP MacNoEditorTargetPlatform
[2020.10.28-17.47.29:538][  0]LogTemp:Display: Loaded TP MacServerTargetPlatform
[2020.10.28-17.47.29:678][  0]LogTemp:Display: Loaded TP MacTargetPlatform
[2020.10.28-17.47.29:826][  0]LogTemp:Display: Loaded TP WindowsClientTargetPlatform
[2020.10.28-17.47.29:977][  0]LogTemp:Display: Loaded TP WindowsNoEditorTargetPlatform
[2020.10.28-17.47.30:136][  0]LogTemp:Display: Loaded TP WindowsServerTargetPlatform
[2020.10.28-17.47.30:272][  0]LogTemp:Display: Loaded TP WindowsTargetPlatform
[2020.10.28-17.47.30:459][  0]LogTemp:Display: Loaded TP AndroidTargetPlatform
[2020.10.28-17.47.30:600][  0]LogTemp:Display: Loaded TP Android_ASTCTargetPlatform
[2020.10.28-17.47.30:756][  0]LogTemp:Display: Loaded TP Android_ATCTargetPlatform
[2020.10.28-17.47.30:904][  0]LogTemp:Display: Loaded TP Android_DXTTargetPlatform
[2020.10.28-17.47.31:053][  0]LogTemp:Display: Loaded TP Android_ETC1TargetPlatform
[2020.10.28-17.47.31:195][  0]LogTemp:Display: Loaded TP Android_ETC2TargetPlatform
[2020.10.28-17.47.31:474][  0]LogTemp:Display: Loaded TP Android_MultiTargetPlatform
[2020.10.28-17.47.31:474][  0]LogTemp:Display: Loaded TP Android_PVRTCTargetPlatform
[2020.10.28-17.47.31:594][  0]LogTemp:Display: Loaded TP HTML5TargetPlatform
[2020.10.28-17.47.31:858][  0]LogTemp:Display: Loaded TP IOSTargetPlatform
[2020.10.28-17.47.31:950][  0]LogTemp:Display: Loaded TP TVOSTargetPlatform
[2020.10.28-17.47.32:088][  0]LogTemp:Display: Loaded TP LinuxClientTargetPlatform
[2020.10.28-17.47.32:273][  0]LogTemp:Display: Loaded TP LinuxNoEditorTargetPlatform
[2020.10.28-17.47.32:611][  0]LogTemp:Display: Loaded TP LinuxServerTargetPlatform
[2020.10.28-17.47.32:827][  0]LogTemp:Display: Loaded TP LinuxTargetPlatform
[2020.10.28-17.47.32:827][  0]LogTargetPlatformManager:Display: Building Assets For Windows
[2020.10.28-17.47.34:807][  0]LogDerivedDataCache:Display: Max Cache Size: 512 MB
[2020.10.28-17.47.35:189][  0]LogDerivedDataCache: Loaded boot cache 0.38s 50MB C:/Users/Diez 04-07-19/AppData/Local/UnrealEngine/4.15/DerivedDataCache/Boot.ddc.
[2020.10.28-17.47.35:189][  0]LogDerivedDataCache:Display: Loaded Boot cache: C:/Users/Diez 04-07-19/AppData/Local/UnrealEngine/4.15/DerivedDataCache/Boot.ddc
[2020.10.28-17.47.35:189][  0]LogDerivedDataCache: FDerivedDataBackendGraph:  Pak pak cache file ../../../../GitHub/Proyecto-Laberinto-Grupo-1/ProyectoLabApps/DerivedDataCache/DDC.ddp not found, will not use a pak cache.
[2020.10.28-17.47.35:189][  0]LogDerivedDataCache: Unable to find inner node Pak for hierarchical cache Hierarchy.
[2020.10.28-17.47.35:189][  0]LogDerivedDataCache: FDerivedDataBackendGraph:  CompressedPak pak cache file ../../../../GitHub/Proyecto-Laberinto-Grupo-1/ProyectoLabApps/DerivedDataCache/Compressed.ddp not found, will not use a pak cache.
[2020.10.28-17.47.35:189][  0]LogDerivedDataCache: Unable to find inner node CompressedPak for hierarchical cache Hierarchy.
[2020.10.28-17.47.35:212][  0]LogDerivedDataCache:Display: Pak cache opened for reading ../../../Engine/DerivedDataCache/Compressed.ddp.
[2020.10.28-17.47.35:226][  0]LogDerivedDataCache: Using Local data cache path C:/Users/Diez 04-07-19/AppData/Local/UnrealEngine/Common/DerivedDataCache: Writable
[2020.10.28-17.47.35:242][  0]LogSlate: Using Freetype 2.6.0
[2020.10.28-17.47.35:268][  0]LogSlate: SlateFontCache - WITH_FREETYPE: 1, WITH_HARFBUZZ: 1
[2020.10.28-17.47.35:269][  0]LogSlate: SlateFontCache - WITH_FREETYPE: 1, WITH_HARFBUZZ: 1
[2020.10.28-17.47.38:118][  0]LogInit: Selected Device Profile: [Windows]
[2020.10.28-17.47.38:122][  0]LogContentStreaming: Texture pool size is 0.00 MB
[2020.10.28-17.47.38:632][  0]LogMeshUtilities: Using QuadricMeshReduction for automatic static mesh reduction
[2020.10.28-17.47.38:774][  0]LogSimplygon: Simplygon DLL not present - disabling.
[2020.10.28-17.47.38:907][  0]LogMeshUtilities: Using SimplygonSwarm for distributed automatic mesh merging
[2020.10.28-17.47.38:907][  0]LogMeshUtilities: No automatic skeletal mesh reduction module available
[2020.10.28-17.47.38:907][  0]LogMeshUtilities: No automatic mesh merging module available
[2020.10.28-17.47.40:614][  0]LogNetVersion: GetLocalNetworkVersion: CL: 3299760, ProjectName: proyectolabapps, ProjectVersion: , EngineNetworkVersion: 2, GameNetworkVersion: 0, NetworkChecksum: 1791571130
[2020.10.28-17.47.40:725][  0]LogAssetRegistry: FAssetRegistry took 0.0337 seconds to start up
[2020.10.28-17.47.40:913][  0]LogPackageLocalizationCache: Processed 3 localized package path(s) for 2 prioritized culture(s) in 0.103592 seconds
[2020.10.28-17.47.40:920][  0]LogUObjectArray: 32493 objects as part of root set at end of initial load.
[2020.10.28-17.47.40:920][  0]LogUObjectAllocator: 7077024 out of 0 bytes used by permanent object pool.
[2020.10.28-17.47.40:920][  0]LogUObjectArray: CloseDisregardForGC: 0/0 objects in disregard for GC pool
[2020.10.28-17.47.41:173][  0]LogInit: WinSock: version 1.1 (2.2), MaxSocks=32767, MaxUdp=65467
[2020.10.28-17.48.02:799][  0]LogTcpMessaging: Initializing TcpMessaging bridge
[2020.10.28-17.48.02:902][  0]LogUdpMessaging: Initializing bridge on interface 0.0.0.0:0 to multicast group 230.0.0.1:6666.
[2020.10.28-17.48.04:487][  0]LogMaterial: Uniform references updated for custom material expression Custom.
[2020.10.28-17.48.05:782][  0]SourceControl: Información El control de código fuente está desactivado
[2020.10.28-17.48.05:784][  0]SourceControl: Información El control de código fuente está desactivado
[2020.10.28-17.48.05:913][  0]SourceControl: Información El control de código fuente está desactivado
[2020.10.28-17.48.06:070][  0]SourceControl: Información El control de código fuente está desactivado
[2020.10.28-17.48.09:902][  0]LogEngine: Initializing Engine...
[2020.10.28-17.48.09:904][  0]LogHMD: Failed to initialize OpenVR with code 110
[2020.10.28-17.48.10:457][  0]LogStats: UGameplayTagsManager::ConstructGameplayTagTree: Construct from data asset -  0.000 s
[2020.10.28-17.48.10:457][  0]LogStats: UGameplayTagsManager::ConstructGameplayTagTree: GameplayTagTreeChangedEvent.Broadcast -  0.000 s
[2020.10.28-17.48.10:812][  0]LogAIModule: Creating AISystem for world Untitled
[2020.10.28-17.48.10:841][  0]LogInit: XAudio2 using 'Altavoces (Realtek(R) Audio)' : 2 channels at 48 kHz using 32 bits per sample (channel mask 0x3)
[2020.10.28-17.48.10:882][  0]LogInit: FAudioDevice initialized.
[2020.10.28-17.48.10:949][  0]LogDerivedDataCache: Saved boot cache 0.07s 50MB C:/Users/Diez 04-07-19/AppData/Local/UnrealEngine/4.15/DerivedDataCache/Boot.ddc.
[2020.10.28-17.48.10:997][  0]LogInit: Texture streaming: Enabled
[2020.10.28-17.48.11:343][  0]LogEngineSessionManager: EngineSessionManager initialized
[2020.10.28-17.48.11:689][  0]LogInit: Transaction tracking system initialized
[2020.10.28-17.48.12:767][  0]BlueprintLog: New page: Cargar el editor
[2020.10.28-17.48.15:531][  0]LocalizationService: Información Localization service is disabled
[2020.10.28-17.48.17:652][  0]LogConsoleResponse:Display: 
[2020.10.28-17.48.18:346][  0]LogCook:Display: Max memory allowance for cook 16384mb min free memory 0mb
[2020.10.28-17.48.18:346][  0]LogCook:Display: Mobile HDR setting 1
[2020.10.28-17.48.19:364][  0]LogFileCache: Scanning file cache for directory 'C:/Users/Diez 04-07-19/Documents/GitHub/Proyecto-Laberinto-Grupo-1/ProyectoLabApps/Content/' took 0.05s
[2020.10.28-17.48.21:838][  0]SourceControl: Información El control de código fuente está desactivado
[2020.10.28-17.48.21:838][  0]Cmd: MAP LOAD FILE="../../../../GitHub/Proyecto-Laberinto-Grupo-1/ProyectoLabApps/Content/StarterContent/Maps/Minimal_Default.umap" TEMPLATE=0 SHOWPROGRESS=1 FEATURELEVEL=3
[2020.10.28-17.48.21:838][  0]LogEditorServer:Warning: Can't find file '../../../../GitHub/Proyecto-Laberinto-Grupo-1/ProyectoLabApps/Content/StarterContent/Maps/Minimal_Default.umap'
[2020.10.28-17.48.21:847][  0]Cmd: MAP CHECKDEP NOCLEARLOG
[2020.10.28-17.48.21:933][  0]MapCheck: Información Map check complete: 0 Error(s), 0 Warning(s), took 85,626ms to complete.
[2020.10.28-17.48.21:933][  0]LogFileHelpers: Loading map 'Minimal_Default' took 0.095
[2020.10.28-17.48.23:271][  0]LogCollectionManager: Loaded 0 collections in 0.003410 seconds
[2020.10.28-17.48.23:585][  0]LogFileCache: Scanning file cache for directory 'C:/Users/Diez 04-07-19/Documents/GitHub/Proyecto-Laberinto-Grupo-1/ProyectoLabApps/Saved/Collections/' took 0.08s
[2020.10.28-17.48.23:585][  0]LogFileCache: Scanning file cache for directory 'C:/Users/Diez 04-07-19/Documents/GitHub/Proyecto-Laberinto-Grupo-1/ProyectoLabApps/Content/Developers/baldo/Collections/' took 0.02s
[2020.10.28-17.48.23:585][  0]LogFileCache: Scanning file cache for directory 'C:/Users/Diez 04-07-19/Documents/GitHub/Proyecto-Laberinto-Grupo-1/ProyectoLabApps/Content/Collections/' took 0.02s
[2020.10.28-17.48.23:586][  0]LogCollectionManager: Rebuilt the GUID cache for 0 collections in 0.000002 seconds
[2020.10.28-17.48.23:625][  0]LogContentBrowser: Native class hierarchy populated in 0.0244 seconds. Added 2246 classes and 455 folders.
[2020.10.28-17.48.23:910][  0]LogContentBrowser: Native class hierarchy updated for 'WidgetCarousel' in 0.0029 seconds. Added 0 classes and 0 folders.
[2020.10.28-17.48.25:637][  0]LogContentBrowser: Native class hierarchy updated for 'AddContentDialog' in 0.0049 seconds. Added 0 classes and 0 folders.
[2020.10.28-17.48.25:845][  0]LogContentBrowser: Native class hierarchy updated for 'SceneOutliner' in 0.0030 seconds. Added 1 classes and 2 folders.
[2020.10.28-17.48.26:385][  0]LogCrashTracker: Crashtracker disabled due to settings.
[2020.10.28-17.48.26:627][  0]LogUObjectGlobals:Warning: Error al encontrar el objeto 'Class Ninguno.'
[2020.10.28-17.48.26:805][  0]LogContentBrowser: Native class hierarchy updated for 'HierarchicalLODOutliner' in 0.0059 seconds. Added 1 classes and 2 folders.
[2020.10.28-17.48.26:805][  0]LogLoad: (Engine Initialization) Total time: 68.90 seconds
[2020.10.28-17.48.26:805][  0]LogLoad: (Engine Initialization) Total Blueprint compile time: 0.17 seconds
[2020.10.28-17.48.26:805][  0]LogExternalProfiler: No external profilers were discovered.  External profiling features will not be available.
[2020.10.28-17.48.26:821][  0]LogOcInput: OculusInput pre-init called
[2020.10.28-17.48.26:899][  0]LogContentStreaming: Texture pool size now 1000 MB
[2020.10.28-17.48.26:942][  0]LogSlate: Took 0.042296 seconds to synchronously load lazily loaded font '../../../Engine/Content/Slate/Fonts/Roboto-Regular.ttf' (155K)
[2020.10.28-17.48.27:006][  0]LogSlate: Took 0.058513 seconds to synchronously load lazily loaded font '../../../Engine/Content/Slate/Fonts/Roboto-Bold.ttf' (160K)
[2020.10.28-17.48.27:067][  0]LogSlate: Took 0.014772 seconds to synchronously load lazily loaded font '../../../Engine/Content/Editor/Slate/Fonts/FontAwesome.ttf' (139K)
[2020.10.28-17.48.28:185][  0]LogRenderer: Reallocating scene render targets to support 1208x604 NumSamples 1 (Frame:2).
[2020.10.28-17.48.29:337][  2]LogAssetRegistry: Asset discovery search completed in 48.6462 seconds
[2020.10.28-17.48.29:337][  2]LogCollectionManager: Rebuilt the object cache for 0 collections in 0.000014 seconds (found 0 objects)
[2020.10.28-17.48.29:337][  2]LogCollectionManager: Fixed up redirectors for 0 collections in 0.000030 seconds (updated 0 objects)
[2020.10.28-17.48.32:998][333]LogSlate: Took 0.037770 seconds to synchronously load lazily loaded font '../../../Engine/Content/Slate/Fonts/Roboto-Light.ttf' (159K)
[2020.10.28-17.49.08:793][596]LogTemp: Repeting last play command: New Editor Window (PIE)
[2020.10.28-17.49.08:839][596]LogPlayLevel: PlayLevel: No blueprints needed recompiling
[2020.10.28-17.49.08:854][596]PIE: New page: Sesión PIE (reproducción en el editor): Untitled_0 (28/10/2020 11:49:08)
[2020.10.28-17.49.08:888][596]LogPlayLevel: Creating play world package: /Temp/UEDPIE_0_Untitled_0
[2020.10.28-17.49.08:951][596]LogPlayLevel: PIE: StaticDuplicateObject took: (0.063546s)
[2020.10.28-17.49.08:952][596]LogAIModule: Creating AISystem for world Untitled
[2020.10.28-17.49.08:953][596]LogPlayLevel: PIE: World Init took: (0.001180s)
[2020.10.28-17.49.08:969][596]LogPlayLevel: PIE: Created PIE world by copying editor world from /Temp/Untitled_0.Untitled to /Temp/UEDPIE_0_Untitled_0.Untitled (0.091026s)
[2020.10.28-17.49.09:028][596]LogInit: XAudio2 using 'Altavoces (Realtek(R) Audio)' : 2 channels at 48 kHz using 32 bits per sample (channel mask 0x3)
[2020.10.28-17.49.09:057][596]LogInit: FAudioDevice initialized.
[2020.10.28-17.49.09:289][596]LogUObjectGlobals:Warning: Error al encontrar el objeto 'Class /Script/ProyectoLabApps.ProyectoLabAppsGameMode'
[2020.10.28-17.49.09:297][596]LogLoad: Game class is 'GameModeBase'
[2020.10.28-17.49.09:404][596]LogWorld: Bringing World /Temp/UEDPIE_0_Untitled_0.Untitled up for play (max tick rate 0) at 2020.10.28-14.49.09
[2020.10.28-17.49.09:490][596]LogWorld: Bringing up level for play took: 0.093071
[2020.10.28-17.49.09:777][596]LogContentBrowser: Native class hierarchy updated for 'MovieSceneCapture' in 0.0031 seconds. Added 11 classes and 0 folders.
[2020.10.28-17.49.09:876][596]PIE: Información Tiempo de inicio de la reproducción en el editor para  /Temp/UEDPIE_0_Untitled_0 1,305
[2020.10.28-17.49.10:090][596]LogRenderer: Reallocating scene render targets to support 1292x756 NumSamples 1 (Frame:5).
[2020.10.28-17.49.47:166][746]LogSlate: Took 0.000237 seconds to synchronously load lazily loaded font '../../../Engine/Content/Slate/Fonts/Roboto-Light.ttf' (159K)
[2020.10.28-17.49.47:490][746]LogAIModule: Creating AISystem for world mainmenu
[2020.10.28-17.49.47:532][746]Cmd: MAP LOAD FILE="../../../../GitHub/Proyecto-Laberinto-Grupo-1/ProyectoLabApps/Content/Niveles/mainmenu.umap" TEMPLATE=0 SHOWPROGRESS=1 FEATURELEVEL=3
[2020.10.28-17.49.47:532][746]LightingResults: New page: Diseñar la iluminación
[2020.10.28-17.49.47:650][746]LogContentBrowser: Native class hierarchy updated for 'StatsViewer' in 0.0025 seconds. Added 5 classes and 0 folders.
[2020.10.28-17.49.47:652][746]LoadErrors: New page: Cargando mapa: mainmenu.umap
[2020.10.28-17.49.47:652][746]MapCheck: New page: Revisión del mapa
[2020.10.28-17.49.47:652][746]LightingResults: New page: Diseñar la iluminación
[2020.10.28-17.49.47:696][746]LogEditorServer: Finished looking for orphan Actors (0.000 secs)
[2020.10.28-17.49.47:783][746]Cmd: MAP CHECKDEP NOCLEARLOG
[2020.10.28-17.49.47:866][746]MapCheck: Información Map check complete: 0 Error(s), 0 Warning(s), took 83,151ms to complete.
[2020.10.28-17.49.47:866][746]LogFileHelpers: Loading map 'mainmenu' took 0.336
[2020.10.28-17.49.50:674][889]LogSlate: Took 0.000357 seconds to synchronously load lazily loaded font '../../../Engine/Content/Slate/Fonts/Roboto-Regular.ttf' (155K)
[2020.10.28-17.49.57:489][889]LogAIModule: Creating AISystem for world Minimal_Default
[2020.10.28-17.49.57:637][889]Cmd: MAP LOAD FILE="../../../../GitHub/Proyecto-Laberinto-Grupo-1/ProyectoLabApps/Content/Niveles/Mapa/Minimal_Default.umap" TEMPLATE=0 SHOWPROGRESS=1 FEATURELEVEL=3
[2020.10.28-17.49.57:637][889]LightingResults: New page: Diseñar la iluminación
[2020.10.28-17.49.57:639][889]LoadErrors: New page: Cargando mapa: Minimal_Default.umap
[2020.10.28-17.49.57:639][889]MapCheck: New page: Revisión del mapa
[2020.10.28-17.49.57:639][889]LightingResults: New page: Diseñar la iluminación
[2020.10.28-17.49.57:716][889]LogEditorServer: Finished looking for orphan Actors (0.000 secs)
[2020.10.28-17.49.57:750][889]Cmd: MAP CHECKDEP NOCLEARLOG
[2020.10.28-17.49.57:868][889]MapCheck: Información Map check complete: 0 Error(s), 0 Warning(s), took 118,007ms to complete.
[2020.10.28-17.49.57:869][889]LogFileHelpers: Loading map 'Minimal_Default' took 0.234
[2020.10.28-17.50.04:476][323]LogTemp: Repeting last play command: New Editor Window (PIE)
[2020.10.28-17.50.04:488][323]LogBlueprintUserMessages: Early PlayInEditor Detection: Level '/Game/Niveles/Mapa/Minimal_Default.Minimal_Default:PersistentLevel' has LevelScriptBlueprint '/Game/Niveles/Mapa/Minimal_Default.Minimal_Default:PersistentLevel.Minimal_Default' with GeneratedClass '/Game/Niveles/Mapa/Minimal_Default.Minimal_Default_C' with ClassGeneratedBy '/Game/Niveles/Mapa/Minimal_Default.Minimal_Default:PersistentLevel.Minimal_Default'
[2020.10.28-17.50.04:488][323]LogPlayLevel: PlayLevel: No blueprints needed recompiling
[2020.10.28-17.50.04:489][323]PIE: New page: Sesión PIE (reproducción en el editor): Minimal_Default (28/10/2020 11:50:04)
[2020.10.28-17.50.04:489][323]LogPlayLevel: Creating play world package: /Game/Niveles/Mapa/UEDPIE_0_Minimal_Default
[2020.10.28-17.50.04:556][323]LogPlayLevel: PIE: StaticDuplicateObject took: (0.067083s)
[2020.10.28-17.50.04:558][323]LogAIModule: Creating AISystem for world Minimal_Default
[2020.10.28-17.50.04:559][323]LogPlayLevel: PIE: World Init took: (0.002988s)
[2020.10.28-17.50.04:560][323]LogPlayLevel: PIE: Created PIE world by copying editor world from /Game/Niveles/Mapa/Minimal_Default.Minimal_Default to /Game/Niveles/Mapa/UEDPIE_0_Minimal_Default.Minimal_Default (0.070986s)
[2020.10.28-17.50.04:589][323]LogInit: XAudio2 using 'Altavoces (Realtek(R) Audio)' : 2 channels at 48 kHz using 32 bits per sample (channel mask 0x3)
[2020.10.28-17.50.04:622][323]LogInit: FAudioDevice initialized.
[2020.10.28-17.50.04:687][323]LogLoad: Game class is 'GameModeBase'
[2020.10.28-17.50.04:698][323]LogWorld: Bringing World /Game/Niveles/Mapa/UEDPIE_0_Minimal_Default.Minimal_Default up for play (max tick rate 0) at 2020.10.28-14.50.04
[2020.10.28-17.50.04:746][323]LogWorld: Bringing up level for play took: 0.058159
[2020.10.28-17.50.04:805][323]PIE: Información Tiempo de inicio de la reproducción en el editor para  /Game/Niveles/Mapa/UEDPIE_0_Minimal_Default 0,233
[2020.10.28-17.50.04:806][323]LogBlueprintUserMessages: Late PlayInEditor Detection: Level '/Game/Niveles/Mapa/Minimal_Default.Minimal_Default:PersistentLevel' has LevelScriptBlueprint '/Game/Niveles/Mapa/Minimal_Default.Minimal_Default:PersistentLevel.Minimal_Default' with GeneratedClass '/Game/Niveles/Mapa/Minimal_Default.Minimal_Default_C' with ClassGeneratedBy '/Game/Niveles/Mapa/Minimal_Default.Minimal_Default:PersistentLevel.Minimal_Default'
[2020.10.28-17.50.05:047][324]LogCharacterMovement:Warning: GetSimulationTimeStep() - Max iterations 8 hit while remaining time 0.099979 > MaxSimulationTimeStep (0.050) for 'Personaje_58', movement 'Walking'
[2020.10.28-17.50.06:390][354]LogBlueprintUserMessages: Early EndPlayMap Detection: Level '/Game/Niveles/Mapa/Minimal_Default.Minimal_Default:PersistentLevel' has LevelScriptBlueprint '/Game/Niveles/Mapa/Minimal_Default.Minimal_Default:PersistentLevel.Minimal_Default' with GeneratedClass '/Game/Niveles/Mapa/Minimal_Default.Minimal_Default_C' with ClassGeneratedBy '/Game/Niveles/Mapa/Minimal_Default.Minimal_Default:PersistentLevel.Minimal_Default'
[2020.10.28-17.50.06:495][354]LogBlueprintUserMessages: Late EndPlayMap Detection: Level '/Game/Niveles/Mapa/Minimal_Default.Minimal_Default:PersistentLevel' has LevelScriptBlueprint '/Game/Niveles/Mapa/Minimal_Default.Minimal_Default:PersistentLevel.Minimal_Default' with GeneratedClass '/Game/Niveles/Mapa/Minimal_Default.Minimal_Default_C' with ClassGeneratedBy '/Game/Niveles/Mapa/Minimal_Default.Minimal_Default:PersistentLevel.Minimal_Default'
[2020.10.28-17.50.15:917][544]LogTemp: Repeting last play command: New Editor Window (PIE)
[2020.10.28-17.50.15:934][544]LogBlueprintUserMessages: Early PlayInEditor Detection: Level '/Game/Niveles/Mapa/Minimal_Default.Minimal_Default:PersistentLevel' has LevelScriptBlueprint '/Game/Niveles/Mapa/Minimal_Default.Minimal_Default:PersistentLevel.Minimal_Default' with GeneratedClass '/Game/Niveles/Mapa/Minimal_Default.Minimal_Default_C' with ClassGeneratedBy '/Game/Niveles/Mapa/Minimal_Default.Minimal_Default:PersistentLevel.Minimal_Default'
[2020.10.28-17.50.15:934][544]LogPlayLevel: PlayLevel: No blueprints needed recompiling
[2020.10.28-17.50.15:934][544]PIE: New page: Sesión PIE (reproducción en el editor): Minimal_Default (28/10/2020 11:50:15)
[2020.10.28-17.50.15:934][544]LogPlayLevel: Creating play world package: /Game/Niveles/Mapa/UEDPIE_0_Minimal_Default
[2020.10.28-17.50.15:974][544]LogPlayLevel: PIE: StaticDuplicateObject took: (0.040320s)
[2020.10.28-17.50.15:976][544]LogAIModule: Creating AISystem for world Minimal_Default
[2020.10.28-17.50.15:976][544]LogPlayLevel: PIE: World Init took: (0.001457s)
[2020.10.28-17.50.15:976][544]LogPlayLevel: PIE: Created PIE world by copying editor world from /Game/Niveles/Mapa/Minimal_Default.Minimal_Default to /Game/Niveles/Mapa/UEDPIE_0_Minimal_Default.Minimal_Default (0.042078s)
[2020.10.28-17.50.16:010][544]LogInit: XAudio2 using 'Altavoces (Realtek(R) Audio)' : 2 channels at 48 kHz using 32 bits per sample (channel mask 0x3)
[2020.10.28-17.50.16:039][544]LogInit: FAudioDevice initialized.
[2020.10.28-17.50.16:113][544]LogLoad: Game class is 'GameModeBase'
[2020.10.28-17.50.16:120][544]LogWorld: Bringing World /Game/Niveles/Mapa/UEDPIE_0_Minimal_Default.Minimal_Default up for play (max tick rate 0) at 2020.10.28-14.50.16
[2020.10.28-17.50.16:120][544]LogWorld: Bringing up level for play took: 0.006100
[2020.10.28-17.50.16:133][544]PIE: Información Tiempo de inicio de la reproducción en el editor para  /Game/Niveles/Mapa/UEDPIE_0_Minimal_Default -0,438
[2020.10.28-17.50.16:135][544]LogBlueprintUserMessages: Late PlayInEditor Detection: Level '/Game/Niveles/Mapa/Minimal_Default.Minimal_Default:PersistentLevel' has LevelScriptBlueprint '/Game/Niveles/Mapa/Minimal_Default.Minimal_Default:PersistentLevel.Minimal_Default' with GeneratedClass '/Game/Niveles/Mapa/Minimal_Default.Minimal_Default_C' with ClassGeneratedBy '/Game/Niveles/Mapa/Minimal_Default.Minimal_Default:PersistentLevel.Minimal_Default'
[2020.10.28-17.50.55:699][295]LogBlueprintUserMessages: Early EndPlayMap Detection: Level '/Game/Niveles/Mapa/Minimal_Default.Minimal_Default:PersistentLevel' has LevelScriptBlueprint '/Game/Niveles/Mapa/Minimal_Default.Minimal_Default:PersistentLevel.Minimal_Default' with GeneratedClass '/Game/Niveles/Mapa/Minimal_Default.Minimal_Default_C' with ClassGeneratedBy '/Game/Niveles/Mapa/Minimal_Default.Minimal_Default:PersistentLevel.Minimal_Default'
[2020.10.28-17.50.55:849][295]LogBlueprintUserMessages: Late EndPlayMap Detection: Level '/Game/Niveles/Mapa/Minimal_Default.Minimal_Default:PersistentLevel' has LevelScriptBlueprint '/Game/Niveles/Mapa/Minimal_Default.Minimal_Default:PersistentLevel.Minimal_Default' with GeneratedClass '/Game/Niveles/Mapa/Minimal_Default.Minimal_Default_C' with ClassGeneratedBy '/Game/Niveles/Mapa/Minimal_Default.Minimal_Default:PersistentLevel.Minimal_Default'
[2020.10.28-17.50.56:953][320]LogEditorViewport: Clicking on Actor (LMB): StaticMeshActor (Floor_400x400)
[2020.10.28-17.50.58:948][322]LogEditorViewport: Clicking on Actor (LMB): StaticMeshActor (Wall_400x313)
[2020.10.28-17.51.00:419][349]LogEditorViewport: Clicking on Actor (LMB): StaticMeshActor (Floor)
[2020.10.28-17.51.04:805][468]LogTemp: Repeting last play command: New Editor Window (PIE)
[2020.10.28-17.51.04:833][468]LogBlueprintUserMessages: Early PlayInEditor Detection: Level '/Game/Niveles/Mapa/Minimal_Default.Minimal_Default:PersistentLevel' has LevelScriptBlueprint '/Game/Niveles/Mapa/Minimal_Default.Minimal_Default:PersistentLevel.Minimal_Default' with GeneratedClass '/Game/Niveles/Mapa/Minimal_Default.Minimal_Default_C' with ClassGeneratedBy '/Game/Niveles/Mapa/Minimal_Default.Minimal_Default:PersistentLevel.Minimal_Default'
[2020.10.28-17.51.04:833][468]LogPlayLevel: PlayLevel: No blueprints needed recompiling
[2020.10.28-17.51.04:834][468]PIE: New page: Sesión PIE (reproducción en el editor): Minimal_Default (28/10/2020 11:51:04)
[2020.10.28-17.51.04:834][468]LogPlayLevel: Creating play world package: /Game/Niveles/Mapa/UEDPIE_0_Minimal_Default
[2020.10.28-17.51.04:888][468]LogPlayLevel: PIE: StaticDuplicateObject took: (0.053504s)
[2020.10.28-17.51.04:889][468]LogAIModule: Creating AISystem for world Minimal_Default
[2020.10.28-17.51.04:889][468]LogPlayLevel: PIE: World Init took: (0.001465s)
[2020.10.28-17.51.04:891][468]LogPlayLevel: PIE: Created PIE world by copying editor world from /Game/Niveles/Mapa/Minimal_Default.Minimal_Default to /Game/Niveles/Mapa/UEDPIE_0_Minimal_Default.Minimal_Default (0.056348s)
[2020.10.28-17.51.04:968][468]LogInit: XAudio2 using 'Altavoces (Realtek(R) Audio)' : 2 channels at 48 kHz using 32 bits per sample (channel mask 0x3)
[2020.10.28-17.51.05:018][468]LogInit: FAudioDevice initialized.
[2020.10.28-17.51.05:125][468]LogLoad: Game class is 'GameModeBase'
[2020.10.28-17.51.05:144][468]LogWorld: Bringing World /Game/Niveles/Mapa/UEDPIE_0_Minimal_Default.Minimal_Default up for play (max tick rate 0) at 2020.10.28-14.51.05
[2020.10.28-17.51.05:145][468]LogWorld: Bringing up level for play took: 0.015452
[2020.10.28-17.51.05:162][468]PIE: Información Tiempo de inicio de la reproducción en el editor para  /Game/Niveles/Mapa/UEDPIE_0_Minimal_Default 0,59
[2020.10.28-17.51.05:165][468]LogBlueprintUserMessages: Late PlayInEditor Detection: Level '/Game/Niveles/Mapa/Minimal_Default.Minimal_Default:PersistentLevel' has LevelScriptBlueprint '/Game/Niveles/Mapa/Minimal_Default.Minimal_Default:PersistentLevel.Minimal_Default' with GeneratedClass '/Game/Niveles/Mapa/Minimal_Default.Minimal_Default_C' with ClassGeneratedBy '/Game/Niveles/Mapa/Minimal_Default.Minimal_Default:PersistentLevel.Minimal_Default'
[2020.10.28-17.51.10:578][568]LogBlueprintUserMessages: Early EndPlayMap Detection: Level '/Game/Niveles/Mapa/Minimal_Default.Minimal_Default:PersistentLevel' has LevelScriptBlueprint '/Game/Niveles/Mapa/Minimal_Default.Minimal_Default:PersistentLevel.Minimal_Default' with GeneratedClass '/Game/Niveles/Mapa/Minimal_Default.Minimal_Default_C' with ClassGeneratedBy '/Game/Niveles/Mapa/Minimal_Default.Minimal_Default:PersistentLevel.Minimal_Default'
[2020.10.28-17.51.10:790][568]LogBlueprintUserMessages: Late EndPlayMap Detection: Level '/Game/Niveles/Mapa/Minimal_Default.Minimal_Default:PersistentLevel' has LevelScriptBlueprint '/Game/Niveles/Mapa/Minimal_Default.Minimal_Default:PersistentLevel.Minimal_Default' with GeneratedClass '/Game/Niveles/Mapa/Minimal_Default.Minimal_Default_C' with ClassGeneratedBy '/Game/Niveles/Mapa/Minimal_Default.Minimal_Default:PersistentLevel.Minimal_Default'
[2020.10.28-17.51.11:816][589]LogEditorViewport: Clicking on Actor (LMB): StaticMeshActor (Floor_400x400)
[2020.10.28-17.51.18:951][777]LogEditorViewport: Clicking on Actor (LMB): StaticMeshActor (Floor)
[2020.10.28-17.51.20:887][836]LogEditorViewport: Clicking on Actor (LMB): StaticMeshActor (Wall_400x312)
[2020.10.28-17.51.21:785][860]LogEditorViewport: Clicking on Actor (LMB): StaticMeshActor (Wall_400x302)
[2020.10.28-17.51.27:774][ 31]LogEditorViewport: Clicking on Actor (LMB): StaticMeshActor (Floor)
[2020.10.28-17.51.32:254][140]LogTemp: Repeting last play command: New Editor Window (PIE)
[2020.10.28-17.51.32:272][140]LogBlueprintUserMessages: Early PlayInEditor Detection: Level '/Game/Niveles/Mapa/Minimal_Default.Minimal_Default:PersistentLevel' has LevelScriptBlueprint '/Game/Niveles/Mapa/Minimal_Default.Minimal_Default:PersistentLevel.Minimal_Default' with GeneratedClass '/Game/Niveles/Mapa/Minimal_Default.Minimal_Default_C' with ClassGeneratedBy '/Game/Niveles/Mapa/Minimal_Default.Minimal_Default:PersistentLevel.Minimal_Default'
[2020.10.28-17.51.32:272][140]LogPlayLevel: PlayLevel: No blueprints needed recompiling
[2020.10.28-17.51.32:273][140]PIE: New page: Sesión PIE (reproducción en el editor): Minimal_Default (28/10/2020 11:51:32)
[2020.10.28-17.51.32:274][140]LogPlayLevel: Creating play world package: /Game/Niveles/Mapa/UEDPIE_0_Minimal_Default
[2020.10.28-17.51.32:322][140]LogPlayLevel: PIE: StaticDuplicateObject took: (0.048149s)
[2020.10.28-17.51.32:325][140]LogAIModule: Creating AISystem for world Minimal_Default
[2020.10.28-17.51.32:326][140]LogPlayLevel: PIE: World Init took: (0.004107s)
[2020.10.28-17.51.32:327][140]LogPlayLevel: PIE: Created PIE world by copying editor world from /Game/Niveles/Mapa/Minimal_Default.Minimal_Default to /Game/Niveles/Mapa/UEDPIE_0_Minimal_Default.Minimal_Default (0.053445s)
[2020.10.28-17.51.32:374][140]LogInit: XAudio2 using 'Altavoces (Realtek(R) Audio)' : 2 channels at 48 kHz using 32 bits per sample (channel mask 0x3)
[2020.10.28-17.51.32:417][140]LogInit: FAudioDevice initialized.
[2020.10.28-17.51.32:535][140]LogLoad: Game class is 'GameModeBase'
[2020.10.28-17.51.32:550][140]LogWorld: Bringing World /Game/Niveles/Mapa/UEDPIE_0_Minimal_Default.Minimal_Default up for play (max tick rate 0) at 2020.10.28-14.51.32
[2020.10.28-17.51.32:550][140]LogWorld: Bringing up level for play took: 0.012048
[2020.10.28-17.51.32:560][140]PIE: Información Tiempo de inicio de la reproducción en el editor para  /Game/Niveles/Mapa/UEDPIE_0_Minimal_Default -0,012
[2020.10.28-17.51.32:564][140]LogBlueprintUserMessages: Late PlayInEditor Detection: Level '/Game/Niveles/Mapa/Minimal_Default.Minimal_Default:PersistentLevel' has LevelScriptBlueprint '/Game/Niveles/Mapa/Minimal_Default.Minimal_Default:PersistentLevel.Minimal_Default' with GeneratedClass '/Game/Niveles/Mapa/Minimal_Default.Minimal_Default_C' with ClassGeneratedBy '/Game/Niveles/Mapa/Minimal_Default.Minimal_Default:PersistentLevel.Minimal_Default'
[2020.10.28-17.51.41:714][310]LogBlueprintUserMessages: Early EndPlayMap Detection: Level '/Game/Niveles/Mapa/Minimal_Default.Minimal_Default:PersistentLevel' has LevelScriptBlueprint '/Game/Niveles/Mapa/Minimal_Default.Minimal_Default:PersistentLevel.Minimal_Default' with GeneratedClass '/Game/Niveles/Mapa/Minimal_Default.Minimal_Default_C' with ClassGeneratedBy '/Game/Niveles/Mapa/Minimal_Default.Minimal_Default:PersistentLevel.Minimal_Default'
[2020.10.28-17.51.41:947][310]LogBlueprintUserMessages: Late EndPlayMap Detection: Level '/Game/Niveles/Mapa/Minimal_Default.Minimal_Default:PersistentLevel' has LevelScriptBlueprint '/Game/Niveles/Mapa/Minimal_Default.Minimal_Default:PersistentLevel.Minimal_Default' with GeneratedClass '/Game/Niveles/Mapa/Minimal_Default.Minimal_Default_C' with ClassGeneratedBy '/Game/Niveles/Mapa/Minimal_Default.Minimal_Default:PersistentLevel.Minimal_Default'
[2020.10.28-17.51.46:240][381]LogSavePackage: Save=657.69ms
[2020.10.28-17.51.46:240][381]LogSavePackage: Moving '../../../../GitHub/Proyecto-Laberinto-Grupo-1/ProyectoLabApps/Saved/Minimal_DefaultAD81EBB24F60B5F719B0C1A3389A13B1.tmp' to '../../../../GitHub/Proyecto-Laberinto-Grupo-1/ProyectoLabApps/Content/Niveles/Mapa/Minimal_Default.umap'
[2020.10.28-17.51.46:248][381]LogSavePackage:Display: Finished SavePackage ../../../../GitHub/Proyecto-Laberinto-Grupo-1/ProyectoLabApps/Content/Niveles/Mapa/Minimal_Default.umap
[2020.10.28-17.51.46:303][381]LogFileHelpers: Saving map 'Minimal_Default' took 1.209
