Log file open, 11/09/20 00:58:35
LogInit:Display: Running engine for game: ProyectoLabApps
LogPlatformFile: Not using cached read wrapper
LogInit:Display: RandInit(1005810955) SRandInit(1005810955).
LogTaskGraph: Started task graph with 5 named threads and 8 total threads with 1 sets of task threads.
LogStats: Stats thread started at 0.121539
LogInit: Using libcurl 7.47.1
LogInit:  - built for x86_64-pc-win32
LogInit:  - supports SSL with OpenSSL/1.0.2g
LogInit:  - supports HTTP deflate (compression) using libz 1.2.8
LogInit:  - other features:
LogInit:      CURL_VERSION_SSL
LogInit:      CURL_VERSION_LIBZ
LogInit:      CURL_VERSION_IPV6
LogInit:      CURL_VERSION_ASYNCHDNS
LogInit:      CURL_VERSION_LARGEFILE
LogInit:      CURL_VERSION_IDN
LogInit:  CurlRequestOptions (configurable via config and command line):
LogInit:  - bVerifyPeer = false  - Libcurl will NOT verify peer certificate
LogInit:  - bUseHttpProxy = false  - Libcurl will NOT use HTTP proxy
LogInit:  - bDontReuseConnections = false  - Libcurl will reuse connections
LogInit:  - CertBundlePath = nullptr  - Libcurl will use whatever was configured at build time.
LogInit: Build: ++UE4+Release-4.15-CL-3450819
LogInit: Engine Version: 4.15.3-3450819+++UE4+Release-4.15
LogInit: Compatible Engine Version: 4.15.0-3299760+++UE4+Release-4.15
LogInit: Net CL: 3299760
LogDevObjectVersion: Number of dev versions registered: 14
LogDevObjectVersion:   Dev-Blueprints (B0D832E4-1F89-4F0D-ACCF-7EB736FD4AA2): 8
LogDevObjectVersion:   Dev-Build (E1C64328-A22C-4D53-A36C-8E866417BD8C): 0
LogDevObjectVersion:   Dev-Core (375EC13C-06E4-48FB-B500-84F0262A717E): 2
LogDevObjectVersion:   Dev-Editor (E4B068ED-F494-42E9-A231-DA0B2E46BB41): 14
LogDevObjectVersion:   Dev-Framework (CFFC743F-43B0-4480-9391-14DF171D2073): 22
LogDevObjectVersion:   Dev-Mobile (B02B49B5-BB20-44E9-A304-32B752E40360): 0
LogDevObjectVersion:   Dev-Networking (A4E4105C-59A1-49B5-A7C5-40C4547EDFEE): 0
LogDevObjectVersion:   Dev-Online (39C831C9-5AE6-47DC-9A44-9C173E1C8E7C): 0
LogDevObjectVersion:   Dev-Physics (78F01B33-EBEA-4F98-B9B4-84EACCB95AA2): 0
LogDevObjectVersion:   Dev-Platform (6631380F-2D4D-43E0-8009-CF276956A95A): 0
LogDevObjectVersion:   Dev-Rendering (12F88B9F-8875-4AFC-A67C-D90C383ABD29): 12
LogDevObjectVersion:   Dev-Sequencer (7B5AE74C-D270-4C10-A958-57980B212A5A): 3
LogDevObjectVersion:   Dev-VR (D7296918-1DD6-4BDD-9DE2-64A83CC13884): 0
LogDevObjectVersion:   Dev-LoadTimes (C2A15278-BFE7-4AFE-6C17-90FF531DF755): 1
LogInit: Compiled (64-bit): May 21 2017 11:02:34
LogInit: Compiled with Visual C++: 19.00.23026.00
LogInit: Build Configuration: Development
LogInit: Branch Name: ++UE4+Release-4.15
LogInit: Command line: 
LogInit: Base directory: C:/Users/Diez 04-07-19/Documents/UE_4.15/Engine/Binaries/Win64/
LogInit: Installed Engine Build: 1
LogInit: Presizing for max 8388607 objects, including 0 objects not considered by GC, pre-allocating 0 bytes for permanent pool.
LogInit: Object subsystem initialized
[2020.11.09-03.58.36:840][  0]LogInit: Selected Device Profile: [Windows]
[2020.11.09-03.58.36:840][  0]LogInit: Applying CVar settings loaded from the selected device profile: [Windows]
[2020.11.09-03.58.36:851][  0]LogInit: Computer: DESKTOP-1MG3D4T
[2020.11.09-03.58.36:851][  0]LogInit: User: baldo
[2020.11.09-03.58.36:851][  0]LogInit: CPU Page size=65536, Cores=4
[2020.11.09-03.58.36:851][  0]LogInit: High frequency timer resolution =10.000000 MHz
[2020.11.09-03.58.36:851][  0]LogMemory: Memory total: Physical=5.9GB (6GB approx)
[2020.11.09-03.58.36:851][  0]LogMemory: Platform Memory Stats for Windows
[2020.11.09-03.58.36:851][  0]LogMemory: Process Physical Memory: 263.63 MB used, 263.63 MB peak
[2020.11.09-03.58.36:851][  0]LogMemory: Process Virtual Memory: 262.49 MB used, 262.49 MB peak
[2020.11.09-03.58.36:851][  0]LogMemory: Physical Memory: 5296.22 MB used,  795.23 MB free, 6091.46 MB total
[2020.11.09-03.58.36:851][  0]LogMemory: Virtual Memory: 4750.39 MB used,  795.23 MB free, 134217728.00 MB total
[2020.11.09-03.58.37:074][  0]LogTextLocalizationManager: No specific translations for ('es-AR') exist, so ('es') translations will be used.
[2020.11.09-03.58.43:148][  0]LogD3D11RHI: D3D11 adapters:
[2020.11.09-03.58.43:497][  0]LogD3D11RHI:    0. 'AMD Radeon(TM) RX Vega 11 Graphics' (Feature Level 11_0)
[2020.11.09-03.58.43:497][  0]LogD3D11RHI:       2033/0/3045 MB DedicatedVideo/DedicatedSystem/SharedSystem, Outputs:1, VendorId:0x1002
[2020.11.09-03.58.43:598][  0]LogD3D11RHI:    1. 'Microsoft Basic Render Driver' (Feature Level 11_0)
[2020.11.09-03.58.43:598][  0]LogD3D11RHI:       0/0/3045 MB DedicatedVideo/DedicatedSystem/SharedSystem, Outputs:0, VendorId:0x1414
[2020.11.09-03.58.43:598][  0]LogD3D11RHI: Chosen D3D11 Adapter: 0
[2020.11.09-03.58.43:607][  0]LogD3D11RHI: Creating new Direct3DDevice
[2020.11.09-03.58.43:607][  0]LogD3D11RHI:     GPU DeviceId: 0x15dd (for the marketing name, search the web for "GPU Device Id")
[2020.11.09-03.58.43:607][  0]LogWindows: EnumDisplayDevices:
[2020.11.09-03.58.43:608][  0]LogWindows:    0. 'AMD Radeon(TM) RX Vega 11 Graphics' (P:1 D:1)
[2020.11.09-03.58.43:608][  0]LogWindows:    1. 'AMD Radeon(TM) RX Vega 11 Graphics' (P:0 D:0)
[2020.11.09-03.58.43:608][  0]LogWindows:    2. 'AMD Radeon(TM) RX Vega 11 Graphics' (P:0 D:0)
[2020.11.09-03.58.43:608][  0]LogWindows:    3. 'AMD Radeon(TM) RX Vega 11 Graphics' (P:0 D:0)
[2020.11.09-03.58.43:608][  0]LogWindows: DebugString: GetVideoDriverDetailsInvalid PrimaryIsNotTheChoosenAdapter GetVideoDriverDetailsInvalid PrimaryIsNotTheChoosenAdapter GetVideoDriverDetailsInvalid PrimaryIsNotTheChoosenAdapter GetVideoDriverDetailsInvalid PrimaryIsNotTheChoosenAdapter FoundDriverCount:0 
[2020.11.09-03.58.43:609][  0]LogD3D11RHI:     Adapter Name: AMD Radeon(TM) RX Vega 11 Graphics
[2020.11.09-03.58.43:609][  0]LogD3D11RHI:   Driver Version: Unknown (internal:Unknown, unified:Unknown)
[2020.11.09-03.58.43:609][  0]LogD3D11RHI:      Driver Date: Unknown
[2020.11.09-03.58.43:609][  0]LogRHI: Texture pool is 1361 MB (70% of 1945 MB)
[2020.11.09-03.58.43:847][  0]LogD3D11RHI: Async texture creation enabled
[2020.11.09-03.58.43:859][  0]LogD3D11RHI: GPU Timing Frequency: 25.000000 (Debug: 2 1)
[2020.11.09-03.58.43:861][  0]LogShaderCompilers: Guid format shader working directory is -8 characters bigger than the processId version (../../../../GitHub/Proyecto-Laberinto-Grupo-1/ProyectoLabApps/Intermediate/Shaders/WorkingDirectory/13100/).
[2020.11.09-03.58.43:861][  0]LogShaderCompilers: Cleaned the shader compiler working directory 'C:/Users/Diez 04-07-19/AppData/Local/Temp/UnrealShaderWorkingDir/512988D74DB40C16C513FDAF9A215196/'.
[2020.11.09-03.58.43:861][  0]LogShaderCompilers:Display: Using Local Shader Compiler.
[2020.11.09-03.58.51:658][  0]LogTemp:Display: Loaded TP AllDesktopTargetPlatform
[2020.11.09-03.58.51:796][  0]LogTemp:Display: Loaded TP MacClientTargetPlatform
[2020.11.09-03.58.51:957][  0]LogTemp:Display: Loaded TP MacNoEditorTargetPlatform
[2020.11.09-03.58.52:091][  0]LogTemp:Display: Loaded TP MacServerTargetPlatform
[2020.11.09-03.58.52:257][  0]LogTemp:Display: Loaded TP MacTargetPlatform
[2020.11.09-03.58.52:398][  0]LogTemp:Display: Loaded TP WindowsClientTargetPlatform
[2020.11.09-03.58.52:535][  0]LogTemp:Display: Loaded TP WindowsNoEditorTargetPlatform
[2020.11.09-03.58.52:666][  0]LogTemp:Display: Loaded TP WindowsServerTargetPlatform
[2020.11.09-03.58.52:788][  0]LogTemp:Display: Loaded TP WindowsTargetPlatform
[2020.11.09-03.58.52:936][  0]LogTemp:Display: Loaded TP AndroidTargetPlatform
[2020.11.09-03.58.53:077][  0]LogTemp:Display: Loaded TP Android_ASTCTargetPlatform
[2020.11.09-03.58.53:210][  0]LogTemp:Display: Loaded TP Android_ATCTargetPlatform
[2020.11.09-03.58.53:348][  0]LogTemp:Display: Loaded TP Android_DXTTargetPlatform
[2020.11.09-03.58.53:482][  0]LogTemp:Display: Loaded TP Android_ETC1TargetPlatform
[2020.11.09-03.58.53:621][  0]LogTemp:Display: Loaded TP Android_ETC2TargetPlatform
[2020.11.09-03.58.53:886][  0]LogTemp:Display: Loaded TP Android_MultiTargetPlatform
[2020.11.09-03.58.53:887][  0]LogTemp:Display: Loaded TP Android_PVRTCTargetPlatform
[2020.11.09-03.58.54:002][  0]LogTemp:Display: Loaded TP HTML5TargetPlatform
[2020.11.09-03.58.54:267][  0]LogTemp:Display: Loaded TP IOSTargetPlatform
[2020.11.09-03.58.54:355][  0]LogTemp:Display: Loaded TP TVOSTargetPlatform
[2020.11.09-03.58.54:493][  0]LogTemp:Display: Loaded TP LinuxClientTargetPlatform
[2020.11.09-03.58.54:623][  0]LogTemp:Display: Loaded TP LinuxNoEditorTargetPlatform
[2020.11.09-03.58.54:774][  0]LogTemp:Display: Loaded TP LinuxServerTargetPlatform
[2020.11.09-03.58.54:923][  0]LogTemp:Display: Loaded TP LinuxTargetPlatform
[2020.11.09-03.58.54:923][  0]LogTargetPlatformManager:Display: Building Assets For Windows
[2020.11.09-03.58.56:710][  0]LogDerivedDataCache:Display: Max Cache Size: 512 MB
[2020.11.09-03.58.56:766][  0]LogDerivedDataCache: Loaded boot cache 0.06s 50MB C:/Users/Diez 04-07-19/AppData/Local/UnrealEngine/4.15/DerivedDataCache/Boot.ddc.
[2020.11.09-03.58.56:766][  0]LogDerivedDataCache:Display: Loaded Boot cache: C:/Users/Diez 04-07-19/AppData/Local/UnrealEngine/4.15/DerivedDataCache/Boot.ddc
[2020.11.09-03.58.56:766][  0]LogDerivedDataCache: FDerivedDataBackendGraph:  Pak pak cache file ../../../../GitHub/Proyecto-Laberinto-Grupo-1/ProyectoLabApps/DerivedDataCache/DDC.ddp not found, will not use a pak cache.
[2020.11.09-03.58.56:766][  0]LogDerivedDataCache: Unable to find inner node Pak for hierarchical cache Hierarchy.
[2020.11.09-03.58.56:767][  0]LogDerivedDataCache: FDerivedDataBackendGraph:  CompressedPak pak cache file ../../../../GitHub/Proyecto-Laberinto-Grupo-1/ProyectoLabApps/DerivedDataCache/Compressed.ddp not found, will not use a pak cache.
[2020.11.09-03.58.56:767][  0]LogDerivedDataCache: Unable to find inner node CompressedPak for hierarchical cache Hierarchy.
[2020.11.09-03.58.56:793][  0]LogDerivedDataCache:Display: Pak cache opened for reading ../../../Engine/DerivedDataCache/Compressed.ddp.
[2020.11.09-03.58.56:807][  0]LogDerivedDataCache: Using Local data cache path C:/Users/Diez 04-07-19/AppData/Local/UnrealEngine/Common/DerivedDataCache: Writable
[2020.11.09-03.58.56:818][  0]LogSlate: Using Freetype 2.6.0
[2020.11.09-03.58.56:852][  0]LogSlate: SlateFontCache - WITH_FREETYPE: 1, WITH_HARFBUZZ: 1
[2020.11.09-03.58.56:852][  0]LogSlate: SlateFontCache - WITH_FREETYPE: 1, WITH_HARFBUZZ: 1
[2020.11.09-03.59.00:350][  0]LogInit: Selected Device Profile: [Windows]
[2020.11.09-03.59.00:354][  0]LogContentStreaming: Texture pool size is 0.00 MB
[2020.11.09-03.59.00:786][  0]LogMeshUtilities: Using QuadricMeshReduction for automatic static mesh reduction
[2020.11.09-03.59.00:938][  0]LogSimplygon: Simplygon DLL not present - disabling.
[2020.11.09-03.59.01:082][  0]LogMeshUtilities: Using SimplygonSwarm for distributed automatic mesh merging
[2020.11.09-03.59.01:082][  0]LogMeshUtilities: No automatic skeletal mesh reduction module available
[2020.11.09-03.59.01:082][  0]LogMeshUtilities: No automatic mesh merging module available
[2020.11.09-03.59.02:277][  0]LogNetVersion: GetLocalNetworkVersion: CL: 3299760, ProjectName: proyectolabapps, ProjectVersion: , EngineNetworkVersion: 2, GameNetworkVersion: 0, NetworkChecksum: 1791571130
[2020.11.09-03.59.02:410][  0]LogAssetRegistry: FAssetRegistry took 0.0312 seconds to start up
[2020.11.09-03.59.02:573][  0]LogPackageLocalizationCache: Processed 3 localized package path(s) for 2 prioritized culture(s) in 0.092394 seconds
[2020.11.09-03.59.02:581][  0]LogUObjectArray: 32493 objects as part of root set at end of initial load.
[2020.11.09-03.59.02:581][  0]LogUObjectAllocator: 7077032 out of 0 bytes used by permanent object pool.
[2020.11.09-03.59.02:581][  0]LogUObjectArray: CloseDisregardForGC: 0/0 objects in disregard for GC pool
[2020.11.09-03.59.02:795][  0]LogInit: WinSock: version 1.1 (2.2), MaxSocks=32767, MaxUdp=65467
[2020.11.09-03.59.44:562][  0]LogTcpMessaging: Initializing TcpMessaging bridge
[2020.11.09-03.59.44:689][  0]LogUdpMessaging: Initializing bridge on interface 0.0.0.0:0 to multicast group 230.0.0.1:6666.
[2020.11.09-03.59.46:895][  0]LogMaterial: Uniform references updated for custom material expression Custom.
[2020.11.09-03.59.48:109][  0]SourceControl: Información El control de código fuente está desactivado
[2020.11.09-03.59.48:111][  0]SourceControl: Información El control de código fuente está desactivado
[2020.11.09-03.59.48:292][  0]SourceControl: Información El control de código fuente está desactivado
[2020.11.09-03.59.48:477][  0]SourceControl: Información El control de código fuente está desactivado
[2020.11.09-03.59.53:133][  0]LogEngine: Initializing Engine...
[2020.11.09-03.59.53:134][  0]LogHMD: Failed to initialize OpenVR with code 110
[2020.11.09-03.59.53:280][  0]LogStats: UGameplayTagsManager::ConstructGameplayTagTree: Construct from data asset -  0.000 s
[2020.11.09-03.59.53:280][  0]LogStats: UGameplayTagsManager::ConstructGameplayTagTree: GameplayTagTreeChangedEvent.Broadcast -  0.000 s
[2020.11.09-03.59.53:799][  0]LogAIModule: Creating AISystem for world Untitled
[2020.11.09-03.59.53:838][  0]LogInit: XAudio2 using 'Altavoces (Realtek(R) Audio)' : 2 channels at 48 kHz using 32 bits per sample (channel mask 0x3)
[2020.11.09-03.59.53:909][  0]LogInit: FAudioDevice initialized.
[2020.11.09-03.59.53:953][  0]LogDerivedDataCache: Saved boot cache 0.04s 50MB C:/Users/Diez 04-07-19/AppData/Local/UnrealEngine/4.15/DerivedDataCache/Boot.ddc.
[2020.11.09-03.59.53:960][  0]LogInit: Texture streaming: Enabled
[2020.11.09-03.59.54:264][  0]LogEngineSessionManager: EngineSessionManager initialized
[2020.11.09-03.59.54:546][  0]LogInit: Transaction tracking system initialized
[2020.11.09-03.59.55:555][  0]BlueprintLog: New page: Cargar el editor
[2020.11.09-03.59.58:212][  0]LocalizationService: Información Localization service is disabled
[2020.11.09-04.00.00:148][  0]LogConsoleResponse:Display: 
[2020.11.09-04.00.00:475][  0]LogCook:Display: Max memory allowance for cook 16384mb min free memory 0mb
[2020.11.09-04.00.00:475][  0]LogCook:Display: Mobile HDR setting 1
[2020.11.09-04.00.00:908][  0]LogFileCache: Scanning file cache for directory 'C:/Users/Diez 04-07-19/Documents/GitHub/Proyecto-Laberinto-Grupo-1/ProyectoLabApps/Content/' took 0.05s
[2020.11.09-04.00.03:725][  0]SourceControl: Información El control de código fuente está desactivado
[2020.11.09-04.00.03:725][  0]Cmd: MAP LOAD FILE="../../../../GitHub/Proyecto-Laberinto-Grupo-1/ProyectoLabApps/Content/StarterContent/Maps/Minimal_Default.umap" TEMPLATE=0 SHOWPROGRESS=1 FEATURELEVEL=3
[2020.11.09-04.00.03:725][  0]LogEditorServer:Warning: Can't find file '../../../../GitHub/Proyecto-Laberinto-Grupo-1/ProyectoLabApps/Content/StarterContent/Maps/Minimal_Default.umap'
[2020.11.09-04.00.03:738][  0]Cmd: MAP CHECKDEP NOCLEARLOG
[2020.11.09-04.00.03:820][  0]MapCheck: Información Map check complete: 0 Error(s), 0 Warning(s), took 81,787ms to complete.
[2020.11.09-04.00.03:820][  0]LogFileHelpers: Loading map 'Minimal_Default' took 0.095
[2020.11.09-04.00.05:635][  0]LogCollectionManager: Loaded 0 collections in 0.002156 seconds
[2020.11.09-04.00.05:945][  0]LogFileCache: Scanning file cache for directory 'C:/Users/Diez 04-07-19/Documents/GitHub/Proyecto-Laberinto-Grupo-1/ProyectoLabApps/Saved/Collections/' took 0.09s
[2020.11.09-04.00.05:945][  0]LogFileCache: Scanning file cache for directory 'C:/Users/Diez 04-07-19/Documents/GitHub/Proyecto-Laberinto-Grupo-1/ProyectoLabApps/Content/Developers/baldo/Collections/' took 0.02s
[2020.11.09-04.00.05:945][  0]LogFileCache: Scanning file cache for directory 'C:/Users/Diez 04-07-19/Documents/GitHub/Proyecto-Laberinto-Grupo-1/ProyectoLabApps/Content/Collections/' took 0.02s
[2020.11.09-04.00.05:945][  0]LogCollectionManager: Rebuilt the GUID cache for 0 collections in 0.000007 seconds
[2020.11.09-04.00.06:008][  0]LogContentBrowser: Native class hierarchy populated in 0.0611 seconds. Added 2246 classes and 455 folders.
[2020.11.09-04.00.06:293][  0]LogContentBrowser: Native class hierarchy updated for 'WidgetCarousel' in 0.0029 seconds. Added 0 classes and 0 folders.
[2020.11.09-04.00.09:353][  0]LogContentBrowser: Native class hierarchy updated for 'AddContentDialog' in 0.0029 seconds. Added 0 classes and 0 folders.
[2020.11.09-04.00.09:565][  0]LogContentBrowser: Native class hierarchy updated for 'SceneOutliner' in 0.0026 seconds. Added 1 classes and 2 folders.
[2020.11.09-04.00.10:132][  0]LogCrashTracker: Crashtracker disabled due to settings.
[2020.11.09-04.00.10:312][  0]LogUObjectGlobals:Warning: Error al encontrar el objeto 'Class Ninguno.'
[2020.11.09-04.00.10:481][  0]LogContentBrowser: Native class hierarchy updated for 'HierarchicalLODOutliner' in 0.0031 seconds. Added 1 classes and 2 folders.
[2020.11.09-04.00.10:481][  0]LogLoad: (Engine Initialization) Total time: 97.59 seconds
[2020.11.09-04.00.10:481][  0]LogLoad: (Engine Initialization) Total Blueprint compile time: 0.20 seconds
[2020.11.09-04.00.10:482][  0]LogExternalProfiler: No external profilers were discovered.  External profiling features will not be available.
[2020.11.09-04.00.10:492][  0]LogOcInput: OculusInput pre-init called
[2020.11.09-04.00.10:568][  0]LogContentStreaming: Texture pool size now 1000 MB
[2020.11.09-04.00.10:569][  0]LogSlate: Took 0.000384 seconds to synchronously load lazily loaded font '../../../Engine/Content/Slate/Fonts/Roboto-Regular.ttf' (155K)
[2020.11.09-04.00.10:575][  0]LogSlate: Took 0.000407 seconds to synchronously load lazily loaded font '../../../Engine/Content/Slate/Fonts/Roboto-Bold.ttf' (160K)
[2020.11.09-04.00.10:623][  0]LogSlate: Took 0.020840 seconds to synchronously load lazily loaded font '../../../Engine/Content/Editor/Slate/Fonts/FontAwesome.ttf' (139K)
[2020.11.09-04.00.11:604][  0]LogRenderer: Reallocating scene render targets to support 1208x604 NumSamples 1 (Frame:2).
[2020.11.09-04.00.12:538][  3]LogAssetRegistry: Asset discovery search completed in 70.1592 seconds
[2020.11.09-04.00.12:538][  3]LogCollectionManager: Rebuilt the object cache for 0 collections in 0.000029 seconds (found 0 objects)
[2020.11.09-04.00.12:538][  3]LogCollectionManager: Fixed up redirectors for 0 collections in 0.000050 seconds (updated 0 objects)
[2020.11.09-04.00.16:277][432]LogSlate: Took 0.013999 seconds to synchronously load lazily loaded font '../../../Engine/Content/Slate/Fonts/Roboto-Light.ttf' (159K)
[2020.11.09-04.00.51:392][501]LogSlate: Took 0.000324 seconds to synchronously load lazily loaded font '../../../Engine/Content/Slate/Fonts/Roboto-Light.ttf' (159K)
[2020.11.09-04.00.52:484][501]LogSlate: Took 0.000291 seconds to synchronously load lazily loaded font '../../../Engine/Content/Slate/Fonts/Roboto-Regular.ttf' (155K)
[2020.11.09-04.00.52:737][501]LogAIModule: Creating AISystem for world mainmenu
[2020.11.09-04.00.53:016][501]Cmd: MAP LOAD FILE="../../../../GitHub/Proyecto-Laberinto-Grupo-1/ProyectoLabApps/Content/Niveles/mainmenu.umap" TEMPLATE=0 SHOWPROGRESS=1 FEATURELEVEL=3
[2020.11.09-04.00.53:016][501]LightingResults: New page: Diseñar la iluminación
[2020.11.09-04.00.53:140][501]LogContentBrowser: Native class hierarchy updated for 'StatsViewer' in 0.0035 seconds. Added 5 classes and 0 folders.
[2020.11.09-04.00.53:142][501]LoadErrors: New page: Cargando mapa: mainmenu.umap
[2020.11.09-04.00.53:143][501]MapCheck: New page: Revisión del mapa
[2020.11.09-04.00.53:143][501]LightingResults: New page: Diseñar la iluminación
[2020.11.09-04.00.53:215][501]LogEditorServer: Finished looking for orphan Actors (0.000 secs)
[2020.11.09-04.00.53:253][501]Cmd: MAP CHECKDEP NOCLEARLOG
[2020.11.09-04.00.53:344][501]MapCheck: Información Map check complete: 0 Error(s), 0 Warning(s), took 91,232ms to complete.
[2020.11.09-04.00.53:344][501]LogFileHelpers: Loading map 'mainmenu' took 0.336
[2020.11.09-04.00.58:864][101]LogBlueprint:Warning: [Compiler BOTÓNBLUEPRINT] Aviso Acción desconocida de referencias del evento InputAction 'Interacción' para  InputAction Interacción
[2020.11.09-04.00.58:868][101]LogBlueprint:Warning: [Compiler BOTÓNBLUEPRINT] Aviso [0145,97] Compile of BOTÓNBLUEPRINT successful, but with 1 Warning(s) [in 35 ms] (/Game/ObjetosBlender/ActorMeshes/BOTON/BOTÓNBLUEPRINT.BOTÓNBLUEPRINT)
[2020.11.09-04.00.58:868][101]LogBlueprint:Warning: [Compiler BOTÓNBLUEPRINT] Aviso [0145,97] Compile of BOTÓNBLUEPRINT successful, but with 2 Warning(s) [in 0 ms] (/Game/ObjetosBlender/ActorMeshes/BOTON/BOTÓNBLUEPRINT.BOTÓNBLUEPRINT)
[2020.11.09-04.00.58:868][101]LogBlueprint:Warning: [Compiler BOTÓNBLUEPRINT] Aviso [0145,97] Compile of BOTÓNBLUEPRINT successful, but with 3 Warning(s) [in 0 ms] (/Game/ObjetosBlender/ActorMeshes/BOTON/BOTÓNBLUEPRINT.BOTÓNBLUEPRINT)
[2020.11.09-04.00.58:879][101]LogBlueprint:Warning: [Compiler BOTÓNBLUEPRINT] Aviso Acción desconocida de referencias del evento InputAction 'Interacción' para  InputAction Interacción
[2020.11.09-04.00.58:883][101]LogBlueprint:Warning: [Compiler BOTÓNBLUEPRINT] Aviso [0145,99] Compile of BOTÓNBLUEPRINT successful, but with 1 Warning(s) [in 12 ms] (/Game/ObjetosBlender/ActorMeshes/BOTON/BOTÓNBLUEPRINT.BOTÓNBLUEPRINT)
[2020.11.09-04.00.58:883][101]LogBlueprint:Warning: [Compiler BOTÓNBLUEPRINT] Aviso [0145,99] Compile of BOTÓNBLUEPRINT successful, but with 2 Warning(s) [in 0 ms] (/Game/ObjetosBlender/ActorMeshes/BOTON/BOTÓNBLUEPRINT.BOTÓNBLUEPRINT)
[2020.11.09-04.00.58:883][101]LogBlueprint:Warning: [Compiler BOTÓNBLUEPRINT] Aviso [0145,99] Compile of BOTÓNBLUEPRINT successful, but with 3 Warning(s) [in 0 ms] (/Game/ObjetosBlender/ActorMeshes/BOTON/BOTÓNBLUEPRINT.BOTÓNBLUEPRINT)
[2020.11.09-04.01.04:551][101]LogAIModule: Creating AISystem for world Minimal_Default
[2020.11.09-04.01.04:873][101]Cmd: MAP LOAD FILE="../../../../GitHub/Proyecto-Laberinto-Grupo-1/ProyectoLabApps/Content/Niveles/Mapa/Minimal_Default.umap" TEMPLATE=0 SHOWPROGRESS=1 FEATURELEVEL=3
[2020.11.09-04.01.04:873][101]LightingResults: New page: Diseñar la iluminación
[2020.11.09-04.01.04:875][101]LoadErrors: New page: Cargando mapa: Minimal_Default.umap
[2020.11.09-04.01.04:885][101]MapCheck: New page: Revisión del mapa
[2020.11.09-04.01.04:885][101]LightingResults: New page: Diseñar la iluminación
[2020.11.09-04.01.05:154][101]LogEditorServer: Finished looking for orphan Actors (0.000 secs)
[2020.11.09-04.01.05:210][101]Cmd: MAP CHECKDEP NOCLEARLOG
[2020.11.09-04.01.05:325][101]MapCheck: Información Map check complete: 0 Error(s), 0 Warning(s), took 114,647ms to complete.
[2020.11.09-04.01.05:325][101]LogFileHelpers: Loading map 'Minimal_Default' took 0.452
[2020.11.09-04.01.11:377][672]LogEditorViewport: Clicking on Actor (context menu): StaticMeshActor (Floor)
[2020.11.09-04.03.06:621][761]LogContentBrowser: Native class hierarchy updated for 'BlueprintGraph' in 0.0036 seconds. Added 112 classes and 0 folders.
[2020.11.09-04.03.10:751][761]LogSlate: Took 0.000347 seconds to synchronously load lazily loaded font '../../../Engine/Content/Slate/Fonts/Roboto-Light.ttf' (159K)
[2020.11.09-04.03.10:780][761]LogSlate: Took 0.028700 seconds to synchronously load lazily loaded font '../../../Engine/Content/Editor/Slate/Fonts/Roboto-BoldCondensed.ttf' (158K)
[2020.11.09-04.11.01:225][589]LogFileHelpers: Editor autosave (incl. sublevels) for '/Game/Niveles/Mapa/Minimal_Default' took 1.433
[2020.11.09-04.11.01:463][589]OBJ SavePackage: Generating thumbnails for [0] asset(s) in package [/Game/FINAL_WIDGET] ([1] browsable assets)...
[2020.11.09-04.11.01:463][589]OBJ SavePackage: Finished generating thumbnails for package [/Game/FINAL_WIDGET]
[2020.11.09-04.11.01:463][589]Cmd: OBJ SAVEPACKAGE PACKAGE="/Game/FINAL_WIDGET" FILE="../../../../GitHub/Proyecto-Laberinto-Grupo-1/ProyectoLabApps/Saved/Autosaves/Game/FINAL_WIDGET_Auto1.uasset" SILENT=false AUTOSAVING=true
[2020.11.09-04.11.01:895][589]LogSavePackage: Save=356.67ms
[2020.11.09-04.11.01:895][589]LogSavePackage: Moving '../../../../GitHub/Proyecto-Laberinto-Grupo-1/ProyectoLabApps/Saved/FINAL_WIDGET_Auto133E6739D45FC8B2A3B7B31AE8B944297.tmp' to '../../../../GitHub/Proyecto-Laberinto-Grupo-1/ProyectoLabApps/Saved/Autosaves/Game/FINAL_WIDGET_Auto1.uasset'
[2020.11.09-04.11.01:969][589]LogSavePackage:Display: Finished SavePackage ../../../../GitHub/Proyecto-Laberinto-Grupo-1/ProyectoLabApps/Saved/Autosaves/Game/FINAL_WIDGET_Auto1.uasset
[2020.11.09-04.11.01:969][589]LogFileHelpers: Auto-saving content packages took 0.676
[2020.11.09-04.42.17:002][126]LogSlate: Took 0.136762 seconds to synchronously load lazily loaded font '../../../Engine/Content/Editor/Slate/Fonts/Roboto-Italic.ttf' (157K)
[2020.11.09-04.46.51:581][ 95]LogEditorViewport: Clicking Background
[2020.11.09-04.46.52:148][116]LogEditorViewport: Clicking on Actor (LMB): TriggerBox (TriggerBoxPUERTA)
[2020.11.09-04.46.52:840][156]LogEditorViewport: Clicking on Actor (LMB): TriggerBox (TriggerBoxPUERTA)
[2020.11.09-04.47.04:140][986]LogRenderer: Reallocating scene render targets to support 1288x604 NumSamples 1 (Frame:5154).
[2020.11.09-04.47.14:760][762]LogEditorViewport: Clicking on Actor (context menu): StaticMeshActor (Floor5)
[2020.11.09-04.47.15:968][825]LogEditorViewport: Clicking on Actor (LMB): StaticMeshActor (Wall_400x364)
[2020.11.09-04.47.25:092][351]LogEditorViewport: Clicking on Actor (LMB): StaticMeshActor (Floor5)
[2020.11.09-04.47.25:834][373]LogEditorViewport: Clicking on Actor (LMB): StaticMeshActor (Floor5)
[2020.11.09-04.47.30:364][539]Cmd: TRANSACTION UNDO
[2020.11.09-04.47.30:364][539]LogEditorTransaction: Undo Scale Actors
[2020.11.09-04.47.34:844][693]Cmd: TRANSACTION UNDO
[2020.11.09-04.47.34:844][693]LogEditorTransaction: Undo Scale Actors
[2020.11.09-04.47.36:581][752]LogEditorViewport: Clicking on Actor (LMB): StaticMeshActor (Floor5)
[2020.11.09-04.47.37:090][769]LogEditorViewport: Clicking on Actor (LMB): TriggerBox (TriggerBoxPUERTA)
[2020.11.09-04.48.36:789][138]LogSavePackage: Save=1219.04ms
[2020.11.09-04.48.36:789][138]LogSavePackage: Moving '../../../../GitHub/Proyecto-Laberinto-Grupo-1/ProyectoLabApps/Saved/Minimal_Default_Auto2C372B355485BF0D8CEFD24B7DB6B1049.tmp' to '../../../../GitHub/Proyecto-Laberinto-Grupo-1/ProyectoLabApps/Saved/Autosaves/Game/Niveles/Mapa/Minimal_Default_Auto2.umap'
[2020.11.09-04.48.36:793][138]LogSavePackage:Display: Finished SavePackage ../../../../GitHub/Proyecto-Laberinto-Grupo-1/ProyectoLabApps/Saved/Autosaves/Game/Niveles/Mapa/Minimal_Default_Auto2.umap
[2020.11.09-04.48.36:813][138]LogFileHelpers: Editor autosave (incl. sublevels) for '/Game/Niveles/Mapa/Minimal_Default' took 1.429
[2020.11.09-04.48.36:813][138]LogFileHelpers: Editor autosave (incl. sublevels) for all levels took 1.429
[2020.11.09-04.52.11:818][  1]LogEditorViewport: Clicking on Actor (LMB): StaticMeshActor (Wall_400x338)
[2020.11.09-04.52.36:603][813]LogActorFactory: Actor Factory created Cube
[2020.11.09-04.52.37:470][839]LogActorFactory: Actor Factory created Cube
[2020.11.09-04.53.13:606][ 67]Cmd: EDIT COPY
[2020.11.09-04.53.14:237][ 90]Cmd: EDIT PASTE
[2020.11.09-04.53.18:644][392]Cmd: TRANSACTION UNDO
[2020.11.09-04.53.18:644][392]LogEditorTransaction: Undo Scale Actors
[2020.11.09-04.53.47:181][935]LogEditorViewport: Clicking on Actor (LMB): StaticMeshActor (Cube)
[2020.11.09-04.53.47:664][950]LogEditorViewport: Clicking on Actor (LMB): StaticMeshActor (Cube2)
[2020.11.09-04.53.48:197][982]LogEditorViewport: Clicking on Actor (LMB): StaticMeshActor (Cube)
[2020.11.09-04.53.49:036][ 41]Cmd: DELETE
[2020.11.09-04.53.49:036][ 41]Cmd: ACTOR DELETE
[2020.11.09-04.53.49:051][ 41]LogEditorActor: Deleted Actor: StaticMeshActor
[2020.11.09-04.53.49:072][ 41]LogEditorActor: Deleted 1 Actors (0.036 secs)
[2020.11.09-04.53.49:464][ 76]LogEditorViewport: Clicking on Actor (LMB): StaticMeshActor (Cube2)
[2020.11.09-04.53.50:305][135]Cmd: EDIT COPY
[2020.11.09-04.53.51:024][190]Cmd: EDIT PASTE
[2020.11.09-04.54.08:143][253]LogActorFactory: Actor Factory created Cube
[2020.11.09-04.54.09:226][295]LogActorFactory: Actor Factory created Cube
[2020.11.09-04.54.54:923][879]LogEditorViewport: Clicking on Actor (LMB): StaticMeshActor (Cube)
[2020.11.09-04.57.31:050][952]LogActorFactory: Actor Factory created Cube
[2020.11.09-04.57.33:296][ 55]LogActorFactory: Actor Factory created Cube
[2020.11.09-04.57.58:822][699]LogActorFactory: Actor Factory created Cube
[2020.11.09-04.58.01:938][826]LogActorFactory: Actor Factory created Cube
[2020.11.09-04.59.06:422][696]LogEditorViewport: Clicking Background
[2020.11.09-04.59.07:455][751]LogEditorViewport: Clicking on Actor (LMB): StaticMeshActor (Cube5)
[2020.11.09-04.59.41:621][789]LogSavePackage: Save=579.76ms
[2020.11.09-04.59.41:621][789]LogSavePackage: Moving '../../../../GitHub/Proyecto-Laberinto-Grupo-1/ProyectoLabApps/Saved/Minimal_DefaultEA94E39F4D3EC0A522EDA4ABCB300181.tmp' to '../../../../GitHub/Proyecto-Laberinto-Grupo-1/ProyectoLabApps/Content/Niveles/Mapa/Minimal_Default.umap'
[2020.11.09-04.59.41:627][789]LogSavePackage:Display: Finished SavePackage ../../../../GitHub/Proyecto-Laberinto-Grupo-1/ProyectoLabApps/Content/Niveles/Mapa/Minimal_Default.umap
[2020.11.09-04.59.41:689][789]LogFileHelpers: Saving map 'Minimal_Default' took 1.739
