Log file open, 10/23/20 18:00:01
LogInit:Display: Running engine for game: ProyectoLabApps
LogPlatformFile: Not using cached read wrapper
LogInit:Display: RandInit(-1339761369) SRandInit(-1339761369).
LogTaskGraph: Started task graph with 5 named threads and 6 total threads with 1 sets of task threads.
LogStats: Stats thread started at 0.277506
LogInit: Using libcurl 7.47.1
LogInit:  - built for x86_64-pc-win32
LogInit:  - supports SSL with OpenSSL/1.0.2g
LogInit:  - supports HTTP deflate (compression) using libz 1.2.8
LogInit:  - other features:
LogInit:      CURL_VERSION_SSL
LogInit:      CURL_VERSION_LIBZ
LogInit:      CURL_VERSION_IPV6
LogInit:      CURL_VERSION_ASYNCHDNS
LogInit:      CURL_VERSION_LARGEFILE
LogInit:      CURL_VERSION_IDN
LogInit:  CurlRequestOptions (configurable via config and command line):
LogInit:  - bVerifyPeer = false  - Libcurl will NOT verify peer certificate
LogInit:  - bUseHttpProxy = false  - Libcurl will NOT use HTTP proxy
LogInit:  - bDontReuseConnections = false  - Libcurl will reuse connections
LogInit:  - CertBundlePath = nullptr  - Libcurl will use whatever was configured at build time.
LogInit: Build: ++UE4+Release-4.15-CL-3450819
LogInit: Engine Version: 4.15.3-3450819+++UE4+Release-4.15
LogInit: Compatible Engine Version: 4.15.0-3299760+++UE4+Release-4.15
LogInit: Net CL: 3299760
LogDevObjectVersion: Number of dev versions registered: 14
LogDevObjectVersion:   Dev-Blueprints (B0D832E4-1F89-4F0D-ACCF-7EB736FD4AA2): 8
LogDevObjectVersion:   Dev-Build (E1C64328-A22C-4D53-A36C-8E866417BD8C): 0
LogDevObjectVersion:   Dev-Core (375EC13C-06E4-48FB-B500-84F0262A717E): 2
LogDevObjectVersion:   Dev-Editor (E4B068ED-F494-42E9-A231-DA0B2E46BB41): 14
LogDevObjectVersion:   Dev-Framework (CFFC743F-43B0-4480-9391-14DF171D2073): 22
LogDevObjectVersion:   Dev-Mobile (B02B49B5-BB20-44E9-A304-32B752E40360): 0
LogDevObjectVersion:   Dev-Networking (A4E4105C-59A1-49B5-A7C5-40C4547EDFEE): 0
LogDevObjectVersion:   Dev-Online (39C831C9-5AE6-47DC-9A44-9C173E1C8E7C): 0
LogDevObjectVersion:   Dev-Physics (78F01B33-EBEA-4F98-B9B4-84EACCB95AA2): 0
LogDevObjectVersion:   Dev-Platform (6631380F-2D4D-43E0-8009-CF276956A95A): 0
LogDevObjectVersion:   Dev-Rendering (12F88B9F-8875-4AFC-A67C-D90C383ABD29): 12
LogDevObjectVersion:   Dev-Sequencer (7B5AE74C-D270-4C10-A958-57980B212A5A): 3
LogDevObjectVersion:   Dev-VR (D7296918-1DD6-4BDD-9DE2-64A83CC13884): 0
LogDevObjectVersion:   Dev-LoadTimes (C2A15278-BFE7-4AFE-6C17-90FF531DF755): 1
LogInit: Compiled (64-bit): May 21 2017 11:02:34
LogInit: Compiled with Visual C++: 19.00.23026.00
LogInit: Build Configuration: Development
LogInit: Branch Name: ++UE4+Release-4.15
LogInit: Command line: 
LogInit: Base directory: C:/Program Files/Epic Games/UE_4.15/Engine/Binaries/Win64/
LogInit: Installed Engine Build: 1
LogInit: Presizing for max 8388607 objects, including 0 objects not considered by GC, pre-allocating 0 bytes for permanent pool.
LogInit: Object subsystem initialized
[2020.10.23-21.00.03:116][  0]LogInit: Selected Device Profile: [Windows]
[2020.10.23-21.00.03:116][  0]LogInit: Applying CVar settings loaded from the selected device profile: [Windows]
[2020.10.23-21.00.03:207][  0]LogInit: Computer: BELU
[2020.10.23-21.00.03:207][  0]LogInit: User: Beluu
[2020.10.23-21.00.03:207][  0]LogInit: CPU Page size=65536, Cores=2
[2020.10.23-21.00.03:207][  0]LogInit: High frequency timer resolution =2.143579 MHz
[2020.10.23-21.00.03:208][  0]LogMemory: Memory total: Physical=3.7GB (4GB approx)
[2020.10.23-21.00.03:208][  0]LogMemory: Platform Memory Stats for Windows
[2020.10.23-21.00.03:208][  0]LogMemory: Process Physical Memory: 263.28 MB used, 263.28 MB peak
[2020.10.23-21.00.03:208][  0]LogMemory: Process Virtual Memory: 262.09 MB used, 262.09 MB peak
[2020.10.23-21.00.03:208][  0]LogMemory: Physical Memory: 3017.04 MB used,  778.49 MB free, 3795.54 MB total
[2020.10.23-21.00.03:208][  0]LogMemory: Virtual Memory: 636.50 MB used,  778.49 MB free, 134217728.00 MB total
[2020.10.23-21.00.04:583][  0]LogTextLocalizationManager: No specific translations for ('es-AR') exist, so ('es') translations will be used.
[2020.10.23-21.00.07:927][  0]LogD3D11RHI: D3D11 adapters:
[2020.10.23-21.00.08:284][  0]LogD3D11RHI:    0. 'Intel(R) HD Graphics' (Feature Level 10_0)
[2020.10.23-21.00.08:284][  0]LogD3D11RHI:       32/0/1632 MB DedicatedVideo/DedicatedSystem/SharedSystem, Outputs:1, VendorId:0x8086
[2020.10.23-21.00.08:438][  0]LogD3D11RHI:    1. 'Microsoft Basic Render Driver' (Feature Level 11_0)
[2020.10.23-21.00.08:438][  0]LogD3D11RHI:       0/0/1897 MB DedicatedVideo/DedicatedSystem/SharedSystem, Outputs:0, VendorId:0x1414
[2020.10.23-21.00.08:438][  0]LogD3D11RHI: Chosen D3D11 Adapter: 0
[2020.10.23-21.00.08:458][  0]LogD3D11RHI: Creating new Direct3DDevice
[2020.10.23-21.00.08:458][  0]LogD3D11RHI:     GPU DeviceId: 0x106 (for the marketing name, search the web for "GPU Device Id")
[2020.10.23-21.00.08:458][  0]LogWindows: EnumDisplayDevices:
[2020.10.23-21.00.08:459][  0]LogWindows:    0. 'Intel(R) HD Graphics' (P:1 D:1)
[2020.10.23-21.00.08:460][  0]LogWindows:    1. 'Intel(R) HD Graphics' (P:0 D:0)
[2020.10.23-21.00.08:460][  0]LogWindows: DebugString: FoundDriverCount:2 
[2020.10.23-21.00.08:460][  0]LogD3D11RHI:     Adapter Name: Intel(R) HD Graphics
[2020.10.23-21.00.08:460][  0]LogD3D11RHI:   Driver Version: 9.17.10.4459 (internal:9.17.10.4459, unified:9.17.10.4459)
[2020.10.23-21.00.08:460][  0]LogD3D11RHI:      Driver Date: 5-19-2016
[2020.10.23-21.00.08:460][  0]LogRHI: Texture pool is 593 MB (70% of 848 MB)
[2020.10.23-21.00.08:472][  0]LogD3D11RHI: Async texture creation enabled
[2020.10.23-21.00.08:530][  0]LogD3D11RHI: GPU Timing Frequency: 12.500000 (Debug: 2 1)
[2020.10.23-21.00.08:537][  0]LogShaderCompilers: Guid format shader working directory is -43 characters bigger than the processId version (../../../../../../Users/Belci_3/Documents/GitHub/Proyecto-Laberinto-Grupo-1/ProyectoLabApps/Intermediate/Shaders/WorkingDirectory/7668/).
[2020.10.23-21.00.08:538][  0]LogShaderCompilers: Cleaned the shader compiler working directory 'C:/Users/Belci_3/AppData/Local/Temp/UnrealShaderWorkingDir/FEE2BF8449DB12FD5FE7FC9F079D5C2A/'.
[2020.10.23-21.00.08:538][  0]LogShaderCompilers:Display: Using Local Shader Compiler.
[2020.10.23-21.00.15:430][  0]LogTemp:Display: Loaded TP AllDesktopTargetPlatform
[2020.10.23-21.00.15:757][  0]LogTemp:Display: Loaded TP MacClientTargetPlatform
[2020.10.23-21.00.15:978][  0]LogTemp:Display: Loaded TP MacNoEditorTargetPlatform
[2020.10.23-21.00.16:206][  0]LogTemp:Display: Loaded TP MacServerTargetPlatform
[2020.10.23-21.00.16:456][  0]LogTemp:Display: Loaded TP MacTargetPlatform
[2020.10.23-21.00.16:715][  0]LogTemp:Display: Loaded TP WindowsClientTargetPlatform
[2020.10.23-21.00.16:988][  0]LogTemp:Display: Loaded TP WindowsNoEditorTargetPlatform
[2020.10.23-21.00.17:283][  0]LogTemp:Display: Loaded TP WindowsServerTargetPlatform
[2020.10.23-21.00.17:552][  0]LogTemp:Display: Loaded TP WindowsTargetPlatform
[2020.10.23-21.00.17:821][  0]LogTemp:Display: Loaded TP AndroidTargetPlatform
[2020.10.23-21.00.18:030][  0]LogTemp:Display: Loaded TP Android_ASTCTargetPlatform
[2020.10.23-21.00.18:263][  0]LogTemp:Display: Loaded TP Android_ATCTargetPlatform
[2020.10.23-21.00.18:451][  0]LogTemp:Display: Loaded TP Android_DXTTargetPlatform
[2020.10.23-21.00.18:726][  0]LogTemp:Display: Loaded TP Android_ETC1TargetPlatform
[2020.10.23-21.00.18:943][  0]LogTemp:Display: Loaded TP Android_ETC2TargetPlatform
[2020.10.23-21.00.19:384][  0]LogTemp:Display: Loaded TP Android_MultiTargetPlatform
[2020.10.23-21.00.19:385][  0]LogTemp:Display: Loaded TP Android_PVRTCTargetPlatform
[2020.10.23-21.00.19:598][  0]LogTemp:Display: Loaded TP HTML5TargetPlatform
[2020.10.23-21.00.19:886][  0]LogTemp:Display: Loaded TP IOSTargetPlatform
[2020.10.23-21.00.20:050][  0]LogTemp:Display: Loaded TP TVOSTargetPlatform
[2020.10.23-21.00.20:362][  0]LogTemp:Display: Loaded TP LinuxClientTargetPlatform
[2020.10.23-21.00.20:587][  0]LogTemp:Display: Loaded TP LinuxNoEditorTargetPlatform
[2020.10.23-21.00.20:840][  0]LogTemp:Display: Loaded TP LinuxServerTargetPlatform
[2020.10.23-21.00.21:052][  0]LogTemp:Display: Loaded TP LinuxTargetPlatform
[2020.10.23-21.00.21:052][  0]LogTargetPlatformManager:Display: Building Assets For Windows
[2020.10.23-21.00.23:412][  0]LogDerivedDataCache:Display: Max Cache Size: 512 MB
[2020.10.23-21.00.23:564][  0]LogDerivedDataCache: Loaded boot cache 0.15s 48MB C:/Users/Belci_3/AppData/Local/UnrealEngine/4.15/DerivedDataCache/Boot.ddc.
[2020.10.23-21.00.23:564][  0]LogDerivedDataCache:Display: Loaded Boot cache: C:/Users/Belci_3/AppData/Local/UnrealEngine/4.15/DerivedDataCache/Boot.ddc
[2020.10.23-21.00.23:564][  0]LogDerivedDataCache: FDerivedDataBackendGraph:  Pak pak cache file ../../../../../../Users/Belci_3/Documents/GitHub/Proyecto-Laberinto-Grupo-1/ProyectoLabApps/DerivedDataCache/DDC.ddp not found, will not use a pak cache.
[2020.10.23-21.00.23:564][  0]LogDerivedDataCache: Unable to find inner node Pak for hierarchical cache Hierarchy.
[2020.10.23-21.00.23:564][  0]LogDerivedDataCache: FDerivedDataBackendGraph:  CompressedPak pak cache file ../../../../../../Users/Belci_3/Documents/GitHub/Proyecto-Laberinto-Grupo-1/ProyectoLabApps/DerivedDataCache/Compressed.ddp not found, will not use a pak cache.
[2020.10.23-21.00.23:564][  0]LogDerivedDataCache: Unable to find inner node CompressedPak for hierarchical cache Hierarchy.
[2020.10.23-21.00.23:612][  0]LogDerivedDataCache:Display: Pak cache opened for reading ../../../Engine/DerivedDataCache/Compressed.ddp.
[2020.10.23-21.00.23:634][  0]LogDerivedDataCache: Using Local data cache path C:/Users/Belci_3/AppData/Local/UnrealEngine/Common/DerivedDataCache: Writable
[2020.10.23-21.00.23:649][  0]LogSlate: Using Freetype 2.6.0
[2020.10.23-21.00.23:706][  0]LogSlate: SlateFontCache - WITH_FREETYPE: 1, WITH_HARFBUZZ: 1
[2020.10.23-21.00.23:706][  0]LogSlate: SlateFontCache - WITH_FREETYPE: 1, WITH_HARFBUZZ: 1
[2020.10.23-21.00.24:757][  0]LogInit: Selected Device Profile: [Windows]
[2020.10.23-21.00.24:764][  0]LogContentStreaming: Texture pool size is 0.00 MB
[2020.10.23-21.00.25:810][  0]LogMeshUtilities: Using QuadricMeshReduction for automatic static mesh reduction
[2020.10.23-21.00.26:201][  0]LogSimplygon: Simplygon DLL not present - disabling.
[2020.10.23-21.00.26:497][  0]LogMeshUtilities: Using SimplygonSwarm for distributed automatic mesh merging
[2020.10.23-21.00.26:497][  0]LogMeshUtilities: No automatic skeletal mesh reduction module available
[2020.10.23-21.00.26:497][  0]LogMeshUtilities: No automatic mesh merging module available
[2020.10.23-21.00.28:508][  0]LogNetVersion: GetLocalNetworkVersion: CL: 3299760, ProjectName: proyectolabapps, ProjectVersion: , EngineNetworkVersion: 2, GameNetworkVersion: 0, NetworkChecksum: 1791571130
[2020.10.23-21.00.28:720][  0]LogAssetRegistry: FAssetRegistry took 0.0439 seconds to start up
[2020.10.23-21.00.29:039][  0]LogPackageLocalizationCache: Processed 3 localized package path(s) for 2 prioritized culture(s) in 0.215301 seconds
[2020.10.23-21.00.29:048][  0]LogUObjectArray: 32493 objects as part of root set at end of initial load.
[2020.10.23-21.00.29:048][  0]LogUObjectAllocator: 7077024 out of 0 bytes used by permanent object pool.
[2020.10.23-21.00.29:048][  0]LogUObjectArray: CloseDisregardForGC: 0/0 objects in disregard for GC pool
[2020.10.23-21.00.29:354][  0]LogInit: WinSock: version 1.1 (2.2), MaxSocks=32767, MaxUdp=65467
[2020.10.23-21.00.38:820][  0]LogTcpMessaging: Initializing TcpMessaging bridge
[2020.10.23-21.00.39:110][  0]LogUdpMessaging: Initializing bridge on interface 0.0.0.0:0 to multicast group 230.0.0.1:6666.
[2020.10.23-21.00.45:117][  0]LogMaterial: Uniform references updated for custom material expression Custom.
[2020.10.23-21.00.48:645][  0]SourceControl: Información El control de código fuente está desactivado
[2020.10.23-21.00.48:649][  0]SourceControl: Información El control de código fuente está desactivado
[2020.10.23-21.00.49:106][  0]SourceControl: Información El control de código fuente está desactivado
[2020.10.23-21.00.49:574][  0]SourceControl: Información El control de código fuente está desactivado
[2020.10.23-21.01.01:645][  0]LogEngine: Initializing Engine...
[2020.10.23-21.01.01:646][  0]LogHMD: Failed to initialize OpenVR with code 110
[2020.10.23-21.01.01:864][  0]LogStats: UGameplayTagsManager::ConstructGameplayTagTree: Construct from data asset -  0.000 s
[2020.10.23-21.01.01:864][  0]LogStats: UGameplayTagsManager::ConstructGameplayTagTree: GameplayTagTreeChangedEvent.Broadcast -  0.000 s
[2020.10.23-21.01.02:430][  0]LogAIModule: Creating AISystem for world Untitled
[2020.10.23-21.01.02:458][  0]LogInit: XAudio2 using 'Speakers (Realtek High Definition Audio)' : 2 channels at 48 kHz using 32 bits per sample (channel mask 0x3)
[2020.10.23-21.01.02:526][  0]LogInit: FAudioDevice initialized.
[2020.10.23-21.01.02:949][  0]LogDerivedDataCache: Saved boot cache 0.42s 48MB C:/Users/Belci_3/AppData/Local/UnrealEngine/4.15/DerivedDataCache/Boot.ddc.
[2020.10.23-21.01.02:964][  0]LogInit: Texture streaming: Enabled
[2020.10.23-21.01.03:252][  0]LogEngineSessionManager: EngineSessionManager initialized
[2020.10.23-21.01.04:064][  0]LogInit: Transaction tracking system initialized
[2020.10.23-21.01.08:664][  0]BlueprintLog: New page: Cargar el editor
[2020.10.23-21.01.19:538][  0]LocalizationService: Información Localization service is disabled
[2020.10.23-21.01.27:431][  0]LogConsoleResponse:Display: 
[2020.10.23-21.01.28:225][  0]LogCook:Display: Max memory allowance for cook 16384mb min free memory 0mb
[2020.10.23-21.01.28:226][  0]LogCook:Display: Mobile HDR setting 1
[2020.10.23-21.01.29:510][  0]LogFileCache: Scanning file cache for directory 'C:/Users/Belci_3/Documents/GitHub/Proyecto-Laberinto-Grupo-1/ProyectoLabApps/Content/' took 0.03s
[2020.10.23-21.01.38:715][  0]SourceControl: Información El control de código fuente está desactivado
[2020.10.23-21.01.38:716][  0]Cmd: MAP LOAD FILE="../../../../../../Users/Belci_3/Documents/GitHub/Proyecto-Laberinto-Grupo-1/ProyectoLabApps/Content/StarterContent/Maps/Minimal_Default.umap" TEMPLATE=0 SHOWPROGRESS=1 FEATURELEVEL=2
[2020.10.23-21.01.38:736][  0]LightingResults: New page: Diseñar la iluminación
[2020.10.23-21.01.39:270][  0]MapCheck: New page: Revisión del mapa
[2020.10.23-21.01.39:270][  0]LightingResults: New page: Diseñar la iluminación
[2020.10.23-21.01.46:289][  0]LogAIModule: Creating AISystem for world Minimal_Default
[2020.10.23-21.01.46:414][  0]LogEditorServer: Finished looking for orphan Actors (0.000 secs)
[2020.10.23-21.01.46:416][  0]Cmd: MAP CHECKDEP NOCLEARLOG
[2020.10.23-21.01.46:885][  0]MapCheck: Información Map check complete: 0 Error(s), 0 Warning(s), took 468,908ms to complete.
[2020.10.23-21.01.47:138][  0]LogFileHelpers: Loading map 'Minimal_Default' took 8.422
[2020.10.23-21.01.48:222][  0]LogCollectionManager: Loaded 0 collections in 0.006871 seconds
[2020.10.23-21.01.48:653][  0]LogFileCache: Scanning file cache for directory 'C:/Users/Belci_3/Documents/GitHub/Proyecto-Laberinto-Grupo-1/ProyectoLabApps/Saved/Collections/' took 0.01s
[2020.10.23-21.01.48:653][  0]LogFileCache: Scanning file cache for directory 'C:/Users/Belci_3/Documents/GitHub/Proyecto-Laberinto-Grupo-1/ProyectoLabApps/Content/Developers/Beluu/Collections/' took 0.01s
[2020.10.23-21.01.48:653][  0]LogFileCache: Scanning file cache for directory 'C:/Users/Belci_3/Documents/GitHub/Proyecto-Laberinto-Grupo-1/ProyectoLabApps/Content/Collections/' took 0.01s
[2020.10.23-21.01.48:653][  0]LogCollectionManager: Rebuilt the GUID cache for 0 collections in 0.000008 seconds
[2020.10.23-21.01.48:713][  0]LogContentBrowser: Native class hierarchy populated in 0.0585 seconds. Added 2246 classes and 455 folders.
[2020.10.23-21.01.49:352][  0]LogContentBrowser: Native class hierarchy updated for 'WidgetCarousel' in 0.0078 seconds. Added 0 classes and 0 folders.
[2020.10.23-21.01.57:603][  0]LogContentBrowser: Native class hierarchy updated for 'AddContentDialog' in 0.0089 seconds. Added 0 classes and 0 folders.
[2020.10.23-21.01.58:293][  0]LogContentBrowser: Native class hierarchy updated for 'SceneOutliner' in 0.0093 seconds. Added 1 classes and 2 folders.
[2020.10.23-21.01.58:803][  0]LogCrashTracker: Crashtracker disabled due to settings.
[2020.10.23-21.01.58:842][  0]LogUObjectGlobals:Warning: Error al encontrar el objeto 'Class Ninguno.'
[2020.10.23-21.01.59:583][  0]LogContentBrowser: Native class hierarchy updated for 'HierarchicalLODOutliner' in 0.0094 seconds. Added 1 classes and 2 folders.
[2020.10.23-21.01.59:584][  0]LogLoad: (Engine Initialization) Total time: 122.15 seconds
[2020.10.23-21.01.59:584][  0]LogLoad: (Engine Initialization) Total Blueprint compile time: 0.54 seconds
[2020.10.23-21.01.59:584][  0]LogExternalProfiler: Found external profiler: VSPerf
[2020.10.23-21.01.59:584][  0]LogExternalProfiler: Using external profiler: VSPerf
[2020.10.23-21.01.59:926][  0]LogOcInput: OculusInput pre-init called
[2020.10.23-21.01.59:960][  0]LogContentStreaming: Texture pool size now 400 MB
[2020.10.23-21.01.59:983][  0]LogSlate: Took 0.016946 seconds to synchronously load lazily loaded font '../../../Engine/Content/Slate/Fonts/Roboto-Regular.ttf' (155K)
[2020.10.23-21.02.00:029][  0]LogSlate: Took 0.017189 seconds to synchronously load lazily loaded font '../../../Engine/Content/Slate/Fonts/Roboto-Bold.ttf' (160K)
[2020.10.23-21.02.00:157][  0]LogSlate: Took 0.091502 seconds to synchronously load lazily loaded font '../../../Engine/Content/Editor/Slate/Fonts/FontAwesome.ttf' (139K)
[2020.10.23-21.02.00:966][  0]LogRenderer: Reallocating scene render targets to support 856x372 NumSamples 1 (Frame:2).
[2020.10.23-21.02.05:197][  5]LogAssetRegistry: Asset discovery search completed in 96.5216 seconds
[2020.10.23-21.02.05:197][  5]LogCollectionManager: Rebuilt the object cache for 0 collections in 0.000026 seconds (found 0 objects)
[2020.10.23-21.02.05:197][  5]LogCollectionManager: Fixed up redirectors for 0 collections in 0.000100 seconds (updated 0 objects)
[2020.10.23-21.02.08:107][  9]LogSlate: Took 0.199841 seconds to synchronously load lazily loaded font '../../../Engine/Content/Slate/Fonts/Roboto-Light.ttf' (159K)
[2020.10.23-21.23.18:320][360]LogSlate: Took 0.001542 seconds to synchronously load lazily loaded font '../../../Engine/Content/Slate/Fonts/Roboto-Light.ttf' (159K)
[2020.10.23-21.23.19:366][360]LogSlate: Took 0.003135 seconds to synchronously load lazily loaded font '../../../Engine/Content/Slate/Fonts/Roboto-Regular.ttf' (155K)
[2020.10.23-21.23.31:663][360]LogAIModule: Creating AISystem for world world
[2020.10.23-21.23.36:465][360]Cmd: MAP LOAD FILE="../../../../../../Users/Belci_3/Documents/GitHub/Proyecto-Laberinto-Grupo-1/ProyectoLabApps/Content/levels/world.umap" TEMPLATE=0 SHOWPROGRESS=1 FEATURELEVEL=2
[2020.10.23-21.23.36:466][360]LightingResults: New page: Diseñar la iluminación
[2020.10.23-21.23.36:475][360]LoadErrors: New page: Cargando mapa: world.umap
[2020.10.23-21.23.36:519][360]MapCheck: New page: Revisión del mapa
[2020.10.23-21.23.36:519][360]LightingResults: New page: Diseñar la iluminación
[2020.10.23-21.23.36:790][360]LogEditorServer: Finished looking for orphan Actors (0.000 secs)
[2020.10.23-21.23.36:894][360]Cmd: MAP CHECKDEP NOCLEARLOG
[2020.10.23-21.23.37:520][360]MapCheck: Información Map check complete: 0 Error(s), 0 Warning(s), took 624,631ms to complete.
[2020.10.23-21.23.37:522][360]LogFileHelpers: Loading map 'world' took 1.084
[2020.10.23-21.23.58:049][790]Cmd: MAP LOAD FILE="../../../../../../Users/Belci_3/Documents/GitHub/Proyecto-Laberinto-Grupo-1/ProyectoLabApps/Content/levels/world.umap" TEMPLATE=0 SHOWPROGRESS=1 FEATURELEVEL=2
[2020.10.23-21.23.58:049][790]LightingResults: New page: Diseñar la iluminación
[2020.10.23-21.23.58:057][790]LoadErrors: New page: Cargando mapa: world.umap
[2020.10.23-21.23.58:075][790]MapCheck: New page: Revisión del mapa
[2020.10.23-21.23.58:075][790]LightingResults: New page: Diseñar la iluminación
[2020.10.23-21.23.58:947][790]LogAIModule: Creating AISystem for world world
[2020.10.23-21.23.59:054][790]LogEditorServer: Finished looking for orphan Actors (0.000 secs)
[2020.10.23-21.23.59:137][790]Cmd: MAP CHECKDEP NOCLEARLOG
[2020.10.23-21.23.59:660][790]MapCheck: Información Map check complete: 0 Error(s), 0 Warning(s), took 522,645ms to complete.
[2020.10.23-21.23.59:662][790]LogFileHelpers: Loading map 'world' took 1.616
[2020.10.23-21.24.00:558][793]LogD3D11RHI: Timed out while waiting for GPU to catch up. (0.5 s)
[2020.10.23-21.24.34:809][593]LogContentBrowser: Native class hierarchy updated for 'BlueprintGraph' in 0.0165 seconds. Added 112 classes and 0 folders.
[2020.10.23-21.24.42:599][593]LogSlate: Took 0.000921 seconds to synchronously load lazily loaded font '../../../Engine/Content/Slate/Fonts/Roboto-Light.ttf' (159K)
[2020.10.23-21.24.42:680][593]LogSlate: Took 0.068823 seconds to synchronously load lazily loaded font '../../../Engine/Content/Editor/Slate/Fonts/Roboto-BoldCondensed.ttf' (158K)
[2020.10.23-21.25.02:695][846]LogSlate: Took 0.054116 seconds to synchronously load lazily loaded font '../../../Engine/Content/Editor/Slate/Fonts/Roboto-Italic.ttf' (157K)
[2020.10.23-21.26.40:480][204]BlueprintLog: New page: Compilar mainmenu
[2020.10.23-21.26.42:275][206]BlueprintLog: New page: Compilar mainmenu
[2020.10.23-21.26.43:728][213]Cmd: OBJ SAVEPACKAGE PACKAGE="/Game/UI/mainmenu" FILE="../../../../../../Users/Belci_3/Documents/GitHub/Proyecto-Laberinto-Grupo-1/ProyectoLabApps/Content/UI/mainmenu.uasset" SILENT=true
[2020.10.23-21.26.44:288][213]LogSavePackage: Save=342.17ms
[2020.10.23-21.26.44:289][213]LogSavePackage: Moving '../../../../../../Users/Belci_3/Documents/GitHub/Proyecto-Laberinto-Grupo-1/ProyectoLabApps/Saved/mainmenu324BB12E4EB69F2B9BE4F98E6059D3CF.tmp' to '../../../../../../Users/Belci_3/Documents/GitHub/Proyecto-Laberinto-Grupo-1/ProyectoLabApps/Content/UI/mainmenu.uasset'
[2020.10.23-21.26.44:350][213]LogSavePackage:Display: Finished SavePackage ../../../../../../Users/Belci_3/Documents/GitHub/Proyecto-Laberinto-Grupo-1/ProyectoLabApps/Content/UI/mainmenu.uasset
[2020.10.23-21.26.51:002][308]LogTemp: Repeting last play command: Selected Viewport
[2020.10.23-21.26.51:183][308]LogBlueprintUserMessages: Early PlayInEditor Detection: Level '/Game/levels/world.world:PersistentLevel' has LevelScriptBlueprint '/Game/levels/world.world:PersistentLevel.world' with GeneratedClass '/Game/levels/world.world_C' with ClassGeneratedBy '/Game/levels/world.world:PersistentLevel.world'
[2020.10.23-21.26.51:194][308]LogPlayLevel: PlayLevel: No blueprints needed recompiling
[2020.10.23-21.26.51:289][308]PIE: New page: Sesión PIE (reproducción en el editor): world (23/10/2020 15:26:51)
[2020.10.23-21.26.51:321][308]LogPlayLevel: Creating play world package: /Game/levels/UEDPIE_0_world
[2020.10.23-21.26.51:918][308]LogPlayLevel: PIE: StaticDuplicateObject took: (0.596566s)
[2020.10.23-21.26.51:921][308]LogAIModule: Creating AISystem for world world
[2020.10.23-21.26.51:921][308]LogPlayLevel: PIE: World Init took: (0.003148s)
[2020.10.23-21.26.51:930][308]LogPlayLevel: PIE: Created PIE world by copying editor world from /Game/levels/world.world to /Game/levels/UEDPIE_0_world.world (0.614475s)
[2020.10.23-21.26.52:140][308]LogInit: XAudio2 using 'Speakers (Realtek High Definition Audio)' : 2 channels at 48 kHz using 32 bits per sample (channel mask 0x3)
[2020.10.23-21.26.52:233][308]LogInit: FAudioDevice initialized.
[2020.10.23-21.26.52:665][308]LogUObjectGlobals:Warning: Error al encontrar el objeto 'Class /Script/ProyectoLabApps.ProyectoLabAppsGameMode'
[2020.10.23-21.26.52:681][308]LogLoad: Game class is 'GameModeBase'
[2020.10.23-21.26.52:732][308]LogWorld: Bringing World /Game/levels/UEDPIE_0_world.world up for play (max tick rate 0) at 2020.10.23-18.26.52
[2020.10.23-21.26.52:869][308]LogWorld: Bringing up level for play took: 0.176270
[2020.10.23-21.26.53:638][308]LogContentBrowser: Native class hierarchy updated for 'MovieSceneCapture' in 0.0097 seconds. Added 11 classes and 0 folders.
[2020.10.23-21.26.53:868][308]PIE: Información Tiempo de inicio de la reproducción en el editor para  /Game/levels/UEDPIE_0_world 2,858
[2020.10.23-21.26.53:870][308]LogBlueprintUserMessages: Late PlayInEditor Detection: Level '/Game/levels/world.world:PersistentLevel' has LevelScriptBlueprint '/Game/levels/world.world:PersistentLevel.world' with GeneratedClass '/Game/levels/world.world_C' with ClassGeneratedBy '/Game/levels/world.world:PersistentLevel.world'
[2020.10.23-21.27.00:631][373]LogBlueprintUserMessages: Early EndPlayMap Detection: Level '/Game/levels/world.world:PersistentLevel' has LevelScriptBlueprint '/Game/levels/world.world:PersistentLevel.world' with GeneratedClass '/Game/levels/world.world_C' with ClassGeneratedBy '/Game/levels/world.world:PersistentLevel.world'
[2020.10.23-21.27.01:065][373]LogBlueprintUserMessages: Late EndPlayMap Detection: Level '/Game/levels/world.world:PersistentLevel' has LevelScriptBlueprint '/Game/levels/world.world:PersistentLevel.world' with GeneratedClass '/Game/levels/world.world_C' with ClassGeneratedBy '/Game/levels/world.world:PersistentLevel.world'
[2020.10.23-21.27.38:335][147]LogAIModule: Creating AISystem for world Minimal_Default
[2020.10.23-21.27.39:572][147]LogSpawn:Warning: UWorld::DestroyActor: World has no context! World: Minimal_Default, Actor: /Game/levels/Minimal_Default.Minimal_Default:PersistentLevel.Minimal_Default_C_2
[2020.10.23-21.27.39:889][147]LogAIModule: Creating AISystem for world Minimal_Default
[2020.10.23-21.29.33:372][991]LogSpawn:Warning: UWorld::DestroyActor: World has no context! World: Minimal_Default, Actor: /Game/levels/Minimal_Default.Minimal_Default:PersistentLevel.Minimal_Default_C_0
[2020.10.23-21.29.34:014][991]LogSavePackage: Save=648.35ms
[2020.10.23-21.29.34:014][991]LogSavePackage: Moving '../../../../../../Users/Belci_3/Documents/GitHub/Proyecto-Laberinto-Grupo-1/ProyectoLabApps/Saved/Minimal_DefaultD91F20034B8CC560DC57F2B940B3E3B2.tmp' to '../../../../../../Users/Belci_3/Documents/GitHub/Proyecto-Laberinto-Grupo-1/ProyectoLabApps/Content/levels/Minimal_Default.umap'
[2020.10.23-21.29.34:032][991]LogSavePackage:Display: Finished SavePackage ../../../../../../Users/Belci_3/Documents/GitHub/Proyecto-Laberinto-Grupo-1/ProyectoLabApps/Content/levels/Minimal_Default.umap
[2020.10.23-21.29.34:056][991]LogFileHelpers: Saving map 'Minimal_Default' took 1.597
[2020.10.23-21.29.34:057][991]Cmd: OBJ SAVEPACKAGE PACKAGE="/Game/Personaje" FILE="../../../../../../Users/Belci_3/Documents/GitHub/Proyecto-Laberinto-Grupo-1/ProyectoLabApps/Content/Personaje.uasset" SILENT=true
[2020.10.23-21.29.34:285][991]LogSavePackage: Save=166.83ms
[2020.10.23-21.29.34:285][991]LogSavePackage: Moving '../../../../../../Users/Belci_3/Documents/GitHub/Proyecto-Laberinto-Grupo-1/ProyectoLabApps/Saved/Personaje8266D6C144E58EC25A24FB884E03FDCC.tmp' to '../../../../../../Users/Belci_3/Documents/GitHub/Proyecto-Laberinto-Grupo-1/ProyectoLabApps/Content/Personaje.uasset'
[2020.10.23-21.29.34:324][991]LogSavePackage:Display: Finished SavePackage ../../../../../../Users/Belci_3/Documents/GitHub/Proyecto-Laberinto-Grupo-1/ProyectoLabApps/Content/Personaje.uasset
[2020.10.23-21.29.34:330][991]Cmd: MAP LOAD FILE="../../../../../../Users/Belci_3/Documents/GitHub/Proyecto-Laberinto-Grupo-1/ProyectoLabApps/Content/levels/world.umap" TEMPLATE=0 SHOWPROGRESS=1 FEATURELEVEL=2
[2020.10.23-21.29.34:330][991]LightingResults: New page: Diseñar la iluminación
[2020.10.23-21.29.34:345][991]LoadErrors: New page: Cargando mapa: world.umap
[2020.10.23-21.29.34:361][991]MapCheck: New page: Revisión del mapa
[2020.10.23-21.29.34:361][991]LightingResults: New page: Diseñar la iluminación
[2020.10.23-21.29.39:352][991]LogAIModule: Creating AISystem for world world
[2020.10.23-21.29.39:472][991]LogEditorServer: Finished looking for orphan Actors (0.000 secs)
[2020.10.23-21.29.39:974][991]Cmd: MAP CHECKDEP NOCLEARLOG
[2020.10.23-21.29.40:729][991]MapCheck: Información Map check complete: 0 Error(s), 0 Warning(s), took 754,428ms to complete.
[2020.10.23-21.29.40:731][991]LogFileHelpers: Loading map 'world' took 6.404
[2020.10.23-21.29.52:598][147]LogSpawn:Warning: UWorld::DestroyActor: World has no context! World: Minimal_Default, Actor: /Game/levels/Minimal_Default.Minimal_Default:PersistentLevel.Minimal_Default_C_1
[2020.10.23-21.29.53:156][147]LogSavePackage: Save=565.54ms
[2020.10.23-21.29.53:156][147]LogSavePackage: Moving '../../../../../../Users/Belci_3/Documents/GitHub/Proyecto-Laberinto-Grupo-1/ProyectoLabApps/Saved/Minimal_Default4E51255C44F6AD75299DCABF618CDB2D.tmp' to '../../../../../../Users/Belci_3/Documents/GitHub/Proyecto-Laberinto-Grupo-1/ProyectoLabApps/Content/levels/Minimal_Default.umap'
[2020.10.23-21.29.53:171][147]LogSavePackage:Display: Finished SavePackage ../../../../../../Users/Belci_3/Documents/GitHub/Proyecto-Laberinto-Grupo-1/ProyectoLabApps/Content/levels/Minimal_Default.umap
[2020.10.23-21.29.53:182][147]LogFileHelpers: Saving map 'Minimal_Default' took 1.454
[2020.10.23-21.29.57:692][183]LogSpawn:Warning: UWorld::DestroyActor: World has no context! World: Minimal_Default, Actor: /Game/levels/Minimal_Default.Minimal_Default:PersistentLevel.Minimal_Default_C_0
[2020.10.23-21.29.58:263][183]LogSavePackage: Save=576.57ms
[2020.10.23-21.29.58:263][183]LogSavePackage: Moving '../../../../../../Users/Belci_3/Documents/GitHub/Proyecto-Laberinto-Grupo-1/ProyectoLabApps/Saved/Minimal_Default7FCC16E1441B86528381939F61B6B855.tmp' to '../../../../../../Users/Belci_3/Documents/GitHub/Proyecto-Laberinto-Grupo-1/ProyectoLabApps/Content/levels/Minimal_Default.umap'
[2020.10.23-21.29.58:284][183]LogSavePackage:Display: Finished SavePackage ../../../../../../Users/Belci_3/Documents/GitHub/Proyecto-Laberinto-Grupo-1/ProyectoLabApps/Content/levels/Minimal_Default.umap
[2020.10.23-21.29.58:296][183]LogFileHelpers: Saving map 'Minimal_Default' took 1.512
[2020.10.23-21.29.58:301][183]Cmd: MAP LOAD FILE="../../../../../../Users/Belci_3/Documents/GitHub/Proyecto-Laberinto-Grupo-1/ProyectoLabApps/Content/levels/world.umap" TEMPLATE=0 SHOWPROGRESS=1 FEATURELEVEL=2
[2020.10.23-21.29.58:302][183]LightingResults: New page: Diseñar la iluminación
[2020.10.23-21.29.58:311][183]LoadErrors: New page: Cargando mapa: world.umap
[2020.10.23-21.29.58:328][183]MapCheck: New page: Revisión del mapa
[2020.10.23-21.29.58:328][183]LightingResults: New page: Diseñar la iluminación
[2020.10.23-21.30.00:524][183]LogAIModule: Creating AISystem for world world
[2020.10.23-21.30.00:642][183]LogEditorServer: Finished looking for orphan Actors (0.000 secs)
[2020.10.23-21.30.00:793][183]Cmd: MAP CHECKDEP NOCLEARLOG
[2020.10.23-21.30.01:292][183]MapCheck: Información Map check complete: 0 Error(s), 0 Warning(s), took 499,261ms to complete.
[2020.10.23-21.30.01:294][183]LogFileHelpers: Loading map 'world' took 2.996
[2020.10.23-21.30.31:603][999]LightingResults: New page: Diseñar la iluminación
[2020.10.23-21.30.31:625][999]MapCheck: New page: Revisión del mapa
[2020.10.23-21.30.31:625][999]LightingResults: New page: Diseñar la iluminación
[2020.10.23-21.30.31:796][999]LogAIModule: Creating AISystem for world Untitled
[2020.10.23-21.30.31:884][999]LoadErrors: New page: Mapa nuevo
[2020.10.23-21.30.32:608][999]LogAIModule: Creating AISystem for world world
[2020.10.23-21.31.05:179][295]LogEditorViewport: Clicking Background
[2020.10.23-21.31.05:666][309]LogEditorViewport: Clicking Background
[2020.10.23-21.31.05:762][309]LogEditorViewport: Clicking Background
[2020.10.23-21.31.41:131][934]LogSpawn:Warning: UWorld::DestroyActor: World has no context! World: Minimal_Default, Actor: /Game/levels/Minimal_Default.Minimal_Default:PersistentLevel.Minimal_Default_C_1
[2020.10.23-21.31.41:540][934]LogSavePackage: Save=416.04ms
[2020.10.23-21.31.41:540][934]LogSavePackage: Moving '../../../../../../Users/Belci_3/Documents/GitHub/Proyecto-Laberinto-Grupo-1/ProyectoLabApps/Saved/Minimal_Default4ECA3A1340438A4FDAE7E5BC92EAF3FE.tmp' to '../../../../../../Users/Belci_3/Documents/GitHub/Proyecto-Laberinto-Grupo-1/ProyectoLabApps/Content/levels/Minimal_Default.umap'
[2020.10.23-21.31.41:551][934]LogSavePackage:Display: Finished SavePackage ../../../../../../Users/Belci_3/Documents/GitHub/Proyecto-Laberinto-Grupo-1/ProyectoLabApps/Content/levels/Minimal_Default.umap
[2020.10.23-21.31.41:562][934]LogFileHelpers: Saving map 'Minimal_Default' took 9.738
[2020.10.23-21.31.42:237][955]LogTemp: Repeting last play command: Selected Viewport
[2020.10.23-21.31.42:280][955]LogPlayLevel: PlayLevel: No blueprints needed recompiling
[2020.10.23-21.31.42:280][955]PIE: New page: Sesión PIE (reproducción en el editor): Untitled_1 (23/10/2020 15:31:42)
[2020.10.23-21.31.42:281][955]LogPlayLevel: Creating play world package: /Temp/UEDPIE_0_Untitled_1
[2020.10.23-21.31.42:283][955]LogPlayLevel: PIE: StaticDuplicateObject took: (0.002198s)
[2020.10.23-21.31.42:284][955]LogAIModule: Creating AISystem for world Untitled
[2020.10.23-21.31.42:285][955]LogPlayLevel: PIE: World Init took: (0.001910s)
[2020.10.23-21.31.42:285][955]LogPlayLevel: PIE: Created PIE world by copying editor world from /Temp/Untitled_1.Untitled to /Temp/UEDPIE_0_Untitled_1.Untitled (0.004753s)
[2020.10.23-21.31.42:361][955]LogInit: XAudio2 using 'Speakers (Realtek High Definition Audio)' : 2 channels at 48 kHz using 32 bits per sample (channel mask 0x3)
[2020.10.23-21.31.42:399][955]LogInit: FAudioDevice initialized.
[2020.10.23-21.31.42:452][955]LogLoad: Game class is 'GameModeBase'
[2020.10.23-21.31.42:454][955]LogWorld: Bringing World /Temp/UEDPIE_0_Untitled_1.Untitled up for play (max tick rate 0) at 2020.10.23-18.31.42
[2020.10.23-21.31.42:455][955]LogWorld: Bringing up level for play took: 0.001996
[2020.10.23-21.31.42:459][955]PIE: Información Tiempo de inicio de la reproducción en el editor para  /Temp/UEDPIE_0_Untitled_1 -0,55
[2020.10.23-21.37.18:464][777]LogSpawn:Warning: UWorld::DestroyActor: World has no context! World: Minimal_Default, Actor: /Game/levels/Minimal_Default.Minimal_Default:PersistentLevel.Minimal_Default_C_0
[2020.10.23-21.37.18:708][777]LogSavePackage: Save=246.98ms
[2020.10.23-21.37.18:708][777]LogSavePackage: Moving '../../../../../../Users/Belci_3/Documents/GitHub/Proyecto-Laberinto-Grupo-1/ProyectoLabApps/Saved/Minimal_Default34B279CA42676F21382679AAD2ED50D2.tmp' to '../../../../../../Users/Belci_3/Documents/GitHub/Proyecto-Laberinto-Grupo-1/ProyectoLabApps/Content/levels/Minimal_Default.umap'
[2020.10.23-21.37.18:714][777]LogSavePackage:Display: Finished SavePackage ../../../../../../Users/Belci_3/Documents/GitHub/Proyecto-Laberinto-Grupo-1/ProyectoLabApps/Content/levels/Minimal_Default.umap
[2020.10.23-21.37.18:718][777]LogFileHelpers: Saving map 'Minimal_Default' took 0.666
[2020.10.23-21.37.18:726][777]Cmd: MAP LOAD FILE="../../../../../../Users/Belci_3/Documents/GitHub/Proyecto-Laberinto-Grupo-1/ProyectoLabApps/Content/levels/Minimal_Default.umap" TEMPLATE=0 SHOWPROGRESS=1 FEATURELEVEL=2
[2020.10.23-21.37.18:726][777]LightingResults: New page: Diseñar la iluminación
[2020.10.23-21.37.18:730][777]LoadErrors: New page: Cargando mapa: Minimal_Default.umap
[2020.10.23-21.37.18:731][777]MapCheck: New page: Revisión del mapa
[2020.10.23-21.37.18:731][777]LightingResults: New page: Diseñar la iluminación
[2020.10.23-21.37.18:795][777]LogEditorServer: Finished looking for orphan Actors (0.000 secs)
[2020.10.23-21.37.18:832][777]Cmd: MAP CHECKDEP NOCLEARLOG
[2020.10.23-21.37.19:104][777]MapCheck: Información Map check complete: 0 Error(s), 0 Warning(s), took 272,739ms to complete.
[2020.10.23-21.37.19:105][777]LogFileHelpers: Loading map 'Minimal_Default' took 0.385
[2020.10.23-21.37.32:817][977]LogSavePackage: Save=596.98ms
[2020.10.23-21.37.32:818][977]LogSavePackage: Moving '../../../../../../Users/Belci_3/Documents/GitHub/Proyecto-Laberinto-Grupo-1/ProyectoLabApps/Saved/Minimal_Default6AEB48E7448B3705BF29ACB8202839EC.tmp' to '../../../../../../Users/Belci_3/Documents/GitHub/Proyecto-Laberinto-Grupo-1/ProyectoLabApps/Content/levels/Minimal_Default.umap'
[2020.10.23-21.37.32:831][977]LogSavePackage:Display: Finished SavePackage ../../../../../../Users/Belci_3/Documents/GitHub/Proyecto-Laberinto-Grupo-1/ProyectoLabApps/Content/levels/Minimal_Default.umap
[2020.10.23-21.37.32:938][977]LogFileHelpers: Saving map 'Minimal_Default' took 1.553
[2020.10.23-21.37.32:943][977]Cmd: MAP LOAD FILE="../../../../../../Users/Belci_3/Documents/GitHub/Proyecto-Laberinto-Grupo-1/ProyectoLabApps/Content/levels/Minimal_Default.umap" TEMPLATE=0 SHOWPROGRESS=1 FEATURELEVEL=2
[2020.10.23-21.37.32:944][977]LightingResults: New page: Diseñar la iluminación
[2020.10.23-21.37.32:952][977]LoadErrors: New page: Cargando mapa: Minimal_Default.umap
[2020.10.23-21.37.32:955][977]MapCheck: New page: Revisión del mapa
[2020.10.23-21.37.32:955][977]LightingResults: New page: Diseñar la iluminación
[2020.10.23-21.37.33:536][977]LogLinker:Warning: No puede encontrar el archivo '/Game/levels/Minimal_Default_BuiltData'
[2020.10.23-21.37.33:601][977]LogLinker:Warning: No puede encontrar el archivo para el activo '/Game/levels/Minimal_Default_BuiltData' mientras carga ../../../../../../Users/Belci_3/Documents/GitHub/Proyecto-Laberinto-Grupo-1/ProyectoLabApps/Content/levels/Minimal_Default.umap.
[2020.10.23-21.37.33:601][977]LoadErrors:Error: Error /Game/levels/Minimal_Default : No puede encontrar el archivo para el activo. /Game/levels/Minimal_Default_BuiltData
[2020.10.23-21.37.34:231][977]LogLinker:Warning: No puede encontrar el archivo '/Game/levels/Minimal_Default_BuiltData'
[2020.10.23-21.37.34:232][977]LogLinker:Warning: No puede encontrar el archivo para el activo '/Game/levels/Minimal_Default_BuiltData' mientras carga ../../../../../../Users/Belci_3/Documents/GitHub/Proyecto-Laberinto-Grupo-1/ProyectoLabApps/Content/levels/Minimal_Default.umap.
[2020.10.23-21.37.34:384][977]LogLinker:Warning: No puede encontrar el archivo '/Game/levels/Minimal_Default_BuiltData'
[2020.10.23-21.37.34:385][977]LogLinker:Warning: No puede encontrar el archivo para el activo '/Game/levels/Minimal_Default_BuiltData' mientras carga NULL.
[2020.10.23-21.37.34:385][977]LogLinker:Warning: No puede encontrar el archivo '/Game/levels/Minimal_Default_BuiltData'
[2020.10.23-21.37.34:386][977]LogLinker:Warning: No puede encontrar el archivo para el activo '/Game/levels/Minimal_Default_BuiltData' mientras carga NULL.
[2020.10.23-21.37.34:406][977]LogLinker:Warning: No puede encontrar el archivo '/Game/levels/Minimal_Default_BuiltData'
[2020.10.23-21.37.34:407][977]LoadErrors: Información Error al cargar /Game/levels/Minimal_Default_BuiltData.Minimal_Default_BuiltData Referenciado por PersistentLevel
[2020.10.23-21.37.34:407][977]LogLinker:Warning: No puede encontrar el archivo para el activo '/Game/levels/Minimal_Default_BuiltData' mientras carga NULL.
[2020.10.23-21.37.34:606][977]LogAIModule: Creating AISystem for world Minimal_Default
[2020.10.23-21.37.34:638][977]LogEditorServer: Finished looking for orphan Actors (0.000 secs)
[2020.10.23-21.37.34:847][977]Cmd: MAP CHECKDEP NOCLEARLOG
[2020.10.23-21.37.35:672][977]MapCheck: Información Map check complete: 0 Error(s), 0 Warning(s), took 824,898ms to complete.
[2020.10.23-21.37.35:674][977]LogFileHelpers: Loading map 'Minimal_Default' took 2.733
[2020.10.23-21.37.59:783][377]Cmd: QUIT_EDITOR
[2020.10.23-21.38.00:353][377]LogWindowsTextInputMethodSystem:Display: IME system now deactivated.
[2020.10.23-21.38.00:596][377]LogExit: Preparing to exit.
[2020.10.23-21.38.01:828][377]LogDirectoryWatcher: A directory notification for 'C:/Users/Belci_3/Documents/GitHub/Proyecto-Laberinto-Grupo-1/ProyectoLabApps/Content/' was aborted.
[2020.10.23-21.38.02:388][377]LogExit: Editor shut down
[2020.10.23-21.38.02:395][377]LogExit: Transaction tracking system shut down
[2020.10.23-21.38.07:254][377]LogObj: Freed 0b from 0 cluster array pools.
[2020.10.23-21.38.07:258][377]LogExit: Object subsystem successfully closed.
[2020.10.23-21.38.08:172][377]LogD3D11RHI: Shutdown
[2020.10.23-21.38.08:193][377]LogD3D11RHI: CleanupD3DDevice
[2020.10.23-21.38.09:084][377]LogD3D11RHI: ~FD3D11DynamicRHI
[2020.10.23-21.38.11:652][377]LogModuleManager: Shutting down and abandoning module MovieSceneCapture (508)
[2020.10.23-21.38.11:671][377]LogModuleManager: Shutting down and abandoning module SequencerWidgets (506)
[2020.10.23-21.38.11:671][377]LogModuleManager: Shutting down and abandoning module BlueprintGraph (504)
[2020.10.23-21.38.11:671][377]LogModuleManager: Shutting down and abandoning module BlueprintProfiler (502)
[2020.10.23-21.38.11:747][377]LogModuleManager: Shutting down and abandoning module HierarchicalLODOutliner (500)
[2020.10.23-21.38.11:772][377]LogModuleManager: Shutting down and abandoning module CrashTracker (498)
[2020.10.23-21.38.11:772][377]LogModuleManager: Shutting down and abandoning module SceneOutliner (496)
[2020.10.23-21.38.11:772][377]LogModuleManager: Shutting down and abandoning module AddContentDialog (494)
[2020.10.23-21.38.11:789][377]LogDirectoryWatcher: A directory notification for 'C:/Program Files/Epic Games/UE_4.15/FeaturePacks/' was aborted.
[2020.10.23-21.38.11:855][377]LogModuleManager: Shutting down and abandoning module WidgetCarousel (493)
[2020.10.23-21.38.11:855][377]LogModuleManager: Shutting down and abandoning module EditorWidgets (490)
[2020.10.23-21.38.11:855][377]LogModuleManager: Shutting down and abandoning module CollectionManager (488)
[2020.10.23-21.38.11:892][377]LogDirectoryWatcher: A directory notification for 'C:/Users/Belci_3/Documents/GitHub/Proyecto-Laberinto-Grupo-1/ProyectoLabApps/Content/Collections/' was aborted.
[2020.10.23-21.38.11:893][377]LogDirectoryWatcher: A directory notification for 'C:/Users/Belci_3/Documents/GitHub/Proyecto-Laberinto-Grupo-1/ProyectoLabApps/Content/Developers/Beluu/Collections/' was aborted.
[2020.10.23-21.38.11:893][377]LogDirectoryWatcher: A directory notification for 'C:/Users/Belci_3/Documents/GitHub/Proyecto-Laberinto-Grupo-1/ProyectoLabApps/Saved/Collections/' was aborted.
[2020.10.23-21.38.11:893][377]LogModuleManager: Shutting down and abandoning module StatsViewer (486)
[2020.10.23-21.38.11:937][377]LogModuleManager: Shutting down and abandoning module FoliageEdit (484)
[2020.10.23-21.38.11:946][377]LogModuleManager: Shutting down and abandoning module LandscapeEditor (482)
[2020.10.23-21.38.12:046][377]LogModuleManager: Shutting down and abandoning module SceneDepthPickerMode (480)
[2020.10.23-21.38.12:046][377]LogModuleManager: Shutting down and abandoning module ActorPickerMode (478)
[2020.10.23-21.38.12:046][377]LogModuleManager: Shutting down and abandoning module GeometryMode (476)
[2020.10.23-21.38.12:077][377]LogModuleManager: Shutting down and abandoning module TextureAlignMode (474)
[2020.10.23-21.38.12:077][377]LogModuleManager: Shutting down and abandoning module BspMode (472)
[2020.10.23-21.38.12:119][377]LogModuleManager: Shutting down and abandoning module HardwareSurvey (470)
[2020.10.23-21.38.12:182][377]LogModuleManager: Shutting down and abandoning module SequenceRecorderSections (468)
[2020.10.23-21.38.12:263][377]LogModuleManager: Shutting down and abandoning module AutomationWorker (466)
[2020.10.23-21.38.13:333][377]LogModuleManager: Shutting down and abandoning module MatineeToLevelSequence (464)
[2020.10.23-21.38.13:356][377]LogModuleManager: Shutting down and abandoning module LevelSequenceEditor (462)
[2020.10.23-21.38.15:589][377]LogModuleManager: Shutting down and abandoning module PlacementMode (461)
[2020.10.23-21.38.15:589][377]LogModuleManager: Shutting down and abandoning module WmfMediaFactory (458)
[2020.10.23-21.38.15:589][377]LogModuleManager: Shutting down and abandoning module WmfMediaEditor (456)
[2020.10.23-21.38.15:589][377]LogModuleManager: Shutting down and abandoning module MfMediaFactory (454)
[2020.10.23-21.38.15:589][377]LogModuleManager: Shutting down and abandoning module MfMediaEditor (452)
[2020.10.23-21.38.15:589][377]LogModuleManager: Shutting down and abandoning module AvfMediaFactory (450)
[2020.10.23-21.38.15:590][377]LogModuleManager: Shutting down and abandoning module AvfMediaEditor (448)
[2020.10.23-21.38.15:590][377]LogModuleManager: Shutting down and abandoning module AndroidMediaFactory (446)
[2020.10.23-21.38.15:590][377]LogModuleManager: Shutting down and abandoning module Media (445)
[2020.10.23-21.38.15:590][377]LogModuleManager: Shutting down and abandoning module AndroidMediaEditor (442)
[2020.10.23-21.38.15:590][377]LogModuleManager: Shutting down and abandoning module CharacterAI (440)
[2020.10.23-21.38.15:590][377]LogModuleManager: Shutting down and abandoning module AudioCapture (438)
[2020.10.23-21.38.15:603][377]LogModuleManager: Shutting down and abandoning module SequenceRecorder (437)
[2020.10.23-21.38.15:634][377]LogModuleManager: Shutting down and abandoning module SmartSnapping (434)
[2020.10.23-21.38.15:634][377]LogModuleManager: Shutting down and abandoning module SessionServices (432)
[2020.10.23-21.38.15:634][377]LogModuleManager: Shutting down and abandoning module ViewportSnapping (430)
[2020.10.23-21.38.15:634][377]LogModuleManager: Shutting down and abandoning module ViewportInteraction (428)
[2020.10.23-21.38.15:634][377]LogModuleManager: Shutting down and abandoning module LogVisualizer (426)
[2020.10.23-21.38.15:657][377]LogModuleManager: Shutting down and abandoning module IntroTutorials (424)
[2020.10.23-21.38.15:661][377]LogModuleManager: Shutting down and abandoning module GameProjectGeneration (423)
[2020.10.23-21.38.15:673][377]LogModuleManager: Shutting down and abandoning module EditorLiveStreaming (420)
[2020.10.23-21.38.15:673][377]LogModuleManager: Shutting down and abandoning module IOSPlatformEditor (418)
[2020.10.23-21.38.15:674][377]LogModuleManager: Shutting down and abandoning module HTML5PlatformEditor (416)
[2020.10.23-21.38.15:674][377]LogModuleManager: Shutting down and abandoning module AndroidPlatformEditor (414)
[2020.10.23-21.38.15:682][377]LogModuleManager: Shutting down and abandoning module AndroidDeviceDetection (413)
[2020.10.23-21.38.15:810][377]LogModuleManager: Shutting down and abandoning module IOSRuntimeSettings (410)
[2020.10.23-21.38.15:810][377]LogModuleManager: Shutting down and abandoning module AndroidRuntimeSettings (408)
[2020.10.23-21.38.15:810][377]LogModuleManager: Shutting down and abandoning module InputBindingEditor (406)
[2020.10.23-21.38.15:828][377]LogModuleManager: Shutting down and abandoning module NiagaraEditor (404)
[2020.10.23-21.38.16:013][377]LogModuleManager: Shutting down and abandoning module MergeActors (402)
[2020.10.23-21.38.16:056][377]LogModuleManager: Shutting down and abandoning module SizeMap (400)
[2020.10.23-21.38.16:077][377]LogModuleManager: Shutting down and abandoning module TreeMap (398)
[2020.10.23-21.38.16:084][377]LogModuleManager: Shutting down and abandoning module ReferenceViewer (396)
[2020.10.23-21.38.16:084][377]LogModuleManager: Shutting down and abandoning module LocalizationDashboard (394)
[2020.10.23-21.38.16:163][377]LogModuleManager: Shutting down and abandoning module LocalizationService (393)
[2020.10.23-21.38.16:216][377]LogModuleManager: Shutting down and abandoning module HardwareTargeting (390)
[2020.10.23-21.38.16:234][377]LogModuleManager: Shutting down and abandoning module DeviceProfileEditor (388)
[2020.10.23-21.38.16:277][377]LogModuleManager: Shutting down and abandoning module UndoHistory (386)
[2020.10.23-21.38.16:288][377]LogModuleManager: Shutting down and abandoning module UserFeedback (384)
[2020.10.23-21.38.16:288][377]LogModuleManager: Shutting down and abandoning module XmlParser (382)
[2020.10.23-21.38.16:319][377]LogModuleManager: Shutting down and abandoning module Blutility (380)
[2020.10.23-21.38.16:358][377]LogModuleManager: Shutting down and abandoning module ProjectSettingsViewer (378)
[2020.10.23-21.38.16:358][377]LogModuleManager: Shutting down and abandoning module ProjectTargetPlatformEditor (377)
[2020.10.23-21.38.16:359][377]LogModuleManager: Shutting down and abandoning module EditorSettingsViewer (374)
[2020.10.23-21.38.16:360][377]LogModuleManager: Shutting down and abandoning module SettingsEditor (372)
[2020.10.23-21.38.16:412][377]LogModuleManager: Shutting down and abandoning module ProjectLauncher (370)
[2020.10.23-21.38.16:453][377]LogModuleManager: Shutting down and abandoning module SessionFrontend (368)
[2020.10.23-21.38.16:484][377]LogModuleManager: Shutting down and abandoning module ProfilerClient (366)
[2020.10.23-21.38.16:521][377]LogModuleManager: Shutting down and abandoning module DeviceManager (364)
[2020.10.23-21.38.16:577][377]LogModuleManager: Shutting down and abandoning module TargetDeviceServices (363)
[2020.10.23-21.38.16:654][377]LogModuleManager: Shutting down and abandoning module AutomationController (360)
[2020.10.23-21.38.16:684][377]LogModuleManager: Shutting down and abandoning module AutomationWindow (358)
[2020.10.23-21.38.16:750][377]LogModuleManager: Shutting down and abandoning module Layers (356)
[2020.10.23-21.38.16:856][377]LogModuleManager: Shutting down and abandoning module ComponentVisualizers (354)
[2020.10.23-21.38.16:856][377]LogModuleManager: Shutting down and abandoning module DetailCustomizations (352)
[2020.10.23-21.38.16:913][377]LogModuleManager: Shutting down and abandoning module PackagesDialog (350)
[2020.10.23-21.38.16:914][377]LogModuleManager: Shutting down and abandoning module Persona (348)
[2020.10.23-21.38.16:995][377]LogModuleManager: Shutting down and abandoning module AnimGraph (347)
[2020.10.23-21.38.16:995][377]LogModuleManager: Shutting down and abandoning module Kismet (344)
[2020.10.23-21.38.17:067][377]LogModuleManager: Shutting down and abandoning module GraphEditor (342)
[2020.10.23-21.38.17:068][377]LogModuleManager: Shutting down and abandoning module ClassViewer (340)
[2020.10.23-21.38.17:086][377]LogModuleManager: Shutting down and abandoning module Toolbox (338)
[2020.10.23-21.38.17:138][377]LogModuleManager: Shutting down and abandoning module ModuleUI (336)
[2020.10.23-21.38.17:166][377]LogModuleManager: Shutting down and abandoning module MovieSceneTools (334)
[2020.10.23-21.38.17:205][377]LogModuleManager: Shutting down and abandoning module OutputLog (332)
[2020.10.23-21.38.17:217][377]LogModuleManager: Shutting down and abandoning module GammaUI (330)
[2020.10.23-21.38.17:226][377]LogModuleManager: Shutting down and abandoning module Documentation (328)
[2020.10.23-21.38.17:227][377]LogModuleManager: Shutting down and abandoning module Niagara (326)
[2020.10.23-21.38.17:227][377]LogModuleManager: Shutting down and abandoning module StreamingPauseRendering (324)
[2020.10.23-21.38.17:227][377]LogModuleManager: Shutting down and abandoning module AnalyticsET (322)
[2020.10.23-21.38.17:227][377]LogModuleManager: Shutting down and abandoning module PortalServices (320)
[2020.10.23-21.38.17:227][377]LogModuleManager: Shutting down and abandoning module PortalRpc (318)
[2020.10.23-21.38.17:227][377]LogModuleManager: Shutting down and abandoning module MessagingRpc (316)
[2020.10.23-21.38.17:227][377]LogModuleManager: Shutting down and abandoning module AIModule (314)
[2020.10.23-21.38.17:227][377]LogModuleManager: Shutting down and abandoning module GameplayDebugger (313)
[2020.10.23-21.38.17:259][377]LogModuleManager: Shutting down and abandoning module AITestSuite (311)
[2020.10.23-21.38.17:259][377]LogModuleManager: Shutting down and abandoning module ProfilerService (308)
[2020.10.23-21.38.17:512][377]LogModuleManager: Shutting down and abandoning module TaskGraph (306)
[2020.10.23-21.38.17:527][377]LogModuleManager: Shutting down and abandoning module SteamVRController (304)
[2020.10.23-21.38.17:527][377]LogModuleManager: Shutting down and abandoning module SteamVR (302)
[2020.10.23-21.38.17:527][377]LogModuleManager: Shutting down and abandoning module ProceduralMeshComponentEditor (300)
[2020.10.23-21.38.17:527][377]LogModuleManager: Shutting down and abandoning module ProceduralMeshComponent (298)
[2020.10.23-21.38.17:532][377]LogModuleManager: Shutting down and abandoning module OculusLibrary (296)
[2020.10.23-21.38.17:532][377]LogModuleManager: Shutting down and abandoning module OculusInput (294)
[2020.10.23-21.38.17:533][377]LogModuleManager: Shutting down and abandoning module MobilePatchingUtils (292)
[2020.10.23-21.38.17:533][377]LogModuleManager: Shutting down and abandoning module CustomMeshComponent (290)
[2020.10.23-21.38.17:533][377]LogModuleManager: Shutting down and abandoning module CableComponent (288)
[2020.10.23-21.38.17:536][377]LogModuleManager: Shutting down and abandoning module ArchVisCharacter (286)
[2020.10.23-21.38.17:536][377]LogModuleManager: Shutting down and abandoning module MediaPlayerEditor (282)
[2020.10.23-21.38.17:557][377]LogModuleManager: Shutting down and abandoning module HTML5Networking (280)
[2020.10.23-21.38.17:557][377]LogModuleManager: Shutting down and abandoning module AlembicImporter (278)
[2020.10.23-21.38.17:569][377]LogModuleManager: Shutting down and abandoning module AlembicLibrary (277)
[2020.10.23-21.38.17:569][377]LogModuleManager: Shutting down and abandoning module GeometryCache (276)
[2020.10.23-21.38.17:574][377]LogModuleManager: Shutting down and abandoning module GeometryCacheEd (275)
[2020.10.23-21.38.17:574][377]LogModuleManager: Shutting down and abandoning module SuperSearchEditor (270)
[2020.10.23-21.38.17:574][377]LogModuleManager: Shutting down and abandoning module SuperSearch (269)
[2020.10.23-21.38.17:574][377]LogModuleManager: Shutting down and abandoning module SpeedTreeImporter (266)
[2020.10.23-21.38.17:574][377]LogModuleManager: Shutting down and abandoning module PluginBrowser (264)
[2020.10.23-21.38.17:594][377]LogModuleManager: Shutting down and abandoning module MobileLauncherProfileWizard (262)
[2020.10.23-21.38.17:601][377]LogModuleManager: Shutting down and abandoning module EpicSurvey (260)
[2020.10.23-21.38.17:601][377]LogModuleManager: Shutting down and abandoning module VisualStudioSourceCodeAccess (258)
[2020.10.23-21.38.17:601][377]LogModuleManager: Shutting down and abandoning module DesktopPlatform (257)
[2020.10.23-21.38.17:631][377]LogModuleManager: Shutting down and abandoning module UObjectPlugin (254)
[2020.10.23-21.38.17:631][377]LogModuleManager: Shutting down and abandoning module SubversionSourceControl (252)
[2020.10.23-21.38.17:678][377]LogModuleManager: Shutting down and abandoning module PerforceSourceControl (250)
[2020.10.23-21.38.17:713][377]LogModuleManager: Shutting down and abandoning module GitSourceControl (248)
[2020.10.23-21.38.17:732][377]LogModuleManager: Shutting down and abandoning module SourceControl (247)
[2020.10.23-21.38.17:764][377]LogModuleManager: Shutting down and abandoning module LightPropagationVolumeEditor (244)
[2020.10.23-21.38.17:764][377]LogModuleManager: Shutting down and abandoning module PaperTiledImporter (242)
[2020.10.23-21.38.17:764][377]LogModuleManager: Shutting down and abandoning module PaperSpriteSheetImporter (240)
[2020.10.23-21.38.17:764][377]LogModuleManager: Shutting down and abandoning module Paper2DEditor (238)
[2020.10.23-21.38.17:783][377]LogModuleManager: Shutting down and abandoning module MeshPaint (237)
[2020.10.23-21.38.17:789][377]LogModuleManager: Shutting down and abandoning module LevelEditor (235)
[2020.10.23-21.38.17:821][377]LogModuleManager: Shutting down and abandoning module PixelInspectorModule (234)
[2020.10.23-21.38.17:837][377]LogModuleManager: Shutting down and abandoning module MainFrame (232)
[2020.10.23-21.38.17:837][377]LogModuleManager: Shutting down and abandoning module HotReload (231)
[2020.10.23-21.38.17:849][377]LogDirectoryWatcher: A directory notification for 'C:/Users/Belci_3/Documents/GitHub/Proyecto-Laberinto-Grupo-1/ProyectoLabApps/Binaries/Win64' was aborted.
[2020.10.23-21.38.17:873][377]LogModuleManager: Shutting down and abandoning module ContentBrowser (227)
[2020.10.23-21.38.17:883][377]LogModuleManager: Shutting down and abandoning module ProyectoLabApps (224)
[2020.10.23-21.38.17:884][377]LogModuleManager: Shutting down and abandoning module PhysXVehiclesEditor (222)
[2020.10.23-21.38.17:905][377]LogModuleManager: Shutting down and abandoning module PhysXVehicles (220)
[2020.10.23-21.38.17:905][377]LogModuleManager: Shutting down and abandoning module LocationServicesBPLibrary (218)
[2020.10.23-21.38.17:905][377]LogModuleManager: Shutting down and abandoning module UdpMessaging (216)
[2020.10.23-21.38.18:006][377]LogModuleManager: Shutting down and abandoning module TcpMessaging (214)
[2020.10.23-21.38.18:122][377]LogModuleManager: Shutting down and abandoning module GameplayTagsEditor (212)
[2020.10.23-21.38.18:170][377]LogModuleManager: Shutting down and abandoning module FacialAnimationEditor (210)
[2020.10.23-21.38.18:189][377]LogModuleManager: Shutting down and abandoning module FacialAnimation (208)
[2020.10.23-21.38.18:189][377]LogModuleManager: Shutting down and abandoning module LightPropagationVolumeRuntime (206)
[2020.10.23-21.38.18:189][377]LogModuleManager: Shutting down and abandoning module Paper2D (204)
[2020.10.23-21.38.18:196][377]LogModuleManager: Shutting down and abandoning module WindowsMoviePlayer (202)
[2020.10.23-21.38.18:211][377]LogModuleManager: Shutting down and abandoning module WmfMedia (200)
[2020.10.23-21.38.18:238][377]LogModuleManager: Shutting down and abandoning module MfMedia (198)
[2020.10.23-21.38.18:238][377]LogModuleManager: Shutting down and abandoning module MediaAssets (196)
[2020.10.23-21.38.18:238][377]LogModuleManager: Shutting down and abandoning module GameLiveStreaming (194)
[2020.10.23-21.38.18:248][377]LogModuleManager: Shutting down and abandoning module VREditor (192)
[2020.10.23-21.38.18:249][377]LogModuleManager: Shutting down and abandoning module GameplayTasksEditor (190)
[2020.10.23-21.38.18:249][377]LogModuleManager: Shutting down and abandoning module BehaviorTreeEditor (188)
[2020.10.23-21.38.18:335][377]LogModuleManager: Shutting down and abandoning module FunctionalTesting (186)
[2020.10.23-21.38.18:335][377]LogModuleManager: Shutting down and abandoning module CollisionAnalyzer (184)
[2020.10.23-21.38.18:383][377]LogModuleManager: Shutting down and abandoning module UMG (182)
[2020.10.23-21.38.18:398][377]LogModuleManager: Shutting down and abandoning module UMGEditor (181)
[2020.10.23-21.38.18:398][377]LogModuleManager: Shutting down and abandoning module Sequencer (180)
[2020.10.23-21.38.18:398][377]LogModuleManager: Shutting down and abandoning module AssetTools (178)
[2020.10.23-21.38.18:462][377]LogModuleManager: Shutting down and abandoning module MessageLog (177)
[2020.10.23-21.38.18:462][377]LogModuleManager: Shutting down and abandoning module WorkspaceMenuStructure (176)
[2020.10.23-21.38.18:462][377]LogModuleManager: Shutting down and abandoning module SlateReflector (170)
[2020.10.23-21.38.18:587][377]LogModuleManager: Shutting down and abandoning module Slate (168)
[2020.10.23-21.38.18:587][377]LogModuleManager: Shutting down and abandoning module EditorStyle (166)
[2020.10.23-21.38.18:714][377]LogModuleManager: Shutting down and abandoning module SourceCodeAccess (164)
[2020.10.23-21.38.18:720][377]LogModuleManager: Shutting down and abandoning module HeadMountedDisplay (162)
[2020.10.23-21.38.18:720][377]LogModuleManager: Shutting down and abandoning module XAudio2 (160)
[2020.10.23-21.38.18:720][377]LogModuleManager: Shutting down and abandoning module Networking (158)
[2020.10.23-21.38.18:720][377]LogModuleManager: Shutting down and abandoning module Core (154)
[2020.10.23-21.38.18:720][377]LogModuleManager: Shutting down and abandoning module AssetRegistry (152)
[2020.10.23-21.38.19:182][377]LogDirectoryWatcher: A directory notification for '../../../Engine/Content/' was aborted.
[2020.10.23-21.38.19:182][377]LogDirectoryWatcher: A directory notification for '../../../../../../Users/Belci_3/Documents/GitHub/Proyecto-Laberinto-Grupo-1/ProyectoLabApps/Content/' was aborted.
[2020.10.23-21.38.19:183][377]LogDirectoryWatcher: A directory notification for '../../../Engine/Plugins/2D/Paper2D/Content/' was aborted.
[2020.10.23-21.38.19:198][377]LogModuleManager: Shutting down and abandoning module DirectoryWatcher (151)
[2020.10.23-21.38.19:231][377]LogModuleManager: Shutting down and abandoning module KismetCompiler (148)
[2020.10.23-21.38.19:231][377]LogModuleManager: Shutting down and abandoning module PhysXFormats (146)
[2020.10.23-21.38.19:232][377]LogModuleManager: Shutting down and abandoning module MeshUtilities (144)
[2020.10.23-21.38.19:283][377]LogModuleManager: Shutting down and abandoning module SimplygonSwarm (143)
[2020.10.23-21.38.19:304][377]LogModuleManager: Shutting down and abandoning module SimplygonMeshReduction (141)
[2020.10.23-21.38.19:304][377]LogModuleManager: Shutting down and abandoning module QuadricMeshReduction (139)
[2020.10.23-21.38.19:316][377]LogModuleManager: Shutting down and abandoning module PropertyEditor (137)
[2020.10.23-21.38.19:320][377]LogModuleManager: Shutting down and abandoning module DerivedDataCache (134)
[2020.10.23-21.38.19:446][377]LogDerivedDataCache: Shutdown
[2020.10.23-21.38.19:446][377]LogModuleManager: Shutting down and abandoning module TargetPlatform (132)
[2020.10.23-21.38.19:446][377]LogModuleManager: Shutting down and abandoning module VulkanShaderFormat (131)
[2020.10.23-21.38.19:460][377]LogModuleManager: Shutting down and abandoning module ShaderFormatOpenGL (129)
[2020.10.23-21.38.19:477][377]LogModuleManager: Shutting down and abandoning module ShaderFormatD3D (127)
[2020.10.23-21.38.19:491][377]LogModuleManager: Shutting down and abandoning module MetalShaderFormat (125)
[2020.10.23-21.38.19:500][377]LogModuleManager: Shutting down and abandoning module TextureFormatUncompressed (123)
[2020.10.23-21.38.19:501][377]LogModuleManager: Shutting down and abandoning module TextureFormatPVR (121)
[2020.10.23-21.38.19:501][377]LogModuleManager: Shutting down and abandoning module TextureFormatDXT (119)
[2020.10.23-21.38.19:516][377]LogModuleManager: Shutting down and abandoning module TextureFormatIntelISPCTexComp (117)
[2020.10.23-21.38.19:565][377]LogModuleManager: Shutting down and abandoning module TextureFormatASTC (115)
[2020.10.23-21.38.19:565][377]LogModuleManager: Shutting down and abandoning module ImageWrapper (114)
[2020.10.23-21.38.19:565][377]LogModuleManager: Shutting down and abandoning module TextureFormatAndroid (111)
[2020.10.23-21.38.19:565][377]LogModuleManager: Shutting down and abandoning module AudioFormatOpus (109)
[2020.10.23-21.38.19:582][377]LogModuleManager: Shutting down and abandoning module AudioFormatOgg (107)
[2020.10.23-21.38.19:582][377]LogModuleManager: Shutting down and abandoning module AudioFormatADPCM (105)
[2020.10.23-21.38.19:583][377]LogModuleManager: Shutting down and abandoning module LinuxTargetPlatform (103)
[2020.10.23-21.38.19:583][377]LogModuleManager: Shutting down and abandoning module LinuxServerTargetPlatform (101)
[2020.10.23-21.38.19:583][377]LogModuleManager: Shutting down and abandoning module LinuxNoEditorTargetPlatform (99)
[2020.10.23-21.38.19:583][377]LogModuleManager: Shutting down and abandoning module LinuxClientTargetPlatform (97)
[2020.10.23-21.38.19:583][377]LogModuleManager: Shutting down and abandoning module TVOSTargetPlatform (95)
[2020.10.23-21.38.19:584][377]LogModuleManager: Shutting down and abandoning module Messaging (93)
[2020.10.23-21.38.19:584][377]LogModuleManager: Shutting down and abandoning module IOSTargetPlatform (91)
[2020.10.23-21.38.19:584][377]LogModuleManager: Shutting down and abandoning module HTML5TargetPlatform (89)
[2020.10.23-21.38.19:585][377]LogModuleManager: Shutting down and abandoning module Android_PVRTCTargetPlatform (87)
[2020.10.23-21.38.19:585][377]LogModuleManager: Shutting down and abandoning module Android_MultiTargetPlatform (85)
[2020.10.23-21.38.19:585][377]LogModuleManager: Shutting down and abandoning module Android_ETC2TargetPlatform (83)
[2020.10.23-21.38.19:585][377]LogModuleManager: Shutting down and abandoning module Android_ETC1TargetPlatform (81)
[2020.10.23-21.38.19:585][377]LogModuleManager: Shutting down and abandoning module Android_DXTTargetPlatform (79)
[2020.10.23-21.38.19:585][377]LogModuleManager: Shutting down and abandoning module Android_ATCTargetPlatform (77)
[2020.10.23-21.38.19:585][377]LogModuleManager: Shutting down and abandoning module Android_ASTCTargetPlatform (75)
[2020.10.23-21.38.19:585][377]LogModuleManager: Shutting down and abandoning module AndroidTargetPlatform (73)
[2020.10.23-21.38.19:585][377]LogModuleManager: Shutting down and abandoning module WindowsTargetPlatform (71)
[2020.10.23-21.38.19:586][377]LogModuleManager: Shutting down and abandoning module WindowsServerTargetPlatform (69)
[2020.10.23-21.38.19:586][377]LogModuleManager: Shutting down and abandoning module WindowsNoEditorTargetPlatform (67)
[2020.10.23-21.38.19:586][377]LogModuleManager: Shutting down and abandoning module WindowsClientTargetPlatform (65)
[2020.10.23-21.38.19:587][377]LogModuleManager: Shutting down and abandoning module MacTargetPlatform (63)
[2020.10.23-21.38.19:587][377]LogModuleManager: Shutting down and abandoning module MacServerTargetPlatform (61)
[2020.10.23-21.38.19:587][377]LogModuleManager: Shutting down and abandoning module MacNoEditorTargetPlatform (59)
[2020.10.23-21.38.19:587][377]LogModuleManager: Shutting down and abandoning module MacClientTargetPlatform (57)
[2020.10.23-21.38.19:587][377]LogModuleManager: Shutting down and abandoning module AllDesktopTargetPlatform (55)
[2020.10.23-21.38.19:587][377]LogModuleManager: Shutting down and abandoning module InputCore (52)
[2020.10.23-21.38.19:587][377]LogModuleManager: Shutting down and abandoning module Settings (50)
[2020.10.23-21.38.19:588][377]LogModuleManager: Shutting down and abandoning module OculusRift (48)
[2020.10.23-21.38.19:628][377]LogModuleManager: Shutting down and abandoning module GearVR (46)
[2020.10.23-21.38.19:661][377]LogModuleManager: Shutting down and abandoning module ExampleDeviceProfileSelector (44)
[2020.10.23-21.38.19:661][377]LogModuleManager: Shutting down and abandoning module OnlineBlueprintSupport (42)
[2020.10.23-21.38.19:661][377]LogModuleManager: Shutting down and abandoning module OnlineSubsystem (38)
[2020.10.23-21.38.19:661][377]LogOnline:Display: Unloading online subsystem: NULL
[2020.10.23-21.38.19:682][377]LogModuleManager: Shutting down and abandoning module XMPP (37)
[2020.10.23-21.38.19:794][377]LogModuleManager: Shutting down and abandoning module HTTP (35)
[2020.10.23-21.38.19:807][377]LogHttp:Display: Http module shutting down, but needs to wait on 1 outstanding Http requests:
[2020.10.23-21.38.19:807][377]LogHttp:Display: 	verb=[POST] url=[https://datarouter.ol.epicgames.com/datarouter/api/v1/public/data?SessionID=%7BC0C4DD06-4A65-E8A8-E4A3-8592332312FA%7D&AppID=UEEditor.Rocket.Release&AppVersion=4.15.3-3450819%2B%2B%2BUE4%2BRelease-4.15&UserID=fb0aaafe49dc5d8fb39af0b03369a559%7Ccfbc9b1d33724aa483afe77c3ecfcf1f%7Cf34cba58-f82d-49bc-a440-7e1a7a229efc&AppEnvironment=datacollector-binary&UploadType=eteventstream] status=Processing
[2020.10.23-21.38.19:854][377]LogModuleManager: Shutting down and abandoning module SSL (34)
[2020.10.23-21.38.19:934][377]LogModuleManager: Shutting down and abandoning module AudioEditor (30)
[2020.10.23-21.38.19:960][377]LogModuleManager: Shutting down and abandoning module TextureCompressor (28)
[2020.10.23-21.38.20:058][377]LogModuleManager: Shutting down and abandoning module ShaderCore (26)
[2020.10.23-21.38.20:058][377]LogModuleManager: Shutting down and abandoning module Landscape (24)
[2020.10.23-21.38.20:058][377]LogModuleManager: Shutting down and abandoning module SlateRHIRenderer (22)
[2020.10.23-21.38.20:160][377]LogModuleManager: Shutting down and abandoning module OpenGLDrv (20)
[2020.10.23-21.38.20:168][377]LogModuleManager: Shutting down and abandoning module D3D11RHI (18)
[2020.10.23-21.38.20:168][377]LogModuleManager: Shutting down and abandoning module AnimGraphRuntime (16)
[2020.10.23-21.38.20:205][377]LogModuleManager: Shutting down and abandoning module Renderer (14)
[2020.10.23-21.38.20:205][377]LogModuleManager: Shutting down and abandoning module Engine (12)
[2020.10.23-21.38.20:205][377]LogModuleManager: Shutting down and abandoning module CoreUObject (10)
[2020.10.23-21.38.20:205][377]LogModuleManager: Shutting down and abandoning module NetworkFile (8)
[2020.10.23-21.38.20:206][377]LogModuleManager: Shutting down and abandoning module StreamingFile (6)
[2020.10.23-21.38.20:206][377]LogModuleManager: Shutting down and abandoning module SandboxFile (4)
[2020.10.23-21.38.20:206][377]LogModuleManager: Shutting down and abandoning module PakFile (2)
[2020.10.23-21.38.20:244][377]LogExit: Exiting.
[2020.10.23-21.38.20:274][377]Log file closed, 10/23/20 18:38:20
