Log file open, 11/08/20 23:20:42
LogInit:Display: Running engine for game: ProyectoLabApps
LogPlatformFile: Not using cached read wrapper
LogInit:Display: RandInit(317419440) SRandInit(317419441).
LogTaskGraph: Started task graph with 5 named threads and 7 total threads with 1 sets of task threads.
LogStats: Stats thread started at 0.121096
LogInit: Using libcurl 7.47.1
LogInit:  - built for x86_64-pc-win32
LogInit:  - supports SSL with OpenSSL/1.0.2g
LogInit:  - supports HTTP deflate (compression) using libz 1.2.8
LogInit:  - other features:
LogInit:      CURL_VERSION_SSL
LogInit:      CURL_VERSION_LIBZ
LogInit:      CURL_VERSION_IPV6
LogInit:      CURL_VERSION_ASYNCHDNS
LogInit:      CURL_VERSION_LARGEFILE
LogInit:      CURL_VERSION_IDN
LogInit:  CurlRequestOptions (configurable via config and command line):
LogInit:  - bVerifyPeer = false  - Libcurl will NOT verify peer certificate
LogInit:  - bUseHttpProxy = false  - Libcurl will NOT use HTTP proxy
LogInit:  - bDontReuseConnections = false  - Libcurl will reuse connections
LogInit:  - CertBundlePath = nullptr  - Libcurl will use whatever was configured at build time.
LogInit: Build: ++UE4+Release-4.15-CL-3450819
LogInit: Engine Version: 4.15.3-3450819+++UE4+Release-4.15
LogInit: Compatible Engine Version: 4.15.0-3299760+++UE4+Release-4.15
LogInit: Net CL: 3299760
LogDevObjectVersion: Number of dev versions registered: 14
LogDevObjectVersion:   Dev-Blueprints (B0D832E4-1F89-4F0D-ACCF-7EB736FD4AA2): 8
LogDevObjectVersion:   Dev-Build (E1C64328-A22C-4D53-A36C-8E866417BD8C): 0
LogDevObjectVersion:   Dev-Core (375EC13C-06E4-48FB-B500-84F0262A717E): 2
LogDevObjectVersion:   Dev-Editor (E4B068ED-F494-42E9-A231-DA0B2E46BB41): 14
LogDevObjectVersion:   Dev-Framework (CFFC743F-43B0-4480-9391-14DF171D2073): 22
LogDevObjectVersion:   Dev-Mobile (B02B49B5-BB20-44E9-A304-32B752E40360): 0
LogDevObjectVersion:   Dev-Networking (A4E4105C-59A1-49B5-A7C5-40C4547EDFEE): 0
LogDevObjectVersion:   Dev-Online (39C831C9-5AE6-47DC-9A44-9C173E1C8E7C): 0
LogDevObjectVersion:   Dev-Physics (78F01B33-EBEA-4F98-B9B4-84EACCB95AA2): 0
LogDevObjectVersion:   Dev-Platform (6631380F-2D4D-43E0-8009-CF276956A95A): 0
LogDevObjectVersion:   Dev-Rendering (12F88B9F-8875-4AFC-A67C-D90C383ABD29): 12
LogDevObjectVersion:   Dev-Sequencer (7B5AE74C-D270-4C10-A958-57980B212A5A): 3
LogDevObjectVersion:   Dev-VR (D7296918-1DD6-4BDD-9DE2-64A83CC13884): 0
LogDevObjectVersion:   Dev-LoadTimes (C2A15278-BFE7-4AFE-6C17-90FF531DF755): 1
LogInit: Compiled (64-bit): May 21 2017 11:02:34
LogInit: Compiled with Visual C++: 19.00.23026.00
LogInit: Build Configuration: Development
LogInit: Branch Name: ++UE4+Release-4.15
LogInit: Command line: -EpicPortal  -epicusername="Kidd DETWITTER" -epicuserid=16c25dba26c848f78896a45074711812 -epiclocale=es-MX
LogInit: Base directory: D:/UE_4.15/Engine/Binaries/Win64/
LogInit: Installed Engine Build: 1
LogInit: Presizing for max 8388607 objects, including 0 objects not considered by GC, pre-allocating 0 bytes for permanent pool.
LogInit: Object subsystem initialized
[2020.11.09-02.20.44:968][  0]LogInit: Selected Device Profile: [Windows]
[2020.11.09-02.20.44:968][  0]LogInit: Applying CVar settings loaded from the selected device profile: [Windows]
[2020.11.09-02.20.44:987][  0]LogInit: Computer: JULIAN
[2020.11.09-02.20.44:987][  0]LogInit: User: Agustin
[2020.11.09-02.20.44:987][  0]LogInit: CPU Page size=65536, Cores=3
[2020.11.09-02.20.44:987][  0]LogInit: High frequency timer resolution =10.000000 MHz
[2020.11.09-02.20.44:987][  0]LogMemory: Memory total: Physical=8.0GB (8GB approx)
[2020.11.09-02.20.44:987][  0]LogMemory: Platform Memory Stats for Windows
[2020.11.09-02.20.44:987][  0]LogMemory: Process Physical Memory: 263.67 MB used, 263.67 MB peak
[2020.11.09-02.20.44:987][  0]LogMemory: Process Virtual Memory: 262.25 MB used, 262.25 MB peak
[2020.11.09-02.20.44:987][  0]LogMemory: Physical Memory: 4388.68 MB used,  3785.44 MB free, 8174.11 MB total
[2020.11.09-02.20.44:987][  0]LogMemory: Virtual Memory: 4763.42 MB used,  3785.44 MB free, 134217728.00 MB total
[2020.11.09-02.20.45:316][  0]LogTextLocalizationManager: No specific translations for ('es-AR') exist, so ('es') translations will be used.
[2020.11.09-02.20.46:019][  0]LogD3D11RHI: D3D11 adapters:
[2020.11.09-02.20.46:132][  0]LogD3D11RHI:    0. 'NVIDIA GeForce GTX 950' (Feature Level 11_0)
[2020.11.09-02.20.46:132][  0]LogD3D11RHI:       2007/0/4087 MB DedicatedVideo/DedicatedSystem/SharedSystem, Outputs:1, VendorId:0x10de
[2020.11.09-02.20.46:137][  0]LogD3D11RHI:    1. 'Microsoft Basic Render Driver' (Feature Level 11_0)
[2020.11.09-02.20.46:137][  0]LogD3D11RHI:       0/0/4087 MB DedicatedVideo/DedicatedSystem/SharedSystem, Outputs:0, VendorId:0x1414
[2020.11.09-02.20.46:137][  0]LogD3D11RHI: Chosen D3D11 Adapter: 0
[2020.11.09-02.20.46:149][  0]LogD3D11RHI: Creating new Direct3DDevice
[2020.11.09-02.20.46:149][  0]LogD3D11RHI:     GPU DeviceId: 0x1402 (for the marketing name, search the web for "GPU Device Id")
[2020.11.09-02.20.46:149][  0]LogWindows: EnumDisplayDevices:
[2020.11.09-02.20.46:149][  0]LogWindows:    0. 'NVIDIA GeForce GTX 950' (P:1 D:1)
[2020.11.09-02.20.46:150][  0]LogWindows:    1. 'NVIDIA GeForce GTX 950' (P:0 D:0)
[2020.11.09-02.20.46:150][  0]LogWindows:    2. 'NVIDIA GeForce GTX 950' (P:0 D:0)
[2020.11.09-02.20.46:150][  0]LogWindows:    3. 'NVIDIA GeForce GTX 950' (P:0 D:0)
[2020.11.09-02.20.46:151][  0]LogWindows: DebugString: GetVideoDriverDetailsInvalid PrimaryIsNotTheChoosenAdapter GetVideoDriverDetailsInvalid PrimaryIsNotTheChoosenAdapter GetVideoDriverDetailsInvalid PrimaryIsNotTheChoosenAdapter GetVideoDriverDetailsInvalid PrimaryIsNotTheChoosenAdapter FoundDriverCount:0 
[2020.11.09-02.20.46:151][  0]LogD3D11RHI:     Adapter Name: NVIDIA GeForce GTX 950
[2020.11.09-02.20.46:151][  0]LogD3D11RHI:   Driver Version: Unknown (internal:Unknown, unified:Unknown)
[2020.11.09-02.20.46:151][  0]LogD3D11RHI:      Driver Date: Unknown
[2020.11.09-02.20.46:151][  0]LogRHI: Texture pool is 1361 MB (70% of 1945 MB)
[2020.11.09-02.20.46:238][  0]LogD3D11RHI: Async texture creation enabled
[2020.11.09-02.20.46:251][  0]LogD3D11RHI: GPU Timing Frequency: 1000.000000 (Debug: 2 1)
[2020.11.09-02.20.46:256][  0]LogShaderCompilers: Guid format shader working directory is -29 characters bigger than the processId version (C:/Users/Agustin/Documents/GitHub/Proyecto-Laberinto-Grupo-1/ProyectoLabApps/Intermediate/Shaders/WorkingDirectory/10424/).
[2020.11.09-02.20.46:257][  0]LogShaderCompilers: Cleaned the shader compiler working directory 'C:/Users/Agustin/AppData/Local/Temp/UnrealShaderWorkingDir/C27F6E1C46C0C502B32E3FAAD946C500/'.
[2020.11.09-02.20.46:257][  0]LogShaderCompilers:Display: Using Local Shader Compiler.
[2020.11.09-02.20.48:385][  0]LogTemp:Display: Loaded TP AllDesktopTargetPlatform
[2020.11.09-02.20.48:575][  0]LogTemp:Display: Loaded TP MacClientTargetPlatform
[2020.11.09-02.20.48:777][  0]LogTemp:Display: Loaded TP MacNoEditorTargetPlatform
[2020.11.09-02.20.48:981][  0]LogTemp:Display: Loaded TP MacServerTargetPlatform
[2020.11.09-02.20.49:169][  0]LogTemp:Display: Loaded TP MacTargetPlatform
[2020.11.09-02.20.49:365][  0]LogTemp:Display: Loaded TP WindowsClientTargetPlatform
[2020.11.09-02.20.49:554][  0]LogTemp:Display: Loaded TP WindowsNoEditorTargetPlatform
[2020.11.09-02.20.49:751][  0]LogTemp:Display: Loaded TP WindowsServerTargetPlatform
[2020.11.09-02.20.49:922][  0]LogTemp:Display: Loaded TP WindowsTargetPlatform
[2020.11.09-02.20.50:112][  0]LogTemp:Display: Loaded TP AndroidTargetPlatform
[2020.11.09-02.20.50:298][  0]LogTemp:Display: Loaded TP Android_ASTCTargetPlatform
[2020.11.09-02.20.50:484][  0]LogTemp:Display: Loaded TP Android_ATCTargetPlatform
[2020.11.09-02.20.50:673][  0]LogTemp:Display: Loaded TP Android_DXTTargetPlatform
[2020.11.09-02.20.50:870][  0]LogTemp:Display: Loaded TP Android_ETC1TargetPlatform
[2020.11.09-02.20.51:057][  0]LogTemp:Display: Loaded TP Android_ETC2TargetPlatform
[2020.11.09-02.20.51:431][  0]LogTemp:Display: Loaded TP Android_MultiTargetPlatform
[2020.11.09-02.20.51:431][  0]LogTemp:Display: Loaded TP Android_PVRTCTargetPlatform
[2020.11.09-02.20.51:591][  0]LogTemp:Display: Loaded TP HTML5TargetPlatform
[2020.11.09-02.20.51:912][  0]LogTemp:Display: Loaded TP IOSTargetPlatform
[2020.11.09-02.20.52:047][  0]LogTemp:Display: Loaded TP TVOSTargetPlatform
[2020.11.09-02.20.52:234][  0]LogTemp:Display: Loaded TP LinuxClientTargetPlatform
[2020.11.09-02.20.52:432][  0]LogTemp:Display: Loaded TP LinuxNoEditorTargetPlatform
[2020.11.09-02.20.52:617][  0]LogTemp:Display: Loaded TP LinuxServerTargetPlatform
[2020.11.09-02.20.52:812][  0]LogTemp:Display: Loaded TP LinuxTargetPlatform
[2020.11.09-02.20.52:812][  0]LogTargetPlatformManager:Display: Building Assets For Windows
[2020.11.09-02.20.54:711][  0]LogDerivedDataCache:Display: Max Cache Size: 512 MB
[2020.11.09-02.20.54:804][  0]LogDerivedDataCache: Loaded boot cache 0.09s 50MB C:/Users/Agustin/AppData/Local/UnrealEngine/4.15/DerivedDataCache/Boot.ddc.
[2020.11.09-02.20.54:804][  0]LogDerivedDataCache:Display: Loaded Boot cache: C:/Users/Agustin/AppData/Local/UnrealEngine/4.15/DerivedDataCache/Boot.ddc
[2020.11.09-02.20.54:804][  0]LogDerivedDataCache: FDerivedDataBackendGraph:  Pak pak cache file C:/Users/Agustin/Documents/GitHub/Proyecto-Laberinto-Grupo-1/ProyectoLabApps/DerivedDataCache/DDC.ddp not found, will not use a pak cache.
[2020.11.09-02.20.54:804][  0]LogDerivedDataCache: Unable to find inner node Pak for hierarchical cache Hierarchy.
[2020.11.09-02.20.54:805][  0]LogDerivedDataCache: FDerivedDataBackendGraph:  CompressedPak pak cache file C:/Users/Agustin/Documents/GitHub/Proyecto-Laberinto-Grupo-1/ProyectoLabApps/DerivedDataCache/Compressed.ddp not found, will not use a pak cache.
[2020.11.09-02.20.54:805][  0]LogDerivedDataCache: Unable to find inner node CompressedPak for hierarchical cache Hierarchy.
[2020.11.09-02.20.54:829][  0]LogDerivedDataCache:Display: Pak cache opened for reading ../../../Engine/DerivedDataCache/Compressed.ddp.
[2020.11.09-02.20.54:844][  0]LogDerivedDataCache: Using Local data cache path C:/Users/Agustin/AppData/Local/UnrealEngine/Common/DerivedDataCache: Writable
[2020.11.09-02.20.54:860][  0]LogSlate: Using Freetype 2.6.0
[2020.11.09-02.20.54:861][  0]LogSlate: SlateFontCache - WITH_FREETYPE: 1, WITH_HARFBUZZ: 1
[2020.11.09-02.20.54:861][  0]LogSlate: SlateFontCache - WITH_FREETYPE: 1, WITH_HARFBUZZ: 1
[2020.11.09-02.20.55:347][  0]LogInit: Selected Device Profile: [Windows]
[2020.11.09-02.20.55:351][  0]LogContentStreaming: Texture pool size is 0.00 MB
[2020.11.09-02.20.55:932][  0]LogMeshUtilities: Using QuadricMeshReduction for automatic static mesh reduction
[2020.11.09-02.20.56:113][  0]LogSimplygon: Simplygon DLL not present - disabling.
[2020.11.09-02.20.56:284][  0]LogMeshUtilities: Using SimplygonSwarm for distributed automatic mesh merging
[2020.11.09-02.20.56:284][  0]LogMeshUtilities: No automatic skeletal mesh reduction module available
[2020.11.09-02.20.56:284][  0]LogMeshUtilities: No automatic mesh merging module available
[2020.11.09-02.20.57:582][  0]LogNetVersion: GetLocalNetworkVersion: CL: 3299760, ProjectName: proyectolabapps, ProjectVersion: , EngineNetworkVersion: 2, GameNetworkVersion: 0, NetworkChecksum: 1791571130
[2020.11.09-02.20.57:722][  0]LogAssetRegistry: FAssetRegistry took 0.0224 seconds to start up
[2020.11.09-02.20.57:920][  0]LogPackageLocalizationCache: Processed 3 localized package path(s) for 2 prioritized culture(s) in 0.069249 seconds
[2020.11.09-02.20.57:929][  0]LogUObjectArray: 32493 objects as part of root set at end of initial load.
[2020.11.09-02.20.57:929][  0]LogUObjectAllocator: 7077032 out of 0 bytes used by permanent object pool.
[2020.11.09-02.20.57:929][  0]LogUObjectArray: CloseDisregardForGC: 0/0 objects in disregard for GC pool
[2020.11.09-02.20.58:315][  0]LogInit: WinSock: version 1.1 (2.2), MaxSocks=32767, MaxUdp=65467
[2020.11.09-02.21.04:072][  0]LogTcpMessaging: Initializing TcpMessaging bridge
[2020.11.09-02.21.04:199][  0]LogUdpMessaging: Initializing bridge on interface 0.0.0.0:0 to multicast group 230.0.0.1:6666.
[2020.11.09-02.21.05:862][  0]LogMaterial: Uniform references updated for custom material expression Custom.
[2020.11.09-02.21.07:149][  0]SourceControl: Información El control de código fuente está desactivado
[2020.11.09-02.21.07:239][  0]SourceControl: Información El control de código fuente está desactivado
[2020.11.09-02.21.07:428][  0]SourceControl: Información El control de código fuente está desactivado
[2020.11.09-02.21.07:597][  0]SourceControl: Información El control de código fuente está desactivado
[2020.11.09-02.21.12:147][  0]LogEngine: Initializing Engine...
[2020.11.09-02.21.12:149][  0]LogHMD: Failed to initialize OpenVR with code 110
[2020.11.09-02.21.12:299][  0]LogStats: UGameplayTagsManager::ConstructGameplayTagTree: Construct from data asset -  0.000 s
[2020.11.09-02.21.12:299][  0]LogStats: UGameplayTagsManager::ConstructGameplayTagTree: GameplayTagTreeChangedEvent.Broadcast -  0.000 s
[2020.11.09-02.21.12:786][  0]LogAIModule: Creating AISystem for world Untitled
[2020.11.09-02.21.12:846][  0]LogInit: XAudio2 using 'Altavoces (VIA High Definition Audio)' : 2 channels at 44.1 kHz using 32 bits per sample (channel mask 0x3)
[2020.11.09-02.21.12:892][  0]LogInit: FAudioDevice initialized.
[2020.11.09-02.21.12:950][  0]LogDerivedDataCache: Saved boot cache 0.06s 50MB C:/Users/Agustin/AppData/Local/UnrealEngine/4.15/DerivedDataCache/Boot.ddc.
[2020.11.09-02.21.12:960][  0]LogInit: Texture streaming: Enabled
[2020.11.09-02.21.13:409][  0]LogEngineSessionManager: EngineSessionManager initialized
[2020.11.09-02.21.13:756][  0]LogInit: Transaction tracking system initialized
[2020.11.09-02.21.15:156][  0]BlueprintLog: New page: Cargar el editor
[2020.11.09-02.21.18:876][  0]LocalizationService: Información Localization service is disabled
[2020.11.09-02.21.21:576][  0]LogConsoleResponse:Display: 
[2020.11.09-02.21.21:841][  0]LogCook:Display: Max memory allowance for cook 16384mb min free memory 0mb
[2020.11.09-02.21.21:841][  0]LogCook:Display: Mobile HDR setting 1
[2020.11.09-02.21.22:424][  0]LogFileCache: Scanning file cache for directory 'C:/Users/Agustin/Documents/GitHub/Proyecto-Laberinto-Grupo-1/ProyectoLabApps/Content/' took 0.02s
[2020.11.09-02.21.25:883][  0]SourceControl: Información El control de código fuente está desactivado
[2020.11.09-02.21.25:883][  0]Cmd: MAP LOAD FILE="C:/Users/Agustin/Documents/GitHub/Proyecto-Laberinto-Grupo-1/ProyectoLabApps/Content/StarterContent/Maps/Minimal_Default.umap" TEMPLATE=0 SHOWPROGRESS=1 FEATURELEVEL=3
[2020.11.09-02.21.25:883][  0]LogEditorServer:Warning: Can't find file 'C:/Users/Agustin/Documents/GitHub/Proyecto-Laberinto-Grupo-1/ProyectoLabApps/Content/StarterContent/Maps/Minimal_Default.umap'
[2020.11.09-02.21.25:884][  0]Cmd: MAP CHECKDEP NOCLEARLOG
[2020.11.09-02.21.25:963][  0]MapCheck: Información Map check complete: 0 Error(s), 0 Warning(s), took 79,649ms to complete.
[2020.11.09-02.21.25:964][  0]LogFileHelpers: Loading map 'Minimal_Default' took 0.081
[2020.11.09-02.21.26:490][  0]LogCollectionManager: Loaded 0 collections in 0.001420 seconds
[2020.11.09-02.21.26:701][  0]LogFileCache: Scanning file cache for directory 'C:/Users/Agustin/Documents/GitHub/Proyecto-Laberinto-Grupo-1/ProyectoLabApps/Saved/Collections/' took 0.01s
[2020.11.09-02.21.26:701][  0]LogFileCache: Scanning file cache for directory 'C:/Users/Agustin/Documents/GitHub/Proyecto-Laberinto-Grupo-1/ProyectoLabApps/Content/Developers/Agustin/Collections/' took 0.01s
[2020.11.09-02.21.26:701][  0]LogFileCache: Scanning file cache for directory 'C:/Users/Agustin/Documents/GitHub/Proyecto-Laberinto-Grupo-1/ProyectoLabApps/Content/Collections/' took 0.01s
[2020.11.09-02.21.26:701][  0]LogCollectionManager: Rebuilt the GUID cache for 0 collections in 0.000006 seconds
[2020.11.09-02.21.26:721][  0]LogContentBrowser: Native class hierarchy populated in 0.0190 seconds. Added 2246 classes and 455 folders.
[2020.11.09-02.21.26:996][  0]LogContentBrowser: Native class hierarchy updated for 'WidgetCarousel' in 0.0030 seconds. Added 0 classes and 0 folders.
[2020.11.09-02.21.27:055][  0]LogContentBrowser: Native class hierarchy updated for 'AddContentDialog' in 0.0032 seconds. Added 0 classes and 0 folders.
[2020.11.09-02.21.27:225][  0]LogContentBrowser: Native class hierarchy updated for 'SceneOutliner' in 0.0032 seconds. Added 1 classes and 2 folders.
[2020.11.09-02.21.27:363][  0]LogCrashTracker: Crashtracker disabled due to settings.
[2020.11.09-02.21.27:376][  0]LogUObjectGlobals:Warning: Error al encontrar el objeto 'Class Ninguno.'
[2020.11.09-02.21.27:568][  0]LogContentBrowser: Native class hierarchy updated for 'HierarchicalLODOutliner' in 0.0031 seconds. Added 1 classes and 2 folders.
[2020.11.09-02.21.27:568][  0]LogLoad: (Engine Initialization) Total time: 46.93 seconds
[2020.11.09-02.21.27:568][  0]LogLoad: (Engine Initialization) Total Blueprint compile time: 0.18 seconds
[2020.11.09-02.21.27:568][  0]LogExternalProfiler: No external profilers were discovered.  External profiling features will not be available.
[2020.11.09-02.21.27:579][  0]LogOcInput: OculusInput pre-init called
[2020.11.09-02.21.27:599][  0]LogContentStreaming: Texture pool size now 1000 MB
[2020.11.09-02.21.27:600][  0]LogSlate: Took 0.000286 seconds to synchronously load lazily loaded font '../../../Engine/Content/Slate/Fonts/Roboto-Regular.ttf' (155K)
[2020.11.09-02.21.27:606][  0]LogSlate: Took 0.000391 seconds to synchronously load lazily loaded font '../../../Engine/Content/Slate/Fonts/Roboto-Bold.ttf' (160K)
[2020.11.09-02.21.27:614][  0]LogSlate: Took 0.000301 seconds to synchronously load lazily loaded font '../../../Engine/Content/Editor/Slate/Fonts/FontAwesome.ttf' (139K)
[2020.11.09-02.21.27:785][  0]LogRenderer: Reallocating scene render targets to support 756x364 NumSamples 1 (Frame:2).
[2020.11.09-02.21.28:020][  2]LogAssetRegistry: Asset discovery search completed in 30.3138 seconds
[2020.11.09-02.21.28:020][  2]LogCollectionManager: Rebuilt the object cache for 0 collections in 0.000016 seconds (found 0 objects)
[2020.11.09-02.21.28:020][  2]LogCollectionManager: Fixed up redirectors for 0 collections in 0.000063 seconds (updated 0 objects)
[2020.11.09-02.21.28:617][ 65]LogSlate: Took 0.000286 seconds to synchronously load lazily loaded font '../../../Engine/Content/Slate/Fonts/Roboto-Light.ttf' (159K)
[2020.11.09-02.21.29:755][183]LogRenderer: Reallocating scene render targets to support 888x484 NumSamples 1 (Frame:6).
[2020.11.09-02.21.31:853][426]LogSlate: Took 0.000296 seconds to synchronously load lazily loaded font '../../../Engine/Content/Slate/Fonts/Roboto-Light.ttf' (159K)
[2020.11.09-02.21.36:068][862]LogSlate: Took 0.000253 seconds to synchronously load lazily loaded font '../../../Engine/Content/Slate/Fonts/Roboto-Light.ttf' (159K)
[2020.11.09-02.21.36:869][862]LogSlate: Took 0.000296 seconds to synchronously load lazily loaded font '../../../Engine/Content/Slate/Fonts/Roboto-Regular.ttf' (155K)
[2020.11.09-02.21.36:891][862]LogAIModule: Creating AISystem for world mainmenu
[2020.11.09-02.21.36:937][862]Cmd: MAP LOAD FILE="C:/Users/Agustin/Documents/GitHub/Proyecto-Laberinto-Grupo-1/ProyectoLabApps/Content/Niveles/mainmenu.umap" TEMPLATE=0 SHOWPROGRESS=1 FEATURELEVEL=3
[2020.11.09-02.21.36:937][862]LightingResults: New page: Diseñar la iluminación
[2020.11.09-02.21.37:099][862]LogContentBrowser: Native class hierarchy updated for 'StatsViewer' in 0.0033 seconds. Added 5 classes and 0 folders.
[2020.11.09-02.21.37:102][862]LoadErrors: New page: Cargando mapa: mainmenu.umap
[2020.11.09-02.21.37:102][862]MapCheck: New page: Revisión del mapa
[2020.11.09-02.21.37:102][862]LightingResults: New page: Diseñar la iluminación
[2020.11.09-02.21.37:124][862]LogEditorServer: Finished looking for orphan Actors (0.000 secs)
[2020.11.09-02.21.37:162][862]Cmd: MAP CHECKDEP NOCLEARLOG
[2020.11.09-02.21.37:252][862]MapCheck: Información Map check complete: 0 Error(s), 0 Warning(s), took 89,893ms to complete.
[2020.11.09-02.21.37:252][862]LogFileHelpers: Loading map 'mainmenu' took 0.316
[2020.11.09-02.21.38:842][ 27]LogBlueprint:Warning: [Compiler BOTÓNBLUEPRINT] Aviso Acción desconocida de referencias del evento InputAction 'Interacción' para  InputAction Interacción
[2020.11.09-02.21.38:847][ 27]LogBlueprint:Warning: [Compiler BOTÓNBLUEPRINT] Aviso [0058,21] Compile of BOTÓNBLUEPRINT successful, but with 1 Warning(s) [in 19 ms] (/Game/ObjetosBlender/ActorMeshes/BOTON/BOTÓNBLUEPRINT.BOTÓNBLUEPRINT)
[2020.11.09-02.21.38:847][ 27]LogBlueprint:Warning: [Compiler BOTÓNBLUEPRINT] Aviso [0058,21] Compile of BOTÓNBLUEPRINT successful, but with 2 Warning(s) [in 0 ms] (/Game/ObjetosBlender/ActorMeshes/BOTON/BOTÓNBLUEPRINT.BOTÓNBLUEPRINT)
[2020.11.09-02.21.38:847][ 27]LogBlueprint:Warning: [Compiler BOTÓNBLUEPRINT] Aviso [0058,21] Compile of BOTÓNBLUEPRINT successful, but with 3 Warning(s) [in 0 ms] (/Game/ObjetosBlender/ActorMeshes/BOTON/BOTÓNBLUEPRINT.BOTÓNBLUEPRINT)
[2020.11.09-02.21.38:864][ 27]LogBlueprint:Warning: [Compiler BOTÓNBLUEPRINT] Aviso Acción desconocida de referencias del evento InputAction 'Interacción' para  InputAction Interacción
[2020.11.09-02.21.38:869][ 27]LogBlueprint:Warning: [Compiler BOTÓNBLUEPRINT] Aviso [0058,23] Compile of BOTÓNBLUEPRINT successful, but with 1 Warning(s) [in 19 ms] (/Game/ObjetosBlender/ActorMeshes/BOTON/BOTÓNBLUEPRINT.BOTÓNBLUEPRINT)
[2020.11.09-02.21.38:869][ 27]LogBlueprint:Warning: [Compiler BOTÓNBLUEPRINT] Aviso [0058,23] Compile of BOTÓNBLUEPRINT successful, but with 2 Warning(s) [in 0 ms] (/Game/ObjetosBlender/ActorMeshes/BOTON/BOTÓNBLUEPRINT.BOTÓNBLUEPRINT)
[2020.11.09-02.21.38:869][ 27]LogBlueprint:Warning: [Compiler BOTÓNBLUEPRINT] Aviso [0058,23] Compile of BOTÓNBLUEPRINT successful, but with 3 Warning(s) [in 0 ms] (/Game/ObjetosBlender/ActorMeshes/BOTON/BOTÓNBLUEPRINT.BOTÓNBLUEPRINT)
[2020.11.09-02.21.39:963][ 27]LogAIModule: Creating AISystem for world Minimal_Default
[2020.11.09-02.21.40:023][ 27]Cmd: MAP LOAD FILE="C:/Users/Agustin/Documents/GitHub/Proyecto-Laberinto-Grupo-1/ProyectoLabApps/Content/Niveles/Mapa/Minimal_Default.umap" TEMPLATE=0 SHOWPROGRESS=1 FEATURELEVEL=3
[2020.11.09-02.21.40:023][ 27]LightingResults: New page: Diseñar la iluminación
[2020.11.09-02.21.40:025][ 27]LoadErrors: New page: Cargando mapa: Minimal_Default.umap
[2020.11.09-02.21.40:027][ 27]MapCheck: New page: Revisión del mapa
[2020.11.09-02.21.40:027][ 27]LightingResults: New page: Diseñar la iluminación
[2020.11.09-02.21.40:068][ 27]LogEditorServer: Finished looking for orphan Actors (0.000 secs)
[2020.11.09-02.21.40:103][ 27]Cmd: MAP CHECKDEP NOCLEARLOG
[2020.11.09-02.21.40:245][ 27]MapCheck: Información Map check complete: 0 Error(s), 0 Warning(s), took 142,022ms to complete.
[2020.11.09-02.21.40:247][ 27]LogFileHelpers: Loading map 'Minimal_Default' took 0.225
[2020.11.09-02.21.44:228][404]LogTemp: Repeting last play command: New Editor Window (PIE)
[2020.11.09-02.21.44:249][404]LogBlueprintUserMessages: Early PlayInEditor Detection: Level '/Game/Niveles/Mapa/Minimal_Default.Minimal_Default:PersistentLevel' has LevelScriptBlueprint '/Game/Niveles/Mapa/Minimal_Default.Minimal_Default:PersistentLevel.Minimal_Default' with GeneratedClass '/Game/Niveles/Mapa/Minimal_Default.Minimal_Default_C' with ClassGeneratedBy '/Game/Niveles/Mapa/Minimal_Default.Minimal_Default:PersistentLevel.Minimal_Default'
[2020.11.09-02.21.44:249][404]LogPlayLevel: PlayLevel: No blueprints needed recompiling
[2020.11.09-02.21.44:249][404]PIE: New page: Sesión PIE (reproducción en el editor): Minimal_Default (8/11/2020 20:21:44)
[2020.11.09-02.21.44:249][404]LogPlayLevel: Creating play world package: /Game/Niveles/Mapa/UEDPIE_0_Minimal_Default
[2020.11.09-02.21.44:296][404]LogPlayLevel: PIE: StaticDuplicateObject took: (0.046502s)
[2020.11.09-02.21.44:297][404]LogAIModule: Creating AISystem for world Minimal_Default
[2020.11.09-02.21.44:297][404]LogPlayLevel: PIE: World Init took: (0.001316s)
[2020.11.09-02.21.44:297][404]LogPlayLevel: PIE: Created PIE world by copying editor world from /Game/Niveles/Mapa/Minimal_Default.Minimal_Default to /Game/Niveles/Mapa/UEDPIE_0_Minimal_Default.Minimal_Default (0.048344s)
[2020.11.09-02.21.44:367][404]LogInit: XAudio2 using 'Altavoces (VIA High Definition Audio)' : 2 channels at 44.1 kHz using 32 bits per sample (channel mask 0x3)
[2020.11.09-02.21.44:396][404]LogInit: FAudioDevice initialized.
[2020.11.09-02.21.44:465][404]LogUObjectGlobals:Warning: Error al encontrar el objeto 'Class /Script/ProyectoLabApps.ProyectoLabAppsGameMode'
[2020.11.09-02.21.44:465][404]LogLoad: Game class is 'GameModeBase'
[2020.11.09-02.21.44:478][404]LogWorld: Bringing World /Game/Niveles/Mapa/UEDPIE_0_Minimal_Default.Minimal_Default up for play (max tick rate 0) at 2020.11.08-23.21.44
[2020.11.09-02.21.44:479][404]LogWorld: Bringing up level for play took: 0.010980
[2020.11.09-02.21.44:660][404]LogContentBrowser: Native class hierarchy updated for 'MovieSceneCapture' in 0.0040 seconds. Added 11 classes and 0 folders.
[2020.11.09-02.21.44:667][404]PIE: Información Tiempo de inicio de la reproducción en el editor para  /Game/Niveles/Mapa/UEDPIE_0_Minimal_Default -0,075
[2020.11.09-02.21.44:668][404]LogBlueprintUserMessages: Late PlayInEditor Detection: Level '/Game/Niveles/Mapa/Minimal_Default.Minimal_Default:PersistentLevel' has LevelScriptBlueprint '/Game/Niveles/Mapa/Minimal_Default.Minimal_Default:PersistentLevel.Minimal_Default' with GeneratedClass '/Game/Niveles/Mapa/Minimal_Default.Minimal_Default_C' with ClassGeneratedBy '/Game/Niveles/Mapa/Minimal_Default.Minimal_Default:PersistentLevel.Minimal_Default'
[2020.11.09-02.21.44:722][404]LogRenderer: Reallocating scene render targets to support 1292x756 NumSamples 1 (Frame:275).
[2020.11.09-02.21.57:540][663]LogScript:Warning: Attempted to access LLAVE_2 via property LLAVE_2_ExecuteUbergraph_Minimal_Default_RefProperty, but LLAVE_2 is pending kill
	Minimal_Default_C /Game/Niveles/Mapa/UEDPIE_0_Minimal_Default.Minimal_Default:PersistentLevel.Minimal_Default_C_2
	Function /Game/Niveles/Mapa/Minimal_Default.Minimal_Default_C:ExecuteUbergraph_Minimal_Default:0044
[2020.11.09-02.21.57:540][663]PIE:Error: Error Blueprint Runtime Error: Attempted to access LLAVE_2 via property LLAVE_2_ExecuteUbergraph_Minimal_Default_RefProperty, but LLAVE_2 is pending kill from function: 'ExecuteUbergraph_Minimal_Default' from node: DestroyActor in graph: EventGraph in object: Minimal_Default with description: Attempted to access LLAVE_2 via property LLAVE_2_ExecuteUbergraph_Minimal_Default_RefProperty, but LLAVE_2 is pending kill
[2020.11.09-02.21.58:452][758]LogBlueprintUserMessages: [Minimal_Default_C_2] A veces solo necesitamos ver las cosas con otra perspectiva...
[2020.11.09-02.22.04:225][372]LogBlueprintUserMessages: [Minimal_Default_C_2] A veces solo necesitamos ver las cosas con otra perspectiva...
[2020.11.09-02.22.05:302][489]LogBlueprintUserMessages: Early EndPlayMap Detection: Level '/Game/Niveles/Mapa/Minimal_Default.Minimal_Default:PersistentLevel' has LevelScriptBlueprint '/Game/Niveles/Mapa/Minimal_Default.Minimal_Default:PersistentLevel.Minimal_Default' with GeneratedClass '/Game/Niveles/Mapa/Minimal_Default.Minimal_Default_C' with ClassGeneratedBy '/Game/Niveles/Mapa/Minimal_Default.Minimal_Default:PersistentLevel.Minimal_Default'
[2020.11.09-02.22.05:357][489]LogBlueprintUserMessages: Late EndPlayMap Detection: Level '/Game/Niveles/Mapa/Minimal_Default.Minimal_Default:PersistentLevel' has LevelScriptBlueprint '/Game/Niveles/Mapa/Minimal_Default.Minimal_Default:PersistentLevel.Minimal_Default' with GeneratedClass '/Game/Niveles/Mapa/Minimal_Default.Minimal_Default_C' with ClassGeneratedBy '/Game/Niveles/Mapa/Minimal_Default.Minimal_Default:PersistentLevel.Minimal_Default'
[2020.11.09-02.22.11:013][125]LogWindowsTextInputMethodSystem:Display: IME system now deactivated.
[2020.11.09-02.22.11:274][126]Cmd: QUIT_EDITOR
[2020.11.09-02.22.11:537][126]LogExit: Preparing to exit.
[2020.11.09-02.22.12:604][126]LogExit: Editor shut down
[2020.11.09-02.22.12:605][126]LogExit: Transaction tracking system shut down
[2020.11.09-02.22.12:723][126]LogObj: Freed 0b from 0 cluster array pools.
[2020.11.09-02.22.12:723][126]LogExit: Object subsystem successfully closed.
[2020.11.09-02.22.12:813][126]LogD3D11RHI: Shutdown
[2020.11.09-02.22.12:813][126]LogD3D11RHI: CleanupD3DDevice
[2020.11.09-02.22.12:976][126]LogD3D11RHI: ~FD3D11DynamicRHI
[2020.11.09-02.22.13:024][126]LogModuleManager: Shutting down and abandoning module MovieSceneCapture (502)
[2020.11.09-02.22.13:024][126]LogModuleManager: Shutting down and abandoning module StatsViewer (500)
[2020.11.09-02.22.13:024][126]LogModuleManager: Shutting down and abandoning module HierarchicalLODOutliner (498)
[2020.11.09-02.22.13:024][126]LogModuleManager: Shutting down and abandoning module CrashTracker (496)
[2020.11.09-02.22.13:024][126]LogModuleManager: Shutting down and abandoning module SceneOutliner (494)
[2020.11.09-02.22.13:024][126]LogModuleManager: Shutting down and abandoning module AddContentDialog (492)
[2020.11.09-02.22.13:024][126]LogDirectoryWatcher: A directory notification for 'D:/UE_4.15/FeaturePacks/' was aborted.
[2020.11.09-02.22.13:026][126]LogModuleManager: Shutting down and abandoning module WidgetCarousel (491)
[2020.11.09-02.22.13:026][126]LogModuleManager: Shutting down and abandoning module EditorWidgets (488)
[2020.11.09-02.22.13:026][126]LogModuleManager: Shutting down and abandoning module CollectionManager (486)
[2020.11.09-02.22.13:026][126]LogDirectoryWatcher: A directory notification for 'C:/Users/Agustin/Documents/GitHub/Proyecto-Laberinto-Grupo-1/ProyectoLabApps/Content/Collections/' was aborted.
[2020.11.09-02.22.13:026][126]LogDirectoryWatcher: A directory notification for 'C:/Users/Agustin/Documents/GitHub/Proyecto-Laberinto-Grupo-1/ProyectoLabApps/Content/Developers/Agustin/Collections/' was aborted.
[2020.11.09-02.22.13:026][126]LogDirectoryWatcher: A directory notification for 'C:/Users/Agustin/Documents/GitHub/Proyecto-Laberinto-Grupo-1/ProyectoLabApps/Saved/Collections/' was aborted.
[2020.11.09-02.22.13:027][126]LogModuleManager: Shutting down and abandoning module FoliageEdit (484)
[2020.11.09-02.22.13:027][126]LogModuleManager: Shutting down and abandoning module LandscapeEditor (482)
[2020.11.09-02.22.13:027][126]LogModuleManager: Shutting down and abandoning module SceneDepthPickerMode (480)
[2020.11.09-02.22.13:027][126]LogModuleManager: Shutting down and abandoning module ActorPickerMode (478)
[2020.11.09-02.22.13:027][126]LogModuleManager: Shutting down and abandoning module GeometryMode (476)
[2020.11.09-02.22.13:027][126]LogModuleManager: Shutting down and abandoning module TextureAlignMode (474)
[2020.11.09-02.22.13:027][126]LogModuleManager: Shutting down and abandoning module BspMode (472)
[2020.11.09-02.22.13:027][126]LogModuleManager: Shutting down and abandoning module HardwareSurvey (470)
[2020.11.09-02.22.13:027][126]LogModuleManager: Shutting down and abandoning module SequenceRecorderSections (468)
[2020.11.09-02.22.13:027][126]LogModuleManager: Shutting down and abandoning module AutomationWorker (466)
[2020.11.09-02.22.13:027][126]LogModuleManager: Shutting down and abandoning module MatineeToLevelSequence (464)
[2020.11.09-02.22.13:027][126]LogModuleManager: Shutting down and abandoning module LevelSequenceEditor (462)
[2020.11.09-02.22.13:027][126]LogModuleManager: Shutting down and abandoning module PlacementMode (461)
[2020.11.09-02.22.13:027][126]LogModuleManager: Shutting down and abandoning module WmfMediaFactory (458)
[2020.11.09-02.22.13:027][126]LogModuleManager: Shutting down and abandoning module WmfMediaEditor (456)
[2020.11.09-02.22.13:027][126]LogModuleManager: Shutting down and abandoning module MfMediaFactory (454)
[2020.11.09-02.22.13:027][126]LogModuleManager: Shutting down and abandoning module MfMediaEditor (452)
[2020.11.09-02.22.13:027][126]LogModuleManager: Shutting down and abandoning module AvfMediaFactory (450)
[2020.11.09-02.22.13:027][126]LogModuleManager: Shutting down and abandoning module AvfMediaEditor (448)
[2020.11.09-02.22.13:027][126]LogModuleManager: Shutting down and abandoning module AndroidMediaFactory (446)
[2020.11.09-02.22.13:027][126]LogModuleManager: Shutting down and abandoning module Media (445)
[2020.11.09-02.22.13:027][126]LogModuleManager: Shutting down and abandoning module AndroidMediaEditor (442)
[2020.11.09-02.22.13:027][126]LogModuleManager: Shutting down and abandoning module CharacterAI (440)
[2020.11.09-02.22.13:027][126]LogModuleManager: Shutting down and abandoning module AudioCapture (438)
[2020.11.09-02.22.13:027][126]LogModuleManager: Shutting down and abandoning module SequenceRecorder (437)
[2020.11.09-02.22.13:027][126]LogModuleManager: Shutting down and abandoning module SmartSnapping (434)
[2020.11.09-02.22.13:027][126]LogModuleManager: Shutting down and abandoning module SessionServices (432)
[2020.11.09-02.22.13:027][126]LogModuleManager: Shutting down and abandoning module ViewportSnapping (430)
[2020.11.09-02.22.13:027][126]LogModuleManager: Shutting down and abandoning module ViewportInteraction (428)
[2020.11.09-02.22.13:027][126]LogModuleManager: Shutting down and abandoning module LogVisualizer (426)
[2020.11.09-02.22.13:027][126]LogModuleManager: Shutting down and abandoning module IntroTutorials (424)
[2020.11.09-02.22.13:028][126]LogModuleManager: Shutting down and abandoning module GameProjectGeneration (423)
[2020.11.09-02.22.13:028][126]LogModuleManager: Shutting down and abandoning module EditorLiveStreaming (420)
[2020.11.09-02.22.13:028][126]LogModuleManager: Shutting down and abandoning module IOSPlatformEditor (418)
[2020.11.09-02.22.13:028][126]LogModuleManager: Shutting down and abandoning module HTML5PlatformEditor (416)
[2020.11.09-02.22.13:028][126]LogModuleManager: Shutting down and abandoning module AndroidPlatformEditor (414)
[2020.11.09-02.22.13:028][126]LogModuleManager: Shutting down and abandoning module AndroidDeviceDetection (413)
[2020.11.09-02.22.13:451][126]LogModuleManager: Shutting down and abandoning module IOSRuntimeSettings (410)
[2020.11.09-02.22.13:451][126]LogModuleManager: Shutting down and abandoning module AndroidRuntimeSettings (408)
[2020.11.09-02.22.13:451][126]LogModuleManager: Shutting down and abandoning module InputBindingEditor (406)
[2020.11.09-02.22.13:451][126]LogModuleManager: Shutting down and abandoning module NiagaraEditor (404)
[2020.11.09-02.22.13:451][126]LogModuleManager: Shutting down and abandoning module MergeActors (402)
[2020.11.09-02.22.13:451][126]LogModuleManager: Shutting down and abandoning module SizeMap (400)
[2020.11.09-02.22.13:451][126]LogModuleManager: Shutting down and abandoning module TreeMap (398)
[2020.11.09-02.22.13:451][126]LogModuleManager: Shutting down and abandoning module ReferenceViewer (396)
[2020.11.09-02.22.13:452][126]LogModuleManager: Shutting down and abandoning module LocalizationDashboard (394)
[2020.11.09-02.22.13:452][126]LogModuleManager: Shutting down and abandoning module LocalizationService (393)
[2020.11.09-02.22.13:452][126]LogModuleManager: Shutting down and abandoning module HardwareTargeting (390)
[2020.11.09-02.22.13:452][126]LogModuleManager: Shutting down and abandoning module DeviceProfileEditor (388)
[2020.11.09-02.22.13:452][126]LogModuleManager: Shutting down and abandoning module UndoHistory (386)
[2020.11.09-02.22.13:452][126]LogModuleManager: Shutting down and abandoning module UserFeedback (384)
[2020.11.09-02.22.13:452][126]LogModuleManager: Shutting down and abandoning module XmlParser (382)
[2020.11.09-02.22.13:452][126]LogModuleManager: Shutting down and abandoning module Blutility (380)
[2020.11.09-02.22.13:452][126]LogModuleManager: Shutting down and abandoning module ProjectSettingsViewer (378)
[2020.11.09-02.22.13:452][126]LogModuleManager: Shutting down and abandoning module ProjectTargetPlatformEditor (377)
[2020.11.09-02.22.13:452][126]LogModuleManager: Shutting down and abandoning module EditorSettingsViewer (374)
[2020.11.09-02.22.13:452][126]LogModuleManager: Shutting down and abandoning module SettingsEditor (372)
[2020.11.09-02.22.13:452][126]LogModuleManager: Shutting down and abandoning module ProjectLauncher (370)
[2020.11.09-02.22.13:452][126]LogModuleManager: Shutting down and abandoning module SessionFrontend (368)
[2020.11.09-02.22.13:452][126]LogModuleManager: Shutting down and abandoning module ProfilerClient (366)
[2020.11.09-02.22.13:452][126]LogModuleManager: Shutting down and abandoning module DeviceManager (364)
[2020.11.09-02.22.13:452][126]LogModuleManager: Shutting down and abandoning module TargetDeviceServices (363)
[2020.11.09-02.22.13:496][126]LogModuleManager: Shutting down and abandoning module AutomationController (360)
[2020.11.09-02.22.13:496][126]LogModuleManager: Shutting down and abandoning module AutomationWindow (358)
[2020.11.09-02.22.13:496][126]LogModuleManager: Shutting down and abandoning module Layers (356)
[2020.11.09-02.22.13:496][126]LogModuleManager: Shutting down and abandoning module ComponentVisualizers (354)
[2020.11.09-02.22.13:496][126]LogModuleManager: Shutting down and abandoning module DetailCustomizations (352)
[2020.11.09-02.22.13:496][126]LogModuleManager: Shutting down and abandoning module PackagesDialog (350)
[2020.11.09-02.22.13:496][126]LogModuleManager: Shutting down and abandoning module Persona (348)
[2020.11.09-02.22.13:496][126]LogModuleManager: Shutting down and abandoning module AnimGraph (347)
[2020.11.09-02.22.13:496][126]LogModuleManager: Shutting down and abandoning module Kismet (344)
[2020.11.09-02.22.13:498][126]LogModuleManager: Shutting down and abandoning module GraphEditor (342)
[2020.11.09-02.22.13:498][126]LogModuleManager: Shutting down and abandoning module ClassViewer (340)
[2020.11.09-02.22.13:498][126]LogModuleManager: Shutting down and abandoning module Toolbox (338)
[2020.11.09-02.22.13:498][126]LogModuleManager: Shutting down and abandoning module ModuleUI (336)
[2020.11.09-02.22.13:498][126]LogModuleManager: Shutting down and abandoning module MovieSceneTools (334)
[2020.11.09-02.22.13:498][126]LogModuleManager: Shutting down and abandoning module OutputLog (332)
[2020.11.09-02.22.13:498][126]LogModuleManager: Shutting down and abandoning module GammaUI (330)
[2020.11.09-02.22.13:498][126]LogModuleManager: Shutting down and abandoning module Documentation (328)
[2020.11.09-02.22.13:498][126]LogModuleManager: Shutting down and abandoning module Niagara (326)
[2020.11.09-02.22.13:498][126]LogModuleManager: Shutting down and abandoning module StreamingPauseRendering (324)
[2020.11.09-02.22.13:498][126]LogModuleManager: Shutting down and abandoning module AnalyticsET (322)
[2020.11.09-02.22.13:498][126]LogModuleManager: Shutting down and abandoning module PortalServices (320)
[2020.11.09-02.22.13:498][126]LogModuleManager: Shutting down and abandoning module PortalRpc (318)
[2020.11.09-02.22.13:498][126]LogModuleManager: Shutting down and abandoning module MessagingRpc (316)
[2020.11.09-02.22.13:498][126]LogModuleManager: Shutting down and abandoning module AIModule (314)
[2020.11.09-02.22.13:498][126]LogModuleManager: Shutting down and abandoning module GameplayDebugger (313)
[2020.11.09-02.22.13:498][126]LogModuleManager: Shutting down and abandoning module AITestSuite (311)
[2020.11.09-02.22.13:498][126]LogModuleManager: Shutting down and abandoning module ProfilerService (308)
[2020.11.09-02.22.13:737][126]LogModuleManager: Shutting down and abandoning module TaskGraph (306)
[2020.11.09-02.22.13:737][126]LogModuleManager: Shutting down and abandoning module SteamVRController (304)
[2020.11.09-02.22.13:737][126]LogModuleManager: Shutting down and abandoning module SteamVR (302)
[2020.11.09-02.22.13:737][126]LogModuleManager: Shutting down and abandoning module ProceduralMeshComponentEditor (300)
[2020.11.09-02.22.13:738][126]LogModuleManager: Shutting down and abandoning module ProceduralMeshComponent (298)
[2020.11.09-02.22.13:738][126]LogModuleManager: Shutting down and abandoning module OculusLibrary (296)
[2020.11.09-02.22.13:738][126]LogModuleManager: Shutting down and abandoning module OculusInput (294)
[2020.11.09-02.22.13:738][126]LogModuleManager: Shutting down and abandoning module MobilePatchingUtils (292)
[2020.11.09-02.22.13:738][126]LogModuleManager: Shutting down and abandoning module CustomMeshComponent (290)
[2020.11.09-02.22.13:738][126]LogModuleManager: Shutting down and abandoning module CableComponent (288)
[2020.11.09-02.22.13:738][126]LogModuleManager: Shutting down and abandoning module ArchVisCharacter (286)
[2020.11.09-02.22.13:738][126]LogModuleManager: Shutting down and abandoning module MediaPlayerEditor (282)
[2020.11.09-02.22.13:738][126]LogModuleManager: Shutting down and abandoning module HTML5Networking (280)
[2020.11.09-02.22.13:738][126]LogModuleManager: Shutting down and abandoning module AlembicImporter (278)
[2020.11.09-02.22.13:738][126]LogModuleManager: Shutting down and abandoning module AlembicLibrary (277)
[2020.11.09-02.22.13:738][126]LogModuleManager: Shutting down and abandoning module GeometryCache (276)
[2020.11.09-02.22.13:738][126]LogModuleManager: Shutting down and abandoning module GeometryCacheEd (275)
[2020.11.09-02.22.13:738][126]LogModuleManager: Shutting down and abandoning module SuperSearchEditor (270)
[2020.11.09-02.22.13:738][126]LogModuleManager: Shutting down and abandoning module SuperSearch (269)
[2020.11.09-02.22.13:738][126]LogModuleManager: Shutting down and abandoning module SpeedTreeImporter (266)
[2020.11.09-02.22.13:738][126]LogModuleManager: Shutting down and abandoning module PluginBrowser (264)
[2020.11.09-02.22.13:738][126]LogModuleManager: Shutting down and abandoning module MobileLauncherProfileWizard (262)
[2020.11.09-02.22.13:738][126]LogModuleManager: Shutting down and abandoning module EpicSurvey (260)
[2020.11.09-02.22.13:738][126]LogModuleManager: Shutting down and abandoning module VisualStudioSourceCodeAccess (258)
[2020.11.09-02.22.13:738][126]LogModuleManager: Shutting down and abandoning module DesktopPlatform (257)
[2020.11.09-02.22.13:738][126]LogModuleManager: Shutting down and abandoning module UObjectPlugin (254)
[2020.11.09-02.22.13:738][126]LogModuleManager: Shutting down and abandoning module SubversionSourceControl (252)
[2020.11.09-02.22.13:738][126]LogModuleManager: Shutting down and abandoning module PerforceSourceControl (250)
[2020.11.09-02.22.13:738][126]LogModuleManager: Shutting down and abandoning module GitSourceControl (248)
[2020.11.09-02.22.13:738][126]LogModuleManager: Shutting down and abandoning module SourceControl (247)
[2020.11.09-02.22.13:738][126]LogModuleManager: Shutting down and abandoning module LightPropagationVolumeEditor (244)
[2020.11.09-02.22.13:738][126]LogModuleManager: Shutting down and abandoning module PaperTiledImporter (242)
[2020.11.09-02.22.13:738][126]LogModuleManager: Shutting down and abandoning module PaperSpriteSheetImporter (240)
[2020.11.09-02.22.13:738][126]LogModuleManager: Shutting down and abandoning module Paper2DEditor (238)
[2020.11.09-02.22.13:739][126]LogModuleManager: Shutting down and abandoning module MeshPaint (237)
[2020.11.09-02.22.13:739][126]LogModuleManager: Shutting down and abandoning module LevelEditor (235)
[2020.11.09-02.22.13:740][126]LogModuleManager: Shutting down and abandoning module PixelInspectorModule (234)
[2020.11.09-02.22.13:740][126]LogModuleManager: Shutting down and abandoning module MainFrame (232)
[2020.11.09-02.22.13:740][126]LogModuleManager: Shutting down and abandoning module HotReload (231)
[2020.11.09-02.22.13:740][126]LogDirectoryWatcher: A directory notification for 'C:/Users/Agustin/Documents/GitHub/Proyecto-Laberinto-Grupo-1/ProyectoLabApps/Binaries/Win64' was aborted.
[2020.11.09-02.22.13:741][126]LogModuleManager: Shutting down and abandoning module ContentBrowser (227)
[2020.11.09-02.22.13:742][126]LogModuleManager: Shutting down and abandoning module ProyectoLabApps (224)
[2020.11.09-02.22.13:742][126]LogModuleManager: Shutting down and abandoning module PhysXVehiclesEditor (222)
[2020.11.09-02.22.13:742][126]LogModuleManager: Shutting down and abandoning module PhysXVehicles (220)
[2020.11.09-02.22.13:742][126]LogModuleManager: Shutting down and abandoning module LocationServicesBPLibrary (218)
[2020.11.09-02.22.13:742][126]LogModuleManager: Shutting down and abandoning module UdpMessaging (216)
[2020.11.09-02.22.13:843][126]LogModuleManager: Shutting down and abandoning module TcpMessaging (214)
[2020.11.09-02.22.13:945][126]LogModuleManager: Shutting down and abandoning module GameplayTagsEditor (212)
[2020.11.09-02.22.13:945][126]LogModuleManager: Shutting down and abandoning module FacialAnimationEditor (210)
[2020.11.09-02.22.13:945][126]LogModuleManager: Shutting down and abandoning module FacialAnimation (208)
[2020.11.09-02.22.13:945][126]LogModuleManager: Shutting down and abandoning module LightPropagationVolumeRuntime (206)
[2020.11.09-02.22.13:945][126]LogModuleManager: Shutting down and abandoning module Paper2D (204)
[2020.11.09-02.22.13:946][126]LogModuleManager: Shutting down and abandoning module WindowsMoviePlayer (202)
[2020.11.09-02.22.13:946][126]LogModuleManager: Shutting down and abandoning module WmfMedia (200)
[2020.11.09-02.22.13:949][126]LogModuleManager: Shutting down and abandoning module MfMedia (198)
[2020.11.09-02.22.13:949][126]LogModuleManager: Shutting down and abandoning module MediaAssets (196)
[2020.11.09-02.22.13:949][126]LogModuleManager: Shutting down and abandoning module GameLiveStreaming (194)
[2020.11.09-02.22.13:949][126]LogModuleManager: Shutting down and abandoning module VREditor (192)
[2020.11.09-02.22.13:949][126]LogModuleManager: Shutting down and abandoning module GameplayTasksEditor (190)
[2020.11.09-02.22.13:949][126]LogModuleManager: Shutting down and abandoning module BehaviorTreeEditor (188)
[2020.11.09-02.22.13:949][126]LogModuleManager: Shutting down and abandoning module FunctionalTesting (186)
[2020.11.09-02.22.13:949][126]LogModuleManager: Shutting down and abandoning module CollisionAnalyzer (184)
[2020.11.09-02.22.13:949][126]LogModuleManager: Shutting down and abandoning module UMG (182)
[2020.11.09-02.22.13:949][126]LogModuleManager: Shutting down and abandoning module UMGEditor (181)
[2020.11.09-02.22.13:950][126]LogModuleManager: Shutting down and abandoning module Sequencer (180)
[2020.11.09-02.22.13:950][126]LogModuleManager: Shutting down and abandoning module AssetTools (178)
[2020.11.09-02.22.13:950][126]LogModuleManager: Shutting down and abandoning module MessageLog (177)
[2020.11.09-02.22.13:950][126]LogModuleManager: Shutting down and abandoning module WorkspaceMenuStructure (176)
[2020.11.09-02.22.13:950][126]LogModuleManager: Shutting down and abandoning module SlateReflector (170)
[2020.11.09-02.22.13:950][126]LogModuleManager: Shutting down and abandoning module Slate (168)
[2020.11.09-02.22.13:950][126]LogModuleManager: Shutting down and abandoning module EditorStyle (166)
[2020.11.09-02.22.13:956][126]LogModuleManager: Shutting down and abandoning module SourceCodeAccess (164)
[2020.11.09-02.22.13:956][126]LogModuleManager: Shutting down and abandoning module HeadMountedDisplay (162)
[2020.11.09-02.22.13:956][126]LogModuleManager: Shutting down and abandoning module XAudio2 (160)
[2020.11.09-02.22.13:956][126]LogModuleManager: Shutting down and abandoning module Networking (158)
[2020.11.09-02.22.13:956][126]LogModuleManager: Shutting down and abandoning module Core (154)
[2020.11.09-02.22.13:957][126]LogModuleManager: Shutting down and abandoning module AssetRegistry (152)
[2020.11.09-02.22.14:046][126]LogDirectoryWatcher: A directory notification for '../../../Engine/Content/' was aborted.
[2020.11.09-02.22.14:046][126]LogDirectoryWatcher: A directory notification for 'C:/Users/Agustin/Documents/GitHub/Proyecto-Laberinto-Grupo-1/ProyectoLabApps/Content/' was aborted.
[2020.11.09-02.22.14:046][126]LogDirectoryWatcher: A directory notification for '../../../Engine/Plugins/2D/Paper2D/Content/' was aborted.
[2020.11.09-02.22.14:046][126]LogModuleManager: Shutting down and abandoning module DirectoryWatcher (151)
[2020.11.09-02.22.14:047][126]LogModuleManager: Shutting down and abandoning module KismetCompiler (148)
[2020.11.09-02.22.14:047][126]LogModuleManager: Shutting down and abandoning module PhysXFormats (146)
[2020.11.09-02.22.14:047][126]LogModuleManager: Shutting down and abandoning module MeshUtilities (144)
[2020.11.09-02.22.14:047][126]LogModuleManager: Shutting down and abandoning module SimplygonSwarm (143)
[2020.11.09-02.22.14:047][126]LogModuleManager: Shutting down and abandoning module SimplygonMeshReduction (141)
[2020.11.09-02.22.14:047][126]LogModuleManager: Shutting down and abandoning module QuadricMeshReduction (139)
[2020.11.09-02.22.14:048][126]LogModuleManager: Shutting down and abandoning module PropertyEditor (137)
[2020.11.09-02.22.14:048][126]LogModuleManager: Shutting down and abandoning module DerivedDataCache (134)
[2020.11.09-02.22.14:470][126]LogDerivedDataCache: Shutdown
[2020.11.09-02.22.14:470][126]LogModuleManager: Shutting down and abandoning module TargetPlatform (132)
[2020.11.09-02.22.14:470][126]LogModuleManager: Shutting down and abandoning module VulkanShaderFormat (131)
[2020.11.09-02.22.14:470][126]LogModuleManager: Shutting down and abandoning module ShaderFormatOpenGL (129)
[2020.11.09-02.22.14:470][126]LogModuleManager: Shutting down and abandoning module ShaderFormatD3D (127)
[2020.11.09-02.22.14:470][126]LogModuleManager: Shutting down and abandoning module MetalShaderFormat (125)
[2020.11.09-02.22.14:470][126]LogModuleManager: Shutting down and abandoning module TextureFormatUncompressed (123)
[2020.11.09-02.22.14:470][126]LogModuleManager: Shutting down and abandoning module TextureFormatPVR (121)
[2020.11.09-02.22.14:470][126]LogModuleManager: Shutting down and abandoning module TextureFormatDXT (119)
[2020.11.09-02.22.14:470][126]LogModuleManager: Shutting down and abandoning module TextureFormatIntelISPCTexComp (117)
[2020.11.09-02.22.14:470][126]LogModuleManager: Shutting down and abandoning module TextureFormatASTC (115)
[2020.11.09-02.22.14:470][126]LogModuleManager: Shutting down and abandoning module ImageWrapper (114)
[2020.11.09-02.22.14:470][126]LogModuleManager: Shutting down and abandoning module TextureFormatAndroid (111)
[2020.11.09-02.22.14:470][126]LogModuleManager: Shutting down and abandoning module AudioFormatOpus (109)
[2020.11.09-02.22.14:470][126]LogModuleManager: Shutting down and abandoning module AudioFormatOgg (107)
[2020.11.09-02.22.14:470][126]LogModuleManager: Shutting down and abandoning module AudioFormatADPCM (105)
[2020.11.09-02.22.14:470][126]LogModuleManager: Shutting down and abandoning module LinuxTargetPlatform (103)
[2020.11.09-02.22.14:470][126]LogModuleManager: Shutting down and abandoning module LinuxServerTargetPlatform (101)
[2020.11.09-02.22.14:470][126]LogModuleManager: Shutting down and abandoning module LinuxNoEditorTargetPlatform (99)
[2020.11.09-02.22.14:470][126]LogModuleManager: Shutting down and abandoning module LinuxClientTargetPlatform (97)
[2020.11.09-02.22.14:470][126]LogModuleManager: Shutting down and abandoning module TVOSTargetPlatform (95)
[2020.11.09-02.22.14:470][126]LogModuleManager: Shutting down and abandoning module Messaging (93)
[2020.11.09-02.22.14:470][126]LogModuleManager: Shutting down and abandoning module IOSTargetPlatform (91)
[2020.11.09-02.22.14:470][126]LogModuleManager: Shutting down and abandoning module HTML5TargetPlatform (89)
[2020.11.09-02.22.14:470][126]LogModuleManager: Shutting down and abandoning module Android_PVRTCTargetPlatform (87)
[2020.11.09-02.22.14:470][126]LogModuleManager: Shutting down and abandoning module Android_MultiTargetPlatform (85)
[2020.11.09-02.22.14:470][126]LogModuleManager: Shutting down and abandoning module Android_ETC2TargetPlatform (83)
[2020.11.09-02.22.14:470][126]LogModuleManager: Shutting down and abandoning module Android_ETC1TargetPlatform (81)
[2020.11.09-02.22.14:470][126]LogModuleManager: Shutting down and abandoning module Android_DXTTargetPlatform (79)
[2020.11.09-02.22.14:470][126]LogModuleManager: Shutting down and abandoning module Android_ATCTargetPlatform (77)
[2020.11.09-02.22.14:470][126]LogModuleManager: Shutting down and abandoning module Android_ASTCTargetPlatform (75)
[2020.11.09-02.22.14:471][126]LogModuleManager: Shutting down and abandoning module AndroidTargetPlatform (73)
[2020.11.09-02.22.14:471][126]LogModuleManager: Shutting down and abandoning module WindowsTargetPlatform (71)
[2020.11.09-02.22.14:471][126]LogModuleManager: Shutting down and abandoning module WindowsServerTargetPlatform (69)
[2020.11.09-02.22.14:471][126]LogModuleManager: Shutting down and abandoning module WindowsNoEditorTargetPlatform (67)
[2020.11.09-02.22.14:471][126]LogModuleManager: Shutting down and abandoning module WindowsClientTargetPlatform (65)
[2020.11.09-02.22.14:471][126]LogModuleManager: Shutting down and abandoning module MacTargetPlatform (63)
[2020.11.09-02.22.14:471][126]LogModuleManager: Shutting down and abandoning module MacServerTargetPlatform (61)
[2020.11.09-02.22.14:471][126]LogModuleManager: Shutting down and abandoning module MacNoEditorTargetPlatform (59)
[2020.11.09-02.22.14:471][126]LogModuleManager: Shutting down and abandoning module MacClientTargetPlatform (57)
[2020.11.09-02.22.14:471][126]LogModuleManager: Shutting down and abandoning module AllDesktopTargetPlatform (55)
[2020.11.09-02.22.14:471][126]LogModuleManager: Shutting down and abandoning module InputCore (52)
[2020.11.09-02.22.14:471][126]LogModuleManager: Shutting down and abandoning module Settings (50)
[2020.11.09-02.22.14:471][126]LogModuleManager: Shutting down and abandoning module OculusRift (48)
[2020.11.09-02.22.14:471][126]LogModuleManager: Shutting down and abandoning module GearVR (46)
[2020.11.09-02.22.14:471][126]LogModuleManager: Shutting down and abandoning module ExampleDeviceProfileSelector (44)
[2020.11.09-02.22.14:471][126]LogModuleManager: Shutting down and abandoning module OnlineBlueprintSupport (42)
[2020.11.09-02.22.14:471][126]LogModuleManager: Shutting down and abandoning module OnlineSubsystem (38)
[2020.11.09-02.22.14:471][126]LogOnline:Display: Unloading online subsystem: NULL
[2020.11.09-02.22.14:471][126]LogModuleManager: Shutting down and abandoning module XMPP (37)
[2020.11.09-02.22.14:472][126]LogModuleManager: Shutting down and abandoning module HTTP (35)
[2020.11.09-02.22.14:472][126]LogHttp:Display: Http module shutting down, but needs to wait on 1 outstanding Http requests:
[2020.11.09-02.22.14:472][126]LogHttp:Display: 	verb=[POST] url=[https://datarouter.ol.epicgames.com/datarouter/api/v1/public/data?SessionID=%7B2ACE9696-4B45-315F-2AC8-10AAD58613D6%7D&AppID=UEEditor.Rocket.Release&AppVersion=4.15.3-3450819%2B%2B%2BUE4%2BRelease-4.15&UserID=f5e998e549e3bb5f2fa3fdbb6fffe316%7C16c25dba26c848f78896a45074711812%7C6934ec48-4a44-40fa-8185-684cbb78aa5a&AppEnvironment=datacollector-binary&UploadType=eteventstream] status=Processing
[2020.11.09-02.22.14:494][126]LogModuleManager: Shutting down and abandoning module SSL (34)
[2020.11.09-02.22.14:496][126]LogModuleManager: Shutting down and abandoning module AudioEditor (30)
[2020.11.09-02.22.14:496][126]LogModuleManager: Shutting down and abandoning module TextureCompressor (28)
[2020.11.09-02.22.14:496][126]LogModuleManager: Shutting down and abandoning module ShaderCore (26)
[2020.11.09-02.22.14:496][126]LogModuleManager: Shutting down and abandoning module Landscape (24)
[2020.11.09-02.22.14:496][126]LogModuleManager: Shutting down and abandoning module SlateRHIRenderer (22)
[2020.11.09-02.22.14:499][126]LogModuleManager: Shutting down and abandoning module OpenGLDrv (20)
[2020.11.09-02.22.14:499][126]LogModuleManager: Shutting down and abandoning module D3D11RHI (18)
[2020.11.09-02.22.14:499][126]LogModuleManager: Shutting down and abandoning module AnimGraphRuntime (16)
[2020.11.09-02.22.14:499][126]LogModuleManager: Shutting down and abandoning module Renderer (14)
[2020.11.09-02.22.14:499][126]LogModuleManager: Shutting down and abandoning module Engine (12)
[2020.11.09-02.22.14:499][126]LogModuleManager: Shutting down and abandoning module CoreUObject (10)
[2020.11.09-02.22.14:499][126]LogModuleManager: Shutting down and abandoning module NetworkFile (8)
[2020.11.09-02.22.14:499][126]LogModuleManager: Shutting down and abandoning module StreamingFile (6)
[2020.11.09-02.22.14:499][126]LogModuleManager: Shutting down and abandoning module SandboxFile (4)
[2020.11.09-02.22.14:499][126]LogModuleManager: Shutting down and abandoning module PakFile (2)
[2020.11.09-02.22.14:504][126]LogExit: Exiting.
[2020.11.09-02.22.14:528][126]Log file closed, 11/08/20 23:22:14
