Log file open, 11/08/20 20:22:49
LogInit:Display: Running engine for game: ProyectoLabApps
LogPlatformFile: Not using cached read wrapper
LogInit:Display: RandInit(-1254084819) SRandInit(-1254084818).
LogTaskGraph: Started task graph with 5 named threads and 8 total threads with 1 sets of task threads.
LogStats: Stats thread started at 0.153317
LogInit: Using libcurl 7.47.1
LogInit:  - built for x86_64-pc-win32
LogInit:  - supports SSL with OpenSSL/1.0.2g
LogInit:  - supports HTTP deflate (compression) using libz 1.2.8
LogInit:  - other features:
LogInit:      CURL_VERSION_SSL
LogInit:      CURL_VERSION_LIBZ
LogInit:      CURL_VERSION_IPV6
LogInit:      CURL_VERSION_ASYNCHDNS
LogInit:      CURL_VERSION_LARGEFILE
LogInit:      CURL_VERSION_IDN
LogInit:  CurlRequestOptions (configurable via config and command line):
LogInit:  - bVerifyPeer = false  - Libcurl will NOT verify peer certificate
LogInit:  - bUseHttpProxy = false  - Libcurl will NOT use HTTP proxy
LogInit:  - bDontReuseConnections = false  - Libcurl will reuse connections
LogInit:  - CertBundlePath = nullptr  - Libcurl will use whatever was configured at build time.
LogInit: Build: ++UE4+Release-4.15-CL-3450819
LogInit: Engine Version: 4.15.3-3450819+++UE4+Release-4.15
LogInit: Compatible Engine Version: 4.15.0-3299760+++UE4+Release-4.15
LogInit: Net CL: 3299760
LogDevObjectVersion: Number of dev versions registered: 14
LogDevObjectVersion:   Dev-Blueprints (B0D832E4-1F89-4F0D-ACCF-7EB736FD4AA2): 8
LogDevObjectVersion:   Dev-Build (E1C64328-A22C-4D53-A36C-8E866417BD8C): 0
LogDevObjectVersion:   Dev-Core (375EC13C-06E4-48FB-B500-84F0262A717E): 2
LogDevObjectVersion:   Dev-Editor (E4B068ED-F494-42E9-A231-DA0B2E46BB41): 14
LogDevObjectVersion:   Dev-Framework (CFFC743F-43B0-4480-9391-14DF171D2073): 22
LogDevObjectVersion:   Dev-Mobile (B02B49B5-BB20-44E9-A304-32B752E40360): 0
LogDevObjectVersion:   Dev-Networking (A4E4105C-59A1-49B5-A7C5-40C4547EDFEE): 0
LogDevObjectVersion:   Dev-Online (39C831C9-5AE6-47DC-9A44-9C173E1C8E7C): 0
LogDevObjectVersion:   Dev-Physics (78F01B33-EBEA-4F98-B9B4-84EACCB95AA2): 0
LogDevObjectVersion:   Dev-Platform (6631380F-2D4D-43E0-8009-CF276956A95A): 0
LogDevObjectVersion:   Dev-Rendering (12F88B9F-8875-4AFC-A67C-D90C383ABD29): 12
LogDevObjectVersion:   Dev-Sequencer (7B5AE74C-D270-4C10-A958-57980B212A5A): 3
LogDevObjectVersion:   Dev-VR (D7296918-1DD6-4BDD-9DE2-64A83CC13884): 0
LogDevObjectVersion:   Dev-LoadTimes (C2A15278-BFE7-4AFE-6C17-90FF531DF755): 1
LogInit: Compiled (64-bit): May 21 2017 11:02:34
LogInit: Compiled with Visual C++: 19.00.23026.00
LogInit: Build Configuration: Development
LogInit: Branch Name: ++UE4+Release-4.15
LogInit: Command line: 
LogInit: Base directory: C:/Users/Diez 04-07-19/Documents/UE_4.15/Engine/Binaries/Win64/
LogInit: Installed Engine Build: 1
LogInit: Presizing for max 8388607 objects, including 0 objects not considered by GC, pre-allocating 0 bytes for permanent pool.
LogInit: Object subsystem initialized
[2020.11.08-23.22.51:860][  0]LogInit: Selected Device Profile: [Windows]
[2020.11.08-23.22.51:860][  0]LogInit: Applying CVar settings loaded from the selected device profile: [Windows]
[2020.11.08-23.22.51:877][  0]LogInit: Computer: DESKTOP-1MG3D4T
[2020.11.08-23.22.51:877][  0]LogInit: User: baldo
[2020.11.08-23.22.51:877][  0]LogInit: CPU Page size=65536, Cores=4
[2020.11.08-23.22.51:877][  0]LogInit: High frequency timer resolution =10.000000 MHz
[2020.11.08-23.22.51:877][  0]LogMemory: Memory total: Physical=5.9GB (6GB approx)
[2020.11.08-23.22.51:877][  0]LogMemory: Platform Memory Stats for Windows
[2020.11.08-23.22.51:877][  0]LogMemory: Process Physical Memory: 263.87 MB used, 263.88 MB peak
[2020.11.08-23.22.51:877][  0]LogMemory: Process Virtual Memory: 262.51 MB used, 262.51 MB peak
[2020.11.08-23.22.51:877][  0]LogMemory: Physical Memory: 4676.55 MB used,  1414.91 MB free, 6091.46 MB total
[2020.11.08-23.22.51:877][  0]LogMemory: Virtual Memory: 4750.39 MB used,  1414.91 MB free, 134217728.00 MB total
[2020.11.08-23.22.52:161][  0]LogTextLocalizationManager: No specific translations for ('es-AR') exist, so ('es') translations will be used.
[2020.11.08-23.22.53:499][  0]LogD3D11RHI: D3D11 adapters:
[2020.11.08-23.22.53:603][  0]LogD3D11RHI:    0. 'AMD Radeon(TM) RX Vega 11 Graphics' (Feature Level 11_0)
[2020.11.08-23.22.53:603][  0]LogD3D11RHI:       2033/0/3045 MB DedicatedVideo/DedicatedSystem/SharedSystem, Outputs:1, VendorId:0x1002
[2020.11.08-23.22.53:608][  0]LogD3D11RHI:    1. 'Microsoft Basic Render Driver' (Feature Level 11_0)
[2020.11.08-23.22.53:608][  0]LogD3D11RHI:       0/0/3045 MB DedicatedVideo/DedicatedSystem/SharedSystem, Outputs:0, VendorId:0x1414
[2020.11.08-23.22.53:608][  0]LogD3D11RHI: Chosen D3D11 Adapter: 0
[2020.11.08-23.22.53:621][  0]LogD3D11RHI: Creating new Direct3DDevice
[2020.11.08-23.22.53:621][  0]LogD3D11RHI:     GPU DeviceId: 0x15dd (for the marketing name, search the web for "GPU Device Id")
[2020.11.08-23.22.53:621][  0]LogWindows: EnumDisplayDevices:
[2020.11.08-23.22.53:622][  0]LogWindows:    0. 'AMD Radeon(TM) RX Vega 11 Graphics' (P:1 D:1)
[2020.11.08-23.22.53:622][  0]LogWindows:    1. 'AMD Radeon(TM) RX Vega 11 Graphics' (P:0 D:0)
[2020.11.08-23.22.53:622][  0]LogWindows:    2. 'AMD Radeon(TM) RX Vega 11 Graphics' (P:0 D:0)
[2020.11.08-23.22.53:623][  0]LogWindows:    3. 'AMD Radeon(TM) RX Vega 11 Graphics' (P:0 D:0)
[2020.11.08-23.22.53:623][  0]LogWindows: DebugString: GetVideoDriverDetailsInvalid PrimaryIsNotTheChoosenAdapter GetVideoDriverDetailsInvalid PrimaryIsNotTheChoosenAdapter GetVideoDriverDetailsInvalid PrimaryIsNotTheChoosenAdapter GetVideoDriverDetailsInvalid PrimaryIsNotTheChoosenAdapter FoundDriverCount:0 
[2020.11.08-23.22.53:623][  0]LogD3D11RHI:     Adapter Name: AMD Radeon(TM) RX Vega 11 Graphics
[2020.11.08-23.22.53:623][  0]LogD3D11RHI:   Driver Version: Unknown (internal:Unknown, unified:Unknown)
[2020.11.08-23.22.53:623][  0]LogD3D11RHI:      Driver Date: Unknown
[2020.11.08-23.22.53:623][  0]LogRHI: Texture pool is 1361 MB (70% of 1945 MB)
[2020.11.08-23.22.53:677][  0]LogD3D11RHI: Async texture creation enabled
[2020.11.08-23.22.53:713][  0]LogD3D11RHI: GPU Timing Frequency: 25.000000 (Debug: 2 1)
[2020.11.08-23.22.53:718][  0]LogShaderCompilers: Guid format shader working directory is -8 characters bigger than the processId version (../../../../GitHub/Proyecto-Laberinto-Grupo-1/ProyectoLabApps/Intermediate/Shaders/WorkingDirectory/12788/).
[2020.11.08-23.22.53:718][  0]LogShaderCompilers: Cleaned the shader compiler working directory 'C:/Users/Diez 04-07-19/AppData/Local/Temp/UnrealShaderWorkingDir/1D54D5794A3FB3D13344A996E3753143/'.
[2020.11.08-23.22.53:718][  0]LogShaderCompilers:Display: Using Local Shader Compiler.
[2020.11.08-23.22.56:059][  0]LogTemp:Display: Loaded TP AllDesktopTargetPlatform
[2020.11.08-23.22.56:229][  0]LogTemp:Display: Loaded TP MacClientTargetPlatform
[2020.11.08-23.22.56:386][  0]LogTemp:Display: Loaded TP MacNoEditorTargetPlatform
[2020.11.08-23.22.56:543][  0]LogTemp:Display: Loaded TP MacServerTargetPlatform
[2020.11.08-23.22.56:702][  0]LogTemp:Display: Loaded TP MacTargetPlatform
[2020.11.08-23.22.56:872][  0]LogTemp:Display: Loaded TP WindowsClientTargetPlatform
[2020.11.08-23.22.57:019][  0]LogTemp:Display: Loaded TP WindowsNoEditorTargetPlatform
[2020.11.08-23.22.57:165][  0]LogTemp:Display: Loaded TP WindowsServerTargetPlatform
[2020.11.08-23.22.57:292][  0]LogTemp:Display: Loaded TP WindowsTargetPlatform
[2020.11.08-23.22.57:429][  0]LogTemp:Display: Loaded TP AndroidTargetPlatform
[2020.11.08-23.22.57:579][  0]LogTemp:Display: Loaded TP Android_ASTCTargetPlatform
[2020.11.08-23.22.57:727][  0]LogTemp:Display: Loaded TP Android_ATCTargetPlatform
[2020.11.08-23.22.57:863][  0]LogTemp:Display: Loaded TP Android_DXTTargetPlatform
[2020.11.08-23.22.58:039][  0]LogTemp:Display: Loaded TP Android_ETC1TargetPlatform
[2020.11.08-23.22.58:225][  0]LogTemp:Display: Loaded TP Android_ETC2TargetPlatform
[2020.11.08-23.22.58:578][  0]LogTemp:Display: Loaded TP Android_MultiTargetPlatform
[2020.11.08-23.22.58:578][  0]LogTemp:Display: Loaded TP Android_PVRTCTargetPlatform
[2020.11.08-23.22.58:729][  0]LogTemp:Display: Loaded TP HTML5TargetPlatform
[2020.11.08-23.22.59:023][  0]LogTemp:Display: Loaded TP IOSTargetPlatform
[2020.11.08-23.22.59:141][  0]LogTemp:Display: Loaded TP TVOSTargetPlatform
[2020.11.08-23.22.59:324][  0]LogTemp:Display: Loaded TP LinuxClientTargetPlatform
[2020.11.08-23.22.59:485][  0]LogTemp:Display: Loaded TP LinuxNoEditorTargetPlatform
[2020.11.08-23.22.59:617][  0]LogTemp:Display: Loaded TP LinuxServerTargetPlatform
[2020.11.08-23.22.59:786][  0]LogTemp:Display: Loaded TP LinuxTargetPlatform
[2020.11.08-23.22.59:786][  0]LogTargetPlatformManager:Display: Building Assets For Windows
[2020.11.08-23.23.01:604][  0]LogDerivedDataCache:Display: Max Cache Size: 512 MB
[2020.11.08-23.23.01:697][  0]LogDerivedDataCache: Loaded boot cache 0.09s 50MB C:/Users/Diez 04-07-19/AppData/Local/UnrealEngine/4.15/DerivedDataCache/Boot.ddc.
[2020.11.08-23.23.01:697][  0]LogDerivedDataCache:Display: Loaded Boot cache: C:/Users/Diez 04-07-19/AppData/Local/UnrealEngine/4.15/DerivedDataCache/Boot.ddc
[2020.11.08-23.23.01:697][  0]LogDerivedDataCache: FDerivedDataBackendGraph:  Pak pak cache file ../../../../GitHub/Proyecto-Laberinto-Grupo-1/ProyectoLabApps/DerivedDataCache/DDC.ddp not found, will not use a pak cache.
[2020.11.08-23.23.01:697][  0]LogDerivedDataCache: Unable to find inner node Pak for hierarchical cache Hierarchy.
[2020.11.08-23.23.01:697][  0]LogDerivedDataCache: FDerivedDataBackendGraph:  CompressedPak pak cache file ../../../../GitHub/Proyecto-Laberinto-Grupo-1/ProyectoLabApps/DerivedDataCache/Compressed.ddp not found, will not use a pak cache.
[2020.11.08-23.23.01:697][  0]LogDerivedDataCache: Unable to find inner node CompressedPak for hierarchical cache Hierarchy.
[2020.11.08-23.23.01:723][  0]LogDerivedDataCache:Display: Pak cache opened for reading ../../../Engine/DerivedDataCache/Compressed.ddp.
[2020.11.08-23.23.01:738][  0]LogDerivedDataCache: Using Local data cache path C:/Users/Diez 04-07-19/AppData/Local/UnrealEngine/Common/DerivedDataCache: Writable
[2020.11.08-23.23.01:753][  0]LogSlate: Using Freetype 2.6.0
[2020.11.08-23.23.01:755][  0]LogSlate: SlateFontCache - WITH_FREETYPE: 1, WITH_HARFBUZZ: 1
[2020.11.08-23.23.01:755][  0]LogSlate: SlateFontCache - WITH_FREETYPE: 1, WITH_HARFBUZZ: 1
[2020.11.08-23.23.02:326][  0]LogInit: Selected Device Profile: [Windows]
[2020.11.08-23.23.02:331][  0]LogContentStreaming: Texture pool size is 0.00 MB
[2020.11.08-23.23.02:901][  0]LogMeshUtilities: Using QuadricMeshReduction for automatic static mesh reduction
[2020.11.08-23.23.03:060][  0]LogSimplygon: Simplygon DLL not present - disabling.
[2020.11.08-23.23.03:225][  0]LogMeshUtilities: Using SimplygonSwarm for distributed automatic mesh merging
[2020.11.08-23.23.03:225][  0]LogMeshUtilities: No automatic skeletal mesh reduction module available
[2020.11.08-23.23.03:225][  0]LogMeshUtilities: No automatic mesh merging module available
[2020.11.08-23.23.04:523][  0]LogNetVersion: GetLocalNetworkVersion: CL: 3299760, ProjectName: proyectolabapps, ProjectVersion: , EngineNetworkVersion: 2, GameNetworkVersion: 0, NetworkChecksum: 1791571130
[2020.11.08-23.23.04:643][  0]LogAssetRegistry: FAssetRegistry took 0.0312 seconds to start up
[2020.11.08-23.23.04:795][  0]LogPackageLocalizationCache: Processed 3 localized package path(s) for 2 prioritized culture(s) in 0.055314 seconds
[2020.11.08-23.23.04:812][  0]LogUObjectArray: 32493 objects as part of root set at end of initial load.
[2020.11.08-23.23.04:812][  0]LogUObjectAllocator: 7077032 out of 0 bytes used by permanent object pool.
[2020.11.08-23.23.04:812][  0]LogUObjectArray: CloseDisregardForGC: 0/0 objects in disregard for GC pool
[2020.11.08-23.23.05:093][  0]LogInit: WinSock: version 1.1 (2.2), MaxSocks=32767, MaxUdp=65467
[2020.11.08-23.23.10:990][  0]LogTcpMessaging: Initializing TcpMessaging bridge
[2020.11.08-23.23.11:145][  0]LogUdpMessaging: Initializing bridge on interface 0.0.0.0:0 to multicast group 230.0.0.1:6666.
[2020.11.08-23.23.12:620][  0]LogMaterial: Uniform references updated for custom material expression Custom.
[2020.11.08-23.23.13:627][  0]SourceControl: Información El control de código fuente está desactivado
[2020.11.08-23.23.13:629][  0]SourceControl: Información El control de código fuente está desactivado
[2020.11.08-23.23.13:780][  0]SourceControl: Información El control de código fuente está desactivado
[2020.11.08-23.23.13:988][  0]SourceControl: Información El control de código fuente está desactivado
[2020.11.08-23.23.18:551][  0]LogEngine: Initializing Engine...
[2020.11.08-23.23.18:554][  0]LogHMD: Failed to initialize OpenVR with code 110
[2020.11.08-23.23.18:759][  0]LogStats: UGameplayTagsManager::ConstructGameplayTagTree: Construct from data asset -  0.000 s
[2020.11.08-23.23.18:759][  0]LogStats: UGameplayTagsManager::ConstructGameplayTagTree: GameplayTagTreeChangedEvent.Broadcast -  0.000 s
[2020.11.08-23.23.19:185][  0]LogAIModule: Creating AISystem for world Untitled
[2020.11.08-23.23.19:212][  0]LogInit: XAudio2 using 'Altavoces (Realtek(R) Audio)' : 2 channels at 48 kHz using 32 bits per sample (channel mask 0x3)
[2020.11.08-23.23.19:252][  0]LogInit: FAudioDevice initialized.
[2020.11.08-23.23.19:324][  0]LogDerivedDataCache: Saved boot cache 0.07s 50MB C:/Users/Diez 04-07-19/AppData/Local/UnrealEngine/4.15/DerivedDataCache/Boot.ddc.
[2020.11.08-23.23.19:334][  0]LogInit: Texture streaming: Enabled
[2020.11.08-23.23.19:655][  0]LogEngineSessionManager: EngineSessionManager initialized
[2020.11.08-23.23.19:952][  0]LogInit: Transaction tracking system initialized
[2020.11.08-23.23.21:342][  0]BlueprintLog: New page: Cargar el editor
[2020.11.08-23.23.24:764][  0]LocalizationService: Información Localization service is disabled
[2020.11.08-23.23.27:228][  0]LogConsoleResponse:Display: 
[2020.11.08-23.23.27:522][  0]LogCook:Display: Max memory allowance for cook 16384mb min free memory 0mb
[2020.11.08-23.23.27:522][  0]LogCook:Display: Mobile HDR setting 1
[2020.11.08-23.23.28:064][  0]LogFileCache: Scanning file cache for directory 'C:/Users/Diez 04-07-19/Documents/GitHub/Proyecto-Laberinto-Grupo-1/ProyectoLabApps/Content/' took 0.02s
[2020.11.08-23.23.31:254][  0]SourceControl: Información El control de código fuente está desactivado
[2020.11.08-23.23.31:254][  0]Cmd: MAP LOAD FILE="../../../../GitHub/Proyecto-Laberinto-Grupo-1/ProyectoLabApps/Content/StarterContent/Maps/Minimal_Default.umap" TEMPLATE=0 SHOWPROGRESS=1 FEATURELEVEL=3
[2020.11.08-23.23.31:255][  0]LogEditorServer:Warning: Can't find file '../../../../GitHub/Proyecto-Laberinto-Grupo-1/ProyectoLabApps/Content/StarterContent/Maps/Minimal_Default.umap'
[2020.11.08-23.23.31:255][  0]Cmd: MAP CHECKDEP NOCLEARLOG
[2020.11.08-23.23.31:365][  0]MapCheck: Información Map check complete: 0 Error(s), 0 Warning(s), took 110,721ms to complete.
[2020.11.08-23.23.31:366][  0]LogFileHelpers: Loading map 'Minimal_Default' took 0.112
[2020.11.08-23.23.31:785][  0]LogCollectionManager: Loaded 0 collections in 0.003545 seconds
[2020.11.08-23.23.32:016][  0]LogFileCache: Scanning file cache for directory 'C:/Users/Diez 04-07-19/Documents/GitHub/Proyecto-Laberinto-Grupo-1/ProyectoLabApps/Saved/Collections/' took 0.03s
[2020.11.08-23.23.32:016][  0]LogFileCache: Scanning file cache for directory 'C:/Users/Diez 04-07-19/Documents/GitHub/Proyecto-Laberinto-Grupo-1/ProyectoLabApps/Content/Developers/baldo/Collections/' took 0.02s
[2020.11.08-23.23.32:016][  0]LogFileCache: Scanning file cache for directory 'C:/Users/Diez 04-07-19/Documents/GitHub/Proyecto-Laberinto-Grupo-1/ProyectoLabApps/Content/Collections/' took 0.02s
[2020.11.08-23.23.32:016][  0]LogCollectionManager: Rebuilt the GUID cache for 0 collections in 0.000005 seconds
[2020.11.08-23.23.32:034][  0]LogContentBrowser: Native class hierarchy populated in 0.0171 seconds. Added 2246 classes and 455 folders.
[2020.11.08-23.23.32:274][  0]LogContentBrowser: Native class hierarchy updated for 'WidgetCarousel' in 0.0034 seconds. Added 0 classes and 0 folders.
[2020.11.08-23.23.33:642][  0]LogContentBrowser: Native class hierarchy updated for 'AddContentDialog' in 0.0028 seconds. Added 0 classes and 0 folders.
[2020.11.08-23.23.33:820][  0]LogContentBrowser: Native class hierarchy updated for 'SceneOutliner' in 0.0046 seconds. Added 1 classes and 2 folders.
[2020.11.08-23.23.33:945][  0]LogCrashTracker: Crashtracker disabled due to settings.
[2020.11.08-23.23.33:961][  0]LogUObjectGlobals:Warning: Error al encontrar el objeto 'Class Ninguno.'
[2020.11.08-23.23.34:166][  0]LogContentBrowser: Native class hierarchy updated for 'HierarchicalLODOutliner' in 0.0043 seconds. Added 1 classes and 2 folders.
[2020.11.08-23.23.34:167][  0]LogLoad: (Engine Initialization) Total time: 47.79 seconds
[2020.11.08-23.23.34:167][  0]LogLoad: (Engine Initialization) Total Blueprint compile time: 0.15 seconds
[2020.11.08-23.23.34:167][  0]LogExternalProfiler: No external profilers were discovered.  External profiling features will not be available.
[2020.11.08-23.23.34:181][  0]LogOcInput: OculusInput pre-init called
[2020.11.08-23.23.34:204][  0]LogContentStreaming: Texture pool size now 1000 MB
[2020.11.08-23.23.34:208][  0]LogSlate: Took 0.001407 seconds to synchronously load lazily loaded font '../../../Engine/Content/Slate/Fonts/Roboto-Regular.ttf' (155K)
[2020.11.08-23.23.34:220][  0]LogSlate: Took 0.000868 seconds to synchronously load lazily loaded font '../../../Engine/Content/Slate/Fonts/Roboto-Bold.ttf' (160K)
[2020.11.08-23.23.34:280][  0]LogSlate: Took 0.048317 seconds to synchronously load lazily loaded font '../../../Engine/Content/Editor/Slate/Fonts/FontAwesome.ttf' (139K)
[2020.11.08-23.23.34:464][  0]LogRenderer: Reallocating scene render targets to support 1208x604 NumSamples 1 (Frame:2).
[2020.11.08-23.23.34:863][  2]LogAssetRegistry: Asset discovery search completed in 30.2518 seconds
[2020.11.08-23.23.34:863][  2]LogCollectionManager: Rebuilt the object cache for 0 collections in 0.000042 seconds (found 0 objects)
[2020.11.08-23.23.34:864][  2]LogCollectionManager: Fixed up redirectors for 0 collections in 0.000076 seconds (updated 0 objects)
[2020.11.08-23.23.34:917][  2]LogSlate: Took 0.016218 seconds to synchronously load lazily loaded font '../../../Engine/Content/Slate/Fonts/Roboto-Light.ttf' (159K)
[2020.11.08-23.23.35:298][  9]LogSlate: Took 0.000402 seconds to synchronously load lazily loaded font '../../../Engine/Content/Slate/Fonts/Roboto-Light.ttf' (159K)
[2020.11.08-23.24.49:530][951]LogSlate: Took 0.000323 seconds to synchronously load lazily loaded font '../../../Engine/Content/Slate/Fonts/Roboto-Light.ttf' (159K)
[2020.11.08-23.24.50:469][951]LogSlate: Took 0.000313 seconds to synchronously load lazily loaded font '../../../Engine/Content/Slate/Fonts/Roboto-Regular.ttf' (155K)
[2020.11.08-23.24.53:975][951]LogAIModule: Creating AISystem for world Minimal_Default
[2020.11.08-23.24.54:308][951]Cmd: MAP LOAD FILE="../../../../GitHub/Proyecto-Laberinto-Grupo-1/ProyectoLabApps/Content/Niveles/Mapa/Minimal_Default.umap" TEMPLATE=0 SHOWPROGRESS=1 FEATURELEVEL=3
[2020.11.08-23.24.54:308][951]LightingResults: New page: Diseñar la iluminación
[2020.11.08-23.24.54:452][951]LogContentBrowser: Native class hierarchy updated for 'StatsViewer' in 0.0035 seconds. Added 5 classes and 0 folders.
[2020.11.08-23.24.54:454][951]LoadErrors: New page: Cargando mapa: Minimal_Default.umap
[2020.11.08-23.24.54:455][951]MapCheck: New page: Revisión del mapa
[2020.11.08-23.24.54:455][951]LightingResults: New page: Diseñar la iluminación
[2020.11.08-23.24.54:604][951]LogEditorServer: Finished looking for orphan Actors (0.000 secs)
[2020.11.08-23.24.54:653][951]Cmd: MAP CHECKDEP NOCLEARLOG
[2020.11.08-23.24.54:789][951]MapCheck: Información Map check complete: 0 Error(s), 0 Warning(s), took 136,005ms to complete.
[2020.11.08-23.24.54:790][951]LogFileHelpers: Loading map 'Minimal_Default' took 0.485
[2020.11.08-23.25.10:766][557]LogEditorViewport: Clicking on Actor (LMB): StaticMeshActor (Wall_400x344)
[2020.11.08-23.25.12:323][582]LogEditorViewport: Clicking on Actor (LMB): StaticMeshActor (Wall_400x339)
[2020.11.08-23.25.13:195][626]LogEditorViewport: Clicking on Actor (LMB): StaticMeshActor (Wall_400x339)
[2020.11.08-23.25.14:078][685]LogEditorViewport: Clicking on Actor (LMB): StaticMeshActor (Floor_400x405)
[2020.11.08-23.25.15:286][755]LogEditorViewport: Clicking on Actor (LMB): StaticMeshActor (Wall_400x339)
[2020.11.08-23.25.15:969][792]LogEditorViewport: Clicking on Actor (LMB): StaticMeshActor (Wall_400x344)
[2020.11.08-23.25.16:539][821]LogEditorViewport: Clicking on Actor (LMB): StaticMeshActor (Floor_400x405)
[2020.11.08-23.25.17:222][854]LogEditorViewport: Clicking on Actor (LMB): StaticMeshActor (Wall_400x339)
[2020.11.08-23.25.18:938][939]LogEditorViewport: Clicking Background
[2020.11.08-23.25.23:045][133]Cmd: DELETE
[2020.11.08-23.25.23:045][133]Cmd: ACTOR DELETE
[2020.11.08-23.25.23:208][133]LogEditorActor: Deleted Actor: StaticMeshActor
[2020.11.08-23.25.23:245][133]LogEditorActor: Deleted Actor: StaticMeshActor
[2020.11.08-23.25.23:245][133]LogEditorActor: Deleted Actor: StaticMeshActor
[2020.11.08-23.25.23:245][133]LogEditorActor: Deleted Actor: StaticMeshActor
[2020.11.08-23.25.23:245][133]LogEditorActor: Deleted Actor: StaticMeshActor
[2020.11.08-23.25.23:245][133]LogEditorActor: Deleted Actor: StaticMeshActor
[2020.11.08-23.25.23:257][133]LogEditorActor: Deleted 6 Actors (0.075 secs)
[2020.11.08-23.25.24:390][195]LogEditorViewport: Clicking on Actor (LMB): StaticMeshActor (Wall_400x342)
[2020.11.08-23.25.25:022][223]LogEditorViewport: Clicking on Actor (LMB): StaticMeshActor (Wall_400x341)
[2020.11.08-23.25.26:358][290]Cmd: DELETE
[2020.11.08-23.25.26:358][290]Cmd: ACTOR DELETE
[2020.11.08-23.25.26:360][290]LogEditorActor: Deleted Actor: StaticMeshActor
[2020.11.08-23.25.26:380][290]LogEditorActor: Deleted 1 Actors (0.022 secs)
[2020.11.08-23.25.26:838][319]LogEditorViewport: Clicking on Actor (LMB): StaticMeshActor (Wall_400x342)
[2020.11.08-23.25.27:096][326]Cmd: DELETE
[2020.11.08-23.25.27:096][326]Cmd: ACTOR DELETE
[2020.11.08-23.25.27:100][326]LogEditorActor: Deleted Actor: StaticMeshActor
[2020.11.08-23.25.27:118][326]LogEditorActor: Deleted 1 Actors (0.022 secs)
[2020.11.08-23.25.27:436][346]LogEditorViewport: Clicking on Actor (LMB): StaticMeshActor (Shape_Cube23)
[2020.11.08-23.25.27:692][353]Cmd: DELETE
[2020.11.08-23.25.27:692][353]Cmd: ACTOR DELETE
[2020.11.08-23.25.27:695][353]LogEditorActor: Deleted Actor: StaticMeshActor
[2020.11.08-23.25.27:711][353]LogEditorActor: Deleted 1 Actors (0.019 secs)
[2020.11.08-23.25.28:389][391]LogEditorViewport: Clicking on Actor (LMB): StaticMeshActor (Shape_Cube21)
[2020.11.08-23.25.28:481][391]LogEditorViewport: Clicking on Component (LMB): StaticMeshComponent (StaticMeshComponent0)
[2020.11.08-23.25.29:287][425]LogEditorViewport: Clicking on Actor (LMB): StaticMeshActor (Shape_Cube22)
[2020.11.08-23.25.29:358][425]Cmd: DELETE
[2020.11.08-23.25.29:358][425]Cmd: ACTOR DELETE
[2020.11.08-23.25.29:359][425]LogEditorActor: Deleted Actor: StaticMeshActor
[2020.11.08-23.25.29:375][425]LogEditorActor: Deleted 1 Actors (0.017 secs)
[2020.11.08-23.25.29:429][427]LogEditorViewport: Clicking on Actor (LMB): StaticMeshActor (Wall_400x340)
[2020.11.08-23.25.29:765][435]Cmd: DELETE
[2020.11.08-23.25.29:765][435]Cmd: ACTOR DELETE
[2020.11.08-23.25.29:768][435]LogEditorActor: Deleted Actor: StaticMeshActor
[2020.11.08-23.25.29:789][435]LogEditorActor: Deleted 1 Actors (0.023 secs)
[2020.11.08-23.25.29:796][435]LogEditorViewport: Clicking on Actor (LMB): StaticMeshActor (Wall_400x345)
[2020.11.08-23.25.29:973][436]LogEditorViewport: Clicking on Actor (LMB): StaticMeshActor (Wall_400x345)
[2020.11.08-23.25.30:003][436]Cmd: DELETE
[2020.11.08-23.25.30:003][436]Cmd: ACTOR DELETE
[2020.11.08-23.25.30:005][436]LogEditorActor: Deleted Actor: StaticMeshActor
[2020.11.08-23.25.30:022][436]LogEditorActor: Deleted 1 Actors (0.019 secs)
[2020.11.08-23.25.30:389][453]LogEditorViewport: Clicking on Actor (double click): StaticMeshActor (Shape_Cube21)
[2020.11.08-23.25.30:561][456]Cmd: DELETE
[2020.11.08-23.25.30:561][456]Cmd: ACTOR DELETE
[2020.11.08-23.25.30:564][456]LogEditorActor: Deleted Actor: StaticMeshActor
[2020.11.08-23.25.30:587][456]LogEditorActor: Deleted 1 Actors (0.026 secs)
[2020.11.08-23.25.30:594][456]LogEditorViewport: Clicking on Actor (LMB): StaticMeshActor (Shape_Cube20)
[2020.11.08-23.25.30:747][457]LogEditorViewport: Clicking on Actor (LMB): StaticMeshActor (Shape_Cube20)
[2020.11.08-23.25.30:781][457]Cmd: DELETE
[2020.11.08-23.25.30:781][457]Cmd: ACTOR DELETE
[2020.11.08-23.25.30:782][457]LogEditorActor: Deleted Actor: StaticMeshActor
[2020.11.08-23.25.30:798][457]LogEditorActor: Deleted 1 Actors (0.017 secs)
[2020.11.08-23.25.31:423][484]LogEditorViewport: Clicking on Actor (double click): StaticMeshActor (Pillar_50x505)
[2020.11.08-23.25.31:545][485]Cmd: DELETE
[2020.11.08-23.25.31:545][485]Cmd: ACTOR DELETE
[2020.11.08-23.25.31:547][485]LogEditorActor: Deleted Actor: StaticMeshActor
[2020.11.08-23.25.31:565][485]LogEditorActor: Deleted 1 Actors (0.020 secs)
[2020.11.08-23.25.32:760][547]LogEditorViewport: Clicking on Actor (LMB): StaticMeshActor (Floor6)
[2020.11.08-23.25.33:222][565]Cmd: DELETE
[2020.11.08-23.25.33:222][565]Cmd: ACTOR DELETE
[2020.11.08-23.25.33:224][565]LogEditorActor: Deleted Actor: StaticMeshActor
[2020.11.08-23.25.33:246][565]LogEditorActor: Deleted 1 Actors (0.024 secs)
[2020.11.08-23.25.33:526][582]LogEditorViewport: Clicking on Actor (LMB): StaticMeshActor (Wall_400x343)
[2020.11.08-23.25.33:871][594]Cmd: DELETE
[2020.11.08-23.25.33:872][594]Cmd: ACTOR DELETE
[2020.11.08-23.25.33:875][594]LogEditorActor: Deleted Actor: StaticMeshActor
[2020.11.08-23.25.33:894][594]LogEditorActor: Deleted 1 Actors (0.022 secs)
[2020.11.08-23.25.34:289][618]LogEditorViewport: Clicking on Actor (LMB): StaticMeshActor (Wall_400x349)
[2020.11.08-23.25.34:532][624]Cmd: DELETE
[2020.11.08-23.25.34:533][624]Cmd: ACTOR DELETE
[2020.11.08-23.25.34:535][624]LogEditorActor: Deleted Actor: StaticMeshActor
[2020.11.08-23.25.34:559][624]LogEditorActor: Deleted 1 Actors (0.026 secs)
[2020.11.08-23.25.34:854][642]LogEditorViewport: Clicking on Actor (LMB): StaticMeshActor (Wall_400x346)
[2020.11.08-23.25.35:004][643]Cmd: DELETE
[2020.11.08-23.25.35:004][643]Cmd: ACTOR DELETE
[2020.11.08-23.25.35:007][643]LogEditorActor: Deleted Actor: StaticMeshActor
[2020.11.08-23.25.35:024][643]LogEditorActor: Deleted 1 Actors (0.020 secs)
[2020.11.08-23.25.35:392][666]LogEditorViewport: Clicking on Actor (LMB): StaticMeshActor (Wall_400x350)
[2020.11.08-23.25.35:605][671]Cmd: DELETE
[2020.11.08-23.25.35:605][671]Cmd: ACTOR DELETE
[2020.11.08-23.25.35:609][671]LogEditorActor: Deleted Actor: StaticMeshActor
[2020.11.08-23.25.35:629][671]LogEditorActor: Deleted 1 Actors (0.024 secs)
[2020.11.08-23.25.37:170][766]LogEditorViewport: Clicking on Actor (LMB): SphereReflectionCapture (SphereReflectionCapture6)
[2020.11.08-23.25.37:458][767]Cmd: DELETE
[2020.11.08-23.25.37:458][767]Cmd: ACTOR DELETE
[2020.11.08-23.25.37:460][767]LogEditorActor: Deleted Actor: SphereReflectionCapture
[2020.11.08-23.25.37:479][767]LogEditorActor: Deleted 1 Actors (0.020 secs)
[2020.11.08-23.25.38:543][837]LogEditorViewport: Clicking on Actor (LMB): PointLight (PointLight7)
[2020.11.08-23.25.38:801][837]Cmd: DELETE
[2020.11.08-23.25.38:801][837]Cmd: ACTOR DELETE
[2020.11.08-23.25.38:802][837]LogEditorActor: Deleted Actor: PointLight
[2020.11.08-23.25.38:843][837]LogEditorActor: Deleted 1 Actors (0.043 secs)
[2020.11.08-23.25.39:586][883]LogEditorViewport: Clicking on Actor (LMB): StaticMeshActor (Shape_Cube24)
[2020.11.08-23.25.39:729][884]Cmd: DELETE
[2020.11.08-23.25.39:729][884]Cmd: ACTOR DELETE
[2020.11.08-23.25.39:731][884]LogEditorActor: Deleted Actor: StaticMeshActor
[2020.11.08-23.25.39:752][884]LogEditorActor: Deleted 1 Actors (0.022 secs)
[2020.11.08-23.25.40:247][913]LogEditorViewport: Clicking on Actor (LMB): StaticMeshActor (Shape_Cube25)
[2020.11.08-23.25.40:391][914]Cmd: DELETE
[2020.11.08-23.25.40:391][914]Cmd: ACTOR DELETE
[2020.11.08-23.25.40:393][914]LogEditorActor: Deleted Actor: StaticMeshActor
[2020.11.08-23.25.40:411][914]LogEditorActor: Deleted 1 Actors (0.019 secs)
[2020.11.08-23.25.40:713][933]LogEditorViewport: Clicking on Actor (LMB): StaticMeshActor (Wall_400x348)
[2020.11.08-23.25.40:857][934]Cmd: DELETE
[2020.11.08-23.25.40:857][934]Cmd: ACTOR DELETE
[2020.11.08-23.25.40:859][934]LogEditorActor: Deleted Actor: StaticMeshActor
[2020.11.08-23.25.40:877][934]LogEditorActor: Deleted 1 Actors (0.020 secs)
[2020.11.08-23.25.41:214][955]LogEditorViewport: Clicking on Actor (LMB): StaticMeshActor (Wall_400x353)
[2020.11.08-23.25.41:281][955]Cmd: DELETE
[2020.11.08-23.25.41:281][955]Cmd: ACTOR DELETE
[2020.11.08-23.25.41:282][955]LogEditorActor: Deleted Actor: StaticMeshActor
[2020.11.08-23.25.41:297][955]LogEditorActor: Deleted 1 Actors (0.015 secs)
[2020.11.08-23.25.41:831][988]LogEditorViewport: Clicking on Actor (LMB): StaticMeshActor (Shape_Cube27)
[2020.11.08-23.25.41:902][988]Cmd: DELETE
[2020.11.08-23.25.41:902][988]Cmd: ACTOR DELETE
[2020.11.08-23.25.41:903][988]LogEditorActor: Deleted Actor: StaticMeshActor
[2020.11.08-23.25.41:918][988]LogEditorActor: Deleted 1 Actors (0.016 secs)
[2020.11.08-23.25.43:547][ 88]LogEditorViewport: Clicking on Actor (LMB): StaticMeshActor (Shape_Cube26)
[2020.11.08-23.25.43:618][ 88]Cmd: DELETE
[2020.11.08-23.25.43:618][ 88]Cmd: ACTOR DELETE
[2020.11.08-23.25.43:620][ 88]LogEditorActor: Deleted Actor: StaticMeshActor
[2020.11.08-23.25.43:636][ 88]LogEditorActor: Deleted 1 Actors (0.017 secs)
[2020.11.08-23.25.43:846][ 99]LogEditorViewport: Clicking on Actor (LMB): StaticMeshActor (Floor7)
[2020.11.08-23.25.44:037][101]Cmd: DELETE
[2020.11.08-23.25.44:038][101]Cmd: ACTOR DELETE
[2020.11.08-23.25.44:041][101]LogEditorActor: Deleted Actor: StaticMeshActor
[2020.11.08-23.25.44:064][101]LogEditorActor: Deleted 1 Actors (0.027 secs)
[2020.11.08-23.25.44:112][102]LogEditorViewport: Clicking on Actor (LMB): StaticMeshActor (Wall_400x351)
[2020.11.08-23.25.44:395][110]Cmd: DELETE
[2020.11.08-23.25.44:395][110]Cmd: ACTOR DELETE
[2020.11.08-23.25.44:398][110]LogEditorActor: Deleted Actor: StaticMeshActor
[2020.11.08-23.25.44:426][110]LogEditorActor: Deleted 1 Actors (0.030 secs)
[2020.11.08-23.25.45:095][151]LogEditorViewport: Clicking on Actor (LMB): PointLight (PointLight8)
[2020.11.08-23.25.45:736][178]Cmd: DELETE
[2020.11.08-23.25.45:736][178]Cmd: ACTOR DELETE
[2020.11.08-23.25.45:739][178]LogEditorActor: Deleted Actor: PointLight
[2020.11.08-23.25.45:759][178]LogEditorActor: Deleted 1 Actors (0.023 secs)
[2020.11.08-23.25.46:354][215]LogEditorViewport: Clicking on Actor (LMB): SphereReflectionCapture (SphereReflectionCapture7)
[2020.11.08-23.25.46:447][216]Cmd: DELETE
[2020.11.08-23.25.46:447][216]Cmd: ACTOR DELETE
[2020.11.08-23.25.46:449][216]LogEditorActor: Deleted Actor: SphereReflectionCapture
[2020.11.08-23.25.46:467][216]LogEditorActor: Deleted 1 Actors (0.020 secs)
[2020.11.08-23.25.46:789][236]LogEditorViewport: Clicking on Actor (LMB): StaticMeshActor (Wall_400x354)
[2020.11.08-23.25.47:328][258]Cmd: DELETE
[2020.11.08-23.25.47:328][258]Cmd: ACTOR DELETE
[2020.11.08-23.25.47:329][258]LogEditorActor: Deleted Actor: StaticMeshActor
[2020.11.08-23.25.47:354][258]LogEditorActor: Deleted 1 Actors (0.026 secs)
[2020.11.08-23.25.47:968][298]LogEditorViewport: Clicking on Actor (LMB): StaticMeshActor (Pillar_50x506)
[2020.11.08-23.25.48:041][298]Cmd: DELETE
[2020.11.08-23.25.48:041][298]Cmd: ACTOR DELETE
[2020.11.08-23.25.48:043][298]LogEditorActor: Deleted Actor: StaticMeshActor
[2020.11.08-23.25.48:059][298]LogEditorActor: Deleted 1 Actors (0.017 secs)
[2020.11.08-23.26.21:745][469]LogSavePackage: Save=1012.40ms
[2020.11.08-23.26.21:745][469]LogSavePackage: Moving '../../../../GitHub/Proyecto-Laberinto-Grupo-1/ProyectoLabApps/Saved/Minimal_Default1B1F6782401699520CDF20A282C3F2FB.tmp' to '../../../../GitHub/Proyecto-Laberinto-Grupo-1/ProyectoLabApps/Content/Niveles/Mapa/Minimal_Default.umap'
[2020.11.08-23.26.21:794][469]LogSavePackage:Display: Finished SavePackage ../../../../GitHub/Proyecto-Laberinto-Grupo-1/ProyectoLabApps/Content/Niveles/Mapa/Minimal_Default.umap
[2020.11.08-23.26.21:855][469]LogFileHelpers: Saving map 'Minimal_Default' took 1.431
