Log file open, 11/01/20 22:53:20
LogInit:Display: Running engine for game: ProyectoLabApps
LogPlatformFile: Not using cached read wrapper
LogInit:Display: RandInit(-2061784345) SRandInit(-2061784345).
LogTaskGraph: Started task graph with 5 named threads and 8 total threads with 1 sets of task threads.
LogStats: Stats thread started at 0.158260
LogInit: Using libcurl 7.47.1
LogInit:  - built for x86_64-pc-win32
LogInit:  - supports SSL with OpenSSL/1.0.2g
LogInit:  - supports HTTP deflate (compression) using libz 1.2.8
LogInit:  - other features:
LogInit:      CURL_VERSION_SSL
LogInit:      CURL_VERSION_LIBZ
LogInit:      CURL_VERSION_IPV6
LogInit:      CURL_VERSION_ASYNCHDNS
LogInit:      CURL_VERSION_LARGEFILE
LogInit:      CURL_VERSION_IDN
LogInit:  CurlRequestOptions (configurable via config and command line):
LogInit:  - bVerifyPeer = false  - Libcurl will NOT verify peer certificate
LogInit:  - bUseHttpProxy = false  - Libcurl will NOT use HTTP proxy
LogInit:  - bDontReuseConnections = false  - Libcurl will reuse connections
LogInit:  - CertBundlePath = nullptr  - Libcurl will use whatever was configured at build time.
LogInit: Build: ++UE4+Release-4.15-CL-3450819
LogInit: Engine Version: 4.15.3-3450819+++UE4+Release-4.15
LogInit: Compatible Engine Version: 4.15.0-3299760+++UE4+Release-4.15
LogInit: Net CL: 3299760
LogDevObjectVersion: Number of dev versions registered: 14
LogDevObjectVersion:   Dev-Blueprints (B0D832E4-1F89-4F0D-ACCF-7EB736FD4AA2): 8
LogDevObjectVersion:   Dev-Build (E1C64328-A22C-4D53-A36C-8E866417BD8C): 0
LogDevObjectVersion:   Dev-Core (375EC13C-06E4-48FB-B500-84F0262A717E): 2
LogDevObjectVersion:   Dev-Editor (E4B068ED-F494-42E9-A231-DA0B2E46BB41): 14
LogDevObjectVersion:   Dev-Framework (CFFC743F-43B0-4480-9391-14DF171D2073): 22
LogDevObjectVersion:   Dev-Mobile (B02B49B5-BB20-44E9-A304-32B752E40360): 0
LogDevObjectVersion:   Dev-Networking (A4E4105C-59A1-49B5-A7C5-40C4547EDFEE): 0
LogDevObjectVersion:   Dev-Online (39C831C9-5AE6-47DC-9A44-9C173E1C8E7C): 0
LogDevObjectVersion:   Dev-Physics (78F01B33-EBEA-4F98-B9B4-84EACCB95AA2): 0
LogDevObjectVersion:   Dev-Platform (6631380F-2D4D-43E0-8009-CF276956A95A): 0
LogDevObjectVersion:   Dev-Rendering (12F88B9F-8875-4AFC-A67C-D90C383ABD29): 12
LogDevObjectVersion:   Dev-Sequencer (7B5AE74C-D270-4C10-A958-57980B212A5A): 3
LogDevObjectVersion:   Dev-VR (D7296918-1DD6-4BDD-9DE2-64A83CC13884): 0
LogDevObjectVersion:   Dev-LoadTimes (C2A15278-BFE7-4AFE-6C17-90FF531DF755): 1
LogInit: Compiled (64-bit): May 21 2017 11:02:34
LogInit: Compiled with Visual C++: 19.00.23026.00
LogInit: Build Configuration: Development
LogInit: Branch Name: ++UE4+Release-4.15
LogInit: Command line: -EpicPortal  -epicusername="valenbaldomar" -epicuserid=23fc282722064d69a32282319e6de1c2 -epiclocale=es
LogInit: Base directory: C:/Users/Diez 04-07-19/Documents/UE_4.15/Engine/Binaries/Win64/
LogInit: Installed Engine Build: 1
LogInit: Presizing for max 8388607 objects, including 0 objects not considered by GC, pre-allocating 0 bytes for permanent pool.
LogInit: Object subsystem initialized
[2020.11.02-01.53.23:053][  0]LogInit: Selected Device Profile: [Windows]
[2020.11.02-01.53.23:053][  0]LogInit: Applying CVar settings loaded from the selected device profile: [Windows]
[2020.11.02-01.53.23:064][  0]LogInit: Computer: DESKTOP-1MG3D4T
[2020.11.02-01.53.23:064][  0]LogInit: User: baldo
[2020.11.02-01.53.23:064][  0]LogInit: CPU Page size=65536, Cores=4
[2020.11.02-01.53.23:064][  0]LogInit: High frequency timer resolution =10.000000 MHz
[2020.11.02-01.53.23:064][  0]LogMemory: Memory total: Physical=5.9GB (6GB approx)
[2020.11.02-01.53.23:064][  0]LogMemory: Platform Memory Stats for Windows
[2020.11.02-01.53.23:064][  0]LogMemory: Process Physical Memory: 264.81 MB used, 264.82 MB peak
[2020.11.02-01.53.23:064][  0]LogMemory: Process Virtual Memory: 262.47 MB used, 262.47 MB peak
[2020.11.02-01.53.23:064][  0]LogMemory: Physical Memory: 4159.21 MB used,  1932.24 MB free, 6091.46 MB total
[2020.11.02-01.53.23:064][  0]LogMemory: Virtual Memory: 4750.39 MB used,  1932.24 MB free, 134217728.00 MB total
[2020.11.02-01.53.23:352][  0]LogTextLocalizationManager: No specific translations for ('es-AR') exist, so ('es') translations will be used.
[2020.11.02-01.53.24:673][  0]LogD3D11RHI: D3D11 adapters:
[2020.11.02-01.53.24:777][  0]LogD3D11RHI:    0. 'AMD Radeon(TM) RX Vega 11 Graphics' (Feature Level 11_0)
[2020.11.02-01.53.24:777][  0]LogD3D11RHI:       2033/0/3045 MB DedicatedVideo/DedicatedSystem/SharedSystem, Outputs:1, VendorId:0x1002
[2020.11.02-01.53.24:786][  0]LogD3D11RHI:    1. 'Microsoft Basic Render Driver' (Feature Level 11_0)
[2020.11.02-01.53.24:786][  0]LogD3D11RHI:       0/0/3045 MB DedicatedVideo/DedicatedSystem/SharedSystem, Outputs:0, VendorId:0x1414
[2020.11.02-01.53.24:786][  0]LogD3D11RHI: Chosen D3D11 Adapter: 0
[2020.11.02-01.53.24:801][  0]LogD3D11RHI: Creating new Direct3DDevice
[2020.11.02-01.53.24:802][  0]LogD3D11RHI:     GPU DeviceId: 0x15dd (for the marketing name, search the web for "GPU Device Id")
[2020.11.02-01.53.24:802][  0]LogWindows: EnumDisplayDevices:
[2020.11.02-01.53.24:803][  0]LogWindows:    0. 'AMD Radeon(TM) RX Vega 11 Graphics' (P:1 D:1)
[2020.11.02-01.53.24:804][  0]LogWindows:    1. 'AMD Radeon(TM) RX Vega 11 Graphics' (P:0 D:0)
[2020.11.02-01.53.24:804][  0]LogWindows:    2. 'AMD Radeon(TM) RX Vega 11 Graphics' (P:0 D:0)
[2020.11.02-01.53.24:805][  0]LogWindows:    3. 'AMD Radeon(TM) RX Vega 11 Graphics' (P:0 D:0)
[2020.11.02-01.53.24:805][  0]LogWindows: DebugString: GetVideoDriverDetailsInvalid PrimaryIsNotTheChoosenAdapter GetVideoDriverDetailsInvalid PrimaryIsNotTheChoosenAdapter GetVideoDriverDetailsInvalid PrimaryIsNotTheChoosenAdapter GetVideoDriverDetailsInvalid PrimaryIsNotTheChoosenAdapter FoundDriverCount:0 
[2020.11.02-01.53.24:805][  0]LogD3D11RHI:     Adapter Name: AMD Radeon(TM) RX Vega 11 Graphics
[2020.11.02-01.53.24:805][  0]LogD3D11RHI:   Driver Version: Unknown (internal:Unknown, unified:Unknown)
[2020.11.02-01.53.24:805][  0]LogD3D11RHI:      Driver Date: Unknown
[2020.11.02-01.53.24:806][  0]LogRHI: Texture pool is 1361 MB (70% of 1945 MB)
[2020.11.02-01.53.24:884][  0]LogD3D11RHI: Async texture creation enabled
[2020.11.02-01.53.24:901][  0]LogD3D11RHI: GPU Timing Frequency: 25.000000 (Debug: 2 1)
[2020.11.02-01.53.24:905][  0]LogShaderCompilers: Guid format shader working directory is -6 characters bigger than the processId version (../../../../GitHub/Proyecto-Laberinto-Grupo-1/ProyectoLabApps/Intermediate/Shaders/WorkingDirectory/924/).
[2020.11.02-01.53.24:906][  0]LogShaderCompilers: Cleaned the shader compiler working directory 'C:/Users/Diez 04-07-19/AppData/Local/Temp/UnrealShaderWorkingDir/29A5B9C040DBAB99AE25CF942FD7246F/'.
[2020.11.02-01.53.24:906][  0]LogShaderCompilers:Display: Using Local Shader Compiler.
[2020.11.02-01.53.27:758][  0]LogTemp:Display: Loaded TP AllDesktopTargetPlatform
[2020.11.02-01.53.27:969][  0]LogTemp:Display: Loaded TP MacClientTargetPlatform
[2020.11.02-01.53.28:165][  0]LogTemp:Display: Loaded TP MacNoEditorTargetPlatform
[2020.11.02-01.53.28:389][  0]LogTemp:Display: Loaded TP MacServerTargetPlatform
[2020.11.02-01.53.28:586][  0]LogTemp:Display: Loaded TP MacTargetPlatform
[2020.11.02-01.53.28:806][  0]LogTemp:Display: Loaded TP WindowsClientTargetPlatform
[2020.11.02-01.53.29:015][  0]LogTemp:Display: Loaded TP WindowsNoEditorTargetPlatform
[2020.11.02-01.53.29:227][  0]LogTemp:Display: Loaded TP WindowsServerTargetPlatform
[2020.11.02-01.53.29:402][  0]LogTemp:Display: Loaded TP WindowsTargetPlatform
[2020.11.02-01.53.29:624][  0]LogTemp:Display: Loaded TP AndroidTargetPlatform
[2020.11.02-01.53.29:849][  0]LogTemp:Display: Loaded TP Android_ASTCTargetPlatform
[2020.11.02-01.53.30:062][  0]LogTemp:Display: Loaded TP Android_ATCTargetPlatform
[2020.11.02-01.53.30:274][  0]LogTemp:Display: Loaded TP Android_DXTTargetPlatform
[2020.11.02-01.53.30:493][  0]LogTemp:Display: Loaded TP Android_ETC1TargetPlatform
[2020.11.02-01.53.30:695][  0]LogTemp:Display: Loaded TP Android_ETC2TargetPlatform
[2020.11.02-01.53.31:096][  0]LogTemp:Display: Loaded TP Android_MultiTargetPlatform
[2020.11.02-01.53.31:096][  0]LogTemp:Display: Loaded TP Android_PVRTCTargetPlatform
[2020.11.02-01.53.31:260][  0]LogTemp:Display: Loaded TP HTML5TargetPlatform
[2020.11.02-01.53.31:659][  0]LogTemp:Display: Loaded TP IOSTargetPlatform
[2020.11.02-01.53.31:827][  0]LogTemp:Display: Loaded TP TVOSTargetPlatform
[2020.11.02-01.53.32:128][  0]LogTemp:Display: Loaded TP LinuxClientTargetPlatform
[2020.11.02-01.53.32:447][  0]LogTemp:Display: Loaded TP LinuxNoEditorTargetPlatform
[2020.11.02-01.53.32:809][  0]LogTemp:Display: Loaded TP LinuxServerTargetPlatform
[2020.11.02-01.53.33:097][  0]LogTemp:Display: Loaded TP LinuxTargetPlatform
[2020.11.02-01.53.33:097][  0]LogTargetPlatformManager:Display: Building Assets For Windows
[2020.11.02-01.53.35:149][  0]LogDerivedDataCache:Display: Max Cache Size: 512 MB
[2020.11.02-01.53.35:259][  0]LogDerivedDataCache: Loaded boot cache 0.11s 50MB C:/Users/Diez 04-07-19/AppData/Local/UnrealEngine/4.15/DerivedDataCache/Boot.ddc.
[2020.11.02-01.53.35:259][  0]LogDerivedDataCache:Display: Loaded Boot cache: C:/Users/Diez 04-07-19/AppData/Local/UnrealEngine/4.15/DerivedDataCache/Boot.ddc
[2020.11.02-01.53.35:259][  0]LogDerivedDataCache: FDerivedDataBackendGraph:  Pak pak cache file ../../../../GitHub/Proyecto-Laberinto-Grupo-1/ProyectoLabApps/DerivedDataCache/DDC.ddp not found, will not use a pak cache.
[2020.11.02-01.53.35:259][  0]LogDerivedDataCache: Unable to find inner node Pak for hierarchical cache Hierarchy.
[2020.11.02-01.53.35:259][  0]LogDerivedDataCache: FDerivedDataBackendGraph:  CompressedPak pak cache file ../../../../GitHub/Proyecto-Laberinto-Grupo-1/ProyectoLabApps/DerivedDataCache/Compressed.ddp not found, will not use a pak cache.
[2020.11.02-01.53.35:259][  0]LogDerivedDataCache: Unable to find inner node CompressedPak for hierarchical cache Hierarchy.
[2020.11.02-01.53.35:287][  0]LogDerivedDataCache:Display: Pak cache opened for reading ../../../Engine/DerivedDataCache/Compressed.ddp.
[2020.11.02-01.53.35:301][  0]LogDerivedDataCache: Using Local data cache path C:/Users/Diez 04-07-19/AppData/Local/UnrealEngine/Common/DerivedDataCache: Writable
[2020.11.02-01.53.35:323][  0]LogSlate: Using Freetype 2.6.0
[2020.11.02-01.53.35:325][  0]LogSlate: SlateFontCache - WITH_FREETYPE: 1, WITH_HARFBUZZ: 1
[2020.11.02-01.53.35:325][  0]LogSlate: SlateFontCache - WITH_FREETYPE: 1, WITH_HARFBUZZ: 1
[2020.11.02-01.53.35:955][  0]LogInit: Selected Device Profile: [Windows]
[2020.11.02-01.53.35:961][  0]LogContentStreaming: Texture pool size is 0.00 MB
[2020.11.02-01.53.36:605][  0]LogMeshUtilities: Using QuadricMeshReduction for automatic static mesh reduction
[2020.11.02-01.53.36:818][  0]LogSimplygon: Simplygon DLL not present - disabling.
[2020.11.02-01.53.37:010][  0]LogMeshUtilities: Using SimplygonSwarm for distributed automatic mesh merging
[2020.11.02-01.53.37:010][  0]LogMeshUtilities: No automatic skeletal mesh reduction module available
[2020.11.02-01.53.37:010][  0]LogMeshUtilities: No automatic mesh merging module available
[2020.11.02-01.53.38:493][  0]LogNetVersion: GetLocalNetworkVersion: CL: 3299760, ProjectName: proyectolabapps, ProjectVersion: , EngineNetworkVersion: 2, GameNetworkVersion: 0, NetworkChecksum: 1791571130
[2020.11.02-01.53.38:654][  0]LogAssetRegistry: FAssetRegistry took 0.0350 seconds to start up
[2020.11.02-01.53.38:858][  0]LogPackageLocalizationCache: Processed 3 localized package path(s) for 2 prioritized culture(s) in 0.077312 seconds
[2020.11.02-01.53.38:872][  0]LogUObjectArray: 32493 objects as part of root set at end of initial load.
[2020.11.02-01.53.38:872][  0]LogUObjectAllocator: 7077024 out of 0 bytes used by permanent object pool.
[2020.11.02-01.53.38:872][  0]LogUObjectArray: CloseDisregardForGC: 0/0 objects in disregard for GC pool
[2020.11.02-01.53.39:189][  0]LogInit: WinSock: version 1.1 (2.2), MaxSocks=32767, MaxUdp=65467
[2020.11.02-01.53.44:362][  0]LogTcpMessaging: Initializing TcpMessaging bridge
[2020.11.02-01.53.44:485][  0]LogUdpMessaging: Initializing bridge on interface 0.0.0.0:0 to multicast group 230.0.0.1:6666.
[2020.11.02-01.53.46:143][  0]LogMaterial: Uniform references updated for custom material expression Custom.
[2020.11.02-01.53.47:341][  0]SourceControl: Información El control de código fuente está desactivado
[2020.11.02-01.53.47:344][  0]SourceControl: Información El control de código fuente está desactivado
[2020.11.02-01.53.47:515][  0]SourceControl: Información El control de código fuente está desactivado
[2020.11.02-01.53.47:665][  0]SourceControl: Información El control de código fuente está desactivado
[2020.11.02-01.53.52:128][  0]LogEngine: Initializing Engine...
[2020.11.02-01.53.52:129][  0]LogHMD: Failed to initialize OpenVR with code 110
[2020.11.02-01.53.52:321][  0]LogStats: UGameplayTagsManager::ConstructGameplayTagTree: Construct from data asset -  0.000 s
[2020.11.02-01.53.52:321][  0]LogStats: UGameplayTagsManager::ConstructGameplayTagTree: GameplayTagTreeChangedEvent.Broadcast -  0.000 s
[2020.11.02-01.53.52:742][  0]LogAIModule: Creating AISystem for world Untitled
[2020.11.02-01.53.52:774][  0]LogInit: XAudio2 using 'Altavoces (Realtek(R) Audio)' : 2 channels at 48 kHz using 32 bits per sample (channel mask 0x3)
[2020.11.02-01.53.52:825][  0]LogInit: FAudioDevice initialized.
[2020.11.02-01.53.52:986][  0]LogDerivedDataCache: Saved boot cache 0.16s 50MB C:/Users/Diez 04-07-19/AppData/Local/UnrealEngine/4.15/DerivedDataCache/Boot.ddc.
[2020.11.02-01.53.52:997][  0]LogInit: Texture streaming: Enabled
[2020.11.02-01.53.53:356][  0]LogEngineSessionManager: EngineSessionManager initialized
[2020.11.02-01.53.53:696][  0]LogInit: Transaction tracking system initialized
[2020.11.02-01.53.55:028][  0]BlueprintLog: New page: Cargar el editor
[2020.11.02-01.53.58:385][  0]LocalizationService: Información Localization service is disabled
[2020.11.02-01.54.01:045][  0]LogConsoleResponse:Display: 
[2020.11.02-01.54.01:351][  0]LogCook:Display: Max memory allowance for cook 16384mb min free memory 0mb
[2020.11.02-01.54.01:351][  0]LogCook:Display: Mobile HDR setting 1
[2020.11.02-01.54.01:899][  0]LogFileCache: Scanning file cache for directory 'C:/Users/Diez 04-07-19/Documents/GitHub/Proyecto-Laberinto-Grupo-1/ProyectoLabApps/Content/' took 0.03s
[2020.11.02-01.54.05:588][  0]SourceControl: Información El control de código fuente está desactivado
[2020.11.02-01.54.05:588][  0]Cmd: MAP LOAD FILE="../../../../GitHub/Proyecto-Laberinto-Grupo-1/ProyectoLabApps/Content/StarterContent/Maps/Minimal_Default.umap" TEMPLATE=0 SHOWPROGRESS=1 FEATURELEVEL=3
[2020.11.02-01.54.05:589][  0]LogEditorServer:Warning: Can't find file '../../../../GitHub/Proyecto-Laberinto-Grupo-1/ProyectoLabApps/Content/StarterContent/Maps/Minimal_Default.umap'
[2020.11.02-01.54.05:589][  0]Cmd: MAP CHECKDEP NOCLEARLOG
[2020.11.02-01.54.05:702][  0]MapCheck: Información Map check complete: 0 Error(s), 0 Warning(s), took 113,112ms to complete.
[2020.11.02-01.54.05:703][  0]LogFileHelpers: Loading map 'Minimal_Default' took 0.114
[2020.11.02-01.54.06:213][  0]LogCollectionManager: Loaded 0 collections in 0.007096 seconds
[2020.11.02-01.54.06:461][  0]LogFileCache: Scanning file cache for directory 'C:/Users/Diez 04-07-19/Documents/GitHub/Proyecto-Laberinto-Grupo-1/ProyectoLabApps/Saved/Collections/' took 0.03s
[2020.11.02-01.54.06:461][  0]LogFileCache: Scanning file cache for directory 'C:/Users/Diez 04-07-19/Documents/GitHub/Proyecto-Laberinto-Grupo-1/ProyectoLabApps/Content/Developers/baldo/Collections/' took 0.03s
[2020.11.02-01.54.06:461][  0]LogFileCache: Scanning file cache for directory 'C:/Users/Diez 04-07-19/Documents/GitHub/Proyecto-Laberinto-Grupo-1/ProyectoLabApps/Content/Collections/' took 0.03s
[2020.11.02-01.54.06:461][  0]LogCollectionManager: Rebuilt the GUID cache for 0 collections in 0.000002 seconds
[2020.11.02-01.54.06:482][  0]LogContentBrowser: Native class hierarchy populated in 0.0214 seconds. Added 2246 classes and 455 folders.
[2020.11.02-01.54.06:727][  0]LogContentBrowser: Native class hierarchy updated for 'WidgetCarousel' in 0.0024 seconds. Added 0 classes and 0 folders.
[2020.11.02-01.54.08:322][  0]LogContentBrowser: Native class hierarchy updated for 'AddContentDialog' in 0.0031 seconds. Added 0 classes and 0 folders.
[2020.11.02-01.54.08:554][  0]LogContentBrowser: Native class hierarchy updated for 'SceneOutliner' in 0.0037 seconds. Added 1 classes and 2 folders.
[2020.11.02-01.54.08:687][  0]LogCrashTracker: Crashtracker disabled due to settings.
[2020.11.02-01.54.08:697][  0]LogUObjectGlobals:Warning: Error al encontrar el objeto 'Class Ninguno.'
[2020.11.02-01.54.08:997][  0]LogContentBrowser: Native class hierarchy updated for 'HierarchicalLODOutliner' in 0.0046 seconds. Added 1 classes and 2 folders.
[2020.11.02-01.54.08:999][  0]LogLoad: (Engine Initialization) Total time: 51.63 seconds
[2020.11.02-01.54.08:999][  0]LogLoad: (Engine Initialization) Total Blueprint compile time: 0.19 seconds
[2020.11.02-01.54.08:999][  0]LogExternalProfiler: No external profilers were discovered.  External profiling features will not be available.
[2020.11.02-01.54.09:010][  0]LogOcInput: OculusInput pre-init called
[2020.11.02-01.54.09:031][  0]LogContentStreaming: Texture pool size now 1000 MB
[2020.11.02-01.54.09:033][  0]LogSlate: Took 0.000565 seconds to synchronously load lazily loaded font '../../../Engine/Content/Slate/Fonts/Roboto-Regular.ttf' (155K)
[2020.11.02-01.54.09:048][  0]LogSlate: Took 0.001100 seconds to synchronously load lazily loaded font '../../../Engine/Content/Slate/Fonts/Roboto-Bold.ttf' (160K)
[2020.11.02-01.54.09:072][  0]LogSlate: Took 0.013050 seconds to synchronously load lazily loaded font '../../../Engine/Content/Editor/Slate/Fonts/FontAwesome.ttf' (139K)
[2020.11.02-01.54.09:279][  0]LogRenderer: Reallocating scene render targets to support 1208x604 NumSamples 1 (Frame:2).
[2020.11.02-01.54.09:694][  3]LogAssetRegistry: Asset discovery search completed in 31.0743 seconds
[2020.11.02-01.54.09:694][  3]LogCollectionManager: Rebuilt the object cache for 0 collections in 0.000014 seconds (found 0 objects)
[2020.11.02-01.54.09:694][  3]LogCollectionManager: Fixed up redirectors for 0 collections in 0.000032 seconds (updated 0 objects)
[2020.11.02-01.54.13:437][174]LogSlate: Took 0.024645 seconds to synchronously load lazily loaded font '../../../Engine/Content/Slate/Fonts/Roboto-Light.ttf' (159K)
[2020.11.02-01.54.16:513][310]LogSlate: Took 0.001606 seconds to synchronously load lazily loaded font '../../../Engine/Content/Slate/Fonts/Roboto-Light.ttf' (159K)
[2020.11.02-01.54.19:132][310]LogAIModule: Creating AISystem for world Minimal_Default
[2020.11.02-01.54.19:190][310]Cmd: MAP LOAD FILE="../../../../GitHub/Proyecto-Laberinto-Grupo-1/ProyectoLabApps/Content/Niveles/Mapa/Minimal_Default.umap" TEMPLATE=0 SHOWPROGRESS=1 FEATURELEVEL=3
[2020.11.02-01.54.19:190][310]LightingResults: New page: Diseñar la iluminación
[2020.11.02-01.54.19:353][310]LogContentBrowser: Native class hierarchy updated for 'StatsViewer' in 0.0027 seconds. Added 5 classes and 0 folders.
[2020.11.02-01.54.19:355][310]LoadErrors: New page: Cargando mapa: Minimal_Default.umap
[2020.11.02-01.54.19:367][310]MapCheck: New page: Revisión del mapa
[2020.11.02-01.54.19:367][310]LightingResults: New page: Diseñar la iluminación
[2020.11.02-01.54.19:411][310]LogEditorServer: Finished looking for orphan Actors (0.000 secs)
[2020.11.02-01.54.19:440][310]Cmd: MAP CHECKDEP NOCLEARLOG
[2020.11.02-01.54.19:596][310]MapCheck: Información Map check complete: 0 Error(s), 0 Warning(s), took 155,805ms to complete.
[2020.11.02-01.54.19:597][310]LogFileHelpers: Loading map 'Minimal_Default' took 0.408
[2020.11.02-01.54.58:133][312]LogEditorViewport: Clicking on Actor (LMB): StaticMeshActor (ALFOMBRA)
[2020.11.02-01.55.10:759][644]LogEditorViewport: Clicking on Actor (LMB): StaticMeshActor (Floor)
[2020.11.02-02.04.07:764][900]LogSlate: Took 0.001509 seconds to synchronously load lazily loaded font '../../../Engine/Content/Slate/Fonts/Roboto-Light.ttf' (159K)
[2020.11.02-02.04.18:389][927]LogSavePackage: Save=825.34ms
[2020.11.02-02.04.18:390][927]LogSavePackage: Moving '../../../../GitHub/Proyecto-Laberinto-Grupo-1/ProyectoLabApps/Saved/Minimal_Default_Auto171FC26EC4F87231384260A8FCD1C042B.tmp' to '../../../../GitHub/Proyecto-Laberinto-Grupo-1/ProyectoLabApps/Saved/Autosaves/Game/Niveles/Mapa/Minimal_Default_Auto1.umap'
[2020.11.02-02.04.18:394][927]LogSavePackage:Display: Finished SavePackage ../../../../GitHub/Proyecto-Laberinto-Grupo-1/ProyectoLabApps/Saved/Autosaves/Game/Niveles/Mapa/Minimal_Default_Auto1.umap
[2020.11.02-02.04.18:476][927]LogSlate: Took 0.000874 seconds to synchronously load lazily loaded font '../../../Engine/Content/Slate/Fonts/Roboto-Regular.ttf' (155K)
[2020.11.02-02.04.18:481][927]LogFileHelpers: Editor autosave (incl. sublevels) for '/Game/Niveles/Mapa/Minimal_Default' took 1.458
[2020.11.02-02.04.18:481][927]LogFileHelpers: Editor autosave (incl. sublevels) for all levels took 1.458
[2020.11.02-02.11.52:585][906]LogEditorViewport: Clicking on Actor (LMB): StaticMeshActor (Floor_400x400)
[2020.11.02-02.12.17:363][229]LogSavePackage: Save=487.12ms
[2020.11.02-02.12.17:363][229]LogSavePackage: Moving '../../../../GitHub/Proyecto-Laberinto-Grupo-1/ProyectoLabApps/Saved/Minimal_DefaultDF4726CC4B424F62F47A458DFD5B08CF.tmp' to '../../../../GitHub/Proyecto-Laberinto-Grupo-1/ProyectoLabApps/Content/Niveles/Mapa/Minimal_Default.umap'
[2020.11.02-02.12.17:371][229]LogSavePackage:Display: Finished SavePackage ../../../../GitHub/Proyecto-Laberinto-Grupo-1/ProyectoLabApps/Content/Niveles/Mapa/Minimal_Default.umap
[2020.11.02-02.12.17:403][229]LogFileHelpers: Saving map 'Minimal_Default' took 1.043
