Log file open, 10/27/20 14:35:28
LogInit:Display: Running engine for game: ProyectoLabApps
LogPlatformFile: Not using cached read wrapper
LogInit:Display: RandInit(-1623052320) SRandInit(-1623052320).
LogTaskGraph: Started task graph with 5 named threads and 6 total threads with 1 sets of task threads.
LogStats: Stats thread started at 0.256400
LogInit: Using libcurl 7.47.1
LogInit:  - built for x86_64-pc-win32
LogInit:  - supports SSL with OpenSSL/1.0.2g
LogInit:  - supports HTTP deflate (compression) using libz 1.2.8
LogInit:  - other features:
LogInit:      CURL_VERSION_SSL
LogInit:      CURL_VERSION_LIBZ
LogInit:      CURL_VERSION_IPV6
LogInit:      CURL_VERSION_ASYNCHDNS
LogInit:      CURL_VERSION_LARGEFILE
LogInit:      CURL_VERSION_IDN
LogInit:  CurlRequestOptions (configurable via config and command line):
LogInit:  - bVerifyPeer = false  - Libcurl will NOT verify peer certificate
LogInit:  - bUseHttpProxy = false  - Libcurl will NOT use HTTP proxy
LogInit:  - bDontReuseConnections = false  - Libcurl will reuse connections
LogInit:  - CertBundlePath = nullptr  - Libcurl will use whatever was configured at build time.
LogInit: Build: ++UE4+Release-4.15-CL-3450819
LogInit: Engine Version: 4.15.3-3450819+++UE4+Release-4.15
LogInit: Compatible Engine Version: 4.15.0-3299760+++UE4+Release-4.15
LogInit: Net CL: 3299760
LogDevObjectVersion: Number of dev versions registered: 14
LogDevObjectVersion:   Dev-Blueprints (B0D832E4-1F89-4F0D-ACCF-7EB736FD4AA2): 8
LogDevObjectVersion:   Dev-Build (E1C64328-A22C-4D53-A36C-8E866417BD8C): 0
LogDevObjectVersion:   Dev-Core (375EC13C-06E4-48FB-B500-84F0262A717E): 2
LogDevObjectVersion:   Dev-Editor (E4B068ED-F494-42E9-A231-DA0B2E46BB41): 14
LogDevObjectVersion:   Dev-Framework (CFFC743F-43B0-4480-9391-14DF171D2073): 22
LogDevObjectVersion:   Dev-Mobile (B02B49B5-BB20-44E9-A304-32B752E40360): 0
LogDevObjectVersion:   Dev-Networking (A4E4105C-59A1-49B5-A7C5-40C4547EDFEE): 0
LogDevObjectVersion:   Dev-Online (39C831C9-5AE6-47DC-9A44-9C173E1C8E7C): 0
LogDevObjectVersion:   Dev-Physics (78F01B33-EBEA-4F98-B9B4-84EACCB95AA2): 0
LogDevObjectVersion:   Dev-Platform (6631380F-2D4D-43E0-8009-CF276956A95A): 0
LogDevObjectVersion:   Dev-Rendering (12F88B9F-8875-4AFC-A67C-D90C383ABD29): 12
LogDevObjectVersion:   Dev-Sequencer (7B5AE74C-D270-4C10-A958-57980B212A5A): 3
LogDevObjectVersion:   Dev-VR (D7296918-1DD6-4BDD-9DE2-64A83CC13884): 0
LogDevObjectVersion:   Dev-LoadTimes (C2A15278-BFE7-4AFE-6C17-90FF531DF755): 1
LogInit: Compiled (64-bit): May 21 2017 11:02:34
LogInit: Compiled with Visual C++: 19.00.23026.00
LogInit: Build Configuration: Development
LogInit: Branch Name: ++UE4+Release-4.15
LogInit: Command line: 
LogInit: Base directory: C:/Program Files/Epic Games/UE_4.15/Engine/Binaries/Win64/
LogInit: Installed Engine Build: 1
LogInit: Presizing for max 8388607 objects, including 0 objects not considered by GC, pre-allocating 0 bytes for permanent pool.
LogInit: Object subsystem initialized
[2020.10.27-17.35.31:288][  0]LogInit: Selected Device Profile: [Windows]
[2020.10.27-17.35.31:288][  0]LogInit: Applying CVar settings loaded from the selected device profile: [Windows]
[2020.10.27-17.35.31:380][  0]LogInit: Computer: BELU
[2020.10.27-17.35.31:380][  0]LogInit: User: Beluu
[2020.10.27-17.35.31:380][  0]LogInit: CPU Page size=65536, Cores=2
[2020.10.27-17.35.31:380][  0]LogInit: High frequency timer resolution =2.143576 MHz
[2020.10.27-17.35.31:381][  0]LogMemory: Memory total: Physical=3.7GB (4GB approx)
[2020.10.27-17.35.31:381][  0]LogMemory: Platform Memory Stats for Windows
[2020.10.27-17.35.31:381][  0]LogMemory: Process Physical Memory: 263.64 MB used, 263.64 MB peak
[2020.10.27-17.35.31:381][  0]LogMemory: Process Virtual Memory: 262.23 MB used, 262.23 MB peak
[2020.10.27-17.35.31:381][  0]LogMemory: Physical Memory: 2011.95 MB used,  1783.59 MB free, 3795.54 MB total
[2020.10.27-17.35.31:381][  0]LogMemory: Virtual Memory: 643.31 MB used,  1783.59 MB free, 134217728.00 MB total
[2020.10.27-17.35.31:720][  0]LogTextLocalizationManager: No specific translations for ('es-AR') exist, so ('es') translations will be used.
[2020.10.27-17.35.32:863][  0]LogD3D11RHI: D3D11 adapters:
[2020.10.27-17.35.32:870][  0]LogD3D11RHI:    0. 'Intel(R) HD Graphics' (Feature Level 10_0)
[2020.10.27-17.35.32:870][  0]LogD3D11RHI:       32/0/1632 MB DedicatedVideo/DedicatedSystem/SharedSystem, Outputs:1, VendorId:0x8086
[2020.10.27-17.35.32:873][  0]LogD3D11RHI:    1. 'Microsoft Basic Render Driver' (Feature Level 11_0)
[2020.10.27-17.35.32:873][  0]LogD3D11RHI:       0/0/1897 MB DedicatedVideo/DedicatedSystem/SharedSystem, Outputs:0, VendorId:0x1414
[2020.10.27-17.35.32:874][  0]LogD3D11RHI: Chosen D3D11 Adapter: 0
[2020.10.27-17.35.32:883][  0]LogD3D11RHI: Creating new Direct3DDevice
[2020.10.27-17.35.32:883][  0]LogD3D11RHI:     GPU DeviceId: 0x106 (for the marketing name, search the web for "GPU Device Id")
[2020.10.27-17.35.32:883][  0]LogWindows: EnumDisplayDevices:
[2020.10.27-17.35.32:883][  0]LogWindows:    0. 'Intel(R) HD Graphics' (P:1 D:1)
[2020.10.27-17.35.32:884][  0]LogWindows:    1. 'Intel(R) HD Graphics' (P:0 D:0)
[2020.10.27-17.35.32:884][  0]LogWindows: DebugString: FoundDriverCount:2 
[2020.10.27-17.35.32:884][  0]LogD3D11RHI:     Adapter Name: Intel(R) HD Graphics
[2020.10.27-17.35.32:884][  0]LogD3D11RHI:   Driver Version: 9.17.10.4459 (internal:9.17.10.4459, unified:9.17.10.4459)
[2020.10.27-17.35.32:884][  0]LogD3D11RHI:      Driver Date: 5-19-2016
[2020.10.27-17.35.32:884][  0]LogRHI: Texture pool is 593 MB (70% of 848 MB)
[2020.10.27-17.35.32:889][  0]LogD3D11RHI: Async texture creation enabled
[2020.10.27-17.35.32:912][  0]LogD3D11RHI: GPU Timing Frequency: 12.500000 (Debug: 2 1)
[2020.10.27-17.35.32:913][  0]LogShaderCompilers: Guid format shader working directory is -43 characters bigger than the processId version (../../../../../../Users/Belci_3/Documents/GitHub/Proyecto-Laberinto-Grupo-1/ProyectoLabApps/Intermediate/Shaders/WorkingDirectory/4532/).
[2020.10.27-17.35.32:914][  0]LogShaderCompilers: Cleaned the shader compiler working directory 'C:/Users/Belci_3/AppData/Local/Temp/UnrealShaderWorkingDir/721E649B4747FF40686CD281777B848E/'.
[2020.10.27-17.35.32:914][  0]LogShaderCompilers:Display: Using Local Shader Compiler.
[2020.10.27-17.35.38:837][  0]LogTemp:Display: Loaded TP AllDesktopTargetPlatform
[2020.10.27-17.35.39:039][  0]LogTemp:Display: Loaded TP MacClientTargetPlatform
[2020.10.27-17.35.39:271][  0]LogTemp:Display: Loaded TP MacNoEditorTargetPlatform
[2020.10.27-17.35.39:481][  0]LogTemp:Display: Loaded TP MacServerTargetPlatform
[2020.10.27-17.35.39:715][  0]LogTemp:Display: Loaded TP MacTargetPlatform
[2020.10.27-17.35.39:906][  0]LogTemp:Display: Loaded TP WindowsClientTargetPlatform
[2020.10.27-17.35.40:108][  0]LogTemp:Display: Loaded TP WindowsNoEditorTargetPlatform
[2020.10.27-17.35.40:310][  0]LogTemp:Display: Loaded TP WindowsServerTargetPlatform
[2020.10.27-17.35.40:489][  0]LogTemp:Display: Loaded TP WindowsTargetPlatform
[2020.10.27-17.35.40:748][  0]LogTemp:Display: Loaded TP AndroidTargetPlatform
[2020.10.27-17.35.40:939][  0]LogTemp:Display: Loaded TP Android_ASTCTargetPlatform
[2020.10.27-17.35.41:111][  0]LogTemp:Display: Loaded TP Android_ATCTargetPlatform
[2020.10.27-17.35.41:299][  0]LogTemp:Display: Loaded TP Android_DXTTargetPlatform
[2020.10.27-17.35.41:456][  0]LogTemp:Display: Loaded TP Android_ETC1TargetPlatform
[2020.10.27-17.35.41:613][  0]LogTemp:Display: Loaded TP Android_ETC2TargetPlatform
[2020.10.27-17.35.41:902][  0]LogTemp:Display: Loaded TP Android_MultiTargetPlatform
[2020.10.27-17.35.41:902][  0]LogTemp:Display: Loaded TP Android_PVRTCTargetPlatform
[2020.10.27-17.35.42:012][  0]LogTemp:Display: Loaded TP HTML5TargetPlatform
[2020.10.27-17.35.42:236][  0]LogTemp:Display: Loaded TP IOSTargetPlatform
[2020.10.27-17.35.42:326][  0]LogTemp:Display: Loaded TP TVOSTargetPlatform
[2020.10.27-17.35.42:468][  0]LogTemp:Display: Loaded TP LinuxClientTargetPlatform
[2020.10.27-17.35.42:612][  0]LogTemp:Display: Loaded TP LinuxNoEditorTargetPlatform
[2020.10.27-17.35.42:755][  0]LogTemp:Display: Loaded TP LinuxServerTargetPlatform
[2020.10.27-17.35.42:906][  0]LogTemp:Display: Loaded TP LinuxTargetPlatform
[2020.10.27-17.35.42:906][  0]LogTargetPlatformManager:Display: Building Assets For Windows
[2020.10.27-17.35.44:065][  0]LogDerivedDataCache:Display: Max Cache Size: 512 MB
[2020.10.27-17.35.44:155][  0]LogDerivedDataCache: Loaded boot cache 0.09s 48MB C:/Users/Belci_3/AppData/Local/UnrealEngine/4.15/DerivedDataCache/Boot.ddc.
[2020.10.27-17.35.44:155][  0]LogDerivedDataCache:Display: Loaded Boot cache: C:/Users/Belci_3/AppData/Local/UnrealEngine/4.15/DerivedDataCache/Boot.ddc
[2020.10.27-17.35.44:156][  0]LogDerivedDataCache: FDerivedDataBackendGraph:  Pak pak cache file ../../../../../../Users/Belci_3/Documents/GitHub/Proyecto-Laberinto-Grupo-1/ProyectoLabApps/DerivedDataCache/DDC.ddp not found, will not use a pak cache.
[2020.10.27-17.35.44:156][  0]LogDerivedDataCache: Unable to find inner node Pak for hierarchical cache Hierarchy.
[2020.10.27-17.35.44:156][  0]LogDerivedDataCache: FDerivedDataBackendGraph:  CompressedPak pak cache file ../../../../../../Users/Belci_3/Documents/GitHub/Proyecto-Laberinto-Grupo-1/ProyectoLabApps/DerivedDataCache/Compressed.ddp not found, will not use a pak cache.
[2020.10.27-17.35.44:156][  0]LogDerivedDataCache: Unable to find inner node CompressedPak for hierarchical cache Hierarchy.
[2020.10.27-17.35.44:189][  0]LogDerivedDataCache:Display: Pak cache opened for reading ../../../Engine/DerivedDataCache/Compressed.ddp.
[2020.10.27-17.35.44:203][  0]LogDerivedDataCache: Using Local data cache path C:/Users/Belci_3/AppData/Local/UnrealEngine/Common/DerivedDataCache: Writable
[2020.10.27-17.35.44:214][  0]LogSlate: Using Freetype 2.6.0
[2020.10.27-17.35.44:215][  0]LogSlate: SlateFontCache - WITH_FREETYPE: 1, WITH_HARFBUZZ: 1
[2020.10.27-17.35.44:215][  0]LogSlate: SlateFontCache - WITH_FREETYPE: 1, WITH_HARFBUZZ: 1
[2020.10.27-17.35.44:789][  0]LogInit: Selected Device Profile: [Windows]
[2020.10.27-17.35.44:795][  0]LogContentStreaming: Texture pool size is 0.00 MB
[2020.10.27-17.35.45:281][  0]LogMeshUtilities: Using QuadricMeshReduction for automatic static mesh reduction
[2020.10.27-17.35.45:396][  0]LogSimplygon: Simplygon DLL not present - disabling.
[2020.10.27-17.35.45:519][  0]LogMeshUtilities: Using SimplygonSwarm for distributed automatic mesh merging
[2020.10.27-17.35.45:519][  0]LogMeshUtilities: No automatic skeletal mesh reduction module available
[2020.10.27-17.35.45:519][  0]LogMeshUtilities: No automatic mesh merging module available
[2020.10.27-17.35.46:749][  0]LogNetVersion: GetLocalNetworkVersion: CL: 3299760, ProjectName: proyectolabapps, ProjectVersion: , EngineNetworkVersion: 2, GameNetworkVersion: 0, NetworkChecksum: 1791571130
[2020.10.27-17.35.46:839][  0]LogAssetRegistry: FAssetRegistry took 0.0289 seconds to start up
[2020.10.27-17.35.46:977][  0]LogPackageLocalizationCache: Processed 3 localized package path(s) for 2 prioritized culture(s) in 0.083827 seconds
[2020.10.27-17.35.46:986][  0]LogUObjectArray: 32493 objects as part of root set at end of initial load.
[2020.10.27-17.35.46:986][  0]LogUObjectAllocator: 7077032 out of 0 bytes used by permanent object pool.
[2020.10.27-17.35.46:986][  0]LogUObjectArray: CloseDisregardForGC: 0/0 objects in disregard for GC pool
[2020.10.27-17.35.47:158][  0]LogInit: WinSock: version 1.1 (2.2), MaxSocks=32767, MaxUdp=65467
[2020.10.27-17.35.51:240][  0]LogTcpMessaging: Initializing TcpMessaging bridge
[2020.10.27-17.35.51:330][  0]LogUdpMessaging: Initializing bridge on interface 0.0.0.0:0 to multicast group 230.0.0.1:6666.
[2020.10.27-17.35.53:020][  0]LogMaterial: Uniform references updated for custom material expression Custom.
[2020.10.27-17.35.54:015][  0]SourceControl: Información El control de código fuente está desactivado
[2020.10.27-17.35.54:016][  0]SourceControl: Información El control de código fuente está desactivado
[2020.10.27-17.35.54:142][  0]SourceControl: Información El control de código fuente está desactivado
[2020.10.27-17.35.54:268][  0]SourceControl: Información El control de código fuente está desactivado
[2020.10.27-17.35.57:837][  0]LogEngine: Initializing Engine...
[2020.10.27-17.35.57:838][  0]LogHMD: Failed to initialize OpenVR with code 110
[2020.10.27-17.35.58:041][  0]LogStats: UGameplayTagsManager::ConstructGameplayTagTree: Construct from data asset -  0.000 s
[2020.10.27-17.35.58:041][  0]LogStats: UGameplayTagsManager::ConstructGameplayTagTree: GameplayTagTreeChangedEvent.Broadcast -  0.000 s
[2020.10.27-17.35.58:393][  0]LogAIModule: Creating AISystem for world Untitled
[2020.10.27-17.35.58:405][  0]LogInit: XAudio2 using 'Speakers (Realtek High Definition Audio)' : 2 channels at 48 kHz using 32 bits per sample (channel mask 0x3)
[2020.10.27-17.35.58:535][  0]LogInit: FAudioDevice initialized.
[2020.10.27-17.35.58:648][  0]LogDerivedDataCache: Saved boot cache 0.11s 48MB C:/Users/Belci_3/AppData/Local/UnrealEngine/4.15/DerivedDataCache/Boot.ddc.
[2020.10.27-17.35.58:839][  0]LogInit: Texture streaming: Enabled
[2020.10.27-17.35.59:268][  0]LogEngineSessionManager: EngineSessionManager initialized
[2020.10.27-17.35.59:693][  0]LogInit: Transaction tracking system initialized
[2020.10.27-17.36.01:207][  0]BlueprintLog: New page: Cargar el editor
[2020.10.27-17.36.05:043][  0]LocalizationService: Información Localization service is disabled
[2020.10.27-17.36.08:334][  0]LogConsoleResponse:Display: 
[2020.10.27-17.36.08:927][  0]LogCook:Display: Max memory allowance for cook 16384mb min free memory 0mb
[2020.10.27-17.36.08:927][  0]LogCook:Display: Mobile HDR setting 1
[2020.10.27-17.36.09:571][  0]LogFileCache: Scanning file cache for directory 'C:/Users/Belci_3/Documents/GitHub/Proyecto-Laberinto-Grupo-1/ProyectoLabApps/Content/' took 0.04s
[2020.10.27-17.36.13:069][  0]SourceControl: Información El control de código fuente está desactivado
[2020.10.27-17.36.13:069][  0]Cmd: MAP LOAD FILE="../../../../../../Users/Belci_3/Documents/GitHub/Proyecto-Laberinto-Grupo-1/ProyectoLabApps/Content/StarterContent/Maps/Minimal_Default.umap" TEMPLATE=0 SHOWPROGRESS=1 FEATURELEVEL=2
[2020.10.27-17.36.13:070][  0]LogEditorServer:Warning: Can't find file '../../../../../../Users/Belci_3/Documents/GitHub/Proyecto-Laberinto-Grupo-1/ProyectoLabApps/Content/StarterContent/Maps/Minimal_Default.umap'
[2020.10.27-17.36.13:084][  0]Cmd: MAP CHECKDEP NOCLEARLOG
[2020.10.27-17.36.13:233][  0]MapCheck: Información Map check complete: 0 Error(s), 0 Warning(s), took 149,569ms to complete.
[2020.10.27-17.36.13:234][  0]LogFileHelpers: Loading map 'Minimal_Default' took 0.164
[2020.10.27-17.36.13:795][  0]LogWindowsTextInputMethodSystem:Display: IME system now deactivated.
[2020.10.27-17.36.18:801][  0]LogCollectionManager: Loaded 0 collections in 0.007705 seconds
[2020.10.27-17.36.20:160][  0]LogFileCache: Scanning file cache for directory 'C:/Users/Belci_3/Documents/GitHub/Proyecto-Laberinto-Grupo-1/ProyectoLabApps/Saved/Collections/' took 0.01s
[2020.10.27-17.36.20:160][  0]LogFileCache: Scanning file cache for directory 'C:/Users/Belci_3/Documents/GitHub/Proyecto-Laberinto-Grupo-1/ProyectoLabApps/Content/Developers/Beluu/Collections/' took 0.01s
[2020.10.27-17.36.20:160][  0]LogFileCache: Scanning file cache for directory 'C:/Users/Belci_3/Documents/GitHub/Proyecto-Laberinto-Grupo-1/ProyectoLabApps/Content/Collections/' took 0.01s
[2020.10.27-17.36.20:160][  0]LogCollectionManager: Rebuilt the GUID cache for 0 collections in 0.000008 seconds
[2020.10.27-17.36.20:352][  0]LogContentBrowser: Native class hierarchy populated in 0.1470 seconds. Added 2246 classes and 455 folders.
[2020.10.27-17.36.21:265][  0]LogContentBrowser: Native class hierarchy updated for 'WidgetCarousel' in 0.0084 seconds. Added 0 classes and 0 folders.
[2020.10.27-17.36.27:133][  0]LogContentBrowser: Native class hierarchy updated for 'AddContentDialog' in 0.0089 seconds. Added 0 classes and 0 folders.
[2020.10.27-17.36.27:722][  0]LogContentBrowser: Native class hierarchy updated for 'SceneOutliner' in 0.0084 seconds. Added 1 classes and 2 folders.
[2020.10.27-17.36.30:602][  0]LogCrashTracker: Crashtracker disabled due to settings.
[2020.10.27-17.36.31:452][  0]LogUObjectGlobals:Warning: Error al encontrar el objeto 'Class Ninguno.'
[2020.10.27-17.36.31:921][  0]LogContentBrowser: Native class hierarchy updated for 'HierarchicalLODOutliner' in 0.0092 seconds. Added 1 classes and 2 folders.
[2020.10.27-17.36.31:922][  0]LogLoad: (Engine Initialization) Total time: 68.64 seconds
[2020.10.27-17.36.31:922][  0]LogLoad: (Engine Initialization) Total Blueprint compile time: 0.11 seconds
[2020.10.27-17.36.31:922][  0]LogExternalProfiler: Found external profiler: VSPerf
[2020.10.27-17.36.31:922][  0]LogExternalProfiler: Using external profiler: VSPerf
[2020.10.27-17.36.31:943][  0]LogOcInput: OculusInput pre-init called
[2020.10.27-17.36.32:227][  0]LogContentStreaming: Texture pool size now 400 MB
[2020.10.27-17.36.32:232][  0]LogSlate: Took 0.001185 seconds to synchronously load lazily loaded font '../../../Engine/Content/Slate/Fonts/Roboto-Regular.ttf' (155K)
[2020.10.27-17.36.32:248][  0]LogSlate: Took 0.001375 seconds to synchronously load lazily loaded font '../../../Engine/Content/Slate/Fonts/Roboto-Bold.ttf' (160K)
[2020.10.27-17.36.32:364][  0]LogSlate: Took 0.019896 seconds to synchronously load lazily loaded font '../../../Engine/Content/Editor/Slate/Fonts/FontAwesome.ttf' (139K)
[2020.10.27-17.36.35:270][  0]LogRenderer: Reallocating scene render targets to support 852x360 NumSamples 1 (Frame:2).
[2020.10.27-17.36.41:201][  1]LogSlate: Took 0.032276 seconds to synchronously load lazily loaded font '../../../Engine/Content/Slate/Fonts/Roboto-Light.ttf' (159K)
[2020.10.27-17.36.52:509][306]LogRenderer: Reallocating scene render targets to support 856x372 NumSamples 1 (Frame:5).
[2020.10.27-17.36.59:198][500]LogAssetRegistry: Asset discovery search completed in 72.3874 seconds
[2020.10.27-17.36.59:198][500]LogCollectionManager: Rebuilt the object cache for 0 collections in 0.000028 seconds (found 0 objects)
[2020.10.27-17.36.59:198][500]LogCollectionManager: Fixed up redirectors for 0 collections in 0.000102 seconds (updated 0 objects)
[2020.10.27-17.37.08:851][778]LogSlate: Took 0.033129 seconds to synchronously load lazily loaded font '../../../Engine/Content/Slate/Fonts/Roboto-Light.ttf' (159K)
[2020.10.27-17.37.09:510][778]LogAIModule: Creating AISystem for world mainmenu
[2020.10.27-17.37.09:775][778]Cmd: MAP LOAD FILE="../../../../../../Users/Belci_3/Documents/GitHub/Proyecto-Laberinto-Grupo-1/ProyectoLabApps/Content/Niveles/mainmenu.umap" TEMPLATE=0 SHOWPROGRESS=1 FEATURELEVEL=2
[2020.10.27-17.37.09:789][778]LightingResults: New page: Diseñar la iluminación
[2020.10.27-17.37.10:117][778]LogContentBrowser: Native class hierarchy updated for 'StatsViewer' in 0.0096 seconds. Added 5 classes and 0 folders.
[2020.10.27-17.37.10:125][778]LoadErrors: New page: Cargando mapa: mainmenu.umap
[2020.10.27-17.37.10:128][778]MapCheck: New page: Revisión del mapa
[2020.10.27-17.37.10:128][778]LightingResults: New page: Diseñar la iluminación
[2020.10.27-17.37.10:349][778]LogEditorServer: Finished looking for orphan Actors (0.000 secs)
[2020.10.27-17.37.10:599][778]Cmd: MAP CHECKDEP NOCLEARLOG
[2020.10.27-17.37.11:010][778]MapCheck: Información Map check complete: 0 Error(s), 0 Warning(s), took 410,809ms to complete.
[2020.10.27-17.37.11:013][778]LogSlate: Took 0.001194 seconds to synchronously load lazily loaded font '../../../Engine/Content/Slate/Fonts/Roboto-Regular.ttf' (155K)
[2020.10.27-17.37.11:027][778]LogFileHelpers: Loading map 'mainmenu' took 1.287
[2020.10.27-17.37.18:014][893]LogTexture:Display: Building textures: 1_2 (AutoDXT, 852X480) - 68 MB total VRAM
[2020.10.27-17.37.18:349][893]LogMaterial: Missing cached shader map for material 1_2_Mat, compiling. 
[2020.10.27-17.37.18:441][893]LogTemp:Display: Added material ShaderMap 0x000002D4CF17B200 with Material 0x000002D4C3FBB280 to ShaderMapsBeingCompiled
[2020.10.27-17.37.18:581][893]LogTemp:Display: Kicking off shader compilation for 1_2_Mat, GameThreadShaderMap 0x000002D4CF17B200
[2020.10.27-17.37.18:591][893]LogMaterial: Missing cached shader map for material T_Burst_M_Mat, compiling. 
[2020.10.27-17.37.18:595][893]LogTemp:Display: Added material ShaderMap 0x000002D4CF810480 with Material 0x000002D4C4055780 to ShaderMapsBeingCompiled
[2020.10.27-17.37.18:642][893]LogTemp:Display: Kicking off shader compilation for T_Burst_M_Mat, GameThreadShaderMap 0x000002D4CF810480
[2020.10.27-17.37.18:853][893]LogTexture:Display: Building textures: tela-tejida-blanca_53876-89528 (BGRA8, 626X417) - 68 MB total VRAM
[2020.10.27-17.37.19:015][893]LogMaterial: Missing cached shader map for material Material_002, compiling. 
[2020.10.27-17.37.19:020][893]LogTemp:Display: Added material ShaderMap 0x000002D4DC7D7200 with Material 0x000002D4C4057400 to ShaderMapsBeingCompiled
[2020.10.27-17.37.19:058][893]LogTemp:Display: Kicking off shader compilation for Material_002, GameThreadShaderMap 0x000002D4DC7D7200
[2020.10.27-17.37.19:098][893]LogTexture:Display: Building textures: dark-texture-grunge-background-260nw-660170887 (BGRA8, 404X259) - 69 MB total VRAM
[2020.10.27-17.37.19:165][893]LogMaterial: Missing cached shader map for material madera_001, compiling. 
[2020.10.27-17.37.19:170][893]LogTemp:Display: Added material ShaderMap 0x000002D4BC2FA400 with Material 0x000002D4C3FB9600 to ShaderMapsBeingCompiled
[2020.10.27-17.37.19:209][893]LogTemp:Display: Kicking off shader compilation for madera_001, GameThreadShaderMap 0x000002D4BC2FA400
[2020.10.27-17.37.19:223][893]LogMaterial: Missing cached shader map for material T_Wood_Oak_Mat, compiling. 
[2020.10.27-17.37.19:227][893]LogTemp:Display: Added material ShaderMap 0x000002D4BA1A5600 with Material 0x000002D4C411E200 to ShaderMapsBeingCompiled
[2020.10.27-17.37.19:267][893]LogTemp:Display: Kicking off shader compilation for T_Wood_Oak_Mat, GameThreadShaderMap 0x000002D4BA1A5600
[2020.10.27-17.37.19:282][893]LogMaterial: Missing cached shader map for material T_Metal_Aluminum_Mat, compiling. 
[2020.10.27-17.37.19:285][893]LogTemp:Display: Added material ShaderMap 0x000002D4CEAC0100 with Material 0x000002D4C3FB8880 to ShaderMapsBeingCompiled
[2020.10.27-17.37.19:326][893]LogTemp:Display: Kicking off shader compilation for T_Metal_Aluminum_Mat, GameThreadShaderMap 0x000002D4CEAC0100
[2020.10.27-17.37.19:327][893]LogStaticMesh: Generando la malla estática untitled_Cube...
[2020.10.27-17.37.19:387][893]LogStaticMesh: Built static mesh [0.06s] /Game/ObjetosBlender/SILLA/untitled_Cube.untitled_Cube
[2020.10.27-17.37.19:577][893]LogMaterial: Missing cached shader map for material Material_003, compiling. 
[2020.10.27-17.37.19:582][893]LogTemp:Display: Added material ShaderMap 0x000002D4D08C2B00 with Material 0x000002D4C411C880 to ShaderMapsBeingCompiled
[2020.10.27-17.37.19:619][893]LogTemp:Display: Kicking off shader compilation for Material_003, GameThreadShaderMap 0x000002D4D08C2B00
[2020.10.27-17.37.19:620][893]LogStaticMesh: Generando la malla estática untitled...
[2020.10.27-17.37.19:649][893]LogStaticMesh: Built static mesh [0.03s] /Game/ObjetosBlender/MESA/untitled.untitled
[2020.10.27-17.37.19:856][893]LogTexture:Display: Building textures: alfombra-gris-fondo_1339-7411 (BGRA8, 626X417) - 69 MB total VRAM
[2020.10.27-17.37.19:995][893]LogMaterial: Missing cached shader map for material Material, compiling. 
[2020.10.27-17.37.19:999][893]LogTemp:Display: Added material ShaderMap 0x000002D4DC28DD00 with Material 0x000002D4DC599480 to ShaderMapsBeingCompiled
[2020.10.27-17.37.20:048][893]LogTemp:Display: Kicking off shader compilation for Material, GameThreadShaderMap 0x000002D4DC28DD00
[2020.10.27-17.37.20:049][893]LogStaticMesh: Generando la malla estática ALFOMBRA...
[2020.10.27-17.37.20:057][893]LogStaticMesh: Built static mesh [0.01s] /Game/ObjetosBlender/ALFOMBRA/ALFOMBRA.ALFOMBRA
[2020.10.27-17.37.20:063][893]LogStaticMesh: Generando la malla estática untitled_Cube_006...
[2020.10.27-17.37.20:072][893]LogStaticMesh: Built static mesh [0.01s] /Game/ObjetosBlender/SILLA/untitled_Cube_006.untitled_Cube_006
[2020.10.27-17.37.20:081][893]LogMaterial: Missing cached shader map for material madera_002, compiling. 
[2020.10.27-17.37.20:084][893]LogTemp:Display: Added material ShaderMap 0x000002D4D13D7900 with Material 0x000002D4C3F88880 to ShaderMapsBeingCompiled
[2020.10.27-17.37.20:138][893]LogTemp:Display: Kicking off shader compilation for madera_002, GameThreadShaderMap 0x000002D4D13D7900
[2020.10.27-17.37.20:139][893]LogStaticMesh: Generando la malla estática untitled_Cube_004...
[2020.10.27-17.37.20:145][893]LogStaticMesh: Built static mesh [0.01s] /Game/ObjetosBlender/SILLA/untitled_Cube_004.untitled_Cube_004
[2020.10.27-17.37.20:148][893]LogStaticMesh: Generando la malla estática untitled_Cube_002...
[2020.10.27-17.37.20:152][893]LogStaticMesh: Built static mesh [0.00s] /Game/ObjetosBlender/SILLA/untitled_Cube_002.untitled_Cube_002
[2020.10.27-17.37.20:171][893]LogStaticMesh: Generando la malla estática untitled_Cube_001...
[2020.10.27-17.37.20:183][893]LogStaticMesh: Built static mesh [0.03s] /Game/ObjetosBlender/SILLA/untitled_Cube_001.untitled_Cube_001
[2020.10.27-17.37.20:203][893]LogMaterial: Missing cached shader map for material madera, compiling. 
[2020.10.27-17.37.20:206][893]LogTemp:Display: Added material ShaderMap 0x000002D4D133D600 with Material 0x000002D4C41C1F00 to ShaderMapsBeingCompiled
[2020.10.27-17.37.20:268][893]LogTemp:Display: Kicking off shader compilation for madera, GameThreadShaderMap 0x000002D4D133D600
[2020.10.27-17.37.20:268][893]LogStaticMesh: Generando la malla estática untitled_Cube_010...
[2020.10.27-17.37.20:272][893]LogStaticMesh: Built static mesh [0.00s] /Game/ObjetosBlender/SILLA/untitled_Cube_010.untitled_Cube_010
[2020.10.27-17.37.20:367][893]LogTexture:Display: Building textures: tela-tejida-blanca_53876-89528 (BGRA8, 626X417) - 70 MB total VRAM
[2020.10.27-17.37.20:487][893]LogMaterial: Missing cached shader map for material Material_001, compiling. 
[2020.10.27-17.37.20:491][893]LogTemp:Display: Added material ShaderMap 0x000002D4D12D8480 with Material 0x000002D4C41C0700 to ShaderMapsBeingCompiled
[2020.10.27-17.37.20:526][893]LogTemp:Display: Kicking off shader compilation for Material_001, GameThreadShaderMap 0x000002D4D12D8480
[2020.10.27-17.37.20:535][893]LogStaticMesh: Generando la malla estática untitled_Cube_008...
[2020.10.27-17.37.20:542][893]LogStaticMesh: Built static mesh [0.02s] /Game/ObjetosBlender/SILLA/untitled_Cube_008.untitled_Cube_008
[2020.10.27-17.37.20:573][893]LogMaterial: Missing cached shader map for material Material, compiling. 
[2020.10.27-17.37.20:576][893]LogTemp:Display: Added material ShaderMap 0x000002D4DF8F6E80 with Material 0x000002D4B8EF1600 to ShaderMapsBeingCompiled
[2020.10.27-17.37.20:605][893]LogTemp:Display: Kicking off shader compilation for Material, GameThreadShaderMap 0x000002D4DF8F6E80
[2020.10.27-17.37.20:606][893]LogStaticMesh: Generando la malla estática untitled_Cube_007...
[2020.10.27-17.37.20:614][893]LogStaticMesh: Built static mesh [0.01s] /Game/ObjetosBlender/SILLA/untitled_Cube_007.untitled_Cube_007
[2020.10.27-17.37.20:742][893]LogStaticMesh: Generando la malla estática SILLON_CON_TEXTURA2_Cylinder_001...
[2020.10.27-17.37.20:759][893]LogStaticMesh: Built static mesh [0.02s] /Game/ObjetosBlender/SILLON/SILLON_CON_TEXTURA2_Cylinder_001.SILLON_CON_TEXTURA2_Cylinder_001
[2020.10.27-17.37.20:768][893]LogStaticMesh: Generando la malla estática SILLON_CON_TEXTURA2_Cylinder...
[2020.10.27-17.37.20:789][893]LogStaticMesh: Built static mesh [0.02s] /Game/ObjetosBlender/SILLON/SILLON_CON_TEXTURA2_Cylinder.SILLON_CON_TEXTURA2_Cylinder
[2020.10.27-17.37.20:794][893]LogStaticMesh: Generando la malla estática SILLON_CON_TEXTURA2_Cube_009...
[2020.10.27-17.37.20:821][893]LogStaticMesh: Built static mesh [0.03s] /Game/ObjetosBlender/SILLON/SILLON_CON_TEXTURA2_Cube_009.SILLON_CON_TEXTURA2_Cube_009
[2020.10.27-17.37.20:869][893]LogStaticMesh: Generando la malla estática SILLON_CON_TEXTURA2_Cube_008...
[2020.10.27-17.37.20:889][893]LogStaticMesh: Built static mesh [0.05s] /Game/ObjetosBlender/SILLON/SILLON_CON_TEXTURA2_Cube_008.SILLON_CON_TEXTURA2_Cube_008
[2020.10.27-17.37.20:893][893]LogStaticMesh: Generando la malla estática SILLON_CON_TEXTURA2_Cube_007...
[2020.10.27-17.37.20:940][893]LogStaticMesh: Built static mesh [0.05s] /Game/ObjetosBlender/SILLON/SILLON_CON_TEXTURA2_Cube_007.SILLON_CON_TEXTURA2_Cube_007
[2020.10.27-17.37.20:948][893]LogStaticMesh: Generando la malla estática SILLON_CON_TEXTURA2_Cube_006...
[2020.10.27-17.37.20:974][893]LogStaticMesh: Built static mesh [0.03s] /Game/ObjetosBlender/SILLON/SILLON_CON_TEXTURA2_Cube_006.SILLON_CON_TEXTURA2_Cube_006
[2020.10.27-17.37.21:449][893]LogTexture:Display: Building textures: textura-tela-negra_1122-945 (BGRA8, 626X417) - 71 MB total VRAM
[2020.10.27-17.37.21:539][893]LogMaterial: Missing cached shader map for material Material_003, compiling. 
[2020.10.27-17.37.21:541][893]LogTemp:Display: Added material ShaderMap 0x000002D4DF512E80 with Material 0x000002D4CE917400 to ShaderMapsBeingCompiled
[2020.10.27-17.37.21:579][893]LogTemp:Display: Kicking off shader compilation for Material_003, GameThreadShaderMap 0x000002D4DF512E80
[2020.10.27-17.37.21:580][893]LogStaticMesh: Generando la malla estática SILLON_CON_TEXTURA2_Cube_005...
[2020.10.27-17.37.21:590][893]LogStaticMesh: Built static mesh [0.01s] /Game/ObjetosBlender/SILLON/SILLON_CON_TEXTURA2_Cube_005.SILLON_CON_TEXTURA2_Cube_005
[2020.10.27-17.37.21:611][893]LogMaterial: Missing cached shader map for material Material_004, compiling. 
[2020.10.27-17.37.21:614][893]LogTemp:Display: Added material ShaderMap 0x000002D4DF492400 with Material 0x000002D4CE934700 to ShaderMapsBeingCompiled
[2020.10.27-17.37.21:647][893]LogTemp:Display: Kicking off shader compilation for Material_004, GameThreadShaderMap 0x000002D4DF492400
[2020.10.27-17.37.21:647][893]LogStaticMesh: Generando la malla estática SILLON_CON_TEXTURA2_Cube_004...
[2020.10.27-17.37.21:656][893]LogStaticMesh: Built static mesh [0.01s] /Game/ObjetosBlender/SILLON/SILLON_CON_TEXTURA2_Cube_004.SILLON_CON_TEXTURA2_Cube_004
[2020.10.27-17.37.21:687][893]LogStaticMesh: Generando la malla estática SILLON_CON_TEXTURA2_Cube_003...
[2020.10.27-17.37.21:695][893]LogStaticMesh: Built static mesh [0.01s] /Game/ObjetosBlender/SILLON/SILLON_CON_TEXTURA2_Cube_003.SILLON_CON_TEXTURA2_Cube_003
[2020.10.27-17.37.21:703][893]LogMaterial: Missing cached shader map for material Material, compiling. 
[2020.10.27-17.37.21:705][893]LogTemp:Display: Added material ShaderMap 0x000002D4D64CB200 with Material 0x000002D4CE937280 to ShaderMapsBeingCompiled
[2020.10.27-17.37.21:737][893]LogTemp:Display: Kicking off shader compilation for Material, GameThreadShaderMap 0x000002D4D64CB200
[2020.10.27-17.37.21:742][893]LogStaticMesh: Generando la malla estática SILLON_CON_TEXTURA2_Cube_002...
[2020.10.27-17.37.21:752][893]LogStaticMesh: Built static mesh [0.01s] /Game/ObjetosBlender/SILLON/SILLON_CON_TEXTURA2_Cube_002.SILLON_CON_TEXTURA2_Cube_002
[2020.10.27-17.37.21:755][893]LogStaticMesh: Generando la malla estática SILLON_CON_TEXTURA2_Cube_001...
[2020.10.27-17.37.21:766][893]LogStaticMesh: Built static mesh [0.01s] /Game/ObjetosBlender/SILLON/SILLON_CON_TEXTURA2_Cube_001.SILLON_CON_TEXTURA2_Cube_001
[2020.10.27-17.37.21:769][893]LogStaticMesh: Generando la malla estática SILLON_CON_TEXTURA2_Cube...
[2020.10.27-17.37.21:793][893]LogStaticMesh: Built static mesh [0.02s] /Game/ObjetosBlender/SILLON/SILLON_CON_TEXTURA2_Cube.SILLON_CON_TEXTURA2_Cube
[2020.10.27-17.37.21:814][893]LogMaterial: Missing cached shader map for material madera_008, compiling. 
[2020.10.27-17.37.21:817][893]LogTemp:Display: Added material ShaderMap 0x000002D4D642E400 with Material 0x000002D4CE947280 to ShaderMapsBeingCompiled
[2020.10.27-17.37.21:852][893]LogTemp:Display: Kicking off shader compilation for madera_008, GameThreadShaderMap 0x000002D4D642E400
[2020.10.27-17.37.21:852][893]LogStaticMesh: Generando la malla estática untitled_Cube_014...
[2020.10.27-17.37.21:856][893]LogStaticMesh: Built static mesh [0.00s] /Game/ObjetosBlender/SILLA/untitled_Cube_014.untitled_Cube_014
[2020.10.27-17.37.21:863][893]LogMaterial: Missing cached shader map for material madera_007, compiling. 
[2020.10.27-17.37.21:865][893]LogTemp:Display: Added material ShaderMap 0x000002D4D639C800 with Material 0x000002D4CE95CD00 to ShaderMapsBeingCompiled
[2020.10.27-17.37.21:899][893]LogTemp:Display: Kicking off shader compilation for madera_007, GameThreadShaderMap 0x000002D4D639C800
[2020.10.27-17.37.21:900][893]LogStaticMesh: Generando la malla estática untitled_Cube_013...
[2020.10.27-17.37.21:903][893]LogStaticMesh: Built static mesh [0.00s] /Game/ObjetosBlender/SILLA/untitled_Cube_013.untitled_Cube_013
[2020.10.27-17.37.21:910][893]LogMaterial: Missing cached shader map for material madera_006, compiling. 
[2020.10.27-17.37.21:912][893]LogTemp:Display: Added material ShaderMap 0x000002D4D0767200 with Material 0x000002D4CE95F280 to ShaderMapsBeingCompiled
[2020.10.27-17.37.21:941][893]LogTemp:Display: Kicking off shader compilation for madera_006, GameThreadShaderMap 0x000002D4D0767200
[2020.10.27-17.37.21:944][893]LogStaticMesh: Generando la malla estática untitled_Cube_012...
[2020.10.27-17.37.21:950][893]LogStaticMesh: Built static mesh [0.01s] /Game/ObjetosBlender/SILLA/untitled_Cube_012.untitled_Cube_012
[2020.10.27-17.37.21:956][893]LogMaterial: Missing cached shader map for material madera_005, compiling. 
[2020.10.27-17.37.21:959][893]LogTemp:Display: Added material ShaderMap 0x000002D4E0105600 with Material 0x000002D4CE978580 to ShaderMapsBeingCompiled
[2020.10.27-17.37.21:984][893]LogTemp:Display: Kicking off shader compilation for madera_005, GameThreadShaderMap 0x000002D4E0105600
[2020.10.27-17.37.21:985][893]LogStaticMesh: Generando la malla estática untitled_Cube_011...
[2020.10.27-17.37.21:997][893]LogStaticMesh: Built static mesh [0.01s] /Game/ObjetosBlender/SILLA/untitled_Cube_011.untitled_Cube_011
[2020.10.27-17.37.22:003][893]LogMaterial: Missing cached shader map for material madera_004, compiling. 
[2020.10.27-17.37.22:006][893]LogTemp:Display: Added material ShaderMap 0x000002D4E0098100 with Material 0x000002D4CE979F00 to ShaderMapsBeingCompiled
[2020.10.27-17.37.22:033][893]LogTemp:Display: Kicking off shader compilation for madera_004, GameThreadShaderMap 0x000002D4E0098100
[2020.10.27-17.37.23:326][893]LogAIModule: Creating AISystem for world Minimal_Default
[2020.10.27-17.37.23:626][893]Cmd: MAP LOAD FILE="../../../../../../Users/Belci_3/Documents/GitHub/Proyecto-Laberinto-Grupo-1/ProyectoLabApps/Content/Niveles/Mapa/Minimal_Default.umap" TEMPLATE=0 SHOWPROGRESS=1 FEATURELEVEL=2
[2020.10.27-17.37.23:626][893]LightingResults: New page: Diseñar la iluminación
[2020.10.27-17.37.23:630][893]LoadErrors: New page: Cargando mapa: Minimal_Default.umap
[2020.10.27-17.37.23:630][893]MapCheck: New page: Revisión del mapa
[2020.10.27-17.37.23:631][893]LightingResults: New page: Diseñar la iluminación
[2020.10.27-17.37.25:803][893]LogEditorServer: Finished looking for orphan Actors (0.000 secs)
[2020.10.27-17.37.25:937][893]Cmd: MAP CHECKDEP NOCLEARLOG
[2020.10.27-17.37.26:377][893]MapCheck: Información Map check complete: 0 Error(s), 0 Warning(s), took 440,081ms to complete.
[2020.10.27-17.37.26:380][893]LogFileHelpers: Loading map 'Minimal_Default' took 2.755
[2020.10.27-17.37.34:482][ 18]LogTemp:Display: Finished compile of shader map 0x000002D4CF17B200
[2020.10.27-17.37.34:482][ 18]LogTemp:Display: Shader map 1_2_Mat complete, GameThreadShaderMap 0x000002D4CF17B200, marking material 1_2_Mat as finished
[2020.10.27-17.37.34:482][ 18]LogTemp:Display: Marking material as finished 0x000002D4C3FBB280
[2020.10.27-17.37.40:634][171]LogTemp:Display: Finished compile of shader map 0x000002D4CF810480
[2020.10.27-17.37.40:635][171]LogTemp:Display: Shader map T_Burst_M_Mat complete, GameThreadShaderMap 0x000002D4CF810480, marking material T_Burst_M_Mat as finished
[2020.10.27-17.37.40:635][171]LogTemp:Display: Marking material as finished 0x000002D4C4055780
[2020.10.27-17.37.42:099][208]LogEditorViewport: Clicking on Actor (LMB): StaticMeshActor (SILLON_CON_TEXTURA2_Cube_003)
[2020.10.27-17.37.48:893][286]LogTemp:Display: Finished compile of shader map 0x000002D4DC7D7200
[2020.10.27-17.37.48:893][286]LogTemp:Display: Shader map Material_002 complete, GameThreadShaderMap 0x000002D4DC7D7200, marking material Material_002 as finished
[2020.10.27-17.37.48:893][286]LogTemp:Display: Marking material as finished 0x000002D4C4057400
[2020.10.27-17.37.56:718][484]LogEditorViewport: Clicking on Actor (LMB): StaticMeshActor (Wall_400x303)
[2020.10.27-17.38.00:705][552]LogEditorViewport: Clicking on Actor (LMB): StaticMeshActor (untitled_Cube_15)
[2020.10.27-17.38.05:962][692]LogEditorViewport: Clicking on Actor (context menu): StaticMeshActor (Floor)
[2020.10.27-17.38.08:844][751]LogTemp:Display: Finished compile of shader map 0x000002D4BC2FA400
[2020.10.27-17.38.08:844][751]LogTemp:Display: Shader map madera_001 complete, GameThreadShaderMap 0x000002D4BC2FA400, marking material madera_001 as finished
[2020.10.27-17.38.08:844][751]LogTemp:Display: Marking material as finished 0x000002D4C3FB9600
[2020.10.27-17.38.15:092][834]LogTemp:Display: Finished compile of shader map 0x000002D4BA1A5600
[2020.10.27-17.38.15:092][834]LogTemp:Display: Shader map T_Wood_Oak_Mat complete, GameThreadShaderMap 0x000002D4BA1A5600, marking material T_Wood_Oak_Mat as finished
[2020.10.27-17.38.15:092][834]LogTemp:Display: Marking material as finished 0x000002D4C411E200
[2020.10.27-17.38.21:096][925]LogTemp:Display: Finished compile of shader map 0x000002D4CEAC0100
[2020.10.27-17.38.21:096][925]LogTemp:Display: Shader map T_Metal_Aluminum_Mat complete, GameThreadShaderMap 0x000002D4CEAC0100, marking material T_Metal_Aluminum_Mat as finished
[2020.10.27-17.38.21:096][925]LogTemp:Display: Marking material as finished 0x000002D4C3FB8880
[2020.10.27-17.38.26:604][  2]LogTemp:Display: Finished compile of shader map 0x000002D4D08C2B00
[2020.10.27-17.38.26:604][  2]LogTemp:Display: Shader map Material_003 complete, GameThreadShaderMap 0x000002D4D08C2B00, marking material Material_003 as finished
[2020.10.27-17.38.26:604][  2]LogTemp:Display: Marking material as finished 0x000002D4C411C880
[2020.10.27-17.38.32:004][ 57]LogTemp:Display: Finished compile of shader map 0x000002D4DC28DD00
[2020.10.27-17.38.32:004][ 57]LogTemp:Display: Shader map Material complete, GameThreadShaderMap 0x000002D4DC28DD00, marking material Material as finished
[2020.10.27-17.38.32:004][ 57]LogTemp:Display: Marking material as finished 0x000002D4DC599480
[2020.10.27-17.38.37:568][108]LogTemp:Display: Finished compile of shader map 0x000002D4D13D7900
[2020.10.27-17.38.37:568][108]LogTemp:Display: Shader map madera_002 complete, GameThreadShaderMap 0x000002D4D13D7900, marking material madera_002 as finished
[2020.10.27-17.38.37:568][108]LogTemp:Display: Marking material as finished 0x000002D4C3F88880
[2020.10.27-17.38.42:819][170]LogTemp:Display: Finished compile of shader map 0x000002D4D133D600
[2020.10.27-17.38.42:819][170]LogTemp:Display: Shader map madera complete, GameThreadShaderMap 0x000002D4D133D600, marking material madera as finished
[2020.10.27-17.38.42:819][170]LogTemp:Display: Marking material as finished 0x000002D4C41C1F00
[2020.10.27-17.38.42:823][170]LogTemp:Display: Finished compile of shader map 0x000002D4D12D8480
[2020.10.27-17.38.42:823][170]LogTemp:Display: Shader map Material_001 complete, GameThreadShaderMap 0x000002D4D12D8480, marking material Material_001 as finished
[2020.10.27-17.38.42:823][170]LogTemp:Display: Marking material as finished 0x000002D4C41C0700
[2020.10.27-17.38.48:494][274]LogTemp:Display: Finished compile of shader map 0x000002D4DF8F6E80
[2020.10.27-17.38.48:494][274]LogTemp:Display: Shader map Material complete, GameThreadShaderMap 0x000002D4DF8F6E80, marking material Material as finished
[2020.10.27-17.38.48:494][274]LogTemp:Display: Marking material as finished 0x000002D4B8EF1600
[2020.10.27-17.39.15:401][ 30]LogTemp:Display: Finished compile of shader map 0x000002D4DF512E80
[2020.10.27-17.39.15:401][ 30]LogTemp:Display: Shader map Material_003 complete, GameThreadShaderMap 0x000002D4DF512E80, marking material Material_003 as finished
[2020.10.27-17.39.15:401][ 30]LogTemp:Display: Marking material as finished 0x000002D4CE917400
[2020.10.27-17.39.33:789][551]LogTemp:Display: Finished compile of shader map 0x000002D4DF492400
[2020.10.27-17.39.33:789][551]LogTemp:Display: Shader map Material_004 complete, GameThreadShaderMap 0x000002D4DF492400, marking material Material_004 as finished
[2020.10.27-17.39.33:789][551]LogTemp:Display: Marking material as finished 0x000002D4CE934700
[2020.10.27-17.39.42:559][797]LogTemp:Display: Finished compile of shader map 0x000002D4D64CB200
[2020.10.27-17.39.42:559][797]LogTemp:Display: Shader map Material complete, GameThreadShaderMap 0x000002D4D64CB200, marking material Material as finished
[2020.10.27-17.39.42:559][797]LogTemp:Display: Marking material as finished 0x000002D4CE937280
[2020.10.27-17.39.48:951][924]LogTemp:Display: Finished compile of shader map 0x000002D4D642E400
[2020.10.27-17.39.48:951][924]LogTemp:Display: Shader map madera_008 complete, GameThreadShaderMap 0x000002D4D642E400, marking material madera_008 as finished
[2020.10.27-17.39.48:951][924]LogTemp:Display: Marking material as finished 0x000002D4CE947280
[2020.10.27-17.39.52:779][962]LogTemp:Display: Finished compile of shader map 0x000002D4D639C800
[2020.10.27-17.39.52:779][962]LogTemp:Display: Shader map madera_007 complete, GameThreadShaderMap 0x000002D4D639C800, marking material madera_007 as finished
[2020.10.27-17.39.52:779][962]LogTemp:Display: Marking material as finished 0x000002D4CE95CD00
[2020.10.27-17.39.59:874][162]LogTemp:Display: Finished compile of shader map 0x000002D4D0767200
[2020.10.27-17.39.59:874][162]LogTemp:Display: Shader map madera_006 complete, GameThreadShaderMap 0x000002D4D0767200, marking material madera_006 as finished
[2020.10.27-17.39.59:874][162]LogTemp:Display: Marking material as finished 0x000002D4CE95F280
[2020.10.27-17.40.09:403][430]LogTemp:Display: Finished compile of shader map 0x000002D4E0105600
[2020.10.27-17.40.09:404][430]LogTemp:Display: Shader map madera_005 complete, GameThreadShaderMap 0x000002D4E0105600, marking material madera_005 as finished
[2020.10.27-17.40.09:404][430]LogTemp:Display: Marking material as finished 0x000002D4CE978580
[2020.10.27-17.40.10:366][446]LogTemp:Display: Finished compile of shader map 0x000002D4E0098100
[2020.10.27-17.40.10:366][446]LogTemp:Display: Shader map madera_004 complete, GameThreadShaderMap 0x000002D4E0098100, marking material madera_004 as finished
[2020.10.27-17.40.10:366][446]LogTemp:Display: Marking material as finished 0x000002D4CE979F00
[2020.10.27-17.43.56:377][330]LogEditorViewport: Clicking on Actor (LMB): StaticMeshActor (Floor)
[2020.10.27-17.43.58:727][377]LogEditorViewport: Clicking on Actor (LMB): StaticMeshActor (Floor)
[2020.10.27-17.44.00:015][402]LogEditorViewport: Clicking on Actor (LMB): StaticMeshActor (Floor)
[2020.10.27-17.44.00:994][416]LogEditorViewport: Clicking on Actor (LMB): TriggerBox (TriggerBox)
[2020.10.27-17.44.37:747][141]LogEditorViewport: Clicking on Actor (LMB): StaticMeshActor (Floor_400x400)
[2020.10.27-17.44.38:212][142]LogEditorViewport: Clicking on Actor (LMB): StaticMeshActor (Floor_400x400)
[2020.10.27-17.44.40:318][191]LogEditorViewport: Clicking on Actor (LMB): TriggerBox (TriggerBox)
[2020.10.27-17.44.56:816][623]LogUObjectGlobals:Warning: Error al encontrar el objeto 'Object /Script/ProyectoLabApps.ProyectoLabAppsGameMode'
[2020.10.27-17.44.57:827][644]LogSlate: Took 0.000917 seconds to synchronously load lazily loaded font '../../../Engine/Content/Slate/Fonts/Roboto-Light.ttf' (159K)
[2020.10.27-17.45.02:901][658]LogContentBrowser: Native class hierarchy updated for 'BlueprintGraph' in 0.0109 seconds. Added 112 classes and 0 folders.
[2020.10.27-17.45.08:850][658]LogSlate: Took 0.064177 seconds to synchronously load lazily loaded font '../../../Engine/Content/Editor/Slate/Fonts/Roboto-BoldCondensed.ttf' (158K)
[2020.10.27-17.46.15:648][614]LogEditorViewport: Clicking on Actor (LMB): Personaje_C (Personaje)
[2020.10.27-17.46.34:404][ 22]LogEditorViewport: Clicking on Actor (LMB): TriggerBox (TriggerBox)
[2020.10.27-17.46.51:003][338]LogEditorViewport: Clicking on Actor (LMB): Personaje_C (Personaje)
[2020.10.27-17.47.04:855][630]LogSlate: Took 0.040400 seconds to synchronously load lazily loaded font '../../../Engine/Content/Editor/Slate/Fonts/Roboto-Italic.ttf' (157K)
[2020.10.27-17.47.54:832][801]LogEditorViewport: Clicking on Actor (context menu): StaticMeshActor (Wall_400x316)
[2020.10.27-17.47.56:790][826]LogEditorViewport: Clicking Background
[2020.10.27-17.48.06:727][985]LogEditorViewport: Clicking on Actor (LMB): StaticMeshActor (Floor2)
[2020.10.27-17.48.42:466][739]LogEditorViewport: Clicking on Actor (LMB): StaticMeshActor (Floor2)
[2020.10.27-17.48.43:207][752]LogEditorViewport: Clicking on Actor (LMB): StaticMeshActor (Floor2)
[2020.10.27-17.48.43:971][768]LogEditorViewport: Clicking on Actor (LMB): StaticMeshActor (Floor2)
[2020.10.27-17.48.44:248][769]LogEditorViewport: Clicking on Component (LMB): StaticMeshComponent (StaticMeshComponent0)
[2020.10.27-17.48.44:411][769]LogEditorViewport: Clicking on Component (LMB): StaticMeshComponent (StaticMeshComponent0)
[2020.10.27-17.48.44:524][769]LogEditorViewport: Clicking on Actor (double click): StaticMeshActor (Floor2)
[2020.10.27-17.48.45:263][780]LogEditorViewport: Clicking on Actor (context menu): StaticMeshActor (Floor2)
[2020.10.27-17.48.48:286][854]LogEditorViewport: Clicking on Actor (LMB): StaticMeshActor (Floor2)
[2020.10.27-17.48.49:026][869]LogEditorViewport: Clicking on Actor (LMB): StaticMeshActor (Floor2)
[2020.10.27-17.49.32:891][928]BlueprintLog: New page: Compilar Minimal_Default
[2020.10.27-17.49.41:638][136]LogTemp: Repeting last play command: New Editor Window (PIE)
[2020.10.27-17.49.41:708][136]LogBlueprintUserMessages: Early PlayInEditor Detection: Level '/Game/Niveles/Mapa/Minimal_Default.Minimal_Default:PersistentLevel' has LevelScriptBlueprint '/Game/Niveles/Mapa/Minimal_Default.Minimal_Default:PersistentLevel.Minimal_Default' with GeneratedClass '/Game/Niveles/Mapa/Minimal_Default.Minimal_Default_C' with ClassGeneratedBy '/Game/Niveles/Mapa/Minimal_Default.Minimal_Default:PersistentLevel.Minimal_Default'
[2020.10.27-17.49.41:720][136]LogPlayLevel: PlayLevel: No blueprints needed recompiling
[2020.10.27-17.49.41:881][136]PIE: New page: Sesión PIE (reproducción en el editor): Minimal_Default (27/10/2020 11:49:41)
[2020.10.27-17.49.41:935][136]LogPlayLevel: Creating play world package: /Game/Niveles/Mapa/UEDPIE_0_Minimal_Default
[2020.10.27-17.49.42:321][136]LogPlayLevel: PIE: StaticDuplicateObject took: (0.385525s)
[2020.10.27-17.49.42:325][136]LogAIModule: Creating AISystem for world Minimal_Default
[2020.10.27-17.49.42:326][136]LogPlayLevel: PIE: World Init took: (0.004772s)
[2020.10.27-17.49.42:344][136]LogPlayLevel: PIE: Created PIE world by copying editor world from /Game/Niveles/Mapa/Minimal_Default.Minimal_Default to /Game/Niveles/Mapa/UEDPIE_0_Minimal_Default.Minimal_Default (0.418041s)
[2020.10.27-17.49.42:551][136]LogInit: XAudio2 using 'Speakers (Realtek High Definition Audio)' : 2 channels at 48 kHz using 32 bits per sample (channel mask 0x3)
[2020.10.27-17.49.42:599][136]LogInit: FAudioDevice initialized.
[2020.10.27-17.49.42:895][136]LogLoad: Game class is 'GameModeBase'
[2020.10.27-17.49.43:146][136]LogWorld: Bringing World /Game/Niveles/Mapa/UEDPIE_0_Minimal_Default.Minimal_Default up for play (max tick rate 60) at 2020.10.27-14.49.43
[2020.10.27-17.49.43:283][136]LogWorld: Bringing up level for play took: 0.176395
[2020.10.27-17.49.43:923][136]LogContentBrowser: Native class hierarchy updated for 'MovieSceneCapture' in 0.0098 seconds. Added 11 classes and 0 folders.
[2020.10.27-17.49.44:074][136]PIE: Información Tiempo de inicio de la reproducción en el editor para  /Game/Niveles/Mapa/UEDPIE_0_Minimal_Default 3,067
[2020.10.27-17.49.44:076][136]LogBlueprintUserMessages: Late PlayInEditor Detection: Level '/Game/Niveles/Mapa/Minimal_Default.Minimal_Default:PersistentLevel' has LevelScriptBlueprint '/Game/Niveles/Mapa/Minimal_Default.Minimal_Default:PersistentLevel.Minimal_Default' with GeneratedClass '/Game/Niveles/Mapa/Minimal_Default.Minimal_Default_C' with ClassGeneratedBy '/Game/Niveles/Mapa/Minimal_Default.Minimal_Default:PersistentLevel.Minimal_Default'
[2020.10.27-17.49.44:515][136]LogRenderer: Reallocating scene render targets to support 856x380 NumSamples 1 (Frame:2249).
[2020.10.27-17.50.07:009][346]LogBlueprintUserMessages: Early EndPlayMap Detection: Level '/Game/Niveles/Mapa/Minimal_Default.Minimal_Default:PersistentLevel' has LevelScriptBlueprint '/Game/Niveles/Mapa/Minimal_Default.Minimal_Default:PersistentLevel.Minimal_Default' with GeneratedClass '/Game/Niveles/Mapa/Minimal_Default.Minimal_Default_C' with ClassGeneratedBy '/Game/Niveles/Mapa/Minimal_Default.Minimal_Default:PersistentLevel.Minimal_Default'
[2020.10.27-17.50.12:443][346]LogBlueprintUserMessages: Late EndPlayMap Detection: Level '/Game/Niveles/Mapa/Minimal_Default.Minimal_Default:PersistentLevel' has LevelScriptBlueprint '/Game/Niveles/Mapa/Minimal_Default.Minimal_Default:PersistentLevel.Minimal_Default' with GeneratedClass '/Game/Niveles/Mapa/Minimal_Default.Minimal_Default_C' with ClassGeneratedBy '/Game/Niveles/Mapa/Minimal_Default.Minimal_Default:PersistentLevel.Minimal_Default'
[2020.10.27-17.51.27:755][917]LogEditorViewport: Clicking on Actor (LMB): StaticMeshActor (Floor)
[2020.10.27-17.51.29:919][963]LogEditorViewport: Clicking on Actor (LMB): StaticMeshActor (Floor)
[2020.10.27-17.51.31:117][990]LogEditorViewport: Clicking on Actor (LMB): TriggerBox (TriggerBox)
[2020.10.27-17.53.09:099][389]LogEditorViewport: Clicking on Actor (LMB): StaticMeshActor (Floor2)
[2020.10.27-17.53.32:104][859]Cmd: DELETE
[2020.10.27-17.53.32:104][859]Cmd: ACTOR DELETE
[2020.10.27-17.53.32:297][859]LogEditorActor: Deleted Actor: TriggerVolume
[2020.10.27-17.53.32:487][859]LogEditorActor: Deleted 1 Actors (0.211 secs)
[2020.10.27-17.53.43:491][ 37]LogEditorViewport: Clicking on Actor (LMB): TriggerBox (TriggerBox)
[2020.10.27-17.53.45:079][ 70]Cmd: DELETE
[2020.10.27-17.53.45:079][ 70]Cmd: ACTOR DELETE
[2020.10.27-17.53.47:220][ 70]LogEditorActor: Deleted Actor: TriggerBox
[2020.10.27-17.53.47:366][ 70]LogEditorActor: Deleted 1 Actors (2.288 secs)
[2020.10.27-17.54.25:131][  2]LogEditorViewport: Clicking on Actor (LMB): TriggerVolume (TriggerVolume)
[2020.10.27-17.56.18:257][599]LogEditorViewport: Clicking on Actor (LMB): TriggerVolume (TriggerVolume2)
[2020.10.27-17.56.19:749][637]Cmd: DELETE
[2020.10.27-17.56.19:749][637]Cmd: ACTOR DELETE
[2020.10.27-17.56.19:752][637]LogEditorActor: Deleted Actor: TriggerVolume
[2020.10.27-17.56.19:935][637]LogEditorActor: Deleted 1 Actors (0.186 secs)
[2020.10.27-17.56.37:815][937]BlueprintLog: New page: Compilar Minimal_Default
[2020.10.27-17.56.37:909][937]LogBlueprint:Error: [Compiler PersistentLevel.Minimal_Default] Error No se ha encontrado objeto para el nodo del evento límite  OnActorBeginOverlap (None)
[2020.10.27-17.56.39:206][937]BlueprintEditorCompileResults:Error: Error No se ha encontrado objeto para el nodo del evento límite  OnActorBeginOverlap (None)
[2020.10.27-17.56.39:211][937]LogBlueprint:Warning: [Compiler PersistentLevel.Minimal_Default] Aviso [1275,93] Compile of PersistentLevel.Minimal_Default failed. 1 Fatal Issue(s) 0 Warning(s) [in 1.394 ms] (/Game/Niveles/Mapa/Minimal_Default.Minimal_Default:PersistentLevel.Minimal_Default)
[2020.10.27-17.57.21:062][865]LogEditorViewport: Clicking on Actor (LMB): StaticMeshActor (Floor2)
[2020.10.27-17.58.05:839][878]LogEditorViewport: Clicking Background
[2020.10.27-17.58.06:169][880]LogEditorViewport: Clicking Background
[2020.10.27-17.58.40:931][624]BlueprintLog: New page: Compilar Minimal_Default
[2020.10.27-17.58.40:965][624]LogBlueprint:Error: [Compiler PersistentLevel.Minimal_Default] Error No se ha encontrado objeto para el nodo del evento límite  OnActorBeginOverlap (None)
[2020.10.27-17.58.42:245][624]BlueprintEditorCompileResults:Error: Error No se ha encontrado objeto para el nodo del evento límite  OnActorBeginOverlap (None)
[2020.10.27-17.58.42:246][624]LogBlueprint:Warning: [Compiler PersistentLevel.Minimal_Default] Aviso [1398,96] Compile of PersistentLevel.Minimal_Default failed. 1 Fatal Issue(s) 0 Warning(s) [in 1.315 ms] (/Game/Niveles/Mapa/Minimal_Default.Minimal_Default:PersistentLevel.Minimal_Default)
[2020.10.27-17.59.03:251][ 99]LogEditorViewport: Clicking on Actor (LMB): StaticMeshActor (Floor2)
[2020.10.27-17.59.11:761][280]BlueprintLog: New page: Compilar Minimal_Default
[2020.10.27-17.59.11:795][280]LogBlueprint:Error: [Compiler PersistentLevel.Minimal_Default] Error No se ha encontrado objeto para el nodo del evento límite  OnActorBeginOverlap (None)
[2020.10.27-17.59.13:058][280]BlueprintEditorCompileResults:Error: Error No se ha encontrado objeto para el nodo del evento límite  OnActorBeginOverlap (None)
[2020.10.27-17.59.13:059][280]LogBlueprint:Warning: [Compiler PersistentLevel.Minimal_Default] Aviso [1429,78] Compile of PersistentLevel.Minimal_Default failed. 1 Fatal Issue(s) 0 Warning(s) [in 1.297 ms] (/Game/Niveles/Mapa/Minimal_Default.Minimal_Default:PersistentLevel.Minimal_Default)
[2020.10.27-18.00.14:968][885]LogSavePackage: Save=1225.62ms
[2020.10.27-18.00.14:968][885]LogSavePackage: Moving '../../../../../../Users/Belci_3/Documents/GitHub/Proyecto-Laberinto-Grupo-1/ProyectoLabApps/Saved/Minimal_Default_Auto1F93DD48242510415C2BC18B5AB455DBA.tmp' to '../../../../../../Users/Belci_3/Documents/GitHub/Proyecto-Laberinto-Grupo-1/ProyectoLabApps/Saved/Autosaves/Game/Niveles/Mapa/Minimal_Default_Auto1.umap'
[2020.10.27-18.00.14:988][885]LogSavePackage:Display: Finished SavePackage ../../../../../../Users/Belci_3/Documents/GitHub/Proyecto-Laberinto-Grupo-1/ProyectoLabApps/Saved/Autosaves/Game/Niveles/Mapa/Minimal_Default_Auto1.umap
[2020.10.27-18.00.15:080][885]LogFileHelpers: Editor autosave (incl. sublevels) for '/Game/Niveles/Mapa/Minimal_Default' took 1.806
[2020.10.27-18.00.15:080][885]LogFileHelpers: Editor autosave (incl. sublevels) for all levels took 1.806
[2020.10.27-18.00.23:425][988]LogEditorViewport: Clicking on Actor (LMB): TriggerVolume (TriggerVolume)
[2020.10.27-18.00.40:567][431]BlueprintLog: New page: Compilar Minimal_Default
[2020.10.27-18.01.31:559][722]LogEditorViewport: Clicking on Actor (LMB): Personaje_C (Personaje)
[2020.10.27-18.02.48:477][351]Cmd: DELETE
[2020.10.27-18.02.48:477][351]Cmd: ACTOR DELETE
[2020.10.27-18.02.48:480][351]LogEditorActor: Deleted Actor: TriggerVolume
[2020.10.27-18.02.48:624][351]LogEditorActor: Deleted 1 Actors (0.147 secs)
[2020.10.27-18.03.03:256][740]BlueprintLog: New page: Compilar Minimal_Default
[2020.10.27-18.03.16:620][ 89]LogVSAccessor:Warning: Couldn't access Visual Studio
[2020.10.27-18.03.16:843][ 89]Recompiling ProyectoLabApps...
[2020.10.27-18.03.16:877][ 89]Launching UnrealBuildTool... [C:/Program Files/Epic Games/UE_4.15/Engine/Binaries/DotNET/UnrealBuildTool.exe ProyectoLabApps -ModuleWithSuffix ProyectoLabApps 2003 Win64 Development -editorrecompile -canskiplink "C:/Users/Belci_3/Documents/GitHub/Proyecto-Laberinto-Grupo-1/ProyectoLabApps/ProyectoLabApps.uproject" ]
[2020.10.27-18.03.17:135][ 89]Warning: Starting HotReload took  0.8s.
[2020.10.27-18.03.22:150][196]CompilerResultsLog: New page: Compilación - 27/10/2020 12:03:22
[2020.10.27-18.03.22:167][196]LogMainFrame: MainFrame: Module compiling took 5.546 seconds
[2020.10.27-18.03.22:181][196]Warning: HotReload failed, recompile failed
[2020.10.27-18.03.30:416][422]LogTemp: Repeting last play command: New Editor Window (PIE)
[2020.10.27-18.03.30:470][422]LogBlueprintUserMessages: Early PlayInEditor Detection: Level '/Game/Niveles/Mapa/Minimal_Default.Minimal_Default:PersistentLevel' has LevelScriptBlueprint '/Game/Niveles/Mapa/Minimal_Default.Minimal_Default:PersistentLevel.Minimal_Default' with GeneratedClass '/Game/Niveles/Mapa/Minimal_Default.Minimal_Default_C' with ClassGeneratedBy '/Game/Niveles/Mapa/Minimal_Default.Minimal_Default:PersistentLevel.Minimal_Default'
[2020.10.27-18.03.30:470][422]LogPlayLevel: PlayLevel: No blueprints needed recompiling
[2020.10.27-18.03.30:471][422]PIE: New page: Sesión PIE (reproducción en el editor): Minimal_Default (27/10/2020 12:03:30)
[2020.10.27-18.03.30:471][422]LogPlayLevel: Creating play world package: /Game/Niveles/Mapa/UEDPIE_0_Minimal_Default
[2020.10.27-18.03.30:772][422]LogPlayLevel: PIE: StaticDuplicateObject took: (0.300395s)
[2020.10.27-18.03.30:775][422]LogAIModule: Creating AISystem for world Minimal_Default
[2020.10.27-18.03.30:775][422]LogPlayLevel: PIE: World Init took: (0.003557s)
[2020.10.27-18.03.30:776][422]LogPlayLevel: PIE: Created PIE world by copying editor world from /Game/Niveles/Mapa/Minimal_Default.Minimal_Default to /Game/Niveles/Mapa/UEDPIE_0_Minimal_Default.Minimal_Default (0.304964s)
[2020.10.27-18.03.30:932][422]LogInit: XAudio2 using 'Speakers (Realtek High Definition Audio)' : 2 channels at 48 kHz using 32 bits per sample (channel mask 0x3)
[2020.10.27-18.03.30:989][422]LogInit: FAudioDevice initialized.
[2020.10.27-18.03.31:078][422]LogLoad: Game class is 'GameModeBase'
[2020.10.27-18.03.31:118][422]LogWorld: Bringing World /Game/Niveles/Mapa/UEDPIE_0_Minimal_Default.Minimal_Default up for play (max tick rate 0) at 2020.10.27-15.03.31
[2020.10.27-18.03.31:122][422]LogWorld: Bringing up level for play took: 0.031260
[2020.10.27-18.03.31:143][422]PIE: Información Tiempo de inicio de la reproducción en el editor para  /Game/Niveles/Mapa/UEDPIE_0_Minimal_Default 0,136
[2020.10.27-18.03.31:145][422]LogBlueprintUserMessages: Late PlayInEditor Detection: Level '/Game/Niveles/Mapa/Minimal_Default.Minimal_Default:PersistentLevel' has LevelScriptBlueprint '/Game/Niveles/Mapa/Minimal_Default.Minimal_Default:PersistentLevel.Minimal_Default' with GeneratedClass '/Game/Niveles/Mapa/Minimal_Default.Minimal_Default_C' with ClassGeneratedBy '/Game/Niveles/Mapa/Minimal_Default.Minimal_Default:PersistentLevel.Minimal_Default'
[2020.10.27-18.03.41:603][522]LogBlueprintUserMessages: Early EndPlayMap Detection: Level '/Game/Niveles/Mapa/Minimal_Default.Minimal_Default:PersistentLevel' has LevelScriptBlueprint '/Game/Niveles/Mapa/Minimal_Default.Minimal_Default:PersistentLevel.Minimal_Default' with GeneratedClass '/Game/Niveles/Mapa/Minimal_Default.Minimal_Default_C' with ClassGeneratedBy '/Game/Niveles/Mapa/Minimal_Default.Minimal_Default:PersistentLevel.Minimal_Default'
[2020.10.27-18.03.41:802][522]LogBlueprintUserMessages: Late EndPlayMap Detection: Level '/Game/Niveles/Mapa/Minimal_Default.Minimal_Default:PersistentLevel' has LevelScriptBlueprint '/Game/Niveles/Mapa/Minimal_Default.Minimal_Default:PersistentLevel.Minimal_Default' with GeneratedClass '/Game/Niveles/Mapa/Minimal_Default.Minimal_Default_C' with ClassGeneratedBy '/Game/Niveles/Mapa/Minimal_Default.Minimal_Default:PersistentLevel.Minimal_Default'
[2020.10.27-18.03.58:862][991]BlueprintLog: New page: Compilar Minimal_Default
[2020.10.27-18.04.03:197][104]LogTemp: Repeting last play command: New Editor Window (PIE)
[2020.10.27-18.04.03:251][104]LogBlueprintUserMessages: Early PlayInEditor Detection: Level '/Game/Niveles/Mapa/Minimal_Default.Minimal_Default:PersistentLevel' has LevelScriptBlueprint '/Game/Niveles/Mapa/Minimal_Default.Minimal_Default:PersistentLevel.Minimal_Default' with GeneratedClass '/Game/Niveles/Mapa/Minimal_Default.Minimal_Default_C' with ClassGeneratedBy '/Game/Niveles/Mapa/Minimal_Default.Minimal_Default:PersistentLevel.Minimal_Default'
[2020.10.27-18.04.03:251][104]LogPlayLevel: PlayLevel: No blueprints needed recompiling
[2020.10.27-18.04.03:252][104]PIE: New page: Sesión PIE (reproducción en el editor): Minimal_Default (27/10/2020 12:04:03)
[2020.10.27-18.04.03:252][104]LogPlayLevel: Creating play world package: /Game/Niveles/Mapa/UEDPIE_0_Minimal_Default
[2020.10.27-18.04.03:532][104]LogPlayLevel: PIE: StaticDuplicateObject took: (0.280295s)
[2020.10.27-18.04.03:535][104]LogAIModule: Creating AISystem for world Minimal_Default
[2020.10.27-18.04.03:536][104]LogPlayLevel: PIE: World Init took: (0.003298s)
[2020.10.27-18.04.03:537][104]LogPlayLevel: PIE: Created PIE world by copying editor world from /Game/Niveles/Mapa/Minimal_Default.Minimal_Default to /Game/Niveles/Mapa/UEDPIE_0_Minimal_Default.Minimal_Default (0.284569s)
[2020.10.27-18.04.03:677][104]LogInit: XAudio2 using 'Speakers (Realtek High Definition Audio)' : 2 channels at 48 kHz using 32 bits per sample (channel mask 0x3)
[2020.10.27-18.04.03:786][104]LogInit: FAudioDevice initialized.
[2020.10.27-18.04.03:872][104]LogLoad: Game class is 'GameModeBase'
[2020.10.27-18.04.03:903][104]LogWorld: Bringing World /Game/Niveles/Mapa/UEDPIE_0_Minimal_Default.Minimal_Default up for play (max tick rate 0) at 2020.10.27-15.04.03
[2020.10.27-18.04.03:904][104]LogWorld: Bringing up level for play took: 0.030311
[2020.10.27-18.04.03:923][104]PIE: Información Tiempo de inicio de la reproducción en el editor para  /Game/Niveles/Mapa/UEDPIE_0_Minimal_Default 0,916
[2020.10.27-18.04.03:927][104]LogBlueprintUserMessages: Late PlayInEditor Detection: Level '/Game/Niveles/Mapa/Minimal_Default.Minimal_Default:PersistentLevel' has LevelScriptBlueprint '/Game/Niveles/Mapa/Minimal_Default.Minimal_Default:PersistentLevel.Minimal_Default' with GeneratedClass '/Game/Niveles/Mapa/Minimal_Default.Minimal_Default_C' with ClassGeneratedBy '/Game/Niveles/Mapa/Minimal_Default.Minimal_Default:PersistentLevel.Minimal_Default'
[2020.10.27-18.04.23:582][303]LogBlueprintUserMessages: Early EndPlayMap Detection: Level '/Game/Niveles/Mapa/Minimal_Default.Minimal_Default:PersistentLevel' has LevelScriptBlueprint '/Game/Niveles/Mapa/Minimal_Default.Minimal_Default:PersistentLevel.Minimal_Default' with GeneratedClass '/Game/Niveles/Mapa/Minimal_Default.Minimal_Default_C' with ClassGeneratedBy '/Game/Niveles/Mapa/Minimal_Default.Minimal_Default:PersistentLevel.Minimal_Default'
[2020.10.27-18.04.23:773][303]LogBlueprintUserMessages: Late EndPlayMap Detection: Level '/Game/Niveles/Mapa/Minimal_Default.Minimal_Default:PersistentLevel' has LevelScriptBlueprint '/Game/Niveles/Mapa/Minimal_Default.Minimal_Default:PersistentLevel.Minimal_Default' with GeneratedClass '/Game/Niveles/Mapa/Minimal_Default.Minimal_Default_C' with ClassGeneratedBy '/Game/Niveles/Mapa/Minimal_Default.Minimal_Default:PersistentLevel.Minimal_Default'
[2020.10.27-18.04.34:253][475]LogEditorViewport: Clicking on Actor (LMB): StaticMeshActor (Floor)
[2020.10.27-18.04.35:693][501]LogEditorViewport: Clicking on Actor (LMB): TriggerVolume (TriggerVolume)
[2020.10.27-18.04.52:310][933]BlueprintLog: New page: Compilar Minimal_Default
[2020.10.27-18.04.56:155][ 25]LogTemp: Repeting last play command: New Editor Window (PIE)
[2020.10.27-18.04.56:209][ 25]LogBlueprintUserMessages: Early PlayInEditor Detection: Level '/Game/Niveles/Mapa/Minimal_Default.Minimal_Default:PersistentLevel' has LevelScriptBlueprint '/Game/Niveles/Mapa/Minimal_Default.Minimal_Default:PersistentLevel.Minimal_Default' with GeneratedClass '/Game/Niveles/Mapa/Minimal_Default.Minimal_Default_C' with ClassGeneratedBy '/Game/Niveles/Mapa/Minimal_Default.Minimal_Default:PersistentLevel.Minimal_Default'
[2020.10.27-18.04.56:210][ 25]LogPlayLevel: PlayLevel: No blueprints needed recompiling
[2020.10.27-18.04.56:210][ 25]PIE: New page: Sesión PIE (reproducción en el editor): Minimal_Default (27/10/2020 12:04:56)
[2020.10.27-18.04.56:210][ 25]LogPlayLevel: Creating play world package: /Game/Niveles/Mapa/UEDPIE_0_Minimal_Default
[2020.10.27-18.04.56:481][ 25]LogPlayLevel: PIE: StaticDuplicateObject took: (0.270400s)
[2020.10.27-18.04.56:483][ 25]LogAIModule: Creating AISystem for world Minimal_Default
[2020.10.27-18.04.56:484][ 25]LogPlayLevel: PIE: World Init took: (0.002807s)
[2020.10.27-18.04.56:485][ 25]LogPlayLevel: PIE: Created PIE world by copying editor world from /Game/Niveles/Mapa/Minimal_Default.Minimal_Default to /Game/Niveles/Mapa/UEDPIE_0_Minimal_Default.Minimal_Default (0.274166s)
[2020.10.27-18.04.56:624][ 25]LogInit: XAudio2 using 'Speakers (Realtek High Definition Audio)' : 2 channels at 48 kHz using 32 bits per sample (channel mask 0x3)
[2020.10.27-18.04.56:671][ 25]LogInit: FAudioDevice initialized.
[2020.10.27-18.04.56:746][ 25]LogLoad: Game class is 'GameModeBase'
[2020.10.27-18.04.56:780][ 25]LogWorld: Bringing World /Game/Niveles/Mapa/UEDPIE_0_Minimal_Default.Minimal_Default up for play (max tick rate 0) at 2020.10.27-15.04.56
[2020.10.27-18.04.56:782][ 25]LogWorld: Bringing up level for play took: 0.033904
[2020.10.27-18.04.56:801][ 25]PIE: Información Tiempo de inicio de la reproducción en el editor para  /Game/Niveles/Mapa/UEDPIE_0_Minimal_Default -0,206
[2020.10.27-18.04.56:804][ 25]LogBlueprintUserMessages: Late PlayInEditor Detection: Level '/Game/Niveles/Mapa/Minimal_Default.Minimal_Default:PersistentLevel' has LevelScriptBlueprint '/Game/Niveles/Mapa/Minimal_Default.Minimal_Default:PersistentLevel.Minimal_Default' with GeneratedClass '/Game/Niveles/Mapa/Minimal_Default.Minimal_Default_C' with ClassGeneratedBy '/Game/Niveles/Mapa/Minimal_Default.Minimal_Default:PersistentLevel.Minimal_Default'
[2020.10.27-18.05.13:002][185]LogBlueprintUserMessages: Early EndPlayMap Detection: Level '/Game/Niveles/Mapa/Minimal_Default.Minimal_Default:PersistentLevel' has LevelScriptBlueprint '/Game/Niveles/Mapa/Minimal_Default.Minimal_Default:PersistentLevel.Minimal_Default' with GeneratedClass '/Game/Niveles/Mapa/Minimal_Default.Minimal_Default_C' with ClassGeneratedBy '/Game/Niveles/Mapa/Minimal_Default.Minimal_Default:PersistentLevel.Minimal_Default'
[2020.10.27-18.05.13:377][185]LogBlueprintUserMessages: Late EndPlayMap Detection: Level '/Game/Niveles/Mapa/Minimal_Default.Minimal_Default:PersistentLevel' has LevelScriptBlueprint '/Game/Niveles/Mapa/Minimal_Default.Minimal_Default:PersistentLevel.Minimal_Default' with GeneratedClass '/Game/Niveles/Mapa/Minimal_Default.Minimal_Default_C' with ClassGeneratedBy '/Game/Niveles/Mapa/Minimal_Default.Minimal_Default:PersistentLevel.Minimal_Default'
[2020.10.27-18.05.21:819][304]LogEditorViewport: Clicking on Actor (LMB): TriggerVolume (TriggerVolume)
[2020.10.27-18.05.23:778][353]Cmd: EDIT COPY
[2020.10.27-18.06.34:849][941]LogEditorViewport: Clicking on Actor (LMB): Personaje_C (Personaje)
[2020.10.27-18.06.47:611][199]LogEditorViewport: Clicking on Actor (LMB): TriggerVolume (TriggerVolume2)
[2020.10.27-18.07.12:293][860]BlueprintLog: New page: Compilar Minimal_Default
[2020.10.27-18.07.21:000][ 51]LogTemp: Repeting last play command: New Editor Window (PIE)
[2020.10.27-18.07.21:055][ 51]LogBlueprintUserMessages: Early PlayInEditor Detection: Level '/Game/Niveles/Mapa/Minimal_Default.Minimal_Default:PersistentLevel' has LevelScriptBlueprint '/Game/Niveles/Mapa/Minimal_Default.Minimal_Default:PersistentLevel.Minimal_Default' with GeneratedClass '/Game/Niveles/Mapa/Minimal_Default.Minimal_Default_C' with ClassGeneratedBy '/Game/Niveles/Mapa/Minimal_Default.Minimal_Default:PersistentLevel.Minimal_Default'
[2020.10.27-18.07.21:055][ 51]LogPlayLevel: PlayLevel: No blueprints needed recompiling
[2020.10.27-18.07.21:056][ 51]PIE: New page: Sesión PIE (reproducción en el editor): Minimal_Default (27/10/2020 12:07:21)
[2020.10.27-18.07.21:056][ 51]LogPlayLevel: Creating play world package: /Game/Niveles/Mapa/UEDPIE_0_Minimal_Default
[2020.10.27-18.07.21:325][ 51]LogPlayLevel: PIE: StaticDuplicateObject took: (0.268541s)
[2020.10.27-18.07.21:329][ 51]LogAIModule: Creating AISystem for world Minimal_Default
[2020.10.27-18.07.21:330][ 51]LogPlayLevel: PIE: World Init took: (0.004293s)
[2020.10.27-18.07.21:330][ 51]LogPlayLevel: PIE: Created PIE world by copying editor world from /Game/Niveles/Mapa/Minimal_Default.Minimal_Default to /Game/Niveles/Mapa/UEDPIE_0_Minimal_Default.Minimal_Default (0.273700s)
[2020.10.27-18.07.21:473][ 51]LogInit: XAudio2 using 'Speakers (Realtek High Definition Audio)' : 2 channels at 48 kHz using 32 bits per sample (channel mask 0x3)
[2020.10.27-18.07.21:521][ 51]LogInit: FAudioDevice initialized.
[2020.10.27-18.07.21:607][ 51]LogLoad: Game class is 'GameModeBase'
[2020.10.27-18.07.21:636][ 51]LogWorld: Bringing World /Game/Niveles/Mapa/UEDPIE_0_Minimal_Default.Minimal_Default up for play (max tick rate 0) at 2020.10.27-15.07.21
[2020.10.27-18.07.21:639][ 51]LogWorld: Bringing up level for play took: 0.029770
[2020.10.27-18.07.21:657][ 51]PIE: Información Tiempo de inicio de la reproducción en el editor para  /Game/Niveles/Mapa/UEDPIE_0_Minimal_Default 0,65
[2020.10.27-18.07.21:660][ 51]LogBlueprintUserMessages: Late PlayInEditor Detection: Level '/Game/Niveles/Mapa/Minimal_Default.Minimal_Default:PersistentLevel' has LevelScriptBlueprint '/Game/Niveles/Mapa/Minimal_Default.Minimal_Default:PersistentLevel.Minimal_Default' with GeneratedClass '/Game/Niveles/Mapa/Minimal_Default.Minimal_Default_C' with ClassGeneratedBy '/Game/Niveles/Mapa/Minimal_Default.Minimal_Default:PersistentLevel.Minimal_Default'
[2020.10.27-18.07.30:240][133]LogBlueprintUserMessages: Early EndPlayMap Detection: Level '/Game/Niveles/Mapa/Minimal_Default.Minimal_Default:PersistentLevel' has LevelScriptBlueprint '/Game/Niveles/Mapa/Minimal_Default.Minimal_Default:PersistentLevel.Minimal_Default' with GeneratedClass '/Game/Niveles/Mapa/Minimal_Default.Minimal_Default_C' with ClassGeneratedBy '/Game/Niveles/Mapa/Minimal_Default.Minimal_Default:PersistentLevel.Minimal_Default'
[2020.10.27-18.07.30:594][133]LogBlueprintUserMessages: Late EndPlayMap Detection: Level '/Game/Niveles/Mapa/Minimal_Default.Minimal_Default:PersistentLevel' has LevelScriptBlueprint '/Game/Niveles/Mapa/Minimal_Default.Minimal_Default:PersistentLevel.Minimal_Default' with GeneratedClass '/Game/Niveles/Mapa/Minimal_Default.Minimal_Default_C' with ClassGeneratedBy '/Game/Niveles/Mapa/Minimal_Default.Minimal_Default:PersistentLevel.Minimal_Default'
[2020.10.27-18.07.32:625][179]LogTemp: Repeting last play command: New Editor Window (PIE)
[2020.10.27-18.07.33:540][179]LogBlueprintUserMessages: Early PlayInEditor Detection: Level '/Game/Niveles/Mapa/Minimal_Default.Minimal_Default:PersistentLevel' has LevelScriptBlueprint '/Game/Niveles/Mapa/Minimal_Default.Minimal_Default:PersistentLevel.Minimal_Default' with GeneratedClass '/Game/Niveles/Mapa/Minimal_Default.Minimal_Default_C' with ClassGeneratedBy '/Game/Niveles/Mapa/Minimal_Default.Minimal_Default:PersistentLevel.Minimal_Default'
[2020.10.27-18.07.33:540][179]LogPlayLevel: PlayLevel: No blueprints needed recompiling
[2020.10.27-18.07.33:541][179]PIE: New page: Sesión PIE (reproducción en el editor): Minimal_Default (27/10/2020 12:07:33)
[2020.10.27-18.07.33:541][179]LogPlayLevel: Creating play world package: /Game/Niveles/Mapa/UEDPIE_0_Minimal_Default
[2020.10.27-18.07.33:805][179]LogPlayLevel: PIE: StaticDuplicateObject took: (0.263048s)
[2020.10.27-18.07.33:808][179]LogAIModule: Creating AISystem for world Minimal_Default
[2020.10.27-18.07.33:809][179]LogPlayLevel: PIE: World Init took: (0.003767s)
[2020.10.27-18.07.33:809][179]LogPlayLevel: PIE: Created PIE world by copying editor world from /Game/Niveles/Mapa/Minimal_Default.Minimal_Default to /Game/Niveles/Mapa/UEDPIE_0_Minimal_Default.Minimal_Default (0.267602s)
[2020.10.27-18.07.33:946][179]LogInit: XAudio2 using 'Speakers (Realtek High Definition Audio)' : 2 channels at 48 kHz using 32 bits per sample (channel mask 0x3)
[2020.10.27-18.07.33:990][179]LogInit: FAudioDevice initialized.
[2020.10.27-18.07.34:073][179]LogLoad: Game class is 'GameModeBase'
[2020.10.27-18.07.34:103][179]LogWorld: Bringing World /Game/Niveles/Mapa/UEDPIE_0_Minimal_Default.Minimal_Default up for play (max tick rate 0) at 2020.10.27-15.07.34
[2020.10.27-18.07.34:105][179]LogWorld: Bringing up level for play took: 0.029748
[2020.10.27-18.07.34:122][179]PIE: Información Tiempo de inicio de la reproducción en el editor para  /Game/Niveles/Mapa/UEDPIE_0_Minimal_Default 1,115
[2020.10.27-18.07.34:124][179]LogBlueprintUserMessages: Late PlayInEditor Detection: Level '/Game/Niveles/Mapa/Minimal_Default.Minimal_Default:PersistentLevel' has LevelScriptBlueprint '/Game/Niveles/Mapa/Minimal_Default.Minimal_Default:PersistentLevel.Minimal_Default' with GeneratedClass '/Game/Niveles/Mapa/Minimal_Default.Minimal_Default_C' with ClassGeneratedBy '/Game/Niveles/Mapa/Minimal_Default.Minimal_Default:PersistentLevel.Minimal_Default'
[2020.10.27-18.07.41:728][252]LogBlueprintUserMessages: Early EndPlayMap Detection: Level '/Game/Niveles/Mapa/Minimal_Default.Minimal_Default:PersistentLevel' has LevelScriptBlueprint '/Game/Niveles/Mapa/Minimal_Default.Minimal_Default:PersistentLevel.Minimal_Default' with GeneratedClass '/Game/Niveles/Mapa/Minimal_Default.Minimal_Default_C' with ClassGeneratedBy '/Game/Niveles/Mapa/Minimal_Default.Minimal_Default:PersistentLevel.Minimal_Default'
[2020.10.27-18.07.42:070][252]LogBlueprintUserMessages: Late EndPlayMap Detection: Level '/Game/Niveles/Mapa/Minimal_Default.Minimal_Default:PersistentLevel' has LevelScriptBlueprint '/Game/Niveles/Mapa/Minimal_Default.Minimal_Default:PersistentLevel.Minimal_Default' with GeneratedClass '/Game/Niveles/Mapa/Minimal_Default.Minimal_Default_C' with ClassGeneratedBy '/Game/Niveles/Mapa/Minimal_Default.Minimal_Default:PersistentLevel.Minimal_Default'
[2020.10.27-18.11.24:088][153]LogSavePackage: Save=1495.76ms
[2020.10.27-18.11.24:088][153]LogSavePackage: Moving '../../../../../../Users/Belci_3/Documents/GitHub/Proyecto-Laberinto-Grupo-1/ProyectoLabApps/Saved/Minimal_Default_Auto20F6F43574B709A4F540029A5EF5AED58.tmp' to '../../../../../../Users/Belci_3/Documents/GitHub/Proyecto-Laberinto-Grupo-1/ProyectoLabApps/Saved/Autosaves/Game/Niveles/Mapa/Minimal_Default_Auto2.umap'
[2020.10.27-18.11.24:100][153]LogSavePackage:Display: Finished SavePackage ../../../../../../Users/Belci_3/Documents/GitHub/Proyecto-Laberinto-Grupo-1/ProyectoLabApps/Saved/Autosaves/Game/Niveles/Mapa/Minimal_Default_Auto2.umap
[2020.10.27-18.11.24:116][153]LogFileHelpers: Editor autosave (incl. sublevels) for '/Game/Niveles/Mapa/Minimal_Default' took 1.876
[2020.10.27-18.11.24:116][153]LogFileHelpers: Editor autosave (incl. sublevels) for all levels took 1.876
