Log file open, 11/01/20 20:22:58
LogInit:Display: Running engine for game: ProyectoLabApps
LogPlatformFile: Not using cached read wrapper
LogInit:Display: RandInit(101092628) SRandInit(101092628).
LogTaskGraph: Started task graph with 5 named threads and 6 total threads with 1 sets of task threads.
LogStats: Stats thread started at 2.003213
LogInit: Using libcurl 7.47.1
LogInit:  - built for x86_64-pc-win32
LogInit:  - supports SSL with OpenSSL/1.0.2g
LogInit:  - supports HTTP deflate (compression) using libz 1.2.8
LogInit:  - other features:
LogInit:      CURL_VERSION_SSL
LogInit:      CURL_VERSION_LIBZ
LogInit:      CURL_VERSION_IPV6
LogInit:      CURL_VERSION_ASYNCHDNS
LogInit:      CURL_VERSION_LARGEFILE
LogInit:      CURL_VERSION_IDN
LogInit:  CurlRequestOptions (configurable via config and command line):
LogInit:  - bVerifyPeer = false  - Libcurl will NOT verify peer certificate
LogInit:  - bUseHttpProxy = false  - Libcurl will NOT use HTTP proxy
LogInit:  - bDontReuseConnections = false  - Libcurl will reuse connections
LogInit:  - CertBundlePath = nullptr  - Libcurl will use whatever was configured at build time.
LogInit: Build: ++UE4+Release-4.15-CL-3450819
LogInit: Engine Version: 4.15.3-3450819+++UE4+Release-4.15
LogInit: Compatible Engine Version: 4.15.0-3299760+++UE4+Release-4.15
LogInit: Net CL: 3299760
LogDevObjectVersion: Number of dev versions registered: 14
LogDevObjectVersion:   Dev-Blueprints (B0D832E4-1F89-4F0D-ACCF-7EB736FD4AA2): 8
LogDevObjectVersion:   Dev-Build (E1C64328-A22C-4D53-A36C-8E866417BD8C): 0
LogDevObjectVersion:   Dev-Core (375EC13C-06E4-48FB-B500-84F0262A717E): 2
LogDevObjectVersion:   Dev-Editor (E4B068ED-F494-42E9-A231-DA0B2E46BB41): 14
LogDevObjectVersion:   Dev-Framework (CFFC743F-43B0-4480-9391-14DF171D2073): 22
LogDevObjectVersion:   Dev-Mobile (B02B49B5-BB20-44E9-A304-32B752E40360): 0
LogDevObjectVersion:   Dev-Networking (A4E4105C-59A1-49B5-A7C5-40C4547EDFEE): 0
LogDevObjectVersion:   Dev-Online (39C831C9-5AE6-47DC-9A44-9C173E1C8E7C): 0
LogDevObjectVersion:   Dev-Physics (78F01B33-EBEA-4F98-B9B4-84EACCB95AA2): 0
LogDevObjectVersion:   Dev-Platform (6631380F-2D4D-43E0-8009-CF276956A95A): 0
LogDevObjectVersion:   Dev-Rendering (12F88B9F-8875-4AFC-A67C-D90C383ABD29): 12
LogDevObjectVersion:   Dev-Sequencer (7B5AE74C-D270-4C10-A958-57980B212A5A): 3
LogDevObjectVersion:   Dev-VR (D7296918-1DD6-4BDD-9DE2-64A83CC13884): 0
LogDevObjectVersion:   Dev-LoadTimes (C2A15278-BFE7-4AFE-6C17-90FF531DF755): 1
LogInit: Compiled (64-bit): May 21 2017 11:02:34
LogInit: Compiled with Visual C++: 19.00.23026.00
LogInit: Build Configuration: Development
LogInit: Branch Name: ++UE4+Release-4.15
LogInit: Command line: 
LogInit: Base directory: C:/Users/santi/OneDrive/Escritorio/UE_4.15/Engine/Binaries/Win64/
LogInit: Installed Engine Build: 1
LogInit: Presizing for max 8388607 objects, including 0 objects not considered by GC, pre-allocating 0 bytes for permanent pool.
LogInit: Object subsystem initialized
[2020.11.01-23.23.01:479][  0]LogInit: Selected Device Profile: [Windows]
[2020.11.01-23.23.01:479][  0]LogInit: Applying CVar settings loaded from the selected device profile: [Windows]
[2020.11.01-23.23.01:745][  0]LogInit: Computer: LAPTOP-RBP2SSHF
[2020.11.01-23.23.01:745][  0]LogInit: User: santi
[2020.11.01-23.23.01:745][  0]LogInit: CPU Page size=65536, Cores=2
[2020.11.01-23.23.01:745][  0]LogInit: High frequency timer resolution =10.000000 MHz
[2020.11.01-23.23.01:745][  0]LogMemory: Memory total: Physical=3.9GB (4GB approx)
[2020.11.01-23.23.01:745][  0]LogMemory: Platform Memory Stats for Windows
[2020.11.01-23.23.01:745][  0]LogMemory: Process Physical Memory: 263.40 MB used, 263.40 MB peak
[2020.11.01-23.23.01:745][  0]LogMemory: Process Virtual Memory: 262.06 MB used, 262.06 MB peak
[2020.11.01-23.23.01:745][  0]LogMemory: Physical Memory: 3740.55 MB used,  230.17 MB free, 3970.72 MB total
[2020.11.01-23.23.01:745][  0]LogMemory: Virtual Memory: 4748.00 MB used,  230.17 MB free, 134217728.00 MB total
[2020.11.01-23.23.03:154][  0]LogTextLocalizationManager: No specific translations for ('es-AR') exist, so ('es') translations will be used.
[2020.11.01-23.23.06:491][  0]LogD3D11RHI: D3D11 adapters:
[2020.11.01-23.23.07:403][  0]LogD3D11RHI:    0. 'Intel(R) HD Graphics 620' (Feature Level 11_0)
[2020.11.01-23.23.07:403][  0]LogD3D11RHI:       128/0/1985 MB DedicatedVideo/DedicatedSystem/SharedSystem, Outputs:1, VendorId:0x8086
[2020.11.01-23.23.07:507][  0]LogD3D11RHI:    1. 'Microsoft Basic Render Driver' (Feature Level 11_0)
[2020.11.01-23.23.07:507][  0]LogD3D11RHI:       0/0/1985 MB DedicatedVideo/DedicatedSystem/SharedSystem, Outputs:0, VendorId:0x1414
[2020.11.01-23.23.07:510][  0]LogD3D11RHI:    2. 'Microsoft Basic Render Driver' (Feature Level 11_0)
[2020.11.01-23.23.07:510][  0]LogD3D11RHI:       0/0/1985 MB DedicatedVideo/DedicatedSystem/SharedSystem, Outputs:0, VendorId:0x1414
[2020.11.01-23.23.07:510][  0]LogD3D11RHI: Chosen D3D11 Adapter: 0
[2020.11.01-23.23.07:517][  0]LogD3D11RHI: Creating new Direct3DDevice
[2020.11.01-23.23.07:534][  0]LogD3D11RHI:     GPU DeviceId: 0x5916 (for the marketing name, search the web for "GPU Device Id")
[2020.11.01-23.23.07:534][  0]LogWindows: EnumDisplayDevices:
[2020.11.01-23.23.07:534][  0]LogWindows:    0. 'Intel(R) HD Graphics 620' (P:1 D:1)
[2020.11.01-23.23.07:534][  0]LogWindows:    1. 'Intel(R) HD Graphics 620' (P:0 D:0)
[2020.11.01-23.23.07:535][  0]LogWindows:    2. 'Intel(R) HD Graphics 620' (P:0 D:0)
[2020.11.01-23.23.07:535][  0]LogWindows:    3. 'Citrix Indirect Display Adapter' (P:0 D:0)
[2020.11.01-23.23.07:535][  0]LogWindows:    4. 'Citrix Indirect Display Adapter' (P:0 D:0)
[2020.11.01-23.23.07:535][  0]LogWindows:    5. 'Citrix Indirect Display Adapter' (P:0 D:0)
[2020.11.01-23.23.07:536][  0]LogWindows:    6. 'Citrix Indirect Display Adapter' (P:0 D:0)
[2020.11.01-23.23.07:536][  0]LogWindows:    7. 'Citrix Indirect Display Adapter' (P:0 D:0)
[2020.11.01-23.23.07:536][  0]LogWindows:    8. 'Citrix Indirect Display Adapter' (P:0 D:0)
[2020.11.01-23.23.07:537][  0]LogWindows:    9. 'Citrix Indirect Display Adapter' (P:0 D:0)
[2020.11.01-23.23.07:537][  0]LogWindows:    10. 'Citrix Indirect Display Adapter' (P:0 D:0)
[2020.11.01-23.23.07:537][  0]LogWindows: DebugString: GetVideoDriverDetailsInvalid PrimaryIsNotTheChoosenAdapter GetVideoDriverDetailsInvalid PrimaryIsNotTheChoosenAdapter GetVideoDriverDetailsInvalid PrimaryIsNotTheChoosenAdapter GetVideoDriverDetailsInvalid PrimaryIsNotTheChoosenAdapter GetVideoDriverDetailsInvalid PrimaryIsNotTheChoosenAdapter GetVideoDriverDetailsInvalid PrimaryIsNotTheChoosenAdapter GetVideoDriverDetailsInvalid PrimaryIsNotTheChoosenAdapter GetVideoDriverDetailsInvalid PrimaryIsNotTheChoosenAdapter GetVideoDriverDetailsInvalid PrimaryIsNotTheChoosenAdapter GetVideoDriverDetailsInvalid PrimaryIsNotTheChoosenAdapter GetVideoDriverDetailsInvalid PrimaryIsNotTheChoosenAdapter FoundDriverCount:0 
[2020.11.01-23.23.07:537][  0]LogD3D11RHI:     Adapter Name: Intel(R) HD Graphics 620
[2020.11.01-23.23.07:537][  0]LogD3D11RHI:   Driver Version: Unknown (internal:Unknown, unified:Unknown)
[2020.11.01-23.23.07:537][  0]LogD3D11RHI:      Driver Date: Unknown
[2020.11.01-23.23.07:537][  0]LogRHI: Texture pool is 784 MB (70% of 1120 MB)
[2020.11.01-23.23.07:587][  0]LogD3D11RHI: Async texture creation enabled
[2020.11.01-23.23.07:654][  0]LogD3D11RHI: GPU Timing Frequency: 12.000048 (Debug: 2 0)
[2020.11.01-23.23.07:752][  0]LogShaderCompilers: Guid format shader working directory is -17 characters bigger than the processId version (../../../../proyecto/Proyecto-Laberinto-Grupo-1/ProyectoLabApps/Intermediate/Shaders/WorkingDirectory/7020/).
[2020.11.01-23.23.07:763][  0]LogShaderCompilers: Cleaned the shader compiler working directory 'C:/Users/santi/AppData/Local/Temp/UnrealShaderWorkingDir/712D15584F7358FBA569EF9C6679C038/'.
[2020.11.01-23.23.07:763][  0]LogShaderCompilers:Display: Using Local Shader Compiler.
[2020.11.01-23.23.12:402][  0]LogTemp:Display: Loaded TP AllDesktopTargetPlatform
[2020.11.01-23.23.12:531][  0]LogTemp:Display: Loaded TP MacClientTargetPlatform
[2020.11.01-23.23.12:650][  0]LogTemp:Display: Loaded TP MacNoEditorTargetPlatform
[2020.11.01-23.23.12:758][  0]LogTemp:Display: Loaded TP MacServerTargetPlatform
[2020.11.01-23.23.12:893][  0]LogTemp:Display: Loaded TP MacTargetPlatform
[2020.11.01-23.23.13:007][  0]LogTemp:Display: Loaded TP WindowsClientTargetPlatform
[2020.11.01-23.23.13:119][  0]LogTemp:Display: Loaded TP WindowsNoEditorTargetPlatform
[2020.11.01-23.23.13:237][  0]LogTemp:Display: Loaded TP WindowsServerTargetPlatform
[2020.11.01-23.23.13:341][  0]LogTemp:Display: Loaded TP WindowsTargetPlatform
[2020.11.01-23.23.13:488][  0]LogTemp:Display: Loaded TP AndroidTargetPlatform
[2020.11.01-23.23.13:598][  0]LogTemp:Display: Loaded TP Android_ASTCTargetPlatform
[2020.11.01-23.23.13:708][  0]LogTemp:Display: Loaded TP Android_ATCTargetPlatform
[2020.11.01-23.23.13:820][  0]LogTemp:Display: Loaded TP Android_DXTTargetPlatform
[2020.11.01-23.23.13:933][  0]LogTemp:Display: Loaded TP Android_ETC1TargetPlatform
[2020.11.01-23.23.14:048][  0]LogTemp:Display: Loaded TP Android_ETC2TargetPlatform
[2020.11.01-23.23.14:344][  0]LogTemp:Display: Loaded TP Android_MultiTargetPlatform
[2020.11.01-23.23.14:344][  0]LogTemp:Display: Loaded TP Android_PVRTCTargetPlatform
[2020.11.01-23.23.14:466][  0]LogTemp:Display: Loaded TP HTML5TargetPlatform
[2020.11.01-23.23.14:856][  0]LogTemp:Display: Loaded TP IOSTargetPlatform
[2020.11.01-23.23.14:931][  0]LogTemp:Display: Loaded TP TVOSTargetPlatform
[2020.11.01-23.23.15:042][  0]LogTemp:Display: Loaded TP LinuxClientTargetPlatform
[2020.11.01-23.23.15:200][  0]LogTemp:Display: Loaded TP LinuxNoEditorTargetPlatform
[2020.11.01-23.23.15:313][  0]LogTemp:Display: Loaded TP LinuxServerTargetPlatform
[2020.11.01-23.23.15:427][  0]LogTemp:Display: Loaded TP LinuxTargetPlatform
[2020.11.01-23.23.15:427][  0]LogTargetPlatformManager:Display: Building Assets For Windows
[2020.11.01-23.23.17:264][  0]LogDerivedDataCache:Display: Max Cache Size: 512 MB
[2020.11.01-23.23.18:152][  0]LogDerivedDataCache: Loaded boot cache 0.89s 50MB C:/Users/santi/AppData/Local/UnrealEngine/4.15/DerivedDataCache/Boot.ddc.
[2020.11.01-23.23.18:152][  0]LogDerivedDataCache:Display: Loaded Boot cache: C:/Users/santi/AppData/Local/UnrealEngine/4.15/DerivedDataCache/Boot.ddc
[2020.11.01-23.23.18:152][  0]LogDerivedDataCache: FDerivedDataBackendGraph:  Pak pak cache file ../../../../proyecto/Proyecto-Laberinto-Grupo-1/ProyectoLabApps/DerivedDataCache/DDC.ddp not found, will not use a pak cache.
[2020.11.01-23.23.18:152][  0]LogDerivedDataCache: Unable to find inner node Pak for hierarchical cache Hierarchy.
[2020.11.01-23.23.18:152][  0]LogDerivedDataCache: FDerivedDataBackendGraph:  CompressedPak pak cache file ../../../../proyecto/Proyecto-Laberinto-Grupo-1/ProyectoLabApps/DerivedDataCache/Compressed.ddp not found, will not use a pak cache.
[2020.11.01-23.23.18:152][  0]LogDerivedDataCache: Unable to find inner node CompressedPak for hierarchical cache Hierarchy.
[2020.11.01-23.23.18:208][  0]LogDerivedDataCache:Display: Pak cache opened for reading ../../../Engine/DerivedDataCache/Compressed.ddp.
[2020.11.01-23.23.18:222][  0]LogDerivedDataCache: Using Local data cache path C:/Users/santi/AppData/Local/UnrealEngine/Common/DerivedDataCache: Writable
[2020.11.01-23.23.18:465][  0]LogSlate: Using Freetype 2.6.0
[2020.11.01-23.23.18:545][  0]LogSlate: SlateFontCache - WITH_FREETYPE: 1, WITH_HARFBUZZ: 1
[2020.11.01-23.23.18:545][  0]LogSlate: SlateFontCache - WITH_FREETYPE: 1, WITH_HARFBUZZ: 1
[2020.11.01-23.23.26:712][  0]LogInit: Selected Device Profile: [Windows]
[2020.11.01-23.23.26:742][  0]LogContentStreaming: Texture pool size is 0.00 MB
[2020.11.01-23.23.27:338][  0]LogMeshUtilities: Using QuadricMeshReduction for automatic static mesh reduction
[2020.11.01-23.23.27:736][  0]LogSimplygon: Simplygon DLL not present - disabling.
[2020.11.01-23.23.27:860][  0]LogMeshUtilities: Using SimplygonSwarm for distributed automatic mesh merging
[2020.11.01-23.23.27:860][  0]LogMeshUtilities: No automatic skeletal mesh reduction module available
[2020.11.01-23.23.27:860][  0]LogMeshUtilities: No automatic mesh merging module available
[2020.11.01-23.23.30:981][  0]LogNetVersion: GetLocalNetworkVersion: CL: 3299760, ProjectName: proyectolabapps, ProjectVersion: , EngineNetworkVersion: 2, GameNetworkVersion: 0, NetworkChecksum: 1791571130
[2020.11.01-23.23.31:218][  0]LogAssetRegistry: FAssetRegistry took 0.0956 seconds to start up
[2020.11.01-23.23.31:425][  0]LogPackageLocalizationCache: Processed 3 localized package path(s) for 2 prioritized culture(s) in 0.152716 seconds
[2020.11.01-23.23.31:433][  0]LogUObjectArray: 32493 objects as part of root set at end of initial load.
[2020.11.01-23.23.31:433][  0]LogUObjectAllocator: 7077024 out of 0 bytes used by permanent object pool.
[2020.11.01-23.23.31:433][  0]LogUObjectArray: CloseDisregardForGC: 0/0 objects in disregard for GC pool
[2020.11.01-23.23.31:599][  0]LogInit: WinSock: version 1.1 (2.2), MaxSocks=32767, MaxUdp=65467
[2020.11.01-23.24.07:510][  0]LogTcpMessaging: Initializing TcpMessaging bridge
[2020.11.01-23.24.07:640][  0]LogUdpMessaging: Initializing bridge on interface 0.0.0.0:0 to multicast group 230.0.0.1:6666.
[2020.11.01-23.24.10:015][  0]LogMaterial: Uniform references updated for custom material expression Custom.
[2020.11.01-23.24.11:129][  0]SourceControl: Información El control de código fuente está desactivado
[2020.11.01-23.24.11:130][  0]SourceControl: Información El control de código fuente está desactivado
[2020.11.01-23.24.11:420][  0]SourceControl: Información El control de código fuente está desactivado
[2020.11.01-23.24.11:663][  0]SourceControl: Información El control de código fuente está desactivado
[2020.11.01-23.24.16:540][  0]LogEngine: Initializing Engine...
[2020.11.01-23.24.16:541][  0]LogHMD: Failed to initialize OpenVR with code 110
[2020.11.01-23.24.16:716][  0]LogStats: UGameplayTagsManager::ConstructGameplayTagTree: Construct from data asset -  0.000 s
[2020.11.01-23.24.16:716][  0]LogStats: UGameplayTagsManager::ConstructGameplayTagTree: GameplayTagTreeChangedEvent.Broadcast -  0.000 s
[2020.11.01-23.24.17:194][  0]LogAIModule: Creating AISystem for world Untitled
[2020.11.01-23.24.17:306][  0]LogInit: XAudio2 using 'Altavoces (Realtek High Definition Audio)' : 2 channels at 48 kHz using 32 bits per sample (channel mask 0x3)
[2020.11.01-23.24.17:357][  0]LogInit: FAudioDevice initialized.
[2020.11.01-23.24.17:471][  0]LogDerivedDataCache: Saved boot cache 0.11s 50MB C:/Users/santi/AppData/Local/UnrealEngine/4.15/DerivedDataCache/Boot.ddc.
[2020.11.01-23.24.17:479][  0]LogInit: Texture streaming: Enabled
[2020.11.01-23.24.17:987][  0]LogEngineSessionManager: EngineSessionManager initialized
[2020.11.01-23.24.19:370][  0]LogInit: Transaction tracking system initialized
[2020.11.01-23.24.20:484][  0]BlueprintLog: New page: Cargar el editor
[2020.11.01-23.24.23:642][  0]LocalizationService: Información Localization service is disabled
[2020.11.01-23.24.25:723][  0]LogConsoleResponse:Display: 
[2020.11.01-23.24.26:873][  0]LogCook:Display: Max memory allowance for cook 16384mb min free memory 0mb
[2020.11.01-23.24.26:873][  0]LogCook:Display: Mobile HDR setting 1
[2020.11.01-23.24.27:997][  0]LogFileCache: Scanning file cache for directory 'C:/Users/santi/OneDrive/Escritorio/proyecto/Proyecto-Laberinto-Grupo-1/ProyectoLabApps/Content/' took 0.12s
[2020.11.01-23.24.30:910][  0]SourceControl: Información El control de código fuente está desactivado
[2020.11.01-23.24.30:929][  0]Cmd: MAP LOAD FILE="../../../../proyecto/Proyecto-Laberinto-Grupo-1/ProyectoLabApps/Content/StarterContent/Maps/Minimal_Default.umap" TEMPLATE=0 SHOWPROGRESS=1 FEATURELEVEL=3
[2020.11.01-23.24.30:929][  0]LogEditorServer:Warning: Can't find file '../../../../proyecto/Proyecto-Laberinto-Grupo-1/ProyectoLabApps/Content/StarterContent/Maps/Minimal_Default.umap'
[2020.11.01-23.24.30:941][  0]Cmd: MAP CHECKDEP NOCLEARLOG
[2020.11.01-23.24.31:019][  0]MapCheck: Información Map check complete: 0 Error(s), 0 Warning(s), took 77,961ms to complete.
[2020.11.01-23.24.31:019][  0]LogFileHelpers: Loading map 'Minimal_Default' took 0.090
[2020.11.01-23.24.32:659][  0]LogCollectionManager: Loaded 0 collections in 0.002766 seconds
[2020.11.01-23.24.33:059][  0]LogFileCache: Scanning file cache for directory 'C:/Users/santi/OneDrive/Escritorio/proyecto/Proyecto-Laberinto-Grupo-1/ProyectoLabApps/Saved/Collections/' took 0.09s
[2020.11.01-23.24.33:059][  0]LogFileCache: Scanning file cache for directory 'C:/Users/santi/OneDrive/Escritorio/proyecto/Proyecto-Laberinto-Grupo-1/ProyectoLabApps/Content/Developers/santi/Collections/' took 0.02s
[2020.11.01-23.24.33:059][  0]LogFileCache: Scanning file cache for directory 'C:/Users/santi/OneDrive/Escritorio/proyecto/Proyecto-Laberinto-Grupo-1/ProyectoLabApps/Content/Collections/' took 0.03s
[2020.11.01-23.24.33:059][  0]LogCollectionManager: Rebuilt the GUID cache for 0 collections in 0.000003 seconds
[2020.11.01-23.24.33:097][  0]LogContentBrowser: Native class hierarchy populated in 0.0158 seconds. Added 2246 classes and 455 folders.
[2020.11.01-23.24.33:405][  0]LogContentBrowser: Native class hierarchy updated for 'WidgetCarousel' in 0.0026 seconds. Added 0 classes and 0 folders.
[2020.11.01-23.24.34:936][  0]LogContentBrowser: Native class hierarchy updated for 'AddContentDialog' in 0.0027 seconds. Added 0 classes and 0 folders.
[2020.11.01-23.24.35:228][  0]LogContentBrowser: Native class hierarchy updated for 'SceneOutliner' in 0.0038 seconds. Added 1 classes and 2 folders.
[2020.11.01-23.24.36:111][  0]LogCrashTracker: Crashtracker disabled due to settings.
[2020.11.01-23.24.36:498][  0]LogUObjectGlobals:Warning: Error al encontrar el objeto 'Class Ninguno.'
[2020.11.01-23.24.37:001][  0]LogContentBrowser: Native class hierarchy updated for 'HierarchicalLODOutliner' in 0.0161 seconds. Added 1 classes and 2 folders.
[2020.11.01-23.24.37:002][  0]LogLoad: (Engine Initialization) Total time: 115.96 seconds
[2020.11.01-23.24.37:002][  0]LogLoad: (Engine Initialization) Total Blueprint compile time: 0.22 seconds
[2020.11.01-23.24.37:002][  0]LogExternalProfiler: No external profilers were discovered.  External profiling features will not be available.
[2020.11.01-23.24.37:240][  0]LogOcInput: OculusInput pre-init called
[2020.11.01-23.24.37:737][  0]LogContentStreaming: Texture pool size now 1000 MB
[2020.11.01-23.24.37:853][  0]LogSlate: Took 0.038614 seconds to synchronously load lazily loaded font '../../../Engine/Content/Slate/Fonts/Roboto-Regular.ttf' (155K)
[2020.11.01-23.24.37:873][  0]LogSlate: Took 0.014767 seconds to synchronously load lazily loaded font '../../../Engine/Content/Slate/Fonts/Roboto-Bold.ttf' (160K)
[2020.11.01-23.24.37:967][  0]LogSlate: Took 0.027138 seconds to synchronously load lazily loaded font '../../../Engine/Content/Editor/Slate/Fonts/FontAwesome.ttf' (139K)
[2020.11.01-23.24.39:072][  0]LogRenderer: Reallocating scene render targets to support 964x436 NumSamples 1 (Frame:2).
[2020.11.01-23.24.40:967][  3]LogAssetRegistry: Asset discovery search completed in 69.8448 seconds
[2020.11.01-23.24.40:967][  3]LogCollectionManager: Rebuilt the object cache for 0 collections in 0.000005 seconds (found 0 objects)
[2020.11.01-23.24.40:967][  3]LogCollectionManager: Fixed up redirectors for 0 collections in 0.000021 seconds (updated 0 objects)
[2020.11.01-23.24.42:788][ 77]LogSlate: Took 0.022961 seconds to synchronously load lazily loaded font '../../../Engine/Content/Slate/Fonts/Roboto-Light.ttf' (159K)
[2020.11.01-23.24.44:671][143]LogSlate: Took 0.000354 seconds to synchronously load lazily loaded font '../../../Engine/Content/Slate/Fonts/Roboto-Light.ttf' (159K)
[2020.11.01-23.25.02:974][ 94]LogSlate: Took 0.000255 seconds to synchronously load lazily loaded font '../../../Engine/Content/Slate/Fonts/Roboto-Light.ttf' (159K)
[2020.11.01-23.25.04:084][ 94]LogSlate: Took 0.000282 seconds to synchronously load lazily loaded font '../../../Engine/Content/Slate/Fonts/Roboto-Regular.ttf' (155K)
[2020.11.01-23.25.04:355][ 94]LogAIModule: Creating AISystem for world mainmenu
[2020.11.01-23.25.04:923][ 94]Cmd: MAP LOAD FILE="../../../../proyecto/Proyecto-Laberinto-Grupo-1/ProyectoLabApps/Content/Niveles/mainmenu.umap" TEMPLATE=0 SHOWPROGRESS=1 FEATURELEVEL=3
[2020.11.01-23.25.04:942][ 94]LightingResults: New page: Diseñar la iluminación
[2020.11.01-23.25.05:150][ 94]LogContentBrowser: Native class hierarchy updated for 'StatsViewer' in 0.0025 seconds. Added 5 classes and 0 folders.
[2020.11.01-23.25.05:154][ 94]LoadErrors: New page: Cargando mapa: mainmenu.umap
[2020.11.01-23.25.05:254][ 94]MapCheck: New page: Revisión del mapa
[2020.11.01-23.25.05:254][ 94]LightingResults: New page: Diseñar la iluminación
[2020.11.01-23.25.05:799][ 94]LogEditorServer: Finished looking for orphan Actors (0.000 secs)
[2020.11.01-23.25.05:850][ 94]Cmd: MAP CHECKDEP NOCLEARLOG
[2020.11.01-23.25.05:929][ 94]MapCheck: Información Map check complete: 0 Error(s), 0 Warning(s), took 79,113ms to complete.
[2020.11.01-23.25.05:930][ 94]LogFileHelpers: Loading map 'mainmenu' took 1.052
[2020.11.01-23.25.11:403][261]LogContentBrowser: Native class hierarchy updated for 'BlueprintGraph' in 0.0032 seconds. Added 112 classes and 0 folders.
[2020.11.01-23.25.15:037][261]LogSlate: Took 0.045566 seconds to synchronously load lazily loaded font '../../../Engine/Content/Editor/Slate/Fonts/Roboto-BoldCondensed.ttf' (158K)
[2020.11.01-23.25.42:398][334]LogMaterial: Missing cached shader map for material madera_005, compiling. 
[2020.11.01-23.25.42:447][334]LogTemp:Display: Added material ShaderMap 0x000002DF85C09280 with Material 0x000002DFFD0B3A00 to ShaderMapsBeingCompiled
[2020.11.01-23.25.42:565][334]LogTemp:Display: Kicking off shader compilation for madera_005, GameThreadShaderMap 0x000002DF85C09280
[2020.11.01-23.25.43:131][334]LogMaterial: Missing cached shader map for material Material, compiling. 
[2020.11.01-23.25.43:132][334]LogTemp:Display: Added material ShaderMap 0x000002DF8786EE80 with Material 0x000002DFFD03D900 to ShaderMapsBeingCompiled
[2020.11.01-23.25.43:164][334]LogTemp:Display: Kicking off shader compilation for Material, GameThreadShaderMap 0x000002DF8786EE80
[2020.11.01-23.25.43:169][334]LogMaterial: Missing cached shader map for material Material, compiling. 
[2020.11.01-23.25.43:170][334]LogTemp:Display: Added material ShaderMap 0x000002DF873EBC80 with Material 0x000002DFFD03EC80 to ShaderMapsBeingCompiled
[2020.11.01-23.25.43:200][334]LogTemp:Display: Kicking off shader compilation for Material, GameThreadShaderMap 0x000002DF873EBC80
[2020.11.01-23.25.43:802][334]LogMaterial: Missing cached shader map for material madera_002, compiling. 
[2020.11.01-23.25.43:803][334]LogTemp:Display: Added material ShaderMap 0x000002DF87065280 with Material 0x000002DFFC59E500 to ShaderMapsBeingCompiled
[2020.11.01-23.25.43:825][334]LogTemp:Display: Kicking off shader compilation for madera_002, GameThreadShaderMap 0x000002DF87065280
[2020.11.01-23.25.44:941][334]LogMaterial: Missing cached shader map for material madera, compiling. 
[2020.11.01-23.25.44:942][334]LogTemp:Display: Added material ShaderMap 0x000002DF87C1A400 with Material 0x000002DF862CE200 to ShaderMapsBeingCompiled
[2020.11.01-23.25.44:982][334]LogTemp:Display: Kicking off shader compilation for madera, GameThreadShaderMap 0x000002DF87C1A400
[2020.11.01-23.25.45:220][334]LogMaterial: Missing cached shader map for material T_Wood_Oak_Mat, compiling. 
[2020.11.01-23.25.45:221][334]LogTemp:Display: Added material ShaderMap 0x000002DF887C8F00 with Material 0x000002DFDBF75780 to ShaderMapsBeingCompiled
[2020.11.01-23.25.45:259][334]LogTemp:Display: Kicking off shader compilation for T_Wood_Oak_Mat, GameThreadShaderMap 0x000002DF887C8F00
[2020.11.01-23.25.45:263][334]LogMaterial: Missing cached shader map for material T_Metal_Aluminum_Mat, compiling. 
[2020.11.01-23.25.45:265][334]LogTemp:Display: Added material ShaderMap 0x000002DF88391D00 with Material 0x000002DF86158100 to ShaderMapsBeingCompiled
[2020.11.01-23.25.45:304][334]LogTemp:Display: Kicking off shader compilation for T_Metal_Aluminum_Mat, GameThreadShaderMap 0x000002DF88391D00
[2020.11.01-23.25.45:308][334]LogMaterial: Missing cached shader map for material T_Burst_M_Mat, compiling. 
[2020.11.01-23.25.45:310][334]LogTemp:Display: Added material ShaderMap 0x000002DF87F63200 with Material 0x000002DF8615A380 to ShaderMapsBeingCompiled
[2020.11.01-23.25.45:349][334]LogTemp:Display: Kicking off shader compilation for T_Burst_M_Mat, GameThreadShaderMap 0x000002DF87F63200
[2020.11.01-23.25.45:355][334]LogMaterial: Missing cached shader map for material Material_002, compiling. 
[2020.11.01-23.25.45:356][334]LogTemp:Display: Added material ShaderMap 0x000002DF88BDC480 with Material 0x000002DF862EC880 to ShaderMapsBeingCompiled
[2020.11.01-23.25.45:395][334]LogTemp:Display: Kicking off shader compilation for Material_002, GameThreadShaderMap 0x000002DF88BDC480
[2020.11.01-23.25.45:400][334]LogMaterial: Missing cached shader map for material madera_001, compiling. 
[2020.11.01-23.25.45:401][334]LogTemp:Display: Added material ShaderMap 0x000002DF8979D980 with Material 0x000002DF862EE200 to ShaderMapsBeingCompiled
[2020.11.01-23.25.45:439][334]LogTemp:Display: Kicking off shader compilation for madera_001, GameThreadShaderMap 0x000002DF8979D980
[2020.11.01-23.25.45:445][334]LogMaterial: Missing cached shader map for material 1_2_Mat, compiling. 
[2020.11.01-23.25.45:446][334]LogTemp:Display: Added material ShaderMap 0x000002DF8937EB00 with Material 0x000002DF85FC0580 to ShaderMapsBeingCompiled
[2020.11.01-23.25.45:485][334]LogTemp:Display: Kicking off shader compilation for 1_2_Mat, GameThreadShaderMap 0x000002DF8937EB00
[2020.11.01-23.25.46:314][334]LogTexture:Display: Building textures: HQ_Lightmap0_1 (AutoDXT, 1024X1024) - 72 MB total VRAM
[2020.11.01-23.25.47:550][334]LogTexture:Display: Building textures: HQ_Lightmap0_2 (AutoDXT, 1024X1024) - 72 MB total VRAM
[2020.11.01-23.25.47:997][334]LogTexture:Display: Building textures: LQ_Lightmap_0_1 (DXT1, 1024X1024) - 72 MB total VRAM
[2020.11.01-23.25.48:677][334]LogTexture:Display: Building textures: LQ_Lightmap_0_2 (DXT1, 1024X1024) - 72 MB total VRAM
[2020.11.01-23.25.48:891][334]LogTexture:Display: Building textures: ShadowMapTexture2D_0 (BGRA8, 1024X512) - 72 MB total VRAM
[2020.11.01-23.25.48:944][334]LogMaterial: Missing cached shader map for material Material, compiling. 
[2020.11.01-23.25.48:945][334]LogTemp:Display: Added material ShaderMap 0x000002DF86657C80 with Material 0x000002DF86126980 to ShaderMapsBeingCompiled
[2020.11.01-23.25.48:980][334]LogTemp:Display: Kicking off shader compilation for Material, GameThreadShaderMap 0x000002DF86657C80
[2020.11.01-23.25.49:981][334]LogMaterial: Missing cached shader map for material Material_003, compiling. 
[2020.11.01-23.25.49:982][334]LogTemp:Display: Added material ShaderMap 0x000002DF8A4C5280 with Material 0x000002DFDC1E2F80 to ShaderMapsBeingCompiled
[2020.11.01-23.25.50:018][334]LogTemp:Display: Kicking off shader compilation for Material_003, GameThreadShaderMap 0x000002DF8A4C5280
[2020.11.01-23.25.50:190][334]LogMaterial: Missing cached shader map for material Material_004, compiling. 
[2020.11.01-23.25.50:191][334]LogTemp:Display: Added material ShaderMap 0x000002DF8D1CA400 with Material 0x000002DFDC195180 to ShaderMapsBeingCompiled
[2020.11.01-23.25.50:227][334]LogTemp:Display: Kicking off shader compilation for Material_004, GameThreadShaderMap 0x000002DF8D1CA400
[2020.11.01-23.25.51:626][334]LogMaterial: Missing cached shader map for material madera_008, compiling. 
[2020.11.01-23.25.51:627][334]LogTemp:Display: Added material ShaderMap 0x000002DF8DD0FC80 with Material 0x000002DF8649BD00 to ShaderMapsBeingCompiled
[2020.11.01-23.25.51:660][334]LogTemp:Display: Kicking off shader compilation for madera_008, GameThreadShaderMap 0x000002DF8DD0FC80
[2020.11.01-23.25.51:666][334]LogMaterial: Missing cached shader map for material madera_007, compiling. 
[2020.11.01-23.25.51:667][334]LogTemp:Display: Added material ShaderMap 0x000002DF885F4B80 with Material 0x000002DFFCECAB00 to ShaderMapsBeingCompiled
[2020.11.01-23.25.51:717][334]LogTemp:Display: Kicking off shader compilation for madera_007, GameThreadShaderMap 0x000002DF885F4B80
[2020.11.01-23.25.51:728][334]LogMaterial: Missing cached shader map for material madera_004, compiling. 
[2020.11.01-23.25.51:729][334]LogTemp:Display: Added material ShaderMap 0x000002DF8F64DD00 with Material 0x000002DF85F8E080 to ShaderMapsBeingCompiled
[2020.11.01-23.25.51:776][334]LogTemp:Display: Kicking off shader compilation for madera_004, GameThreadShaderMap 0x000002DF8F64DD00
[2020.11.01-23.25.51:782][334]LogMaterial: Missing cached shader map for material Material_001, compiling. 
[2020.11.01-23.25.51:783][334]LogTemp:Display: Added material ShaderMap 0x000002DF9248B200 with Material 0x000002DFFC59FA00 to ShaderMapsBeingCompiled
[2020.11.01-23.25.51:819][334]LogTemp:Display: Kicking off shader compilation for Material_001, GameThreadShaderMap 0x000002DF9248B200
[2020.11.01-23.25.51:871][334]LogAIModule: Creating AISystem for world Minimal_Default
[2020.11.01-23.25.52:802][334]Cmd: MAP LOAD FILE="../../../../proyecto/Proyecto-Laberinto-Grupo-1/ProyectoLabApps/Content/Niveles/Mapa/Minimal_Default.umap" TEMPLATE=0 SHOWPROGRESS=1 FEATURELEVEL=3
[2020.11.01-23.25.52:803][334]LightingResults: New page: Diseñar la iluminación
[2020.11.01-23.25.52:806][334]LoadErrors: New page: Cargando mapa: Minimal_Default.umap
[2020.11.01-23.25.52:811][334]MapCheck: New page: Revisión del mapa
[2020.11.01-23.25.52:811][334]LightingResults: New page: Diseñar la iluminación
[2020.11.01-23.25.52:985][334]LogTemp:Display: Finished compile of shader map 0x000002DF85C09280
[2020.11.01-23.25.52:985][334]LogTemp:Display: Shader map madera_005 complete, GameThreadShaderMap 0x000002DF85C09280, marking material madera_005 as finished
[2020.11.01-23.25.52:985][334]LogTemp:Display: Marking material as finished 0x000002DFFD0B3A00
[2020.11.01-23.25.53:492][334]LogEditorServer: Finished looking for orphan Actors (0.000 secs)
[2020.11.01-23.25.53:549][334]Cmd: MAP CHECKDEP NOCLEARLOG
[2020.11.01-23.25.55:300][334]MapCheck: Información Map check complete: 0 Error(s), 0 Warning(s), took 1.750,887ms to complete.
[2020.11.01-23.25.55:302][334]LogFileHelpers: Loading map 'Minimal_Default' took 2.522
[2020.11.01-23.25.55:407][334]LogTemp:Display: Finished compile of shader map 0x000002DF8786EE80
[2020.11.01-23.25.55:407][334]LogTemp:Display: Shader map Material complete, GameThreadShaderMap 0x000002DF8786EE80, marking material Material as finished
[2020.11.01-23.25.55:407][334]LogTemp:Display: Marking material as finished 0x000002DFFD03D900
[2020.11.01-23.26.09:242][784]LogTemp:Display: Finished compile of shader map 0x000002DF873EBC80
[2020.11.01-23.26.09:242][784]LogTemp:Display: Shader map Material complete, GameThreadShaderMap 0x000002DF873EBC80, marking material Material as finished
[2020.11.01-23.26.09:242][784]LogTemp:Display: Marking material as finished 0x000002DFFD03EC80
[2020.11.01-23.26.14:883][832]LogTemp:Display: Finished compile of shader map 0x000002DF87065280
[2020.11.01-23.26.14:883][832]LogTemp:Display: Shader map madera_002 complete, GameThreadShaderMap 0x000002DF87065280, marking material madera_002 as finished
[2020.11.01-23.26.14:883][832]LogTemp:Display: Marking material as finished 0x000002DFFC59E500
[2020.11.01-23.26.46:202][596]LogTemp:Display: Finished compile of shader map 0x000002DF87C1A400
[2020.11.01-23.26.46:202][596]LogTemp:Display: Shader map madera complete, GameThreadShaderMap 0x000002DF87C1A400, marking material madera as finished
[2020.11.01-23.26.46:202][596]LogTemp:Display: Marking material as finished 0x000002DF862CE200
[2020.11.01-23.26.48:892][732]LogTemp: Repeting last play command: New Editor Window (PIE)
[2020.11.01-23.26.50:456][732]LogBlueprintUserMessages: Early PlayInEditor Detection: Level '/Game/Niveles/Mapa/Minimal_Default.Minimal_Default:PersistentLevel' has LevelScriptBlueprint '/Game/Niveles/Mapa/Minimal_Default.Minimal_Default:PersistentLevel.Minimal_Default' with GeneratedClass '/Game/Niveles/Mapa/Minimal_Default.Minimal_Default_C' with ClassGeneratedBy '/Game/Niveles/Mapa/Minimal_Default.Minimal_Default:PersistentLevel.Minimal_Default'
[2020.11.01-23.26.50:765][732]LogPlayLevel: PlayLevel: No blueprints needed recompiling
[2020.11.01-23.26.51:602][732]PIE: New page: Sesión PIE (reproducción en el editor): Minimal_Default (1/11/2020 17:26:51)
[2020.11.01-23.26.51:706][732]LogPlayLevel: Creating play world package: /Game/Niveles/Mapa/UEDPIE_0_Minimal_Default
[2020.11.01-23.26.52:133][732]LogPlayLevel: PIE: StaticDuplicateObject took: (0.426482s)
[2020.11.01-23.26.52:134][732]LogAIModule: Creating AISystem for world Minimal_Default
[2020.11.01-23.26.52:158][732]LogPlayLevel: PIE: World Init took: (0.024827s)
[2020.11.01-23.26.52:181][732]LogPlayLevel: PIE: Created PIE world by copying editor world from /Game/Niveles/Mapa/Minimal_Default.Minimal_Default to /Game/Niveles/Mapa/UEDPIE_0_Minimal_Default.Minimal_Default (0.485759s)
[2020.11.01-23.26.52:329][732]LogInit: XAudio2 using 'Altavoces (Realtek High Definition Audio)' : 2 channels at 48 kHz using 32 bits per sample (channel mask 0x3)
[2020.11.01-23.26.52:397][732]LogInit: FAudioDevice initialized.
[2020.11.01-23.26.52:825][732]LogUObjectGlobals:Warning: Error al encontrar el objeto 'Class /Script/ProyectoLabApps.ProyectoLabAppsGameMode'
[2020.11.01-23.26.52:855][732]LogLoad: Game class is 'GameModeBase'
[2020.11.01-23.26.52:901][732]LogWorld: Bringing World /Game/Niveles/Mapa/UEDPIE_0_Minimal_Default.Minimal_Default up for play (max tick rate 60) at 2020.11.01-20.26.52
[2020.11.01-23.26.52:963][732]LogWorld: Bringing up level for play took: 0.086022
[2020.11.01-23.26.55:871][732]LogContentBrowser: Native class hierarchy updated for 'MovieSceneCapture' in 0.0042 seconds. Added 11 classes and 0 folders.
[2020.11.01-23.26.55:956][732]PIE: Información Tiempo de inicio de la reproducción en el editor para  /Game/Niveles/Mapa/UEDPIE_0_Minimal_Default 5,974
[2020.11.01-23.26.55:957][732]LogBlueprintUserMessages: Late PlayInEditor Detection: Level '/Game/Niveles/Mapa/Minimal_Default.Minimal_Default:PersistentLevel' has LevelScriptBlueprint '/Game/Niveles/Mapa/Minimal_Default.Minimal_Default:PersistentLevel.Minimal_Default' with GeneratedClass '/Game/Niveles/Mapa/Minimal_Default.Minimal_Default_C' with ClassGeneratedBy '/Game/Niveles/Mapa/Minimal_Default.Minimal_Default:PersistentLevel.Minimal_Default'
[2020.11.01-23.26.56:373][732]LogRenderer: Reallocating scene render targets to support 1292x756 NumSamples 1 (Frame:776).
[2020.11.01-23.26.56:373][732]LogTemp:Display: Finished compile of shader map 0x000002DF887C8F00
[2020.11.01-23.26.56:373][732]LogTemp:Display: Shader map T_Wood_Oak_Mat complete, GameThreadShaderMap 0x000002DF887C8F00, marking material T_Wood_Oak_Mat as finished
[2020.11.01-23.26.56:373][732]LogTemp:Display: Marking material as finished 0x000002DFDBF75780
[2020.11.01-23.26.57:146][733]LogCharacterMovement:Warning: GetSimulationTimeStep() - Max iterations 8 hit while remaining time 0.100000 > MaxSimulationTimeStep (0.050) for 'Personaje_58', movement 'Walking'
[2020.11.01-23.26.57:203][733]LogTemp:Display: Finished compile of shader map 0x000002DF88391D00
[2020.11.01-23.26.57:203][733]LogTemp:Display: Shader map T_Metal_Aluminum_Mat complete, GameThreadShaderMap 0x000002DF88391D00, marking material T_Metal_Aluminum_Mat as finished
[2020.11.01-23.26.57:203][733]LogTemp:Display: Marking material as finished 0x000002DF86158100
[2020.11.01-23.27.37:555][330]LogTemp:Display: Finished compile of shader map 0x000002DF87F63200
[2020.11.01-23.27.37:555][330]LogTemp:Display: Shader map T_Burst_M_Mat complete, GameThreadShaderMap 0x000002DF87F63200, marking material T_Burst_M_Mat as finished
[2020.11.01-23.27.37:555][330]LogTemp:Display: Marking material as finished 0x000002DF8615A380
[2020.11.01-23.28.57:748][567]LogTemp:Display: Finished compile of shader map 0x000002DF88BDC480
[2020.11.01-23.28.57:749][567]LogTemp:Display: Shader map Material_002 complete, GameThreadShaderMap 0x000002DF88BDC480, marking material Material_002 as finished
[2020.11.01-23.28.57:749][567]LogTemp:Display: Marking material as finished 0x000002DF862EC880
[2020.11.01-23.30.34:231][ 56]LogTemp:Display: Finished compile of shader map 0x000002DF8979D980
[2020.11.01-23.30.34:232][ 56]LogTemp:Display: Shader map madera_001 complete, GameThreadShaderMap 0x000002DF8979D980, marking material madera_001 as finished
[2020.11.01-23.30.34:232][ 56]LogTemp:Display: Marking material as finished 0x000002DF862EE200
[2020.11.01-23.31.22:403][814]LogTemp:Display: Finished compile of shader map 0x000002DF8937EB00
[2020.11.01-23.31.22:403][814]LogTemp:Display: Shader map 1_2_Mat complete, GameThreadShaderMap 0x000002DF8937EB00, marking material 1_2_Mat as finished
[2020.11.01-23.31.22:403][814]LogTemp:Display: Marking material as finished 0x000002DF85FC0580
[2020.11.01-23.33.28:496][757]LogTemp:Display: Finished compile of shader map 0x000002DF86657C80
[2020.11.01-23.33.28:496][757]LogTemp:Display: Shader map Material complete, GameThreadShaderMap 0x000002DF86657C80, marking material Material as finished
[2020.11.01-23.33.28:496][757]LogTemp:Display: Marking material as finished 0x000002DF86126980
[2020.11.01-23.33.34:824][776]LogTemp:Display: Finished compile of shader map 0x000002DF8A4C5280
[2020.11.01-23.33.34:824][776]LogTemp:Display: Shader map Material_003 complete, GameThreadShaderMap 0x000002DF8A4C5280, marking material Material_003 as finished
[2020.11.01-23.33.34:824][776]LogTemp:Display: Marking material as finished 0x000002DFDC1E2F80
[2020.11.01-23.33.40:508][793]LogTemp:Display: Finished compile of shader map 0x000002DF8D1CA400
[2020.11.01-23.33.40:508][793]LogTemp:Display: Shader map Material_004 complete, GameThreadShaderMap 0x000002DF8D1CA400, marking material Material_004 as finished
[2020.11.01-23.33.40:508][793]LogTemp:Display: Marking material as finished 0x000002DFDC195180
[2020.11.01-23.33.45:180][807]LogTemp:Display: Finished compile of shader map 0x000002DF8DD0FC80
[2020.11.01-23.33.45:180][807]LogTemp:Display: Shader map madera_008 complete, GameThreadShaderMap 0x000002DF8DD0FC80, marking material madera_008 as finished
[2020.11.01-23.33.45:180][807]LogTemp:Display: Marking material as finished 0x000002DF8649BD00
[2020.11.01-23.33.49:186][819]LogTemp:Display: Finished compile of shader map 0x000002DF885F4B80
[2020.11.01-23.33.49:187][819]LogTemp:Display: Shader map madera_007 complete, GameThreadShaderMap 0x000002DF885F4B80, marking material madera_007 as finished
[2020.11.01-23.33.49:187][819]LogTemp:Display: Marking material as finished 0x000002DFFCECAB00
[2020.11.01-23.33.53:529][832]LogTemp:Display: Finished compile of shader map 0x000002DF8F64DD00
[2020.11.01-23.33.53:529][832]LogTemp:Display: Shader map madera_004 complete, GameThreadShaderMap 0x000002DF8F64DD00, marking material madera_004 as finished
[2020.11.01-23.33.53:529][832]LogTemp:Display: Marking material as finished 0x000002DF85F8E080
[2020.11.01-23.33.56:553][841]LogTemp:Display: Finished compile of shader map 0x000002DF9248B200
[2020.11.01-23.33.56:553][841]LogTemp:Display: Shader map Material_001 complete, GameThreadShaderMap 0x000002DF9248B200, marking material Material_001 as finished
[2020.11.01-23.33.56:553][841]LogTemp:Display: Marking material as finished 0x000002DFFC59FA00
[2020.11.01-23.37.29:369][964]LogBlueprintUserMessages: Early EndPlayMap Detection: Level '/Game/Niveles/Mapa/Minimal_Default.Minimal_Default:PersistentLevel' has LevelScriptBlueprint '/Game/Niveles/Mapa/Minimal_Default.Minimal_Default:PersistentLevel.Minimal_Default' with GeneratedClass '/Game/Niveles/Mapa/Minimal_Default.Minimal_Default_C' with ClassGeneratedBy '/Game/Niveles/Mapa/Minimal_Default.Minimal_Default:PersistentLevel.Minimal_Default'
[2020.11.01-23.37.30:290][964]LogBlueprintUserMessages: Late EndPlayMap Detection: Level '/Game/Niveles/Mapa/Minimal_Default.Minimal_Default:PersistentLevel' has LevelScriptBlueprint '/Game/Niveles/Mapa/Minimal_Default.Minimal_Default:PersistentLevel.Minimal_Default' with GeneratedClass '/Game/Niveles/Mapa/Minimal_Default.Minimal_Default_C' with ClassGeneratedBy '/Game/Niveles/Mapa/Minimal_Default.Minimal_Default:PersistentLevel.Minimal_Default'
[2020.11.01-23.38.25:782][238]LogEditorViewport: Clicking on Actor (LMB): StaticMeshActor (untitled_Cube_007)
[2020.11.01-23.38.33:170][321]LogEditorViewport: Clicking on Actor (LMB): StaticMeshActor (untitled_Cube_2)
[2020.11.01-23.39.33:351][187]Cmd: TRANSACTION UNDO
[2020.11.01-23.39.33:424][187]LogEditorTransaction: Undo Move Actors
[2020.11.01-23.39.35:303][187]LogActorComponent: ~FComponentReregisterContext: (/Game/Niveles/Mapa/Minimal_Default.Minimal_Default:PersistentLevel.untitled_Cube2_219.StaticMeshComponent0) Component already registered.
[2020.11.01-23.39.35:365][187]LogActorComponent: ~FComponentReregisterContext: (/Game/Niveles/Mapa/Minimal_Default.Minimal_Default:PersistentLevel.untitled_Cube_221.StaticMeshComponent0) Component already registered.
[2020.11.01-23.39.59:521][175]LogEditorViewport: Clicking on Actor (LMB): StaticMeshActor (untitled)
[2020.11.01-23.40.50:898][859]Cmd: TRANSACTION UNDO
[2020.11.01-23.40.50:898][859]LogEditorTransaction: Undo Move Actors
[2020.11.01-23.40.50:901][859]LogActorComponent: ~FComponentReregisterContext: (/Game/Niveles/Mapa/Minimal_Default.Minimal_Default:PersistentLevel.untitled_Cube_103.StaticMeshComponent0) Component already registered.
[2020.11.01-23.40.50:902][859]LogActorComponent: ~FComponentReregisterContext: (/Game/Niveles/Mapa/Minimal_Default.Minimal_Default:PersistentLevel.untitled_Cube_011_125.StaticMeshComponent0) Component already registered.
[2020.11.01-23.40.51:504][880]Cmd: TRANSACTION UNDO
[2020.11.01-23.40.51:504][880]LogEditorTransaction: Undo Pinchar en los actores
[2020.11.01-23.40.56:395][ 30]LogEditorViewport: Clicking on Actor (LMB): StaticMeshActor (untitled)
[2020.11.01-23.40.58:219][125]LogEditorViewport: Clicking on Actor (LMB): StaticMeshActor (untitled_Cube)
[2020.11.01-23.41.10:757][625]LogEditorViewport: Clicking on Actor (LMB): StaticMeshActor (Floor)
[2020.11.01-23.41.11:240][638]LogEditorViewport: Clicking on Actor (LMB): StaticMeshActor (Floor)
[2020.11.01-23.41.12:125][685]LogEditorViewport: Clicking on Actor (LMB): StaticMeshActor (Floor)
[2020.11.01-23.41.16:249][777]LogEditorViewport: Clicking on Actor (LMB): StaticMeshActor (untitled_Cube_007)
[2020.11.01-23.41.23:645][ 93]Cmd: POLY SELECT ADJACENT WALLS
[2020.11.01-23.42.06:668][551]LogEditorViewport: Clicking on Actor (LMB): StaticMeshActor (Shape_Cube)
[2020.11.01-23.43.22:751][681]LogSlate: Took 0.063607 seconds to synchronously load lazily loaded font '../../../Engine/Content/Editor/Slate/Fonts/Roboto-Italic.ttf' (157K)
[2020.11.01-23.44.20:774][996]LogEditorViewport: Clicking on Actor (LMB): StaticMeshActor (Shape_Cube8)
[2020.11.01-23.44.33:499][478]LogEditorViewport: Clicking on Actor (LMB): StaticMeshActor (Shape_Cube)
[2020.11.01-23.44.35:460][578]LogEditorViewport: Clicking on Actor (LMB): StaticMeshActor (Shape_Cube8)
[2020.11.01-23.44.36:544][632]LogEditorViewport: Clicking on Actor (LMB): StaticMeshActor (Shape_Cube)
[2020.11.01-23.44.37:774][694]LogEditorViewport: Clicking on Actor (LMB): StaticMeshActor (Shape_Cube8)
[2020.11.01-23.44.39:774][773]LogEditorViewport: Clicking on Actor (LMB): StaticMeshActor (Shape_Cube)
[2020.11.01-23.44.41:135][844]LogEditorViewport: Clicking on Actor (LMB): StaticMeshActor (Shape_Cube8)
[2020.11.01-23.45.10:997][613]LogEditorViewport: Clicking on Actor (LMB): StaticMeshActor (Shape_Cube2)
[2020.11.01-23.45.19:818][825]LogEditorViewport: Clicking on Actor (LMB): StaticMeshActor (Shape_Cube)
[2020.11.01-23.45.21:138][888]LogEditorViewport: Clicking on Actor (LMB): StaticMeshActor (Shape_Cube2)
[2020.11.01-23.45.34:390][308]LogEditorViewport: Clicking on Actor (LMB): StaticMeshActor (Wall_400x302)
[2020.11.01-23.45.36:172][402]LogEditorViewport: Clicking on Actor (LMB): StaticMeshActor (Shape_Cube7)
[2020.11.01-23.46.26:494][620]LogEditorViewport: Clicking on Actor (LMB): StaticMeshActor (Pillar_50x500)
[2020.11.01-23.46.49:372][323]LogTemp: Repeting last play command: New Editor Window (PIE)
[2020.11.01-23.46.49:419][323]LogBlueprintUserMessages: Early PlayInEditor Detection: Level '/Game/Niveles/Mapa/Minimal_Default.Minimal_Default:PersistentLevel' has LevelScriptBlueprint '/Game/Niveles/Mapa/Minimal_Default.Minimal_Default:PersistentLevel.Minimal_Default' with GeneratedClass '/Game/Niveles/Mapa/Minimal_Default.Minimal_Default_C' with ClassGeneratedBy '/Game/Niveles/Mapa/Minimal_Default.Minimal_Default:PersistentLevel.Minimal_Default'
[2020.11.01-23.46.49:438][323]LogPlayLevel: PlayLevel: No blueprints needed recompiling
[2020.11.01-23.46.49:507][323]PIE: New page: Sesión PIE (reproducción en el editor): Minimal_Default (1/11/2020 17:46:49)
[2020.11.01-23.46.49:508][323]LogPlayLevel: Creating play world package: /Game/Niveles/Mapa/UEDPIE_0_Minimal_Default
[2020.11.01-23.46.50:333][323]LogPlayLevel: PIE: StaticDuplicateObject took: (0.824094s)
[2020.11.01-23.46.50:636][323]LogAIModule: Creating AISystem for world Minimal_Default
[2020.11.01-23.46.50:681][323]LogPlayLevel: PIE: World Init took: (0.347723s)
[2020.11.01-23.46.50:681][323]LogPlayLevel: PIE: Created PIE world by copying editor world from /Game/Niveles/Mapa/Minimal_Default.Minimal_Default to /Game/Niveles/Mapa/UEDPIE_0_Minimal_Default.Minimal_Default (1.172598s)
[2020.11.01-23.46.50:806][323]LogInit: XAudio2 using 'Altavoces (Realtek High Definition Audio)' : 2 channels at 48 kHz using 32 bits per sample (channel mask 0x3)
[2020.11.01-23.46.50:891][323]LogInit: FAudioDevice initialized.
[2020.11.01-23.46.51:155][323]LogLoad: Game class is 'GameModeBase'
[2020.11.01-23.46.51:219][323]LogWorld: Bringing World /Game/Niveles/Mapa/UEDPIE_0_Minimal_Default.Minimal_Default up for play (max tick rate 60) at 2020.11.01-20.46.51
[2020.11.01-23.46.51:228][323]LogWorld: Bringing up level for play took: 0.062691
[2020.11.01-23.46.51:510][323]PIE: Información Tiempo de inicio de la reproducción en el editor para  /Game/Niveles/Mapa/UEDPIE_0_Minimal_Default 1,527
[2020.11.01-23.46.51:522][323]LogBlueprintUserMessages: Late PlayInEditor Detection: Level '/Game/Niveles/Mapa/Minimal_Default.Minimal_Default:PersistentLevel' has LevelScriptBlueprint '/Game/Niveles/Mapa/Minimal_Default.Minimal_Default:PersistentLevel.Minimal_Default' with GeneratedClass '/Game/Niveles/Mapa/Minimal_Default.Minimal_Default_C' with ClassGeneratedBy '/Game/Niveles/Mapa/Minimal_Default.Minimal_Default:PersistentLevel.Minimal_Default'
[2020.11.01-23.46.51:819][324]LogCharacterMovement:Warning: GetSimulationTimeStep() - Max iterations 8 hit while remaining time 0.100000 > MaxSimulationTimeStep (0.050) for 'Personaje_58', movement 'Walking'
[2020.11.01-23.47.06:232][575]LogBlueprintUserMessages: Early EndPlayMap Detection: Level '/Game/Niveles/Mapa/Minimal_Default.Minimal_Default:PersistentLevel' has LevelScriptBlueprint '/Game/Niveles/Mapa/Minimal_Default.Minimal_Default:PersistentLevel.Minimal_Default' with GeneratedClass '/Game/Niveles/Mapa/Minimal_Default.Minimal_Default_C' with ClassGeneratedBy '/Game/Niveles/Mapa/Minimal_Default.Minimal_Default:PersistentLevel.Minimal_Default'
[2020.11.01-23.47.06:570][575]LogBlueprintUserMessages: Late EndPlayMap Detection: Level '/Game/Niveles/Mapa/Minimal_Default.Minimal_Default:PersistentLevel' has LevelScriptBlueprint '/Game/Niveles/Mapa/Minimal_Default.Minimal_Default:PersistentLevel.Minimal_Default' with GeneratedClass '/Game/Niveles/Mapa/Minimal_Default.Minimal_Default_C' with ClassGeneratedBy '/Game/Niveles/Mapa/Minimal_Default.Minimal_Default:PersistentLevel.Minimal_Default'
[2020.11.01-23.47.12:902][780]LogTemp: Repeting last play command: New Editor Window (PIE)
[2020.11.01-23.47.12:916][780]LogBlueprintUserMessages: Early PlayInEditor Detection: Level '/Game/Niveles/Mapa/Minimal_Default.Minimal_Default:PersistentLevel' has LevelScriptBlueprint '/Game/Niveles/Mapa/Minimal_Default.Minimal_Default:PersistentLevel.Minimal_Default' with GeneratedClass '/Game/Niveles/Mapa/Minimal_Default.Minimal_Default_C' with ClassGeneratedBy '/Game/Niveles/Mapa/Minimal_Default.Minimal_Default:PersistentLevel.Minimal_Default'
[2020.11.01-23.47.12:916][780]LogPlayLevel: PlayLevel: No blueprints needed recompiling
[2020.11.01-23.47.12:917][780]PIE: New page: Sesión PIE (reproducción en el editor): Minimal_Default (1/11/2020 17:47:12)
[2020.11.01-23.47.12:917][780]LogPlayLevel: Creating play world package: /Game/Niveles/Mapa/UEDPIE_0_Minimal_Default
[2020.11.01-23.47.12:954][780]LogPlayLevel: PIE: StaticDuplicateObject took: (0.037585s)
[2020.11.01-23.47.12:956][780]LogAIModule: Creating AISystem for world Minimal_Default
[2020.11.01-23.47.12:956][780]LogPlayLevel: PIE: World Init took: (0.001734s)
[2020.11.01-23.47.12:957][780]LogPlayLevel: PIE: Created PIE world by copying editor world from /Game/Niveles/Mapa/Minimal_Default.Minimal_Default to /Game/Niveles/Mapa/UEDPIE_0_Minimal_Default.Minimal_Default (0.039762s)
[2020.11.01-23.47.13:078][780]LogInit: XAudio2 using 'Altavoces (Realtek High Definition Audio)' : 2 channels at 48 kHz using 32 bits per sample (channel mask 0x3)
[2020.11.01-23.47.13:105][780]LogInit: FAudioDevice initialized.
[2020.11.01-23.47.13:190][780]LogLoad: Game class is 'GameModeBase'
[2020.11.01-23.47.13:199][780]LogWorld: Bringing World /Game/Niveles/Mapa/UEDPIE_0_Minimal_Default.Minimal_Default up for play (max tick rate 60) at 2020.11.01-20.47.13
[2020.11.01-23.47.13:200][780]LogWorld: Bringing up level for play took: 0.009038
[2020.11.01-23.47.13:207][780]PIE: Información Tiempo de inicio de la reproducción en el editor para  /Game/Niveles/Mapa/UEDPIE_0_Minimal_Default 1,226
[2020.11.01-23.47.13:208][780]LogBlueprintUserMessages: Late PlayInEditor Detection: Level '/Game/Niveles/Mapa/Minimal_Default.Minimal_Default:PersistentLevel' has LevelScriptBlueprint '/Game/Niveles/Mapa/Minimal_Default.Minimal_Default:PersistentLevel.Minimal_Default' with GeneratedClass '/Game/Niveles/Mapa/Minimal_Default.Minimal_Default_C' with ClassGeneratedBy '/Game/Niveles/Mapa/Minimal_Default.Minimal_Default:PersistentLevel.Minimal_Default'
[2020.11.01-23.47.13:367][781]LogCharacterMovement:Warning: GetSimulationTimeStep() - Max iterations 8 hit while remaining time 0.100000 > MaxSimulationTimeStep (0.050) for 'Personaje_58', movement 'Walking'
[2020.11.01-23.47.31:962][ 85]LogBlueprintUserMessages: Early EndPlayMap Detection: Level '/Game/Niveles/Mapa/Minimal_Default.Minimal_Default:PersistentLevel' has LevelScriptBlueprint '/Game/Niveles/Mapa/Minimal_Default.Minimal_Default:PersistentLevel.Minimal_Default' with GeneratedClass '/Game/Niveles/Mapa/Minimal_Default.Minimal_Default_C' with ClassGeneratedBy '/Game/Niveles/Mapa/Minimal_Default.Minimal_Default:PersistentLevel.Minimal_Default'
[2020.11.01-23.47.32:244][ 85]LogBlueprintUserMessages: Late EndPlayMap Detection: Level '/Game/Niveles/Mapa/Minimal_Default.Minimal_Default:PersistentLevel' has LevelScriptBlueprint '/Game/Niveles/Mapa/Minimal_Default.Minimal_Default:PersistentLevel.Minimal_Default' with GeneratedClass '/Game/Niveles/Mapa/Minimal_Default.Minimal_Default_C' with ClassGeneratedBy '/Game/Niveles/Mapa/Minimal_Default.Minimal_Default:PersistentLevel.Minimal_Default'
[2020.11.01-23.48.24:294][940]LogSavePackage: Save=7159.84ms
[2020.11.01-23.48.24:294][940]LogSavePackage: Moving '../../../../proyecto/Proyecto-Laberinto-Grupo-1/ProyectoLabApps/Saved/Minimal_Default_Auto1E5AF710A4EDEA1E74B3776860BE0BBA1.tmp' to '../../../../proyecto/Proyecto-Laberinto-Grupo-1/ProyectoLabApps/Saved/Autosaves/Game/Niveles/Mapa/Minimal_Default_Auto1.umap'
[2020.11.01-23.48.24:346][940]LogSavePackage:Display: Finished SavePackage ../../../../proyecto/Proyecto-Laberinto-Grupo-1/ProyectoLabApps/Saved/Autosaves/Game/Niveles/Mapa/Minimal_Default_Auto1.umap
[2020.11.01-23.48.24:403][940]LogFileHelpers: Editor autosave (incl. sublevels) for '/Game/Niveles/Mapa/Minimal_Default' took 10.066
[2020.11.01-23.48.24:403][940]LogFileHelpers: Editor autosave (incl. sublevels) for all levels took 10.066
[2020.11.01-23.48.26:914][ 18]LogTemp: Repeting last play command: New Editor Window (PIE)
[2020.11.01-23.48.26:943][ 18]LogBlueprintUserMessages: Early PlayInEditor Detection: Level '/Game/Niveles/Mapa/Minimal_Default.Minimal_Default:PersistentLevel' has LevelScriptBlueprint '/Game/Niveles/Mapa/Minimal_Default.Minimal_Default:PersistentLevel.Minimal_Default' with GeneratedClass '/Game/Niveles/Mapa/Minimal_Default.Minimal_Default_C' with ClassGeneratedBy '/Game/Niveles/Mapa/Minimal_Default.Minimal_Default:PersistentLevel.Minimal_Default'
[2020.11.01-23.48.26:943][ 18]LogPlayLevel: PlayLevel: No blueprints needed recompiling
[2020.11.01-23.48.26:944][ 18]PIE: New page: Sesión PIE (reproducción en el editor): Minimal_Default (1/11/2020 17:48:26)
[2020.11.01-23.48.26:944][ 18]LogPlayLevel: Creating play world package: /Game/Niveles/Mapa/UEDPIE_0_Minimal_Default
[2020.11.01-23.48.27:017][ 18]LogPlayLevel: PIE: StaticDuplicateObject took: (0.072691s)
[2020.11.01-23.48.27:019][ 18]LogAIModule: Creating AISystem for world Minimal_Default
[2020.11.01-23.48.27:019][ 18]LogPlayLevel: PIE: World Init took: (0.001767s)
[2020.11.01-23.48.27:020][ 18]LogPlayLevel: PIE: Created PIE world by copying editor world from /Game/Niveles/Mapa/Minimal_Default.Minimal_Default to /Game/Niveles/Mapa/UEDPIE_0_Minimal_Default.Minimal_Default (0.075381s)
[2020.11.01-23.48.27:079][ 18]LogInit: XAudio2 using 'Altavoces (Realtek High Definition Audio)' : 2 channels at 48 kHz using 32 bits per sample (channel mask 0x3)
[2020.11.01-23.48.27:118][ 18]LogInit: FAudioDevice initialized.
[2020.11.01-23.48.27:208][ 18]LogLoad: Game class is 'GameModeBase'
[2020.11.01-23.48.27:216][ 18]LogWorld: Bringing World /Game/Niveles/Mapa/UEDPIE_0_Minimal_Default.Minimal_Default up for play (max tick rate 60) at 2020.11.01-20.48.27
[2020.11.01-23.48.27:217][ 18]LogWorld: Bringing up level for play took: 0.007033
[2020.11.01-23.48.27:225][ 18]PIE: Información Tiempo de inicio de la reproducción en el editor para  /Game/Niveles/Mapa/UEDPIE_0_Minimal_Default 1,243
[2020.11.01-23.48.27:227][ 18]LogBlueprintUserMessages: Late PlayInEditor Detection: Level '/Game/Niveles/Mapa/Minimal_Default.Minimal_Default:PersistentLevel' has LevelScriptBlueprint '/Game/Niveles/Mapa/Minimal_Default.Minimal_Default:PersistentLevel.Minimal_Default' with GeneratedClass '/Game/Niveles/Mapa/Minimal_Default.Minimal_Default_C' with ClassGeneratedBy '/Game/Niveles/Mapa/Minimal_Default.Minimal_Default:PersistentLevel.Minimal_Default'
[2020.11.01-23.49.29:701][834]LogBlueprintUserMessages: Early EndPlayMap Detection: Level '/Game/Niveles/Mapa/Minimal_Default.Minimal_Default:PersistentLevel' has LevelScriptBlueprint '/Game/Niveles/Mapa/Minimal_Default.Minimal_Default:PersistentLevel.Minimal_Default' with GeneratedClass '/Game/Niveles/Mapa/Minimal_Default.Minimal_Default_C' with ClassGeneratedBy '/Game/Niveles/Mapa/Minimal_Default.Minimal_Default:PersistentLevel.Minimal_Default'
[2020.11.01-23.49.30:405][834]LogBlueprintUserMessages: Late EndPlayMap Detection: Level '/Game/Niveles/Mapa/Minimal_Default.Minimal_Default:PersistentLevel' has LevelScriptBlueprint '/Game/Niveles/Mapa/Minimal_Default.Minimal_Default:PersistentLevel.Minimal_Default' with GeneratedClass '/Game/Niveles/Mapa/Minimal_Default.Minimal_Default_C' with ClassGeneratedBy '/Game/Niveles/Mapa/Minimal_Default.Minimal_Default:PersistentLevel.Minimal_Default'
[2020.11.01-23.49.42:626][177]LogTemp: Repeting last play command: New Editor Window (PIE)
[2020.11.01-23.49.42:681][177]LogBlueprintUserMessages: Early PlayInEditor Detection: Level '/Game/Niveles/Mapa/Minimal_Default.Minimal_Default:PersistentLevel' has LevelScriptBlueprint '/Game/Niveles/Mapa/Minimal_Default.Minimal_Default:PersistentLevel.Minimal_Default' with GeneratedClass '/Game/Niveles/Mapa/Minimal_Default.Minimal_Default_C' with ClassGeneratedBy '/Game/Niveles/Mapa/Minimal_Default.Minimal_Default:PersistentLevel.Minimal_Default'
[2020.11.01-23.49.42:681][177]LogPlayLevel: PlayLevel: No blueprints needed recompiling
[2020.11.01-23.49.42:681][177]PIE: New page: Sesión PIE (reproducción en el editor): Minimal_Default (1/11/2020 17:49:42)
[2020.11.01-23.49.42:681][177]LogPlayLevel: Creating play world package: /Game/Niveles/Mapa/UEDPIE_0_Minimal_Default
[2020.11.01-23.49.42:723][177]LogPlayLevel: PIE: StaticDuplicateObject took: (0.041325s)
[2020.11.01-23.49.42:832][177]LogAIModule: Creating AISystem for world Minimal_Default
[2020.11.01-23.49.42:833][177]LogPlayLevel: PIE: World Init took: (0.110144s)
[2020.11.01-23.49.42:834][177]LogPlayLevel: PIE: Created PIE world by copying editor world from /Game/Niveles/Mapa/Minimal_Default.Minimal_Default to /Game/Niveles/Mapa/UEDPIE_0_Minimal_Default.Minimal_Default (0.152324s)
[2020.11.01-23.49.42:898][177]LogInit: XAudio2 using 'Altavoces (Realtek High Definition Audio)' : 2 channels at 48 kHz using 32 bits per sample (channel mask 0x3)
[2020.11.01-23.49.42:950][177]LogInit: FAudioDevice initialized.
[2020.11.01-23.49.43:050][177]LogLoad: Game class is 'GameModeBase'
[2020.11.01-23.49.43:059][177]LogWorld: Bringing World /Game/Niveles/Mapa/UEDPIE_0_Minimal_Default.Minimal_Default up for play (max tick rate 60) at 2020.11.01-20.49.43
[2020.11.01-23.49.43:059][177]LogWorld: Bringing up level for play took: 0.008444
[2020.11.01-23.49.43:074][177]PIE: Información Tiempo de inicio de la reproducción en el editor para  /Game/Niveles/Mapa/UEDPIE_0_Minimal_Default 1,092
[2020.11.01-23.49.43:076][177]LogBlueprintUserMessages: Late PlayInEditor Detection: Level '/Game/Niveles/Mapa/Minimal_Default.Minimal_Default:PersistentLevel' has LevelScriptBlueprint '/Game/Niveles/Mapa/Minimal_Default.Minimal_Default:PersistentLevel.Minimal_Default' with GeneratedClass '/Game/Niveles/Mapa/Minimal_Default.Minimal_Default_C' with ClassGeneratedBy '/Game/Niveles/Mapa/Minimal_Default.Minimal_Default:PersistentLevel.Minimal_Default'
[2020.11.01-23.49.55:191][322]LogBlueprintUserMessages: Early EndPlayMap Detection: Level '/Game/Niveles/Mapa/Minimal_Default.Minimal_Default:PersistentLevel' has LevelScriptBlueprint '/Game/Niveles/Mapa/Minimal_Default.Minimal_Default:PersistentLevel.Minimal_Default' with GeneratedClass '/Game/Niveles/Mapa/Minimal_Default.Minimal_Default_C' with ClassGeneratedBy '/Game/Niveles/Mapa/Minimal_Default.Minimal_Default:PersistentLevel.Minimal_Default'
[2020.11.01-23.49.55:486][322]LogBlueprintUserMessages: Late EndPlayMap Detection: Level '/Game/Niveles/Mapa/Minimal_Default.Minimal_Default:PersistentLevel' has LevelScriptBlueprint '/Game/Niveles/Mapa/Minimal_Default.Minimal_Default:PersistentLevel.Minimal_Default' with GeneratedClass '/Game/Niveles/Mapa/Minimal_Default.Minimal_Default_C' with ClassGeneratedBy '/Game/Niveles/Mapa/Minimal_Default.Minimal_Default:PersistentLevel.Minimal_Default'
[2020.11.01-23.50.14:150][591]LogEditorViewport: Clicking on Actor (LMB): TriggerVolume (TriggerVolume)
[2020.11.01-23.53.27:755][157]LogEditorViewport: Clicking on Actor (LMB): StaticMeshActor (Shape_Cube)
[2020.11.01-23.53.36:717][390]LogEditorViewport: Clicking on Actor (LMB): TriggerVolume (TriggerVolume2)
[2020.11.01-23.53.38:096][427]LogEditorViewport: Clicking on Actor (LMB): StaticMeshActor (Wall_400x302)
[2020.11.01-23.54.49:539][679]LogEditorViewport: Clicking on Actor (LMB): StaticMeshActor (Floor)
[2020.11.01-23.55.43:762][698]LogEditorViewport: Clicking on Actor (LMB): StaticMeshActor (Shape_Cube7)
[2020.11.01-23.55.46:003][754]LogEditorViewport: Clicking on Actor (LMB): StaticMeshActor (Wall_400x313)
[2020.11.01-23.55.58:219][115]LogEditorViewport: Clicking on Actor (LMB): StaticMeshActor (Wall_400x302)
[2020.11.01-23.56.09:020][401]LogEditorViewport: Clicking on Actor (LMB): StaticMeshActor (Shape_Cube)
[2020.11.01-23.56.15:932][725]LogEditorViewport: Clicking on Actor (LMB): StaticMeshActor (Shape_Cube8)
[2020.11.01-23.56.25:388][998]LogEditorViewport: Clicking on Actor (LMB): StaticMeshActor (Shape_Cube7)
[2020.11.01-23.56.31:736][293]LogEditorViewport: Clicking on Actor (LMB): StaticMeshActor (Shape_Cube2)
[2020.11.01-23.56.40:264][604]LogEditorViewport: Clicking on Actor (LMB): StaticMeshActor (Floor_400x400)
[2020.11.01-23.57.13:853][261]LogEditorViewport: Clicking on Actor (LMB): StaticMeshActor (Shape_Cube2)
[2020.11.01-23.57.14:845][309]LogEditorViewport: Clicking on Actor (LMB): StaticMeshActor (Wall_400x312)
[2020.11.01-23.57.24:824][527]LogEditorViewport: Clicking on Actor (LMB): StaticMeshActor (Pillar_50x500)
[2020.11.01-23.57.51:627][310]LogEditorViewport: Clicking on Actor (LMB): StaticMeshActor (Shape_Cube2)
[2020.11.01-23.58.30:382][131]LogEditorViewport: Clicking on Actor (LMB): StaticMeshActor (Shape_Cube7)
[2020.11.01-23.58.44:088][368]LogEditorViewport: Clicking on Actor (LMB): StaticMeshActor (Shape_Cube2)
[2020.11.01-23.58.45:567][441]LogEditorViewport: Clicking on Actor (LMB): StaticMeshActor (Shape_Cube7)
[2020.11.01-23.59.21:154][446]LogEditorViewport: Clicking on Actor (LMB): StaticMeshActor (Shape_Cube)
[2020.11.01-23.59.53:763][242]LogEditorViewport: Clicking on Actor (LMB): StaticMeshActor (Shape_Cube)
[2020.11.01-23.59.55:437][326]LogEditorViewport: Clicking on Actor (LMB): StaticMeshActor (Shape_Cube)
[2020.11.01-23.59.58:041][394]LogEditorViewport: Clicking on Actor (LMB): StaticMeshActor (Shape_Cube8)
[2020.11.02-00.01.33:300][ 22]LogEditorViewport: Clicking on Actor (LMB): StaticMeshActor (Floor)
[2020.11.02-00.01.35:869][ 81]LogEditorViewport: Clicking on Actor (LMB): StaticMeshActor (Floor2)
[2020.11.02-00.01.49:029][340]LogEditorViewport: Clicking on Actor (LMB): StaticMeshActor (Wall_400x317)
[2020.11.02-00.01.53:941][578]LogEditorViewport: Clicking on Actor (LMB): StaticMeshActor (Wall_400x306)
[2020.11.02-00.01.57:500][729]Cmd: TRANSACTION UNDO
[2020.11.02-00.01.57:500][729]LogEditorTransaction: Undo Move Actors
[2020.11.02-00.02.08:010][ 87]LogEditorViewport: Clicking on Actor (LMB): StaticMeshActor (Shape_Cube3)
[2020.11.02-00.02.13:535][265]LogEditorViewport: Clicking on Actor (LMB): StaticMeshActor (Shape_Cube10)
[2020.11.02-00.02.22:847][597]LogEditorViewport: Clicking on Actor (LMB): StaticMeshActor (Shape_Cube4)
[2020.11.02-00.02.29:250][901]LogEditorViewport: Clicking on Actor (LMB): StaticMeshActor (Shape_Cube9)
[2020.11.02-00.02.42:797][281]LogEditorViewport: Clicking on Actor (LMB): StaticMeshActor (Floor_400x401)
[2020.11.02-00.02.55:279][500]LogEditorViewport: Clicking on Actor (LMB): StaticMeshActor (Wall_400x316)
[2020.11.02-00.03.04:442][693]LogEditorViewport: Clicking on Actor (LMB): StaticMeshActor (Wall_400x312)
[2020.11.02-00.03.07:409][791]LogEditorViewport: Clicking on Actor (LMB): StaticMeshActor (Wall_400x316)
[2020.11.02-00.03.17:217][ 58]LogEditorViewport: Clicking on Actor (LMB): StaticMeshActor (Shape_Cube7)
[2020.11.02-00.03.19:942][115]LogEditorViewport: Clicking on Actor (LMB): StaticMeshActor (Shape_Cube9)
[2020.11.02-00.03.34:145][523]LogEditorViewport: Clicking on Actor (LMB): StaticMeshActor (Shape_Cube7)
[2020.11.02-00.03.38:307][613]LogEditorViewport: Clicking on Actor (LMB): StaticMeshActor (Shape_Cube9)
[2020.11.02-00.03.41:582][689]LogEditorViewport: Clicking on Actor (LMB): StaticMeshActor (Shape_Cube4)
[2020.11.02-00.04.02:540][223]LogEditorViewport: Clicking on Actor (LMB): StaticMeshActor (Shape_Cube10)
[2020.11.02-00.04.09:337][369]LogEditorViewport: Clicking on Actor (LMB): StaticMeshActor (Shape_Cube3)
[2020.11.02-00.04.25:460][765]LogEditorViewport: Clicking on Actor (LMB): StaticMeshActor (Shape_Cube10)
[2020.11.02-00.04.45:276][379]LogEditorViewport: Clicking on Actor (LMB): StaticMeshActor (Shape_Cube3)
[2020.11.02-00.04.58:333][747]LogEditorViewport: Clicking on Actor (LMB): StaticMeshActor (Shape_Cube10)
[2020.11.02-00.05.08:026][ 39]LogEditorViewport: Clicking on Actor (LMB): StaticMeshActor (Shape_Cube3)
[2020.11.02-00.05.18:531][412]LogEditorViewport: Clicking on Actor (LMB): StaticMeshActor (Shape_Cube3)
[2020.11.02-00.05.19:535][462]LogEditorViewport: Clicking on Actor (LMB): StaticMeshActor (Shape_Cube3)
[2020.11.02-00.05.22:844][547]LogEditorViewport: Clicking on Actor (LMB): StaticMeshActor (Wall_400x306)
[2020.11.02-00.05.30:074][796]Cmd: TRANSACTION UNDO
[2020.11.02-00.05.30:074][796]LogEditorTransaction: Undo Move Actors
[2020.11.02-00.05.41:470][ 23]LogEditorViewport: Clicking on Actor (LMB): StaticMeshActor (Shape_Cube3)
[2020.11.02-00.05.47:746][163]LogEditorViewport: Clicking on Actor (LMB): StaticMeshActor (Pillar_50x501)
[2020.11.02-00.06.04:270][557]LogEditorViewport: Clicking on Actor (LMB): StaticMeshActor (Floor4)
[2020.11.02-00.06.07:310][618]LogEditorViewport: Clicking on Actor (LMB): StaticMeshActor (Floor2)
[2020.11.02-00.06.08:810][694]LogEditorViewport: Clicking on Actor (LMB): StaticMeshActor (Floor4)
[2020.11.02-00.06.24:649][129]LogEditorViewport: Clicking on Actor (LMB): StaticMeshActor (Wall_400x321)
[2020.11.02-00.06.33:481][448]LogEditorViewport: Clicking on Actor (LMB): StaticMeshActor (Wall_400x326)
[2020.11.02-00.07.04:921][692]LogSavePackage: Save=2191.83ms
[2020.11.02-00.07.04:921][692]LogSavePackage: Moving '../../../../proyecto/Proyecto-Laberinto-Grupo-1/ProyectoLabApps/Saved/Minimal_Default_Auto204E70BCF4BDD8372A9181D86FDB58249.tmp' to '../../../../proyecto/Proyecto-Laberinto-Grupo-1/ProyectoLabApps/Saved/Autosaves/Game/Niveles/Mapa/Minimal_Default_Auto2.umap'
[2020.11.02-00.07.04:943][692]LogSavePackage:Display: Finished SavePackage ../../../../proyecto/Proyecto-Laberinto-Grupo-1/ProyectoLabApps/Saved/Autosaves/Game/Niveles/Mapa/Minimal_Default_Auto2.umap
[2020.11.02-00.07.04:981][692]LogFileHelpers: Editor autosave (incl. sublevels) for '/Game/Niveles/Mapa/Minimal_Default' took 2.879
[2020.11.02-00.07.04:981][692]LogFileHelpers: Editor autosave (incl. sublevels) for all levels took 2.879
[2020.11.02-00.11.51:979][709]LogEditorViewport: Clicking on Actor (LMB): StaticMeshActor (Shape_Cube13)
[2020.11.02-00.11.56:540][922]LogEditorViewport: Clicking on Actor (LMB): StaticMeshActor (Shape_Cube12)
[2020.11.02-00.12.02:525][144]LogEditorViewport: Clicking on Actor (LMB): StaticMeshActor (Shape_Cube15)
[2020.11.02-00.12.07:069][360]LogEditorViewport: Clicking on Actor (LMB): StaticMeshActor (Shape_Cube14)
[2020.11.02-00.12.15:704][631]LogEditorViewport: Clicking on Actor (LMB): StaticMeshActor (Floor_400x403)
[2020.11.02-00.12.25:717][859]LogEditorViewport: Clicking on Actor (LMB): StaticMeshActor (Shape_Cube15)
[2020.11.02-00.12.39:925][238]LogEditorViewport: Clicking on Actor (LMB): StaticMeshActor (Shape_Cube14)
[2020.11.02-00.13.03:139][867]LogEditorViewport: Clicking on Actor (LMB): StaticMeshActor (Pillar_50x503)
[2020.11.02-00.13.14:896][224]LogEditorViewport: Clicking on Actor (LMB): StaticMeshActor (Shape_Cube12)
[2020.11.02-00.13.40:758][900]LogEditorViewport: Clicking on Actor (LMB): StaticMeshActor (Shape_Cube13)
[2020.11.02-00.14.07:338][488]LogEditorViewport: Clicking on Actor (LMB): StaticMeshActor (Shape_Cube4)
[2020.11.02-00.14.16:438][795]LogEditorViewport: Clicking on Actor (LMB): StaticMeshActor (Shape_Cube2)
[2020.11.02-00.14.22:035][913]LogEditorViewport: Clicking on Actor (LMB): StaticMeshActor (Shape_Cube4)
[2020.11.02-00.14.31:408][280]LogEditorViewport: Clicking on Actor (LMB): StaticMeshActor (Shape_Cube9)
[2020.11.02-00.14.49:411][983]LogEditorViewport: Clicking on Actor (LMB): StaticMeshActor (Shape_Cube3)
[2020.11.02-00.15.16:920][698]LogEditorViewport: Clicking on Actor (LMB): StaticMeshActor (Shape_Cube10)
[2020.11.02-00.15.36:884][198]LogEditorViewport: Clicking on Actor (LMB): StaticMeshActor (Shape_Cube13)
[2020.11.02-00.15.52:248][696]LogEditorViewport: Clicking on Actor (context menu): StaticMeshActor (Floor_400x403)
[2020.11.02-00.15.53:898][730]LogEditorViewport: Clicking on Actor (LMB): StaticMeshActor (Floor_400x403)
[2020.11.02-00.15.54:879][780]LogEditorViewport: Clicking on Actor (LMB): StaticMeshActor (Shape_Cube13)
[2020.11.02-00.16.02:186][899]LogEditorViewport: Clicking on Actor (LMB): StaticMeshActor (Shape_Cube12)
[2020.11.02-00.16.06:916][ 43]LogEditorViewport: Clicking on Actor (LMB): StaticMeshActor (Shape_Cube14)
[2020.11.02-00.16.33:819][776]LogEditorViewport: Clicking on Actor (LMB): StaticMeshActor (Shape_Cube15)
[2020.11.02-00.16.49:037][246]LogEditorViewport: Clicking on Actor (LMB): StaticMeshActor (Shape_Cube14)
[2020.11.02-00.17.08:166][703]LogEditorViewport: Clicking on Actor (LMB): StaticMeshActor (Floor5)
[2020.11.02-00.17.34:744][666]LogEditorViewport: Clicking on Actor (LMB): StaticMeshActor (Wall_400x331)
[2020.11.02-00.17.41:359][980]LogEditorViewport: Clicking on Actor (LMB): StaticMeshActor (Wall_400x334)
[2020.11.02-00.17.48:433][230]LogEditorViewport: Clicking on Actor (LMB): StaticMeshActor (Shape_Cube17)
[2020.11.02-00.17.55:036][507]LogEditorViewport: Clicking on Actor (LMB): StaticMeshActor (Shape_Cube16)
[2020.11.02-00.18.00:416][766]LogEditorViewport: Clicking on Actor (LMB): StaticMeshActor (Shape_Cube19)
[2020.11.02-00.18.04:110][928]LogEditorViewport: Clicking on Actor (LMB): StaticMeshActor (Shape_Cube18)
[2020.11.02-00.18.14:342][281]LogEditorViewport: Clicking on Actor (LMB): StaticMeshActor (Floor_400x404)
[2020.11.02-00.18.28:553][587]LogEditorViewport: Clicking on Actor (LMB): StaticMeshActor (Shape_Cube18)
[2020.11.02-00.18.38:267][785]LogEditorViewport: Clicking on Actor (LMB): StaticMeshActor (Shape_Cube19)
[2020.11.02-00.18.49:354][ 37]LogEditorViewport: Clicking on Actor (LMB): StaticMeshActor (Shape_Cube18)
[2020.11.02-00.18.59:880][356]LogEditorViewport: Clicking on Actor (LMB): StaticMeshActor (Shape_Cube19)
[2020.11.02-00.19.00:911][398]LogEditorViewport: Clicking on Actor (context menu): StaticMeshActor (Shape_Cube19)
[2020.11.02-00.19.01:818][431]LogEditorViewport: Clicking on Actor (context menu): StaticMeshActor (Shape_Cube19)
[2020.11.02-00.19.03:003][488]LogEditorViewport: Clicking on Actor (LMB): StaticMeshActor (Shape_Cube19)
[2020.11.02-00.19.29:445][171]LogEditorViewport: Clicking on Actor (LMB): StaticMeshActor (Pillar_50x504)
[2020.11.02-00.19.36:868][479]LogEditorViewport: Clicking on Actor (LMB): StaticMeshActor (Shape_Cube16)
[2020.11.02-00.20.06:211][356]LogEditorViewport: Clicking on Actor (LMB): StaticMeshActor (Shape_Cube16)
[2020.11.02-00.20.13:340][563]LogEditorViewport: Clicking on Actor (LMB): StaticMeshActor (Shape_Cube17)
[2020.11.02-00.20.44:879][451]LogEditorViewport: Clicking on Actor (LMB): StaticMeshActor (Shape_Cube16)
[2020.11.02-00.20.57:062][780]LogEditorViewport: Clicking on Actor (LMB): StaticMeshActor (Shape_Cube18)
[2020.11.02-00.21.08:788][229]LogEditorViewport: Clicking on Actor (LMB): StaticMeshActor (Shape_Cube19)
[2020.11.02-00.21.34:478][882]LogEditorViewport: Clicking on Actor (LMB): StaticMeshActor (Shape_Cube18)
[2020.11.02-00.21.40:837][146]LogEditorViewport: Clicking on Actor (LMB): StaticMeshActor (Shape_Cube19)
[2020.11.02-00.22.26:233][953]LogSavePackage: Save=342.92ms
[2020.11.02-00.22.26:233][953]LogSavePackage: Moving '../../../../proyecto/Proyecto-Laberinto-Grupo-1/ProyectoLabApps/Saved/Minimal_Default0D59D91245879667362326BA6F7131F1.tmp' to '../../../../proyecto/Proyecto-Laberinto-Grupo-1/ProyectoLabApps/Content/Niveles/Mapa/Minimal_Default.umap'
[2020.11.02-00.22.26:240][953]LogSavePackage:Display: Finished SavePackage ../../../../proyecto/Proyecto-Laberinto-Grupo-1/ProyectoLabApps/Content/Niveles/Mapa/Minimal_Default.umap
[2020.11.02-00.22.26:523][953]LogFileHelpers: Saving map 'Minimal_Default' took 9.274
