Log file open, 11/08/20 18:47:21
LogInit:Display: Running engine for game: ProyectoLabApps
LogPlatformFile: Not using cached read wrapper
LogInit:Display: RandInit(1603944110) SRandInit(1603944110).
LogTaskGraph: Started task graph with 5 named threads and 8 total threads with 1 sets of task threads.
LogStats: Stats thread started at 0.146358
LogInit: Using libcurl 7.47.1
LogInit:  - built for x86_64-pc-win32
LogInit:  - supports SSL with OpenSSL/1.0.2g
LogInit:  - supports HTTP deflate (compression) using libz 1.2.8
LogInit:  - other features:
LogInit:      CURL_VERSION_SSL
LogInit:      CURL_VERSION_LIBZ
LogInit:      CURL_VERSION_IPV6
LogInit:      CURL_VERSION_ASYNCHDNS
LogInit:      CURL_VERSION_LARGEFILE
LogInit:      CURL_VERSION_IDN
LogInit:  CurlRequestOptions (configurable via config and command line):
LogInit:  - bVerifyPeer = false  - Libcurl will NOT verify peer certificate
LogInit:  - bUseHttpProxy = false  - Libcurl will NOT use HTTP proxy
LogInit:  - bDontReuseConnections = false  - Libcurl will reuse connections
LogInit:  - CertBundlePath = nullptr  - Libcurl will use whatever was configured at build time.
LogInit: Build: ++UE4+Release-4.15-CL-3450819
LogInit: Engine Version: 4.15.3-3450819+++UE4+Release-4.15
LogInit: Compatible Engine Version: 4.15.0-3299760+++UE4+Release-4.15
LogInit: Net CL: 3299760
LogDevObjectVersion: Number of dev versions registered: 14
LogDevObjectVersion:   Dev-Blueprints (B0D832E4-1F89-4F0D-ACCF-7EB736FD4AA2): 8
LogDevObjectVersion:   Dev-Build (E1C64328-A22C-4D53-A36C-8E866417BD8C): 0
LogDevObjectVersion:   Dev-Core (375EC13C-06E4-48FB-B500-84F0262A717E): 2
LogDevObjectVersion:   Dev-Editor (E4B068ED-F494-42E9-A231-DA0B2E46BB41): 14
LogDevObjectVersion:   Dev-Framework (CFFC743F-43B0-4480-9391-14DF171D2073): 22
LogDevObjectVersion:   Dev-Mobile (B02B49B5-BB20-44E9-A304-32B752E40360): 0
LogDevObjectVersion:   Dev-Networking (A4E4105C-59A1-49B5-A7C5-40C4547EDFEE): 0
LogDevObjectVersion:   Dev-Online (39C831C9-5AE6-47DC-9A44-9C173E1C8E7C): 0
LogDevObjectVersion:   Dev-Physics (78F01B33-EBEA-4F98-B9B4-84EACCB95AA2): 0
LogDevObjectVersion:   Dev-Platform (6631380F-2D4D-43E0-8009-CF276956A95A): 0
LogDevObjectVersion:   Dev-Rendering (12F88B9F-8875-4AFC-A67C-D90C383ABD29): 12
LogDevObjectVersion:   Dev-Sequencer (7B5AE74C-D270-4C10-A958-57980B212A5A): 3
LogDevObjectVersion:   Dev-VR (D7296918-1DD6-4BDD-9DE2-64A83CC13884): 0
LogDevObjectVersion:   Dev-LoadTimes (C2A15278-BFE7-4AFE-6C17-90FF531DF755): 1
LogInit: Compiled (64-bit): May 21 2017 11:02:34
LogInit: Compiled with Visual C++: 19.00.23026.00
LogInit: Build Configuration: Development
LogInit: Branch Name: ++UE4+Release-4.15
LogInit: Command line: 
LogInit: Base directory: C:/Users/Diez 04-07-19/Documents/UE_4.15/Engine/Binaries/Win64/
LogInit: Installed Engine Build: 1
LogInit: Presizing for max 8388607 objects, including 0 objects not considered by GC, pre-allocating 0 bytes for permanent pool.
LogInit: Object subsystem initialized
[2020.11.08-21.47.23:314][  0]LogInit: Selected Device Profile: [Windows]
[2020.11.08-21.47.23:314][  0]LogInit: Applying CVar settings loaded from the selected device profile: [Windows]
[2020.11.08-21.47.23:366][  0]LogInit: Computer: DESKTOP-1MG3D4T
[2020.11.08-21.47.23:366][  0]LogInit: User: baldo
[2020.11.08-21.47.23:366][  0]LogInit: CPU Page size=65536, Cores=4
[2020.11.08-21.47.23:366][  0]LogInit: High frequency timer resolution =10.000000 MHz
[2020.11.08-21.47.23:366][  0]LogMemory: Memory total: Physical=5.9GB (6GB approx)
[2020.11.08-21.47.23:366][  0]LogMemory: Platform Memory Stats for Windows
[2020.11.08-21.47.23:366][  0]LogMemory: Process Physical Memory: 264.16 MB used, 264.16 MB peak
[2020.11.08-21.47.23:366][  0]LogMemory: Process Virtual Memory: 262.52 MB used, 262.52 MB peak
[2020.11.08-21.47.23:366][  0]LogMemory: Physical Memory: 4770.28 MB used,  1321.18 MB free, 6091.46 MB total
[2020.11.08-21.47.23:366][  0]LogMemory: Virtual Memory: 4750.39 MB used,  1321.18 MB free, 134217728.00 MB total
[2020.11.08-21.47.23:621][  0]LogTextLocalizationManager: No specific translations for ('es-AR') exist, so ('es') translations will be used.
[2020.11.08-21.47.24:565][  0]LogD3D11RHI: D3D11 adapters:
[2020.11.08-21.47.24:624][  0]LogD3D11RHI:    0. 'AMD Radeon(TM) RX Vega 11 Graphics' (Feature Level 11_0)
[2020.11.08-21.47.24:624][  0]LogD3D11RHI:       2033/0/3045 MB DedicatedVideo/DedicatedSystem/SharedSystem, Outputs:1, VendorId:0x1002
[2020.11.08-21.47.24:627][  0]LogD3D11RHI:    1. 'Microsoft Basic Render Driver' (Feature Level 11_0)
[2020.11.08-21.47.24:627][  0]LogD3D11RHI:       0/0/3045 MB DedicatedVideo/DedicatedSystem/SharedSystem, Outputs:0, VendorId:0x1414
[2020.11.08-21.47.24:628][  0]LogD3D11RHI: Chosen D3D11 Adapter: 0
[2020.11.08-21.47.24:637][  0]LogD3D11RHI: Creating new Direct3DDevice
[2020.11.08-21.47.24:637][  0]LogD3D11RHI:     GPU DeviceId: 0x15dd (for the marketing name, search the web for "GPU Device Id")
[2020.11.08-21.47.24:637][  0]LogWindows: EnumDisplayDevices:
[2020.11.08-21.47.24:637][  0]LogWindows:    0. 'AMD Radeon(TM) RX Vega 11 Graphics' (P:1 D:1)
[2020.11.08-21.47.24:637][  0]LogWindows:    1. 'AMD Radeon(TM) RX Vega 11 Graphics' (P:0 D:0)
[2020.11.08-21.47.24:638][  0]LogWindows:    2. 'AMD Radeon(TM) RX Vega 11 Graphics' (P:0 D:0)
[2020.11.08-21.47.24:638][  0]LogWindows:    3. 'AMD Radeon(TM) RX Vega 11 Graphics' (P:0 D:0)
[2020.11.08-21.47.24:638][  0]LogWindows: DebugString: GetVideoDriverDetailsInvalid PrimaryIsNotTheChoosenAdapter GetVideoDriverDetailsInvalid PrimaryIsNotTheChoosenAdapter GetVideoDriverDetailsInvalid PrimaryIsNotTheChoosenAdapter GetVideoDriverDetailsInvalid PrimaryIsNotTheChoosenAdapter FoundDriverCount:0 
[2020.11.08-21.47.24:638][  0]LogD3D11RHI:     Adapter Name: AMD Radeon(TM) RX Vega 11 Graphics
[2020.11.08-21.47.24:638][  0]LogD3D11RHI:   Driver Version: Unknown (internal:Unknown, unified:Unknown)
[2020.11.08-21.47.24:638][  0]LogD3D11RHI:      Driver Date: Unknown
[2020.11.08-21.47.24:638][  0]LogRHI: Texture pool is 1361 MB (70% of 1945 MB)
[2020.11.08-21.47.24:680][  0]LogD3D11RHI: Async texture creation enabled
[2020.11.08-21.47.24:697][  0]LogD3D11RHI: GPU Timing Frequency: 25.000000 (Debug: 2 1)
[2020.11.08-21.47.24:699][  0]LogShaderCompilers: Guid format shader working directory is -8 characters bigger than the processId version (../../../../GitHub/Proyecto-Laberinto-Grupo-1/ProyectoLabApps/Intermediate/Shaders/WorkingDirectory/12000/).
[2020.11.08-21.47.24:699][  0]LogShaderCompilers: Cleaned the shader compiler working directory 'C:/Users/Diez 04-07-19/AppData/Local/Temp/UnrealShaderWorkingDir/E4D5C8B64C85AC1B39E72BB64FDBF323/'.
[2020.11.08-21.47.24:699][  0]LogShaderCompilers:Display: Using Local Shader Compiler.
[2020.11.08-21.47.26:816][  0]LogTemp:Display: Loaded TP AllDesktopTargetPlatform
[2020.11.08-21.47.26:964][  0]LogTemp:Display: Loaded TP MacClientTargetPlatform
[2020.11.08-21.47.27:104][  0]LogTemp:Display: Loaded TP MacNoEditorTargetPlatform
[2020.11.08-21.47.27:258][  0]LogTemp:Display: Loaded TP MacServerTargetPlatform
[2020.11.08-21.47.27:407][  0]LogTemp:Display: Loaded TP MacTargetPlatform
[2020.11.08-21.47.27:563][  0]LogTemp:Display: Loaded TP WindowsClientTargetPlatform
[2020.11.08-21.47.27:709][  0]LogTemp:Display: Loaded TP WindowsNoEditorTargetPlatform
[2020.11.08-21.47.27:860][  0]LogTemp:Display: Loaded TP WindowsServerTargetPlatform
[2020.11.08-21.47.27:987][  0]LogTemp:Display: Loaded TP WindowsTargetPlatform
[2020.11.08-21.47.28:132][  0]LogTemp:Display: Loaded TP AndroidTargetPlatform
[2020.11.08-21.47.28:279][  0]LogTemp:Display: Loaded TP Android_ASTCTargetPlatform
[2020.11.08-21.47.28:428][  0]LogTemp:Display: Loaded TP Android_ATCTargetPlatform
[2020.11.08-21.47.28:571][  0]LogTemp:Display: Loaded TP Android_DXTTargetPlatform
[2020.11.08-21.47.28:710][  0]LogTemp:Display: Loaded TP Android_ETC1TargetPlatform
[2020.11.08-21.47.28:853][  0]LogTemp:Display: Loaded TP Android_ETC2TargetPlatform
[2020.11.08-21.47.29:134][  0]LogTemp:Display: Loaded TP Android_MultiTargetPlatform
[2020.11.08-21.47.29:134][  0]LogTemp:Display: Loaded TP Android_PVRTCTargetPlatform
[2020.11.08-21.47.29:252][  0]LogTemp:Display: Loaded TP HTML5TargetPlatform
[2020.11.08-21.47.29:499][  0]LogTemp:Display: Loaded TP IOSTargetPlatform
[2020.11.08-21.47.29:594][  0]LogTemp:Display: Loaded TP TVOSTargetPlatform
[2020.11.08-21.47.29:741][  0]LogTemp:Display: Loaded TP LinuxClientTargetPlatform
[2020.11.08-21.47.29:879][  0]LogTemp:Display: Loaded TP LinuxNoEditorTargetPlatform
[2020.11.08-21.47.30:015][  0]LogTemp:Display: Loaded TP LinuxServerTargetPlatform
[2020.11.08-21.47.30:160][  0]LogTemp:Display: Loaded TP LinuxTargetPlatform
[2020.11.08-21.47.30:160][  0]LogTargetPlatformManager:Display: Building Assets For Windows
[2020.11.08-21.47.31:579][  0]LogDerivedDataCache:Display: Max Cache Size: 512 MB
[2020.11.08-21.47.31:646][  0]LogDerivedDataCache: Loaded boot cache 0.07s 50MB C:/Users/Diez 04-07-19/AppData/Local/UnrealEngine/4.15/DerivedDataCache/Boot.ddc.
[2020.11.08-21.47.31:646][  0]LogDerivedDataCache:Display: Loaded Boot cache: C:/Users/Diez 04-07-19/AppData/Local/UnrealEngine/4.15/DerivedDataCache/Boot.ddc
[2020.11.08-21.47.31:646][  0]LogDerivedDataCache: FDerivedDataBackendGraph:  Pak pak cache file ../../../../GitHub/Proyecto-Laberinto-Grupo-1/ProyectoLabApps/DerivedDataCache/DDC.ddp not found, will not use a pak cache.
[2020.11.08-21.47.31:646][  0]LogDerivedDataCache: Unable to find inner node Pak for hierarchical cache Hierarchy.
[2020.11.08-21.47.31:646][  0]LogDerivedDataCache: FDerivedDataBackendGraph:  CompressedPak pak cache file ../../../../GitHub/Proyecto-Laberinto-Grupo-1/ProyectoLabApps/DerivedDataCache/Compressed.ddp not found, will not use a pak cache.
[2020.11.08-21.47.31:646][  0]LogDerivedDataCache: Unable to find inner node CompressedPak for hierarchical cache Hierarchy.
[2020.11.08-21.47.31:666][  0]LogDerivedDataCache:Display: Pak cache opened for reading ../../../Engine/DerivedDataCache/Compressed.ddp.
[2020.11.08-21.47.31:680][  0]LogDerivedDataCache: Using Local data cache path C:/Users/Diez 04-07-19/AppData/Local/UnrealEngine/Common/DerivedDataCache: Writable
[2020.11.08-21.47.31:696][  0]LogSlate: Using Freetype 2.6.0
[2020.11.08-21.47.31:697][  0]LogSlate: SlateFontCache - WITH_FREETYPE: 1, WITH_HARFBUZZ: 1
[2020.11.08-21.47.31:697][  0]LogSlate: SlateFontCache - WITH_FREETYPE: 1, WITH_HARFBUZZ: 1
[2020.11.08-21.47.32:139][  0]LogInit: Selected Device Profile: [Windows]
[2020.11.08-21.47.32:144][  0]LogContentStreaming: Texture pool size is 0.00 MB
[2020.11.08-21.47.32:625][  0]LogMeshUtilities: Using QuadricMeshReduction for automatic static mesh reduction
[2020.11.08-21.47.32:756][  0]LogSimplygon: Simplygon DLL not present - disabling.
[2020.11.08-21.47.32:906][  0]LogMeshUtilities: Using SimplygonSwarm for distributed automatic mesh merging
[2020.11.08-21.47.32:906][  0]LogMeshUtilities: No automatic skeletal mesh reduction module available
[2020.11.08-21.47.32:906][  0]LogMeshUtilities: No automatic mesh merging module available
[2020.11.08-21.47.33:940][  0]LogNetVersion: GetLocalNetworkVersion: CL: 3299760, ProjectName: proyectolabapps, ProjectVersion: , EngineNetworkVersion: 2, GameNetworkVersion: 0, NetworkChecksum: 1791571130
[2020.11.08-21.47.34:049][  0]LogAssetRegistry: FAssetRegistry took 0.0302 seconds to start up
[2020.11.08-21.47.34:167][  0]LogPackageLocalizationCache: Processed 3 localized package path(s) for 2 prioritized culture(s) in 0.037701 seconds
[2020.11.08-21.47.34:176][  0]LogUObjectArray: 32493 objects as part of root set at end of initial load.
[2020.11.08-21.47.34:176][  0]LogUObjectAllocator: 7077032 out of 0 bytes used by permanent object pool.
[2020.11.08-21.47.34:176][  0]LogUObjectArray: CloseDisregardForGC: 0/0 objects in disregard for GC pool
[2020.11.08-21.47.34:397][  0]LogInit: WinSock: version 1.1 (2.2), MaxSocks=32767, MaxUdp=65467
[2020.11.08-21.47.38:736][  0]LogTcpMessaging: Initializing TcpMessaging bridge
[2020.11.08-21.47.38:844][  0]LogUdpMessaging: Initializing bridge on interface 0.0.0.0:0 to multicast group 230.0.0.1:6666.
[2020.11.08-21.47.40:196][  0]LogMaterial: Uniform references updated for custom material expression Custom.
[2020.11.08-21.47.41:195][  0]SourceControl: Información El control de código fuente está desactivado
[2020.11.08-21.47.41:196][  0]SourceControl: Información El control de código fuente está desactivado
[2020.11.08-21.47.41:335][  0]SourceControl: Información El control de código fuente está desactivado
[2020.11.08-21.47.41:478][  0]SourceControl: Información El control de código fuente está desactivado
[2020.11.08-21.47.45:127][  0]LogEngine: Initializing Engine...
[2020.11.08-21.47.45:128][  0]LogHMD: Failed to initialize OpenVR with code 110
[2020.11.08-21.47.45:266][  0]LogStats: UGameplayTagsManager::ConstructGameplayTagTree: Construct from data asset -  0.000 s
[2020.11.08-21.47.45:266][  0]LogStats: UGameplayTagsManager::ConstructGameplayTagTree: GameplayTagTreeChangedEvent.Broadcast -  0.000 s
[2020.11.08-21.47.45:635][  0]LogAIModule: Creating AISystem for world Untitled
[2020.11.08-21.47.45:665][  0]LogInit: XAudio2 using 'Altavoces (Realtek(R) Audio)' : 2 channels at 48 kHz using 32 bits per sample (channel mask 0x3)
[2020.11.08-21.47.45:707][  0]LogInit: FAudioDevice initialized.
[2020.11.08-21.47.45:758][  0]LogDerivedDataCache: Saved boot cache 0.05s 50MB C:/Users/Diez 04-07-19/AppData/Local/UnrealEngine/4.15/DerivedDataCache/Boot.ddc.
[2020.11.08-21.47.45:768][  0]LogInit: Texture streaming: Enabled
[2020.11.08-21.47.46:091][  0]LogEngineSessionManager: EngineSessionManager initialized
[2020.11.08-21.47.46:359][  0]LogInit: Transaction tracking system initialized
[2020.11.08-21.47.47:436][  0]BlueprintLog: New page: Cargar el editor
[2020.11.08-21.47.50:186][  0]LocalizationService: Información Localization service is disabled
[2020.11.08-21.47.52:192][  0]LogConsoleResponse:Display: 
[2020.11.08-21.47.52:411][  0]LogCook:Display: Max memory allowance for cook 16384mb min free memory 0mb
[2020.11.08-21.47.52:411][  0]LogCook:Display: Mobile HDR setting 1
[2020.11.08-21.47.53:095][  0]LogFileCache: Scanning file cache for directory 'C:/Users/Diez 04-07-19/Documents/GitHub/Proyecto-Laberinto-Grupo-1/ProyectoLabApps/Content/' took 0.02s
[2020.11.08-21.47.55:579][  0]SourceControl: Información El control de código fuente está desactivado
[2020.11.08-21.47.55:580][  0]Cmd: MAP LOAD FILE="../../../../GitHub/Proyecto-Laberinto-Grupo-1/ProyectoLabApps/Content/StarterContent/Maps/Minimal_Default.umap" TEMPLATE=0 SHOWPROGRESS=1 FEATURELEVEL=3
[2020.11.08-21.47.55:580][  0]LogEditorServer:Warning: Can't find file '../../../../GitHub/Proyecto-Laberinto-Grupo-1/ProyectoLabApps/Content/StarterContent/Maps/Minimal_Default.umap'
[2020.11.08-21.47.55:580][  0]Cmd: MAP CHECKDEP NOCLEARLOG
[2020.11.08-21.47.55:663][  0]MapCheck: Información Map check complete: 0 Error(s), 0 Warning(s), took 82,967ms to complete.
[2020.11.08-21.47.55:663][  0]LogFileHelpers: Loading map 'Minimal_Default' took 0.084
[2020.11.08-21.47.56:146][  0]LogCollectionManager: Loaded 0 collections in 0.002706 seconds
[2020.11.08-21.47.56:355][  0]LogFileCache: Scanning file cache for directory 'C:/Users/Diez 04-07-19/Documents/GitHub/Proyecto-Laberinto-Grupo-1/ProyectoLabApps/Saved/Collections/' took 0.03s
[2020.11.08-21.47.56:356][  0]LogFileCache: Scanning file cache for directory 'C:/Users/Diez 04-07-19/Documents/GitHub/Proyecto-Laberinto-Grupo-1/ProyectoLabApps/Content/Developers/baldo/Collections/' took 0.03s
[2020.11.08-21.47.56:356][  0]LogFileCache: Scanning file cache for directory 'C:/Users/Diez 04-07-19/Documents/GitHub/Proyecto-Laberinto-Grupo-1/ProyectoLabApps/Content/Collections/' took 0.02s
[2020.11.08-21.47.56:356][  0]LogCollectionManager: Rebuilt the GUID cache for 0 collections in 0.000003 seconds
[2020.11.08-21.47.56:370][  0]LogContentBrowser: Native class hierarchy populated in 0.0137 seconds. Added 2246 classes and 455 folders.
[2020.11.08-21.47.56:580][  0]LogContentBrowser: Native class hierarchy updated for 'WidgetCarousel' in 0.0026 seconds. Added 0 classes and 0 folders.
[2020.11.08-21.47.58:497][  0]LogContentBrowser: Native class hierarchy updated for 'AddContentDialog' in 0.0030 seconds. Added 0 classes and 0 folders.
[2020.11.08-21.47.58:672][  0]LogContentBrowser: Native class hierarchy updated for 'SceneOutliner' in 0.0032 seconds. Added 1 classes and 2 folders.
[2020.11.08-21.47.58:805][  0]LogCrashTracker: Crashtracker disabled due to settings.
[2020.11.08-21.47.58:904][  0]LogUObjectGlobals:Warning: Error al encontrar el objeto 'Class Ninguno.'
[2020.11.08-21.47.59:090][  0]LogContentBrowser: Native class hierarchy updated for 'HierarchicalLODOutliner' in 0.0036 seconds. Added 1 classes and 2 folders.
[2020.11.08-21.47.59:090][  0]LogLoad: (Engine Initialization) Total time: 39.86 seconds
[2020.11.08-21.47.59:090][  0]LogLoad: (Engine Initialization) Total Blueprint compile time: 0.13 seconds
[2020.11.08-21.47.59:090][  0]LogExternalProfiler: No external profilers were discovered.  External profiling features will not be available.
[2020.11.08-21.47.59:100][  0]LogOcInput: OculusInput pre-init called
[2020.11.08-21.47.59:120][  0]LogContentStreaming: Texture pool size now 1000 MB
[2020.11.08-21.47.59:122][  0]LogSlate: Took 0.000443 seconds to synchronously load lazily loaded font '../../../Engine/Content/Slate/Fonts/Roboto-Regular.ttf' (155K)
[2020.11.08-21.47.59:128][  0]LogSlate: Took 0.000486 seconds to synchronously load lazily loaded font '../../../Engine/Content/Slate/Fonts/Roboto-Bold.ttf' (160K)
[2020.11.08-21.47.59:151][  0]LogSlate: Took 0.017285 seconds to synchronously load lazily loaded font '../../../Engine/Content/Editor/Slate/Fonts/FontAwesome.ttf' (139K)
[2020.11.08-21.47.59:418][  0]LogRenderer: Reallocating scene render targets to support 1208x604 NumSamples 1 (Frame:2).
[2020.11.08-21.47.59:712][  2]LogAssetRegistry: Asset discovery search completed in 25.6937 seconds
[2020.11.08-21.47.59:712][  2]LogCollectionManager: Rebuilt the object cache for 0 collections in 0.000014 seconds (found 0 objects)
[2020.11.08-21.47.59:712][  2]LogCollectionManager: Fixed up redirectors for 0 collections in 0.000041 seconds (updated 0 objects)
[2020.11.08-21.48.03:642][278]LogSlate: Took 0.107168 seconds to synchronously load lazily loaded font '../../../Engine/Content/Slate/Fonts/Roboto-Light.ttf' (159K)
[2020.11.08-21.48.10:504][635]LogSlate: Took 0.000297 seconds to synchronously load lazily loaded font '../../../Engine/Content/Slate/Fonts/Roboto-Light.ttf' (159K)
[2020.11.08-21.48.11:479][635]LogSlate: Took 0.000311 seconds to synchronously load lazily loaded font '../../../Engine/Content/Slate/Fonts/Roboto-Regular.ttf' (155K)
[2020.11.08-21.48.14:821][635]LogAIModule: Creating AISystem for world Minimal_Default
[2020.11.08-21.48.14:896][635]Cmd: MAP LOAD FILE="../../../../GitHub/Proyecto-Laberinto-Grupo-1/ProyectoLabApps/Content/Niveles/Mapa/Minimal_Default.umap" TEMPLATE=0 SHOWPROGRESS=1 FEATURELEVEL=3
[2020.11.08-21.48.14:896][635]LightingResults: New page: Diseñar la iluminación
[2020.11.08-21.48.15:022][635]LogContentBrowser: Native class hierarchy updated for 'StatsViewer' in 0.0034 seconds. Added 5 classes and 0 folders.
[2020.11.08-21.48.15:024][635]LoadErrors: New page: Cargando mapa: Minimal_Default.umap
[2020.11.08-21.48.15:024][635]MapCheck: New page: Revisión del mapa
[2020.11.08-21.48.15:024][635]LightingResults: New page: Diseñar la iluminación
[2020.11.08-21.48.15:085][635]LogEditorServer: Finished looking for orphan Actors (0.000 secs)
[2020.11.08-21.48.15:113][635]Cmd: MAP CHECKDEP NOCLEARLOG
[2020.11.08-21.48.15:237][635]MapCheck: Información Map check complete: 0 Error(s), 0 Warning(s), took 123,99ms to complete.
[2020.11.08-21.48.15:237][635]LogFileHelpers: Loading map 'Minimal_Default' took 0.342
[2020.11.08-21.48.24:522][953]LogEditorViewport: Clicking on Actor (LMB): StaticMeshActor (cuadro_3_Plane12)
[2020.11.08-21.48.27:778][ 93]LogEditorViewport: Clicking on Actor (context menu): StaticMeshActor (cuadro_3_Cube_13)
[2020.11.08-21.48.55:365][341]LogEditorViewport: Clicking on Actor (LMB): StaticMeshActor (cuadro_2_Plane6)
[2020.11.08-21.48.57:827][465]LogEditorViewport: Clicking on Actor (context menu): StaticMeshActor (cuadro_2_Cube_7)
[2020.11.08-21.49.01:625][592]LogEditorViewport: Clicking on Actor (LMB): StaticMeshActor (cuadro_2_Cube_7)
[2020.11.08-21.49.02:600][637]LogEditorViewport: Clicking on Actor (LMB): StaticMeshActor (cuadro_4_Cube_7)
[2020.11.08-21.49.03:149][660]LogEditorViewport: Clicking on Actor (LMB): StaticMeshActor (cuadro_2_Cube_7)
[2020.11.08-21.49.06:487][781]Cmd: TRANSACTION UNDO
[2020.11.08-21.49.06:487][781]LogEditorTransaction: Undo Move Actors
[2020.11.08-21.49.06:775][781]LogSlate: Took 0.000412 seconds to synchronously load lazily loaded font '../../../Engine/Content/Slate/Fonts/Roboto-Light.ttf' (159K)
[2020.11.08-21.49.07:594][821]LogEditorViewport: Clicking on Actor (LMB): StaticMeshActor (cuadro_4_Plane7)
[2020.11.08-21.49.09:486][908]LogEditorViewport: Clicking on Actor (context menu): StaticMeshActor (cuadro_4_Cube_7)
[2020.11.08-21.49.11:626][  5]LogEditorViewport: Clicking on Actor (LMB): StaticMeshActor (cuadro_3_Cube_12)
[2020.11.08-21.49.12:142][ 27]LogEditorViewport: Clicking on Actor (LMB): StaticMeshActor (cuadro_3_Plane11)
[2020.11.08-21.49.15:477][206]LogEditorViewport: Clicking on Actor (context menu): StaticMeshActor (cuadro_3_Cube_12)
[2020.11.08-21.49.18:228][332]LogEditorViewport: Clicking on Actor (LMB): StaticMeshActor (cuadro_3_Plane10)
[2020.11.08-21.49.19:909][413]LogEditorViewport: Clicking on Actor (context menu): StaticMeshActor (cuadro_3_Plane10)
[2020.11.08-21.49.22:499][544]LogEditorViewport: Clicking on Actor (LMB): StaticMeshActor (cuadro_2_Cube_6)
[2020.11.08-21.49.23:018][565]LogEditorViewport: Clicking on Actor (LMB): StaticMeshActor (cuadro_2_Plane5)
[2020.11.08-21.49.24:977][665]LogEditorViewport: Clicking on Actor (context menu): StaticMeshActor (cuadro_2_Cube_6)
[2020.11.08-21.49.27:251][767]LogEditorViewport: Clicking on Actor (LMB): StaticMeshActor (cuadro_4_Plane6)
[2020.11.08-21.49.28:551][826]LogEditorViewport: Clicking on Actor (context menu): StaticMeshActor (cuadro_4_Cube_6)
[2020.11.08-21.49.30:302][906]LogEditorViewport: Clicking on Actor (LMB): StaticMeshActor (cuadro_3_Cube_10)
[2020.11.08-21.49.31:766][975]LogEditorViewport: Clicking on Actor (context menu): StaticMeshActor (cuadro_3_Plane9)
[2020.11.08-21.49.34:313][ 88]LogEditorViewport: Clicking on Actor (LMB): StaticMeshActor (cuadro_3_Cube_5)
[2020.11.08-21.49.36:218][179]LogEditorViewport: Clicking on Actor (context menu): StaticMeshActor (cuadro_3_Plane4)
[2020.11.08-21.49.38:113][268]LogEditorViewport: Clicking on Actor (LMB): StaticMeshActor (cuadro_2_Cube_3)
[2020.11.08-21.49.39:621][341]LogEditorViewport: Clicking on Actor (context menu): StaticMeshActor (cuadro_2_Plane2)
[2020.11.08-21.49.41:978][449]LogEditorViewport: Clicking on Actor (LMB): StaticMeshActor (cuadro_3_Plane3)
[2020.11.08-21.49.43:925][548]LogEditorViewport: Clicking on Actor (context menu): StaticMeshActor (cuadro_3_Cube_4)
[2020.11.08-21.49.45:749][633]LogEditorViewport: Clicking on Actor (LMB): StaticMeshActor (cuadro_4_Cube_3)
[2020.11.08-21.49.48:276][769]LogEditorViewport: Clicking on Actor (context menu): StaticMeshActor (cuadro_4_Cube_3)
[2020.11.08-21.50.22:159][ 58]LogEditorViewport: Clicking on Actor (LMB): StaticMeshActor (cuadro_2_Cube_4)
[2020.11.08-21.50.23:699][127]LogEditorViewport: Clicking on Actor (context menu): StaticMeshActor (cuadro_2_Plane3)
[2020.11.08-21.50.26:977][281]LogEditorViewport: Clicking on Actor (LMB): StaticMeshActor (cuadro_4_Cube_4)
[2020.11.08-21.50.27:427][299]LogEditorViewport: Clicking on Actor (LMB): StaticMeshActor (cuadro_4_Plane4)
[2020.11.08-21.50.29:045][377]LogEditorViewport: Clicking on Actor (context menu): StaticMeshActor (cuadro_4_Cube_4)
[2020.11.08-21.50.30:317][433]LogEditorViewport: Clicking on Actor (LMB): StaticMeshActor (cuadro_3_Cube_6)
[2020.11.08-21.50.31:554][487]LogEditorViewport: Clicking on Actor (context menu): StaticMeshActor (cuadro_3_Plane5)
[2020.11.08-21.50.34:443][618]LogEditorViewport: Clicking on Actor (LMB): StaticMeshActor (cuadro_3_Cube_7)
[2020.11.08-21.50.35:864][686]LogEditorViewport: Clicking on Actor (context menu): StaticMeshActor (cuadro_3_Plane6)
[2020.11.08-21.50.38:124][785]LogEditorViewport: Clicking on Actor (LMB): StaticMeshActor (cuadro_3_Cube_8)
[2020.11.08-21.50.39:026][828]LogEditorViewport: Clicking on Actor (LMB): StaticMeshActor (cuadro_3_Plane7)
[2020.11.08-21.50.40:303][890]LogEditorViewport: Clicking on Actor (context menu): StaticMeshActor (cuadro_3_Cube_8)
[2020.11.08-21.50.42:613][996]LogEditorViewport: Clicking on Actor (LMB): StaticMeshActor (cuadro_4_Plane5)
[2020.11.08-21.50.44:235][ 78]LogEditorViewport: Clicking on Actor (context menu): StaticMeshActor (cuadro_4_Cube_5)
[2020.11.08-21.50.46:721][189]LogEditorViewport: Clicking on Actor (LMB): StaticMeshActor (cuadro_2_Cube_5)
[2020.11.08-21.50.48:650][287]LogEditorViewport: Clicking on Actor (context menu): StaticMeshActor (cuadro_2_Cube_5)
[2020.11.08-21.50.51:535][423]LogEditorViewport: Clicking on Actor (LMB): StaticMeshActor (cuadro_3_Cube_9)
[2020.11.08-21.50.53:062][497]LogEditorViewport: Clicking on Actor (context menu): StaticMeshActor (cuadro_3_Plane8)
[2020.11.08-21.50.55:815][629]LogEditorViewport: Clicking on Actor (LMB): StaticMeshActor (cuadro_3_Plane)
[2020.11.08-21.50.57:660][724]LogEditorViewport: Clicking on Actor (context menu): StaticMeshActor (cuadro_3_Cube_002)
[2020.11.08-21.51.03:046][973]LogEditorViewport: Clicking on Actor (LMB): StaticMeshActor (Floor_400x403)
[2020.11.08-21.51.03:714][  4]LogEditorViewport: Clicking on Actor (LMB): StaticMeshActor (cuadro_4_Cube_002)
[2020.11.08-21.51.05:126][ 73]LogEditorViewport: Clicking on Actor (context menu): StaticMeshActor (cuadro_4_Plane)
[2020.11.08-21.51.07:569][180]LogEditorViewport: Clicking on Actor (LMB): StaticMeshActor (cuadro_2_Plane)
[2020.11.08-21.51.09:795][295]LogEditorViewport: Clicking on Actor (context menu): StaticMeshActor (cuadro_2_Cube_002)
[2020.11.08-21.51.11:503][378]LogEditorViewport: Clicking on Actor (LMB): StaticMeshActor (cuadro_3_Cube_3)
[2020.11.08-21.51.13:169][464]LogEditorViewport: Clicking on Actor (context menu): StaticMeshActor (cuadro_3_Plane2)
[2020.11.08-21.51.15:327][571]LogEditorViewport: Clicking on Actor (LMB): StaticMeshActor (Wall_400x324)
[2020.11.08-21.51.21:242][783]LogSavePackage: Save=822.99ms
[2020.11.08-21.51.21:242][783]LogSavePackage: Moving '../../../../GitHub/Proyecto-Laberinto-Grupo-1/ProyectoLabApps/Saved/Minimal_DefaultE7A265FE49F55C19E6902B89FE052CC9.tmp' to '../../../../GitHub/Proyecto-Laberinto-Grupo-1/ProyectoLabApps/Content/Niveles/Mapa/Minimal_Default.umap'
[2020.11.08-21.51.21:283][783]LogSavePackage:Display: Finished SavePackage ../../../../GitHub/Proyecto-Laberinto-Grupo-1/ProyectoLabApps/Content/Niveles/Mapa/Minimal_Default.umap
[2020.11.08-21.51.21:326][783]LogFileHelpers: Saving map 'Minimal_Default' took 1.151
