Log file open, 11/03/20 14:04:11
LogInit:Display: Running engine for game: ProyectoLabApps
LogPlatformFile: Not using cached read wrapper
LogInit:Display: RandInit(-1376225677) SRandInit(-1376225677).
LogTaskGraph: Started task graph with 5 named threads and 6 total threads with 1 sets of task threads.
LogStats: Stats thread started at 0.397208
LogInit: Using libcurl 7.47.1
LogInit:  - built for x86_64-pc-win32
LogInit:  - supports SSL with OpenSSL/1.0.2g
LogInit:  - supports HTTP deflate (compression) using libz 1.2.8
LogInit:  - other features:
LogInit:      CURL_VERSION_SSL
LogInit:      CURL_VERSION_LIBZ
LogInit:      CURL_VERSION_IPV6
LogInit:      CURL_VERSION_ASYNCHDNS
LogInit:      CURL_VERSION_LARGEFILE
LogInit:      CURL_VERSION_IDN
LogInit:  CurlRequestOptions (configurable via config and command line):
LogInit:  - bVerifyPeer = false  - Libcurl will NOT verify peer certificate
LogInit:  - bUseHttpProxy = false  - Libcurl will NOT use HTTP proxy
LogInit:  - bDontReuseConnections = false  - Libcurl will reuse connections
LogInit:  - CertBundlePath = nullptr  - Libcurl will use whatever was configured at build time.
LogInit: Build: ++UE4+Release-4.15-CL-3450819
LogInit: Engine Version: 4.15.3-3450819+++UE4+Release-4.15
LogInit: Compatible Engine Version: 4.15.0-3299760+++UE4+Release-4.15
LogInit: Net CL: 3299760
LogDevObjectVersion: Number of dev versions registered: 14
LogDevObjectVersion:   Dev-Blueprints (B0D832E4-1F89-4F0D-ACCF-7EB736FD4AA2): 8
LogDevObjectVersion:   Dev-Build (E1C64328-A22C-4D53-A36C-8E866417BD8C): 0
LogDevObjectVersion:   Dev-Core (375EC13C-06E4-48FB-B500-84F0262A717E): 2
LogDevObjectVersion:   Dev-Editor (E4B068ED-F494-42E9-A231-DA0B2E46BB41): 14
LogDevObjectVersion:   Dev-Framework (CFFC743F-43B0-4480-9391-14DF171D2073): 22
LogDevObjectVersion:   Dev-Mobile (B02B49B5-BB20-44E9-A304-32B752E40360): 0
LogDevObjectVersion:   Dev-Networking (A4E4105C-59A1-49B5-A7C5-40C4547EDFEE): 0
LogDevObjectVersion:   Dev-Online (39C831C9-5AE6-47DC-9A44-9C173E1C8E7C): 0
LogDevObjectVersion:   Dev-Physics (78F01B33-EBEA-4F98-B9B4-84EACCB95AA2): 0
LogDevObjectVersion:   Dev-Platform (6631380F-2D4D-43E0-8009-CF276956A95A): 0
LogDevObjectVersion:   Dev-Rendering (12F88B9F-8875-4AFC-A67C-D90C383ABD29): 12
LogDevObjectVersion:   Dev-Sequencer (7B5AE74C-D270-4C10-A958-57980B212A5A): 3
LogDevObjectVersion:   Dev-VR (D7296918-1DD6-4BDD-9DE2-64A83CC13884): 0
LogDevObjectVersion:   Dev-LoadTimes (C2A15278-BFE7-4AFE-6C17-90FF531DF755): 1
LogInit: Compiled (64-bit): May 21 2017 11:02:34
LogInit: Compiled with Visual C++: 19.00.23026.00
LogInit: Build Configuration: Development
LogInit: Branch Name: ++UE4+Release-4.15
LogInit: Command line: 
LogInit: Base directory: C:/Program Files/Epic Games/UE_4.15/Engine/Binaries/Win64/
LogInit: Installed Engine Build: 1
LogInit: Presizing for max 8388607 objects, including 0 objects not considered by GC, pre-allocating 0 bytes for permanent pool.
LogInit: Object subsystem initialized
[2020.11.03-17.04.16:225][  0]LogInit: Selected Device Profile: [Windows]
[2020.11.03-17.04.16:225][  0]LogInit: Applying CVar settings loaded from the selected device profile: [Windows]
[2020.11.03-17.04.16:463][  0]LogInit: Computer: BELU
[2020.11.03-17.04.16:463][  0]LogInit: User: Beluu
[2020.11.03-17.04.16:463][  0]LogInit: CPU Page size=65536, Cores=2
[2020.11.03-17.04.16:463][  0]LogInit: High frequency timer resolution =2.143575 MHz
[2020.11.03-17.04.16:464][  0]LogMemory: Memory total: Physical=3.7GB (4GB approx)
[2020.11.03-17.04.16:464][  0]LogMemory: Platform Memory Stats for Windows
[2020.11.03-17.04.16:464][  0]LogMemory: Process Physical Memory: 263.60 MB used, 263.60 MB peak
[2020.11.03-17.04.16:464][  0]LogMemory: Process Virtual Memory: 262.23 MB used, 262.23 MB peak
[2020.11.03-17.04.16:464][  0]LogMemory: Physical Memory: 2726.08 MB used,  1069.46 MB free, 3795.54 MB total
[2020.11.03-17.04.16:464][  0]LogMemory: Virtual Memory: 643.31 MB used,  1069.46 MB free, 134217728.00 MB total
[2020.11.03-17.04.17:437][  0]LogTextLocalizationManager: No specific translations for ('es-AR') exist, so ('es') translations will be used.
[2020.11.03-17.04.20:693][  0]LogD3D11RHI: D3D11 adapters:
[2020.11.03-17.04.20:794][  0]LogD3D11RHI:    0. 'Intel(R) HD Graphics' (Feature Level 10_0)
[2020.11.03-17.04.20:794][  0]LogD3D11RHI:       32/0/1632 MB DedicatedVideo/DedicatedSystem/SharedSystem, Outputs:1, VendorId:0x8086
[2020.11.03-17.04.20:802][  0]LogD3D11RHI:    1. 'Microsoft Basic Render Driver' (Feature Level 11_0)
[2020.11.03-17.04.20:802][  0]LogD3D11RHI:       0/0/1897 MB DedicatedVideo/DedicatedSystem/SharedSystem, Outputs:0, VendorId:0x1414
[2020.11.03-17.04.20:802][  0]LogD3D11RHI: Chosen D3D11 Adapter: 0
[2020.11.03-17.04.20:818][  0]LogD3D11RHI: Creating new Direct3DDevice
[2020.11.03-17.04.20:818][  0]LogD3D11RHI:     GPU DeviceId: 0x106 (for the marketing name, search the web for "GPU Device Id")
[2020.11.03-17.04.20:818][  0]LogWindows: EnumDisplayDevices:
[2020.11.03-17.04.20:819][  0]LogWindows:    0. 'Intel(R) HD Graphics' (P:1 D:1)
[2020.11.03-17.04.20:820][  0]LogWindows:    1. 'Intel(R) HD Graphics' (P:0 D:0)
[2020.11.03-17.04.20:820][  0]LogWindows: DebugString: FoundDriverCount:2 
[2020.11.03-17.04.20:820][  0]LogD3D11RHI:     Adapter Name: Intel(R) HD Graphics
[2020.11.03-17.04.20:820][  0]LogD3D11RHI:   Driver Version: 9.17.10.4459 (internal:9.17.10.4459, unified:9.17.10.4459)
[2020.11.03-17.04.20:820][  0]LogD3D11RHI:      Driver Date: 5-19-2016
[2020.11.03-17.04.20:820][  0]LogRHI: Texture pool is 593 MB (70% of 848 MB)
[2020.11.03-17.04.20:829][  0]LogD3D11RHI: Async texture creation enabled
[2020.11.03-17.04.20:872][  0]LogD3D11RHI: GPU Timing Frequency: 12.500000 (Debug: 2 1)
[2020.11.03-17.04.20:875][  0]LogShaderCompilers: Guid format shader working directory is -43 characters bigger than the processId version (../../../../../../Users/Belci_3/Documents/GitHub/Proyecto-Laberinto-Grupo-1/ProyectoLabApps/Intermediate/Shaders/WorkingDirectory/8940/).
[2020.11.03-17.04.20:876][  0]LogShaderCompilers: Cleaned the shader compiler working directory 'C:/Users/Belci_3/AppData/Local/Temp/UnrealShaderWorkingDir/D46E175848E283F2BF2AB6A6696A76D3/'.
[2020.11.03-17.04.20:876][  0]LogShaderCompilers:Display: Using Local Shader Compiler.
[2020.11.03-17.04.27:872][  0]LogTemp:Display: Loaded TP AllDesktopTargetPlatform
[2020.11.03-17.04.28:030][  0]LogTemp:Display: Loaded TP MacClientTargetPlatform
[2020.11.03-17.04.28:187][  0]LogTemp:Display: Loaded TP MacNoEditorTargetPlatform
[2020.11.03-17.04.28:345][  0]LogTemp:Display: Loaded TP MacServerTargetPlatform
[2020.11.03-17.04.28:503][  0]LogTemp:Display: Loaded TP MacTargetPlatform
[2020.11.03-17.04.28:654][  0]LogTemp:Display: Loaded TP WindowsClientTargetPlatform
[2020.11.03-17.04.28:812][  0]LogTemp:Display: Loaded TP WindowsNoEditorTargetPlatform
[2020.11.03-17.04.28:964][  0]LogTemp:Display: Loaded TP WindowsServerTargetPlatform
[2020.11.03-17.04.29:109][  0]LogTemp:Display: Loaded TP WindowsTargetPlatform
[2020.11.03-17.04.29:256][  0]LogTemp:Display: Loaded TP AndroidTargetPlatform
[2020.11.03-17.04.29:422][  0]LogTemp:Display: Loaded TP Android_ASTCTargetPlatform
[2020.11.03-17.04.29:570][  0]LogTemp:Display: Loaded TP Android_ATCTargetPlatform
[2020.11.03-17.04.29:720][  0]LogTemp:Display: Loaded TP Android_DXTTargetPlatform
[2020.11.03-17.04.29:867][  0]LogTemp:Display: Loaded TP Android_ETC1TargetPlatform
[2020.11.03-17.04.30:023][  0]LogTemp:Display: Loaded TP Android_ETC2TargetPlatform
[2020.11.03-17.04.30:330][  0]LogTemp:Display: Loaded TP Android_MultiTargetPlatform
[2020.11.03-17.04.30:330][  0]LogTemp:Display: Loaded TP Android_PVRTCTargetPlatform
[2020.11.03-17.04.30:443][  0]LogTemp:Display: Loaded TP HTML5TargetPlatform
[2020.11.03-17.04.30:758][  0]LogTemp:Display: Loaded TP IOSTargetPlatform
[2020.11.03-17.04.30:880][  0]LogTemp:Display: Loaded TP TVOSTargetPlatform
[2020.11.03-17.04.31:040][  0]LogTemp:Display: Loaded TP LinuxClientTargetPlatform
[2020.11.03-17.04.31:186][  0]LogTemp:Display: Loaded TP LinuxNoEditorTargetPlatform
[2020.11.03-17.04.31:331][  0]LogTemp:Display: Loaded TP LinuxServerTargetPlatform
[2020.11.03-17.04.31:533][  0]LogTemp:Display: Loaded TP LinuxTargetPlatform
[2020.11.03-17.04.31:533][  0]LogTargetPlatformManager:Display: Building Assets For Windows
[2020.11.03-17.04.33:729][  0]LogDerivedDataCache:Display: Max Cache Size: 512 MB
[2020.11.03-17.04.33:926][  0]LogDerivedDataCache: Loaded boot cache 0.20s 48MB C:/Users/Belci_3/AppData/Local/UnrealEngine/4.15/DerivedDataCache/Boot.ddc.
[2020.11.03-17.04.33:926][  0]LogDerivedDataCache:Display: Loaded Boot cache: C:/Users/Belci_3/AppData/Local/UnrealEngine/4.15/DerivedDataCache/Boot.ddc
[2020.11.03-17.04.33:926][  0]LogDerivedDataCache: FDerivedDataBackendGraph:  Pak pak cache file ../../../../../../Users/Belci_3/Documents/GitHub/Proyecto-Laberinto-Grupo-1/ProyectoLabApps/DerivedDataCache/DDC.ddp not found, will not use a pak cache.
[2020.11.03-17.04.33:926][  0]LogDerivedDataCache: Unable to find inner node Pak for hierarchical cache Hierarchy.
[2020.11.03-17.04.33:927][  0]LogDerivedDataCache: FDerivedDataBackendGraph:  CompressedPak pak cache file ../../../../../../Users/Belci_3/Documents/GitHub/Proyecto-Laberinto-Grupo-1/ProyectoLabApps/DerivedDataCache/Compressed.ddp not found, will not use a pak cache.
[2020.11.03-17.04.33:927][  0]LogDerivedDataCache: Unable to find inner node CompressedPak for hierarchical cache Hierarchy.
[2020.11.03-17.04.34:017][  0]LogDerivedDataCache:Display: Pak cache opened for reading ../../../Engine/DerivedDataCache/Compressed.ddp.
[2020.11.03-17.04.34:037][  0]LogDerivedDataCache: Using Local data cache path C:/Users/Belci_3/AppData/Local/UnrealEngine/Common/DerivedDataCache: Writable
[2020.11.03-17.04.34:070][  0]LogSlate: Using Freetype 2.6.0
[2020.11.03-17.04.34:135][  0]LogSlate: SlateFontCache - WITH_FREETYPE: 1, WITH_HARFBUZZ: 1
[2020.11.03-17.04.34:135][  0]LogSlate: SlateFontCache - WITH_FREETYPE: 1, WITH_HARFBUZZ: 1
[2020.11.03-17.04.35:703][  0]LogInit: Selected Device Profile: [Windows]
[2020.11.03-17.04.35:715][  0]LogContentStreaming: Texture pool size is 0.00 MB
[2020.11.03-17.04.36:689][  0]LogMeshUtilities: Using QuadricMeshReduction for automatic static mesh reduction
[2020.11.03-17.04.36:951][  0]LogSimplygon: Simplygon DLL not present - disabling.
[2020.11.03-17.04.37:149][  0]LogMeshUtilities: Using SimplygonSwarm for distributed automatic mesh merging
[2020.11.03-17.04.37:149][  0]LogMeshUtilities: No automatic skeletal mesh reduction module available
[2020.11.03-17.04.37:149][  0]LogMeshUtilities: No automatic mesh merging module available
[2020.11.03-17.04.39:232][  0]LogNetVersion: GetLocalNetworkVersion: CL: 3299760, ProjectName: proyectolabapps, ProjectVersion: , EngineNetworkVersion: 2, GameNetworkVersion: 0, NetworkChecksum: 1791571130
[2020.11.03-17.04.39:360][  0]LogAssetRegistry: FAssetRegistry took 0.0225 seconds to start up
[2020.11.03-17.04.39:913][  0]LogPackageLocalizationCache: Processed 3 localized package path(s) for 2 prioritized culture(s) in 0.460608 seconds
[2020.11.03-17.04.39:922][  0]LogUObjectArray: 32493 objects as part of root set at end of initial load.
[2020.11.03-17.04.39:922][  0]LogUObjectAllocator: 7077024 out of 0 bytes used by permanent object pool.
[2020.11.03-17.04.39:922][  0]LogUObjectArray: CloseDisregardForGC: 0/0 objects in disregard for GC pool
[2020.11.03-17.04.40:182][  0]LogInit: WinSock: version 1.1 (2.2), MaxSocks=32767, MaxUdp=65467
[2020.11.03-17.04.49:237][  0]LogTcpMessaging: Initializing TcpMessaging bridge
[2020.11.03-17.04.49:474][  0]LogUdpMessaging: Initializing bridge on interface 0.0.0.0:0 to multicast group 230.0.0.1:6666.
[2020.11.03-17.04.55:297][  0]LogMaterial: Uniform references updated for custom material expression Custom.
[2020.11.03-17.04.58:059][  0]SourceControl: Información El control de código fuente está desactivado
[2020.11.03-17.04.58:061][  0]SourceControl: Información El control de código fuente está desactivado
[2020.11.03-17.04.58:402][  0]SourceControl: Información El control de código fuente está desactivado
[2020.11.03-17.04.58:780][  0]SourceControl: Información El control de código fuente está desactivado
[2020.11.03-17.05.08:003][  0]LogEngine: Initializing Engine...
[2020.11.03-17.05.08:004][  0]LogHMD: Failed to initialize OpenVR with code 110
[2020.11.03-17.05.08:354][  0]LogStats: UGameplayTagsManager::ConstructGameplayTagTree: Construct from data asset -  0.000 s
[2020.11.03-17.05.08:354][  0]LogStats: UGameplayTagsManager::ConstructGameplayTagTree: GameplayTagTreeChangedEvent.Broadcast -  0.000 s
[2020.11.03-17.05.09:452][  0]LogAIModule: Creating AISystem for world Untitled
[2020.11.03-17.05.09:678][  0]LogInit: XAudio2 using 'Speakers (Realtek High Definition Audio)' : 2 channels at 48 kHz using 32 bits per sample (channel mask 0x3)
[2020.11.03-17.05.10:583][  0]LogInit: FAudioDevice initialized.
[2020.11.03-17.05.10:669][  0]LogDerivedDataCache: Saved boot cache 0.09s 48MB C:/Users/Belci_3/AppData/Local/UnrealEngine/4.15/DerivedDataCache/Boot.ddc.
[2020.11.03-17.05.10:678][  0]LogInit: Texture streaming: Enabled
[2020.11.03-17.05.11:460][  0]LogEngineSessionManager: EngineSessionManager initialized
[2020.11.03-17.05.12:545][  0]LogInit: Transaction tracking system initialized
[2020.11.03-17.05.14:857][  0]BlueprintLog: New page: Cargar el editor
[2020.11.03-17.05.22:093][  0]LocalizationService: Información Localization service is disabled
[2020.11.03-17.05.26:380][  0]LogConsoleResponse:Display: 
[2020.11.03-17.05.28:310][  0]LogFileCache: Scanning file cache for directory 'C:/Users/Belci_3/Documents/GitHub/Proyecto-Laberinto-Grupo-1/ProyectoLabApps/Content/' took 0.57s
[2020.11.03-17.05.28:310][  0]LogCook:Display: Max memory allowance for cook 16384mb min free memory 0mb
[2020.11.03-17.05.28:310][  0]LogCook:Display: Mobile HDR setting 1
[2020.11.03-17.05.33:404][  0]SourceControl: Información El control de código fuente está desactivado
[2020.11.03-17.05.33:404][  0]Cmd: MAP LOAD FILE="../../../../../../Users/Belci_3/Documents/GitHub/Proyecto-Laberinto-Grupo-1/ProyectoLabApps/Content/StarterContent/Maps/Minimal_Default.umap" TEMPLATE=0 SHOWPROGRESS=1 FEATURELEVEL=2
[2020.11.03-17.05.33:404][  0]LogEditorServer:Warning: Can't find file '../../../../../../Users/Belci_3/Documents/GitHub/Proyecto-Laberinto-Grupo-1/ProyectoLabApps/Content/StarterContent/Maps/Minimal_Default.umap'
[2020.11.03-17.05.33:435][  0]Cmd: MAP CHECKDEP NOCLEARLOG
[2020.11.03-17.05.33:586][  0]MapCheck: Información Map check complete: 0 Error(s), 0 Warning(s), took 150,379ms to complete.
[2020.11.03-17.05.33:586][  0]LogFileHelpers: Loading map 'Minimal_Default' took 0.182
[2020.11.03-17.05.35:075][  0]LogWindowsTextInputMethodSystem:Display: IME system now deactivated.
[2020.11.03-17.05.42:217][  0]LogCollectionManager: Loaded 0 collections in 0.007028 seconds
[2020.11.03-17.05.43:169][  0]LogFileCache: Scanning file cache for directory 'C:/Users/Belci_3/Documents/GitHub/Proyecto-Laberinto-Grupo-1/ProyectoLabApps/Saved/Collections/' took 0.01s
[2020.11.03-17.05.43:169][  0]LogFileCache: Scanning file cache for directory 'C:/Users/Belci_3/Documents/GitHub/Proyecto-Laberinto-Grupo-1/ProyectoLabApps/Content/Developers/Beluu/Collections/' took 0.01s
[2020.11.03-17.05.43:169][  0]LogFileCache: Scanning file cache for directory 'C:/Users/Belci_3/Documents/GitHub/Proyecto-Laberinto-Grupo-1/ProyectoLabApps/Content/Collections/' took 0.01s
[2020.11.03-17.05.43:169][  0]LogCollectionManager: Rebuilt the GUID cache for 0 collections in 0.000009 seconds
[2020.11.03-17.05.43:358][  0]LogContentBrowser: Native class hierarchy populated in 0.1870 seconds. Added 2246 classes and 455 folders.
[2020.11.03-17.05.44:113][  0]LogContentBrowser: Native class hierarchy updated for 'WidgetCarousel' in 0.0084 seconds. Added 0 classes and 0 folders.
[2020.11.03-17.05.51:650][  0]LogContentBrowser: Native class hierarchy updated for 'AddContentDialog' in 0.0092 seconds. Added 0 classes and 0 folders.
[2020.11.03-17.05.52:733][  0]LogContentBrowser: Native class hierarchy updated for 'SceneOutliner' in 0.0090 seconds. Added 1 classes and 2 folders.
[2020.11.03-17.05.56:762][  0]LogCrashTracker: Crashtracker disabled due to settings.
[2020.11.03-17.05.57:198][  0]LogUObjectGlobals:Warning: Error al encontrar el objeto 'Class Ninguno.'
[2020.11.03-17.05.57:748][  0]LogContentBrowser: Native class hierarchy updated for 'HierarchicalLODOutliner' in 0.0097 seconds. Added 1 classes and 2 folders.
[2020.11.03-17.05.57:749][  0]LogLoad: (Engine Initialization) Total time: 116.42 seconds
[2020.11.03-17.05.57:749][  0]LogLoad: (Engine Initialization) Total Blueprint compile time: 0.17 seconds
[2020.11.03-17.05.57:749][  0]LogExternalProfiler: Found external profiler: VSPerf
[2020.11.03-17.05.57:749][  0]LogExternalProfiler: Using external profiler: VSPerf
[2020.11.03-17.05.57:774][  0]LogOcInput: OculusInput pre-init called
[2020.11.03-17.05.58:100][  0]LogContentStreaming: Texture pool size now 400 MB
[2020.11.03-17.05.58:122][  0]LogSlate: Took 0.017945 seconds to synchronously load lazily loaded font '../../../Engine/Content/Slate/Fonts/Roboto-Regular.ttf' (155K)
[2020.11.03-17.05.58:139][  0]LogSlate: Took 0.001658 seconds to synchronously load lazily loaded font '../../../Engine/Content/Slate/Fonts/Roboto-Bold.ttf' (160K)
[2020.11.03-17.05.58:481][  0]LogSlate: Took 0.068089 seconds to synchronously load lazily loaded font '../../../Engine/Content/Editor/Slate/Fonts/FontAwesome.ttf' (139K)
[2020.11.03-17.06.02:766][  0]LogRenderer: Reallocating scene render targets to support 808x372 NumSamples 1 (Frame:2).
[2020.11.03-17.06.25:901][404]LogSlate: Took 0.167167 seconds to synchronously load lazily loaded font '../../../Engine/Content/Slate/Fonts/Roboto-Light.ttf' (159K)
[2020.11.03-17.07.08:230][640]LogCollectionManager: Rebuilt the object cache for 0 collections in 0.000029 seconds (found 0 objects)
[2020.11.03-17.07.09:714][644]LogSlate: Took 0.087865 seconds to synchronously load lazily loaded font '../../../Engine/Content/Slate/Fonts/Roboto-Light.ttf' (159K)
[2020.11.03-17.07.13:090][644]LogSlate: Took 0.000801 seconds to synchronously load lazily loaded font '../../../Engine/Content/Slate/Fonts/Roboto-Regular.ttf' (155K)
[2020.11.03-17.07.53:874][644]LogStaticMesh: Generando la malla estática LLAVE...
[2020.11.03-17.07.54:352][644]LogStaticMesh: Built static mesh [0.74s] /Game/ObjetosBlender/LLAVE/LLAVE.LLAVE
[2020.11.03-17.08.01:036][644]LogMaterial: Missing cached shader map for material T_Metal_Gold_Mat, compiling. 
[2020.11.03-17.08.01:372][644]LogTemp:Display: Added material ShaderMap 0x000001785FEC9600 with Material 0x000001785FE04B80 to ShaderMapsBeingCompiled
[2020.11.03-17.08.01:838][644]LogTemp:Display: Kicking off shader compilation for T_Metal_Gold_Mat, GameThreadShaderMap 0x000001785FEC9600
[2020.11.03-17.08.02:258][644]LogAIModule: Creating AISystem for world Minimal_Default
[2020.11.03-17.08.12:068][644]Cmd: MAP LOAD FILE="../../../../../../Users/Belci_3/Documents/GitHub/Proyecto-Laberinto-Grupo-1/ProyectoLabApps/Content/Niveles/Mapa/Minimal_Default.umap" TEMPLATE=0 SHOWPROGRESS=1 FEATURELEVEL=2
[2020.11.03-17.08.12:105][644]LightingResults: New page: Diseñar la iluminación
[2020.11.03-17.08.12:645][644]LogContentBrowser: Native class hierarchy updated for 'StatsViewer' in 0.0054 seconds. Added 5 classes and 0 folders.
[2020.11.03-17.08.12:685][644]LoadErrors: New page: Cargando mapa: Minimal_Default.umap
[2020.11.03-17.08.14:221][644]MapCheck: New page: Revisión del mapa
[2020.11.03-17.08.14:221][644]LightingResults: New page: Diseñar la iluminación
[2020.11.03-17.08.17:550][644]LogTemp:Display: Finished compile of shader map 0x000001785FEC9600
[2020.11.03-17.08.17:550][644]LogTemp:Display: Shader map T_Metal_Gold_Mat complete, GameThreadShaderMap 0x000001785FEC9600, marking material T_Metal_Gold_Mat as finished
[2020.11.03-17.08.17:550][644]LogTemp:Display: Marking material as finished 0x000001785FE04B80
[2020.11.03-17.08.21:048][644]LogEditorServer: Finished looking for orphan Actors (0.000 secs)
[2020.11.03-17.08.21:800][644]Cmd: MAP CHECKDEP NOCLEARLOG
[2020.11.03-17.08.22:668][644]MapCheck: Información Map check complete: 0 Error(s), 0 Warning(s), took 867,792ms to complete.
[2020.11.03-17.08.22:671][644]LogFileHelpers: Loading map 'Minimal_Default' took 11.362
[2020.11.03-17.08.23:811][645]LogAssetRegistry: Asset discovery search completed in 224.4730 seconds
[2020.11.03-17.08.23:811][645]LogCollectionManager: Fixed up redirectors for 0 collections in 0.000002 seconds (updated 0 objects)
[2020.11.03-17.08.31:926][664]LogEditorViewport: Clicking on Actor (context menu): StaticMeshActor (LLAVE)
[2020.11.03-17.09.19:294][222]LogActorFactory: Actor Factory created SM_Door
[2020.11.03-17.09.22:401][245]LogActorFactory: Actor Factory created SM_Door
[2020.11.03-17.11.15:920][532]LogEditorViewport: Clicking on Actor (context menu): StaticMeshActor (Wall_400x335)
[2020.11.03-17.11.17:015][547]LogEditorViewport: Clicking on Actor (LMB): StaticMeshActor (Wall_400x335)
[2020.11.03-17.11.29:345][880]Cmd: SELECT NONE
[2020.11.03-17.11.34:491][983]LogEditorViewport: Clicking on Actor (LMB): StaticMeshActor (SM_Door)
[2020.11.03-17.11.39:856][ 48]LogD3D11RHI: Timed out while waiting for GPU to catch up. (0.5 s)
[2020.11.03-17.11.43:849][ 48]LogRenderer: Reallocating scene render targets to support 1016x612 NumSamples 1 (Frame:754).
[2020.11.03-17.13.09:237][565]LogSavePackage: Save=64.56ms
[2020.11.03-17.13.09:237][565]LogSavePackage: Moving '../../../../../../Users/Belci_3/Documents/GitHub/Proyecto-Laberinto-Grupo-1/ProyectoLabApps/Saved/SM_Door58FF3EC74A4A70597D50EF9E9901AD84.tmp' to '../../../../../../Users/Belci_3/Documents/GitHub/Proyecto-Laberinto-Grupo-1/ProyectoLabApps/Content/StarterContent/Props/SM_Door.uasset'
[2020.11.03-17.13.09:261][565]LogSavePackage:Display: Finished SavePackage ../../../../../../Users/Belci_3/Documents/GitHub/Proyecto-Laberinto-Grupo-1/ProyectoLabApps/Content/StarterContent/Props/SM_Door.uasset
[2020.11.03-17.13.17:477][618]LogSavePackage: Save=36.96ms
[2020.11.03-17.13.17:477][618]LogSavePackage: Moving '../../../../../../Users/Belci_3/Documents/GitHub/Proyecto-Laberinto-Grupo-1/ProyectoLabApps/Saved/SM_DoorF7B6731D4DCD6821037BF2864C0A46F2.tmp' to '../../../../../../Users/Belci_3/Documents/GitHub/Proyecto-Laberinto-Grupo-1/ProyectoLabApps/Content/StarterContent/Props/SM_Door.uasset'
[2020.11.03-17.13.17:485][618]LogSavePackage:Display: Finished SavePackage ../../../../../../Users/Belci_3/Documents/GitHub/Proyecto-Laberinto-Grupo-1/ProyectoLabApps/Content/StarterContent/Props/SM_Door.uasset
[2020.11.03-17.13.24:845][751]LogTemp: Repeting last play command: New Editor Window (PIE)
[2020.11.03-17.13.24:911][751]LogBlueprintUserMessages: Early PlayInEditor Detection: Level '/Game/Niveles/Mapa/Minimal_Default.Minimal_Default:PersistentLevel' has LevelScriptBlueprint '/Game/Niveles/Mapa/Minimal_Default.Minimal_Default:PersistentLevel.Minimal_Default' with GeneratedClass '/Game/Niveles/Mapa/Minimal_Default.Minimal_Default_C' with ClassGeneratedBy '/Game/Niveles/Mapa/Minimal_Default.Minimal_Default:PersistentLevel.Minimal_Default'
[2020.11.03-17.13.24:911][751]LogPlayLevel: PlayLevel: No blueprints needed recompiling
[2020.11.03-17.13.24:997][751]PIE: New page: Sesión PIE (reproducción en el editor): Minimal_Default (3/11/2020 11:13:24)
[2020.11.03-17.13.24:997][751]LogPlayLevel: Creating play world package: /Game/Niveles/Mapa/UEDPIE_0_Minimal_Default
[2020.11.03-17.13.25:377][751]LogPlayLevel: PIE: StaticDuplicateObject took: (0.379801s)
[2020.11.03-17.13.25:381][751]LogAIModule: Creating AISystem for world Minimal_Default
[2020.11.03-17.13.25:381][751]LogPlayLevel: PIE: World Init took: (0.004411s)
[2020.11.03-17.13.25:382][751]LogPlayLevel: PIE: Created PIE world by copying editor world from /Game/Niveles/Mapa/Minimal_Default.Minimal_Default to /Game/Niveles/Mapa/UEDPIE_0_Minimal_Default.Minimal_Default (0.385383s)
[2020.11.03-17.13.25:495][751]LogInit: XAudio2 using 'Speakers (Realtek High Definition Audio)' : 2 channels at 48 kHz using 32 bits per sample (channel mask 0x3)
[2020.11.03-17.13.25:558][751]LogInit: FAudioDevice initialized.
[2020.11.03-17.13.25:669][751]LogUObjectGlobals:Warning: Error al encontrar el objeto 'Class /Script/ProyectoLabApps.ProyectoLabAppsGameMode'
[2020.11.03-17.13.25:669][751]LogLoad: Game class is 'GameModeBase'
[2020.11.03-17.13.25:849][751]LogWorld: Bringing World /Game/Niveles/Mapa/UEDPIE_0_Minimal_Default.Minimal_Default up for play (max tick rate 0) at 2020.11.03-14.13.25
[2020.11.03-17.13.25:897][751]LogWorld: Bringing up level for play took: 0.094171
[2020.11.03-17.13.26:308][751]LogContentBrowser: Native class hierarchy updated for 'MovieSceneCapture' in 0.0097 seconds. Added 11 classes and 0 folders.
[2020.11.03-17.13.26:330][751]PIE: Información Tiempo de inicio de la reproducción en el editor para  /Game/Niveles/Mapa/UEDPIE_0_Minimal_Default 2,321
[2020.11.03-17.13.26:332][751]LogBlueprintUserMessages: Late PlayInEditor Detection: Level '/Game/Niveles/Mapa/Minimal_Default.Minimal_Default:PersistentLevel' has LevelScriptBlueprint '/Game/Niveles/Mapa/Minimal_Default.Minimal_Default:PersistentLevel.Minimal_Default' with GeneratedClass '/Game/Niveles/Mapa/Minimal_Default.Minimal_Default_C' with ClassGeneratedBy '/Game/Niveles/Mapa/Minimal_Default.Minimal_Default:PersistentLevel.Minimal_Default'
[2020.11.03-17.13.53:286][989]LogBlueprintUserMessages: Early EndPlayMap Detection: Level '/Game/Niveles/Mapa/Minimal_Default.Minimal_Default:PersistentLevel' has LevelScriptBlueprint '/Game/Niveles/Mapa/Minimal_Default.Minimal_Default:PersistentLevel.Minimal_Default' with GeneratedClass '/Game/Niveles/Mapa/Minimal_Default.Minimal_Default_C' with ClassGeneratedBy '/Game/Niveles/Mapa/Minimal_Default.Minimal_Default:PersistentLevel.Minimal_Default'
[2020.11.03-17.13.53:674][989]LogBlueprintUserMessages: Late EndPlayMap Detection: Level '/Game/Niveles/Mapa/Minimal_Default.Minimal_Default:PersistentLevel' has LevelScriptBlueprint '/Game/Niveles/Mapa/Minimal_Default.Minimal_Default:PersistentLevel.Minimal_Default' with GeneratedClass '/Game/Niveles/Mapa/Minimal_Default.Minimal_Default_C' with ClassGeneratedBy '/Game/Niveles/Mapa/Minimal_Default.Minimal_Default:PersistentLevel.Minimal_Default'
[2020.11.03-17.14.18:510][564]Cmd: DELETE
[2020.11.03-17.14.18:510][564]Cmd: ACTOR DELETE
[2020.11.03-17.14.18:512][564]LogEditorActor: Deleted Actor: TriggerBox
[2020.11.03-17.14.18:550][564]LogEditorActor: Deleted 1 Actors (0.040 secs)
[2020.11.03-17.14.19:470][586]LogEditorViewport: Clicking on Actor (LMB): StaticMeshActor (SM_Door)
[2020.11.03-17.14.23:281][672]LogContentBrowser: Native class hierarchy updated for 'Matinee' in 0.0036 seconds. Added 15 classes and 2 folders.
[2020.11.03-17.14.23:289][672]LogInit: Transaction tracking system initialized
[2020.11.03-17.14.23:289][672]EditorErrors: New page: Inicio de matinee
[2020.11.03-17.14.30:392][703]LogHttp:Warning: 000001785DC30880: request failed, libcurl error: 56 (Failure when receiving data from the peer)
[2020.11.03-17.14.30:392][703]LogHttp:Warning: 000001785DC30880: libcurl info message cache 0 (Found bundle for host datarouter.ol.epicgames.com: 0x178578cfd18 [can pipeline])
[2020.11.03-17.14.30:392][703]LogHttp:Warning: 000001785DC30880: libcurl info message cache 1 (Re-using existing connection! (#4) with host datarouter.ol.epicgames.com)
[2020.11.03-17.14.30:392][703]LogHttp:Warning: 000001785DC30880: libcurl info message cache 2 (Connected to datarouter.ol.epicgames.com (35.174.193.0) port 443 (#4))
[2020.11.03-17.14.30:392][703]LogHttp:Warning: 000001785DC30880: libcurl info message cache 3 (upload completely sent off: 637 out of 637 bytes)
[2020.11.03-17.14.30:393][703]LogHttp:Warning: 000001785DC30880: libcurl info message cache 4 (TLSv1.2 (IN), TLS alert, Client hello (1):)
[2020.11.03-17.14.30:393][703]LogHttp:Warning: 000001785DC30880: libcurl info message cache 5 (Connection died, retrying a fresh connect)
[2020.11.03-17.14.30:393][703]LogHttp:Warning: 000001785DC30880: libcurl info message cache 6 (Closing connection 4)
[2020.11.03-17.14.30:393][703]LogHttp:Warning: 000001785DC30880: libcurl info message cache 7 (TLSv1.2 (OUT), TLS alert, Client hello (1):)
[2020.11.03-17.14.30:393][703]LogHttp:Warning: 000001785DC30880: libcurl info message cache 8 (Issue another request to this URL: 'https://datarouter.ol.epicgames.com/datarouter/api/v1/public/data?SessionID=%7B6C59E749-403B-54FE-6DC2-16BFEACCED18%7D&AppID=UEEditor.Rocket.Release&AppVersion=4.15.3-3450819%2B%2B%2BUE4%2BRelease-4.15&UserID=fb0aaafe49dc5d8fb39af0b03369a559%7Ccfbc9b1d33724aa483afe77c3ecfcf1f%7Cf34cba58-f82d-49bc-a440-7e1a7a229efc&AppEnvironment=datacollector-binary&UploadType=eteventstream')
[2020.11.03-17.14.30:393][703]LogHttp:Warning: 000001785DC30880: libcurl info message cache 9 (  Trying 100.24.251.232...)
[2020.11.03-17.14.30:393][703]LogHttp:Warning: 000001785DC30880: libcurl info message cache 10 (Connected to datarouter.ol.epicgames.com (100.24.251.232) port 443 (#5))
[2020.11.03-17.14.30:393][703]LogHttp:Warning: 000001785DC30880: libcurl info message cache 11 (ALPN, offering http/1.1)
[2020.11.03-17.14.30:393][703]LogHttp:Warning: 000001785DC30880: libcurl info message cache 12 (Cipher selection: ALL:!EXPORT:!EXPORT40:!EXPORT56:!aNULL:!LOW:!RC4:@STRENGTH)
[2020.11.03-17.14.30:393][703]LogHttp:Warning: 000001785DC30880: libcurl info message cache 13 (SSL re-using session ID)
[2020.11.03-17.14.30:393][703]LogHttp:Warning: 000001785DC30880: libcurl info message cache 14 (TLSv1.2 (OUT), TLS handshake, Client hello (1):)
[2020.11.03-17.14.30:393][703]LogHttp:Warning: 000001785DC30880: libcurl info message cache 15 (TLSv1.2 (IN), TLS handshake, Server hello (2):)
[2020.11.03-17.14.30:393][703]LogHttp:Warning: 000001785DC30880: libcurl info message cache 16 (TLSv1.2 (IN), TLS handshake, Certificate (11):)
[2020.11.03-17.14.30:393][703]LogHttp:Warning: 000001785DC30880: libcurl info message cache 17 (TLSv1.2 (IN), TLS handshake, Server key exchange (12):)
[2020.11.03-17.14.30:393][703]LogHttp:Warning: 000001785DC30880: libcurl info message cache 18 (TLSv1.2 (IN), TLS handshake, Server finished (14):)
[2020.11.03-17.14.30:393][703]LogHttp:Warning: 000001785DC30880: libcurl info message cache 19 (TLSv1.2 (OUT), TLS handshake, Client key exchange (16):)
[2020.11.03-17.14.30:393][703]LogHttp:Warning: 000001785DC30880: libcurl info message cache 20 (TLSv1.2 (OUT), TLS change cipher, Client hello (1):)
[2020.11.03-17.14.30:393][703]LogHttp:Warning: 000001785DC30880: libcurl info message cache 21 (TLSv1.2 (OUT), TLS handshake, Finished (20):)
[2020.11.03-17.14.30:393][703]LogHttp:Warning: 000001785DC30880: libcurl info message cache 22 (TLSv1.2 (IN), TLS change cipher, Client hello (1):)
[2020.11.03-17.14.30:393][703]LogHttp:Warning: 000001785DC30880: libcurl info message cache 23 (TLSv1.2 (IN), TLS handshake, Finished (20):)
[2020.11.03-17.14.30:393][703]LogHttp:Warning: 000001785DC30880: libcurl info message cache 24 (SSL connection using TLSv1.2 / ECDHE-RSA-AES128-GCM-SHA256)
[2020.11.03-17.14.30:394][703]LogHttp:Warning: 000001785DC30880: libcurl info message cache 25 (ALPN, server accepted to use http/1.1)
[2020.11.03-17.14.30:394][703]LogHttp:Warning: 000001785DC30880: libcurl info message cache 26 (old SSL session ID is stale, removing)
[2020.11.03-17.14.30:394][703]LogHttp:Warning: 000001785DC30880: libcurl info message cache 27 (Server certificate:)
[2020.11.03-17.14.30:394][703]LogHttp:Warning: 000001785DC30880: libcurl info message cache 28 (	 subject: CN=*.ol.epicgames.com)
[2020.11.03-17.14.30:394][703]LogHttp:Warning: 000001785DC30880: libcurl info message cache 29 (	 start date: Feb 12 00:00:00 2020 GMT)
[2020.11.03-17.14.30:394][703]LogHttp:Warning: 000001785DC30880: libcurl info message cache 30 (	 expire date: Mar 12 12:00:00 2021 GMT)
[2020.11.03-17.14.30:394][703]LogHttp:Warning: 000001785DC30880: libcurl info message cache 31 (	 subjectAltName: datarouter.ol.epicgames.com matched)
[2020.11.03-17.14.30:394][703]LogHttp:Warning: 000001785DC30880: libcurl info message cache 32 (	 issuer: C=US; O=Amazon; OU=Server CA 1B; CN=Amazon)
[2020.11.03-17.14.30:394][703]LogHttp:Warning: 000001785DC30880: libcurl info message cache 33 (	 SSL certificate verify ok.)
[2020.11.03-17.14.30:394][703]LogHttp:Warning: 000001785DC30880: libcurl info message cache 34 (upload completely sent off: 637 out of 637 bytes)
[2020.11.03-17.14.30:394][703]LogHttp:Warning: 000001785DC30880: libcurl info message cache 35 (SSL read: error:00000000:lib(0):func(0):reason(0), errno 10054)
[2020.11.03-17.14.30:394][703]LogHttp:Warning: 000001785DC30880: libcurl info message cache 36 (Closing connection 5)
[2020.11.03-17.15.25:474][140]LogEditorViewport: Clicking on Actor (LMB): StaticMeshActor (SM_Door)
[2020.11.03-17.17.53:787][ 24]LogEditorViewport: Clicking Background
[2020.11.03-17.17.54:814][ 48]LogEditorViewport: Clicking on Actor (LMB): MatineeActor (MatineeActor)
[2020.11.03-17.18.07:001][233]Cmd: SELECT NONE
[2020.11.03-17.19.42:938][893]LogTemp: Repeting last play command: New Editor Window (PIE)
[2020.11.03-17.19.43:011][893]LogBlueprintUserMessages: Early PlayInEditor Detection: Level '/Game/Niveles/Mapa/Minimal_Default.Minimal_Default:PersistentLevel' has LevelScriptBlueprint '/Game/Niveles/Mapa/Minimal_Default.Minimal_Default:PersistentLevel.Minimal_Default' with GeneratedClass '/Game/Niveles/Mapa/Minimal_Default.Minimal_Default_C' with ClassGeneratedBy '/Game/Niveles/Mapa/Minimal_Default.Minimal_Default:PersistentLevel.Minimal_Default'
[2020.11.03-17.19.43:011][893]LogPlayLevel: PlayLevel: No blueprints needed recompiling
[2020.11.03-17.19.43:012][893]PIE: New page: Sesión PIE (reproducción en el editor): Minimal_Default (3/11/2020 11:19:43)
[2020.11.03-17.19.43:012][893]LogPlayLevel: Creating play world package: /Game/Niveles/Mapa/UEDPIE_0_Minimal_Default
[2020.11.03-17.19.43:366][893]LogPlayLevel: PIE: StaticDuplicateObject took: (0.353988s)
[2020.11.03-17.19.43:368][893]LogAIModule: Creating AISystem for world Minimal_Default
[2020.11.03-17.19.43:369][893]LogPlayLevel: PIE: World Init took: (0.002596s)
[2020.11.03-17.19.43:370][893]LogPlayLevel: PIE: Created PIE world by copying editor world from /Game/Niveles/Mapa/Minimal_Default.Minimal_Default to /Game/Niveles/Mapa/UEDPIE_0_Minimal_Default.Minimal_Default (0.357546s)
[2020.11.03-17.19.43:441][893]LogExit: Transaction tracking system shut down
[2020.11.03-17.19.43:453][893]LogInit: XAudio2 using 'Speakers (Realtek High Definition Audio)' : 2 channels at 48 kHz using 32 bits per sample (channel mask 0x3)
[2020.11.03-17.19.43:489][893]LogInit: FAudioDevice initialized.
[2020.11.03-17.19.43:646][893]LogLoad: Game class is 'GameModeBase'
[2020.11.03-17.19.43:713][893]LogWorld: Bringing World /Game/Niveles/Mapa/UEDPIE_0_Minimal_Default.Minimal_Default up for play (max tick rate 0) at 2020.11.03-14.19.43
[2020.11.03-17.19.43:729][893]LogWorld: Bringing up level for play took: 0.081305
[2020.11.03-17.19.43:747][893]PIE: Información Tiempo de inicio de la reproducción en el editor para  /Game/Niveles/Mapa/UEDPIE_0_Minimal_Default -0,261
[2020.11.03-17.19.43:750][893]LogBlueprintUserMessages: Late PlayInEditor Detection: Level '/Game/Niveles/Mapa/Minimal_Default.Minimal_Default:PersistentLevel' has LevelScriptBlueprint '/Game/Niveles/Mapa/Minimal_Default.Minimal_Default:PersistentLevel.Minimal_Default' with GeneratedClass '/Game/Niveles/Mapa/Minimal_Default.Minimal_Default_C' with ClassGeneratedBy '/Game/Niveles/Mapa/Minimal_Default.Minimal_Default:PersistentLevel.Minimal_Default'
[2020.11.03-17.19.45:218][905]LogBlueprintUserMessages: Early EndPlayMap Detection: Level '/Game/Niveles/Mapa/Minimal_Default.Minimal_Default:PersistentLevel' has LevelScriptBlueprint '/Game/Niveles/Mapa/Minimal_Default.Minimal_Default:PersistentLevel.Minimal_Default' with GeneratedClass '/Game/Niveles/Mapa/Minimal_Default.Minimal_Default_C' with ClassGeneratedBy '/Game/Niveles/Mapa/Minimal_Default.Minimal_Default:PersistentLevel.Minimal_Default'
[2020.11.03-17.19.45:618][905]LogBlueprintUserMessages: Late EndPlayMap Detection: Level '/Game/Niveles/Mapa/Minimal_Default.Minimal_Default:PersistentLevel' has LevelScriptBlueprint '/Game/Niveles/Mapa/Minimal_Default.Minimal_Default:PersistentLevel.Minimal_Default' with GeneratedClass '/Game/Niveles/Mapa/Minimal_Default.Minimal_Default_C' with ClassGeneratedBy '/Game/Niveles/Mapa/Minimal_Default.Minimal_Default:PersistentLevel.Minimal_Default'
[2020.11.03-17.20.12:420][553]LogEditorViewport: Clicking on Actor (LMB): StaticMeshActor (Floor5)
[2020.11.03-17.20.14:323][586]LogEditorViewport: Clicking on Actor (LMB): TriggerBox (TriggerBox)
[2020.11.03-17.20.17:186][649]LogSlate: Took 0.022928 seconds to synchronously load lazily loaded font '../../../Engine/Content/Slate/Fonts/Roboto-Light.ttf' (159K)
[2020.11.03-17.20.21:515][660]LogContentBrowser: Native class hierarchy updated for 'BlueprintGraph' in 0.0146 seconds. Added 112 classes and 0 folders.
[2020.11.03-17.20.25:885][660]LogSlate: Took 0.030750 seconds to synchronously load lazily loaded font '../../../Engine/Content/Editor/Slate/Fonts/Roboto-BoldCondensed.ttf' (158K)
[2020.11.03-17.20.26:469][661]LogSlate: Took 0.043929 seconds to synchronously load lazily loaded font '../../../Engine/Content/Editor/Slate/Fonts/Roboto-Italic.ttf' (157K)
[2020.11.03-17.21.41:548][397]LogEditorViewport: Clicking on Actor (LMB): MatineeActor (MatineeActor)
[2020.11.03-17.22.53:266][ 51]LogSlate: Only BGRA pngs, bmps or icos are supported in by External Image Picker
[2020.11.03-17.22.55:802][233]LogTemp:Display: Executing iPhonePackager certificates Engine -bundlename com.YourCompany.ProyectoLabApps

[2020.11.03-17.22.55:802][233]LogTemp:Display: CWD: C:\Program Files\Epic Games\UE_4.15\Engine\Binaries\DotNET\IOS

[2020.11.03-17.22.55:802][233]LogTemp:Display: Initial Dir: C:\Program Files\Epic Games\UE_4.15

[2020.11.03-17.22.55:802][233]LogTemp:Display: Env CWD: C:\Program Files\Epic Games\UE_4.15\Engine\Binaries\DotNET\IOS

[2020.11.03-17.22.55:886][236]LogTemp:Display: BranchPath = BELU/C/Program Files/Epic Games/UE_4.15/Engine/Binaries --- GameBranchPath = BELU/C/Program Files/Epic Games/UE_4.15/Engine/Binaries

[2020.11.03-17.22.57:892][343]LogTemp:Display: IPP ERROR: Application exception: System.IO.DirectoryNotFoundException: No se puede encontrar una parte de la ruta de acceso 'C:\Users\Belci_3\AppData\Local\Apple Computer\MobileDevice\Provisioning Profiles'.

[2020.11.03-17.22.57:892][343]LogTemp:Display:    en System.IO.__Error.WinIOError(Int32 errorCode, String maybeFullPath)

[2020.11.03-17.22.57:892][343]LogTemp:Display:    en System.IO.FileSystemEnumerableIterator`1.CommonInit()

[2020.11.03-17.22.57:892][343]LogTemp:Display:    en System.IO.FileSystemEnumerableIterator`1..ctor(String path, String originalUserPath, String searchPattern, SearchOption searchOption, SearchResultHandler`1 resultHandler, Boolean checkHost)

[2020.11.03-17.22.57:892][343]LogTemp:Display:    en System.IO.Directory.EnumerateFiles(String path, String searchPattern)

[2020.11.03-17.22.57:892][343]LogTemp:Display:    en iPhonePackager.CodeSignatureBuilder.FindProvisions(String CFBundleIdentifier)

[2020.11.03-17.22.57:892][343]LogTemp:Display:    en iPhonePackager.Program.Main(String[] args)

[2020.11.03-17.24.12:572][404]LogSavePackage: Save=1695.53ms
[2020.11.03-17.24.12:572][404]LogSavePackage: Moving '../../../../../../Users/Belci_3/Documents/GitHub/Proyecto-Laberinto-Grupo-1/ProyectoLabApps/Saved/Minimal_Default_Auto1DA8DF79C4B9C96C2D50278B17077F06E.tmp' to '../../../../../../Users/Belci_3/Documents/GitHub/Proyecto-Laberinto-Grupo-1/ProyectoLabApps/Saved/Autosaves/Game/Niveles/Mapa/Minimal_Default_Auto1.umap'
[2020.11.03-17.24.12:578][404]LogSavePackage:Display: Finished SavePackage ../../../../../../Users/Belci_3/Documents/GitHub/Proyecto-Laberinto-Grupo-1/ProyectoLabApps/Saved/Autosaves/Game/Niveles/Mapa/Minimal_Default_Auto1.umap
[2020.11.03-17.24.12:587][404]LogFileHelpers: Editor autosave (incl. sublevels) for '/Game/Niveles/Mapa/Minimal_Default' took 2.276
[2020.11.03-17.24.12:587][404]LogFileHelpers: Editor autosave (incl. sublevels) for all levels took 2.276
[2020.11.03-17.25.48:819][874]LogSlate: Took 0.052822 seconds to synchronously load lazily loaded font '../../../Engine/Content/Editor/Slate/Fonts/Roboto-BoldCondensedItalic.ttf' (160K)
[2020.11.03-17.27.55:799][187]BlueprintLog: New page: Compilar Minimal_Default
[2020.11.03-17.28.04:890][414]LogSavePackage: Save=841.28ms
[2020.11.03-17.28.04:890][414]LogSavePackage: Moving '../../../../../../Users/Belci_3/Documents/GitHub/Proyecto-Laberinto-Grupo-1/ProyectoLabApps/Saved/Minimal_Default02F1D09942D20CCF1103AB953EC14A87.tmp' to '../../../../../../Users/Belci_3/Documents/GitHub/Proyecto-Laberinto-Grupo-1/ProyectoLabApps/Content/Niveles/Mapa/Minimal_Default.umap'
[2020.11.03-17.28.04:918][414]LogSavePackage:Display: Finished SavePackage ../../../../../../Users/Belci_3/Documents/GitHub/Proyecto-Laberinto-Grupo-1/ProyectoLabApps/Content/Niveles/Mapa/Minimal_Default.umap
[2020.11.03-17.28.04:971][414]LogFileHelpers: Saving map 'Minimal_Default' took 1.277
[2020.11.03-17.28.52:501][ 97]LogEditorViewport: Clicking on Actor (LMB): StaticMeshActor (Wall_400x300)
[2020.11.03-17.28.54:358][127]LogEditorViewport: Clicking on Actor (LMB): Personaje_C (Personaje)
[2020.11.03-17.29.16:694][412]Cmd: TRANSACTION UNDO
[2020.11.03-17.29.16:694][412]LogEditorTransaction: Undo Move Actors
[2020.11.03-17.29.18:732][456]LogEditorViewport: Clicking on Actor (LMB): StaticMeshActor (Wall_400x335)
[2020.11.03-17.29.21:505][517]Cmd: TRANSACTION UNDO
[2020.11.03-17.29.21:505][517]LogEditorTransaction: Undo Pinchar en los actores
[2020.11.03-17.29.30:162][657]Cmd: TRANSACTION UNDO
[2020.11.03-17.29.30:162][657]LogEditorTransaction: Undo Move Actors
[2020.11.03-17.29.30:903][671]Cmd: TRANSACTION UNDO
[2020.11.03-17.29.30:903][671]LogEditorTransaction: Undo Move Actors
[2020.11.03-17.29.55:887][ 31]LogTemp: Repeting last play command: New Editor Window (PIE)
[2020.11.03-17.29.55:947][ 31]LogBlueprintUserMessages: Early PlayInEditor Detection: Level '/Game/Niveles/Mapa/Minimal_Default.Minimal_Default:PersistentLevel' has LevelScriptBlueprint '/Game/Niveles/Mapa/Minimal_Default.Minimal_Default:PersistentLevel.Minimal_Default' with GeneratedClass '/Game/Niveles/Mapa/Minimal_Default.Minimal_Default_C' with ClassGeneratedBy '/Game/Niveles/Mapa/Minimal_Default.Minimal_Default:PersistentLevel.Minimal_Default'
[2020.11.03-17.29.55:948][ 31]LogPlayLevel: PlayLevel: No blueprints needed recompiling
[2020.11.03-17.29.55:949][ 31]PIE: New page: Sesión PIE (reproducción en el editor): Minimal_Default (3/11/2020 11:29:55)
[2020.11.03-17.29.55:950][ 31]LogPlayLevel: Creating play world package: /Game/Niveles/Mapa/UEDPIE_0_Minimal_Default
[2020.11.03-17.29.56:339][ 31]LogPlayLevel: PIE: StaticDuplicateObject took: (0.389003s)
[2020.11.03-17.29.56:343][ 31]LogAIModule: Creating AISystem for world Minimal_Default
[2020.11.03-17.29.56:344][ 31]LogPlayLevel: PIE: World Init took: (0.004271s)
[2020.11.03-17.29.56:345][ 31]LogPlayLevel: PIE: Created PIE world by copying editor world from /Game/Niveles/Mapa/Minimal_Default.Minimal_Default to /Game/Niveles/Mapa/UEDPIE_0_Minimal_Default.Minimal_Default (0.394796s)
[2020.11.03-17.29.56:550][ 31]LogInit: XAudio2 using 'Speakers (Realtek High Definition Audio)' : 2 channels at 48 kHz using 32 bits per sample (channel mask 0x3)
[2020.11.03-17.29.56:618][ 31]LogInit: FAudioDevice initialized.
[2020.11.03-17.29.56:716][ 31]LogLoad: Game class is 'GameModeBase'
[2020.11.03-17.29.56:783][ 31]LogWorld: Bringing World /Game/Niveles/Mapa/UEDPIE_0_Minimal_Default.Minimal_Default up for play (max tick rate 0) at 2020.11.03-14.29.56
[2020.11.03-17.29.56:787][ 31]LogWorld: Bringing up level for play took: 0.067947
[2020.11.03-17.29.56:809][ 31]PIE: Información Tiempo de inicio de la reproducción en el editor para  /Game/Niveles/Mapa/UEDPIE_0_Minimal_Default 0,801
[2020.11.03-17.29.56:812][ 31]LogBlueprintUserMessages: Late PlayInEditor Detection: Level '/Game/Niveles/Mapa/Minimal_Default.Minimal_Default:PersistentLevel' has LevelScriptBlueprint '/Game/Niveles/Mapa/Minimal_Default.Minimal_Default:PersistentLevel.Minimal_Default' with GeneratedClass '/Game/Niveles/Mapa/Minimal_Default.Minimal_Default_C' with ClassGeneratedBy '/Game/Niveles/Mapa/Minimal_Default.Minimal_Default:PersistentLevel.Minimal_Default'
[2020.11.03-17.30.07:490][135]LogBlueprintUserMessages: Early EndPlayMap Detection: Level '/Game/Niveles/Mapa/Minimal_Default.Minimal_Default:PersistentLevel' has LevelScriptBlueprint '/Game/Niveles/Mapa/Minimal_Default.Minimal_Default:PersistentLevel.Minimal_Default' with GeneratedClass '/Game/Niveles/Mapa/Minimal_Default.Minimal_Default_C' with ClassGeneratedBy '/Game/Niveles/Mapa/Minimal_Default.Minimal_Default:PersistentLevel.Minimal_Default'
[2020.11.03-17.30.08:051][135]LogBlueprintUserMessages: Late EndPlayMap Detection: Level '/Game/Niveles/Mapa/Minimal_Default.Minimal_Default:PersistentLevel' has LevelScriptBlueprint '/Game/Niveles/Mapa/Minimal_Default.Minimal_Default:PersistentLevel.Minimal_Default' with GeneratedClass '/Game/Niveles/Mapa/Minimal_Default.Minimal_Default_C' with ClassGeneratedBy '/Game/Niveles/Mapa/Minimal_Default.Minimal_Default:PersistentLevel.Minimal_Default'
[2020.11.03-17.30.21:910][367]LogEditorViewport: Clicking on Actor (LMB): StaticMeshActor (LLAVE)
[2020.11.03-17.30.36:306][620]Cmd: SELECT NONE
[2020.11.03-17.30.37:912][663]LogEditorViewport: Clicking on Actor (LMB): StaticMeshActor (LLAVE)
[2020.11.03-17.30.53:846][948]Cmd: TRANSACTION UNDO
[2020.11.03-17.30.53:846][948]LogEditorTransaction: Undo Move Actors
[2020.11.03-17.31.58:825][ 32]LogEditorViewport: Clicking on Actor (LMB): StaticMeshActor (Floor_400x403)
[2020.11.03-17.32.00:945][ 77]Cmd: TRANSACTION UNDO
[2020.11.03-17.32.00:945][ 77]LogEditorTransaction: Undo Move Actors
[2020.11.03-17.33.16:053][236]LogEditorViewport: Clicking on Actor (LMB): StaticMeshActor (Floor3)
[2020.11.03-17.33.39:296][654]LogEditorViewport: Clicking on Actor (LMB): StaticMeshActor (LLAVE)
[2020.11.03-17.33.47:576][853]LogEditorViewport: Clicking on Actor (LMB): StaticMeshActor (LLAVE)
[2020.11.03-17.34.45:536][ 34]LogEditorViewport: Clicking on Actor (LMB): StaticMeshActor (ALFOMBRA3)
[2020.11.03-17.34.48:498][100]LogEditorViewport: Clicking on Actor (LMB): TriggerBox (TriggerBox2)
[2020.11.03-17.37.08:573][596]LogEditorViewport: Clicking on Actor (LMB): StaticMeshActor (LLAVE)
[2020.11.03-17.37.25:257][977]BlueprintLog: New page: Compilar Minimal_Default
[2020.11.03-17.37.41:811][354]LogEditorViewport: Clicking on Actor (LMB): TriggerBox (TriggerBox)
[2020.11.03-17.37.54:893][642]LogEditorViewport: Clicking on Actor (LMB): Personaje_C (Personaje)
[2020.11.03-17.38.06:081][813]LogTemp: Repeting last play command: New Editor Window (PIE)
[2020.11.03-17.38.06:128][813]LogBlueprintUserMessages: Early PlayInEditor Detection: Level '/Game/Niveles/Mapa/Minimal_Default.Minimal_Default:PersistentLevel' has LevelScriptBlueprint '/Game/Niveles/Mapa/Minimal_Default.Minimal_Default:PersistentLevel.Minimal_Default' with GeneratedClass '/Game/Niveles/Mapa/Minimal_Default.Minimal_Default_C' with ClassGeneratedBy '/Game/Niveles/Mapa/Minimal_Default.Minimal_Default:PersistentLevel.Minimal_Default'
[2020.11.03-17.38.06:129][813]LogPlayLevel: PlayLevel: No blueprints needed recompiling
[2020.11.03-17.38.06:129][813]PIE: New page: Sesión PIE (reproducción en el editor): Minimal_Default (3/11/2020 11:38:06)
[2020.11.03-17.38.06:129][813]LogPlayLevel: Creating play world package: /Game/Niveles/Mapa/UEDPIE_0_Minimal_Default
[2020.11.03-17.38.06:386][813]LogPlayLevel: PIE: StaticDuplicateObject took: (0.256267s)
[2020.11.03-17.38.06:389][813]LogAIModule: Creating AISystem for world Minimal_Default
[2020.11.03-17.38.06:389][813]LogPlayLevel: PIE: World Init took: (0.002669s)
[2020.11.03-17.38.06:390][813]LogPlayLevel: PIE: Created PIE world by copying editor world from /Game/Niveles/Mapa/Minimal_Default.Minimal_Default to /Game/Niveles/Mapa/UEDPIE_0_Minimal_Default.Minimal_Default (0.260158s)
[2020.11.03-17.38.06:563][813]LogInit: XAudio2 using 'Speakers (Realtek High Definition Audio)' : 2 channels at 48 kHz using 32 bits per sample (channel mask 0x3)
[2020.11.03-17.38.06:606][813]LogInit: FAudioDevice initialized.
[2020.11.03-17.38.06:682][813]LogLoad: Game class is 'GameModeBase'
[2020.11.03-17.38.06:719][813]LogWorld: Bringing World /Game/Niveles/Mapa/UEDPIE_0_Minimal_Default.Minimal_Default up for play (max tick rate 0) at 2020.11.03-14.38.06
[2020.11.03-17.38.06:752][813]LogWorld: Bringing up level for play took: 0.068665
[2020.11.03-17.38.06:765][813]PIE: Información Tiempo de inicio de la reproducción en el editor para  /Game/Niveles/Mapa/UEDPIE_0_Minimal_Default 0,757
[2020.11.03-17.38.06:767][813]LogBlueprintUserMessages: Late PlayInEditor Detection: Level '/Game/Niveles/Mapa/Minimal_Default.Minimal_Default:PersistentLevel' has LevelScriptBlueprint '/Game/Niveles/Mapa/Minimal_Default.Minimal_Default:PersistentLevel.Minimal_Default' with GeneratedClass '/Game/Niveles/Mapa/Minimal_Default.Minimal_Default_C' with ClassGeneratedBy '/Game/Niveles/Mapa/Minimal_Default.Minimal_Default:PersistentLevel.Minimal_Default'
[2020.11.03-17.38.06:875][814]LogCharacterMovement:Warning: GetSimulationTimeStep() - Max iterations 8 hit while remaining time 0.055899 > MaxSimulationTimeStep (0.050) for 'Personaje_58', movement 'Walking'
[2020.11.03-17.38.51:856][261]LogBlueprintUserMessages: Early EndPlayMap Detection: Level '/Game/Niveles/Mapa/Minimal_Default.Minimal_Default:PersistentLevel' has LevelScriptBlueprint '/Game/Niveles/Mapa/Minimal_Default.Minimal_Default:PersistentLevel.Minimal_Default' with GeneratedClass '/Game/Niveles/Mapa/Minimal_Default.Minimal_Default_C' with ClassGeneratedBy '/Game/Niveles/Mapa/Minimal_Default.Minimal_Default:PersistentLevel.Minimal_Default'
[2020.11.03-17.38.52:408][261]LogBlueprintUserMessages: Late EndPlayMap Detection: Level '/Game/Niveles/Mapa/Minimal_Default.Minimal_Default:PersistentLevel' has LevelScriptBlueprint '/Game/Niveles/Mapa/Minimal_Default.Minimal_Default:PersistentLevel.Minimal_Default' with GeneratedClass '/Game/Niveles/Mapa/Minimal_Default.Minimal_Default_C' with ClassGeneratedBy '/Game/Niveles/Mapa/Minimal_Default.Minimal_Default:PersistentLevel.Minimal_Default'
[2020.11.03-17.39.01:422][372]LogEditorViewport: Clicking on Actor (LMB): StaticMeshActor (SILLON_CON_TEXTURA2_Cube_15)
[2020.11.03-17.39.04:459][439]LogEditorViewport: Clicking on Actor (LMB): StaticMeshActor (SILLON_CON_TEXTURA2_Cube_12)
[2020.11.03-17.39.05:224][454]LogEditorViewport: Clicking on Actor (context menu): StaticMeshActor (SILLON_CON_TEXTURA2_Cube_12)
[2020.11.03-17.39.07:086][497]LogEditorViewport: Clicking on Actor (LMB): StaticMeshActor (SILLON_CON_TEXTURA2_Cube_15)
[2020.11.03-17.39.07:669][507]LogEditorViewport: Clicking on Actor (LMB): StaticMeshActor (SILLON_CON_TEXTURA2_Cube_15)
[2020.11.03-17.39.42:980][322]LogSavePackage: Save=2153.67ms
[2020.11.03-17.39.42:980][322]LogSavePackage: Moving '../../../../../../Users/Belci_3/Documents/GitHub/Proyecto-Laberinto-Grupo-1/ProyectoLabApps/Saved/Minimal_Default_Auto212B091DD40083C1525148CADB80B76F3.tmp' to '../../../../../../Users/Belci_3/Documents/GitHub/Proyecto-Laberinto-Grupo-1/ProyectoLabApps/Saved/Autosaves/Game/Niveles/Mapa/Minimal_Default_Auto2.umap'
[2020.11.03-17.39.43:004][322]LogSavePackage:Display: Finished SavePackage ../../../../../../Users/Belci_3/Documents/GitHub/Proyecto-Laberinto-Grupo-1/ProyectoLabApps/Saved/Autosaves/Game/Niveles/Mapa/Minimal_Default_Auto2.umap
[2020.11.03-17.39.43:014][322]LogFileHelpers: Editor autosave (incl. sublevels) for '/Game/Niveles/Mapa/Minimal_Default' took 2.614
[2020.11.03-17.39.43:014][322]LogFileHelpers: Editor autosave (incl. sublevels) for all levels took 2.614
[2020.11.03-17.46.09:522][673]BlueprintLog: New page: Compilar Minimal_Default
[2020.11.03-17.46.38:689][384]BlueprintLog: New page: Compilar Minimal_Default
[2020.11.03-17.47.19:940][148]LogEditorViewport: Clicking on Actor (LMB): StaticMeshActor (Shape_Cube)
[2020.11.03-17.47.31:025][319]LogD3D11RHI: Timed out while waiting for GPU to catch up. (0.5 s)
[2020.11.03-17.47.50:371][471]LogSavePackage: Save=57.59ms
[2020.11.03-17.47.50:371][471]LogSavePackage: Moving '../../../../../../Users/Belci_3/Documents/GitHub/Proyecto-Laberinto-Grupo-1/ProyectoLabApps/Saved/Shape_CubeE6B34FBF4C3357641116AFB1A35F06C4.tmp' to '../../../../../../Users/Belci_3/Documents/GitHub/Proyecto-Laberinto-Grupo-1/ProyectoLabApps/Content/StarterContent/Estructura/Shape_Cube.uasset'
[2020.11.03-17.47.50:412][471]LogSavePackage:Display: Finished SavePackage ../../../../../../Users/Belci_3/Documents/GitHub/Proyecto-Laberinto-Grupo-1/ProyectoLabApps/Content/StarterContent/Estructura/Shape_Cube.uasset
[2020.11.03-17.48.09:943][597]LogSavePackage: Save=21.49ms
[2020.11.03-17.48.09:943][597]LogSavePackage: Moving '../../../../../../Users/Belci_3/Documents/GitHub/Proyecto-Laberinto-Grupo-1/ProyectoLabApps/Saved/Shape_Cube3985F9B343E0C31E7A4080870CF692E0.tmp' to '../../../../../../Users/Belci_3/Documents/GitHub/Proyecto-Laberinto-Grupo-1/ProyectoLabApps/Content/StarterContent/Estructura/Shape_Cube.uasset'
[2020.11.03-17.48.09:952][597]LogSavePackage:Display: Finished SavePackage ../../../../../../Users/Belci_3/Documents/GitHub/Proyecto-Laberinto-Grupo-1/ProyectoLabApps/Content/StarterContent/Estructura/Shape_Cube.uasset
[2020.11.03-17.48.12:365][630]LogEditorViewport: Clicking on Actor (LMB): StaticMeshActor (Wall_400x300)
[2020.11.03-17.48.37:397][871]LogSavePackage: Save=69.53ms
[2020.11.03-17.48.37:398][871]LogSavePackage: Moving '../../../../../../Users/Belci_3/Documents/GitHub/Proyecto-Laberinto-Grupo-1/ProyectoLabApps/Saved/Wall_400x300CFC3E94C4B75210FF7AA8DBDEA732639.tmp' to '../../../../../../Users/Belci_3/Documents/GitHub/Proyecto-Laberinto-Grupo-1/ProyectoLabApps/Content/StarterContent/Estructura/Wall_400x300.uasset'
[2020.11.03-17.48.37:418][871]LogSavePackage:Display: Finished SavePackage ../../../../../../Users/Belci_3/Documents/GitHub/Proyecto-Laberinto-Grupo-1/ProyectoLabApps/Content/StarterContent/Estructura/Wall_400x300.uasset
[2020.11.03-17.48.48:651][982]LogEditorViewport: Clicking on Actor (LMB): StaticMeshActor (Shape_Cube2)
[2020.11.03-17.48.57:852][102]LogD3D11RHI: Timed out while waiting for GPU to catch up. (0.5 s)
[2020.11.03-17.49.26:521][297]LogSavePackage: Save=23.29ms
[2020.11.03-17.49.26:521][297]LogSavePackage: Moving '../../../../../../Users/Belci_3/Documents/GitHub/Proyecto-Laberinto-Grupo-1/ProyectoLabApps/Saved/Shape_Cube30DCEB02410F55415107AF8FF0E07FCC.tmp' to '../../../../../../Users/Belci_3/Documents/GitHub/Proyecto-Laberinto-Grupo-1/ProyectoLabApps/Content/StarterContent/Estructura/Shape_Cube.uasset'
[2020.11.03-17.49.26:548][297]LogSavePackage:Display: Finished SavePackage ../../../../../../Users/Belci_3/Documents/GitHub/Proyecto-Laberinto-Grupo-1/ProyectoLabApps/Content/StarterContent/Estructura/Shape_Cube.uasset
[2020.11.03-17.49.31:698][353]LogEditorViewport: Clicking on Actor (LMB): StaticMeshActor (Wall_400x301)
[2020.11.03-17.49.40:568][450]LogD3D11RHI: Timed out while waiting for GPU to catch up. (0.5 s)
[2020.11.03-17.49.52:127][534]LogSavePackage: Save=28.68ms
[2020.11.03-17.49.52:127][534]LogSavePackage: Moving '../../../../../../Users/Belci_3/Documents/GitHub/Proyecto-Laberinto-Grupo-1/ProyectoLabApps/Saved/Wall_400x30043085BDC4CF87850205068819D02510C.tmp' to '../../../../../../Users/Belci_3/Documents/GitHub/Proyecto-Laberinto-Grupo-1/ProyectoLabApps/Content/StarterContent/Estructura/Wall_400x300.uasset'
[2020.11.03-17.49.52:152][534]LogSavePackage:Display: Finished SavePackage ../../../../../../Users/Belci_3/Documents/GitHub/Proyecto-Laberinto-Grupo-1/ProyectoLabApps/Content/StarterContent/Estructura/Wall_400x300.uasset
[2020.11.03-17.50.00:432][642]LogEditorViewport: Clicking on Actor (LMB): StaticMeshActor (Wall_400x303)
[2020.11.03-17.50.22:794][874]LogSavePackage: Save=24.19ms
[2020.11.03-17.50.22:794][874]LogSavePackage: Moving '../../../../../../Users/Belci_3/Documents/GitHub/Proyecto-Laberinto-Grupo-1/ProyectoLabApps/Saved/Wall_400x3001B0F8DAC4F0081DC2810219C02F661E6.tmp' to '../../../../../../Users/Belci_3/Documents/GitHub/Proyecto-Laberinto-Grupo-1/ProyectoLabApps/Content/StarterContent/Estructura/Wall_400x300.uasset'
[2020.11.03-17.50.22:816][874]LogSavePackage:Display: Finished SavePackage ../../../../../../Users/Belci_3/Documents/GitHub/Proyecto-Laberinto-Grupo-1/ProyectoLabApps/Content/StarterContent/Estructura/Wall_400x300.uasset
[2020.11.03-17.50.29:338][953]LogEditorViewport: Clicking on Actor (LMB): StaticMeshActor (untitled)
[2020.11.03-17.50.38:805][ 90]LogD3D11RHI: Timed out while waiting for GPU to catch up. (0.5 s)
[2020.11.03-17.50.53:108][188]LogSavePackage: Save=25.75ms
[2020.11.03-17.50.53:108][188]LogSavePackage: Moving '../../../../../../Users/Belci_3/Documents/GitHub/Proyecto-Laberinto-Grupo-1/ProyectoLabApps/Saved/untitled1EB6357F4FAFCE97AC55F18D80A7B61B.tmp' to '../../../../../../Users/Belci_3/Documents/GitHub/Proyecto-Laberinto-Grupo-1/ProyectoLabApps/Content/ObjetosBlender/MESA/untitled.uasset'
[2020.11.03-17.50.53:117][188]LogSavePackage:Display: Finished SavePackage ../../../../../../Users/Belci_3/Documents/GitHub/Proyecto-Laberinto-Grupo-1/ProyectoLabApps/Content/ObjetosBlender/MESA/untitled.uasset
[2020.11.03-17.50.56:313][235]LogEditorViewport: Clicking on Actor (LMB): StaticMeshActor (untitled_Cube_2)
[2020.11.03-17.51.14:758][566]LogEditorViewport: Clicking on Actor (LMB): Personaje_C (Personaje)
[2020.11.03-17.51.48:836][  1]LogEditorViewport: Clicking on Actor (LMB): StaticMeshActor (Wall_400x300)
[2020.11.03-17.51.50:152][ 22]LogTemp: Repeting last play command: New Editor Window (PIE)
[2020.11.03-17.51.50:210][ 22]LogBlueprintUserMessages: Early PlayInEditor Detection: Level '/Game/Niveles/Mapa/Minimal_Default.Minimal_Default:PersistentLevel' has LevelScriptBlueprint '/Game/Niveles/Mapa/Minimal_Default.Minimal_Default:PersistentLevel.Minimal_Default' with GeneratedClass '/Game/Niveles/Mapa/Minimal_Default.Minimal_Default_C' with ClassGeneratedBy '/Game/Niveles/Mapa/Minimal_Default.Minimal_Default:PersistentLevel.Minimal_Default'
[2020.11.03-17.51.50:210][ 22]LogPlayLevel: PlayLevel: No blueprints needed recompiling
[2020.11.03-17.51.50:212][ 22]PIE: New page: Sesión PIE (reproducción en el editor): Minimal_Default (3/11/2020 11:51:50)
[2020.11.03-17.51.50:213][ 22]LogPlayLevel: Creating play world package: /Game/Niveles/Mapa/UEDPIE_0_Minimal_Default
[2020.11.03-17.51.50:644][ 22]LogPlayLevel: PIE: StaticDuplicateObject took: (0.430865s)
[2020.11.03-17.51.50:648][ 22]LogAIModule: Creating AISystem for world Minimal_Default
[2020.11.03-17.51.50:649][ 22]LogPlayLevel: PIE: World Init took: (0.004052s)
[2020.11.03-17.51.50:650][ 22]LogPlayLevel: PIE: Created PIE world by copying editor world from /Game/Niveles/Mapa/Minimal_Default.Minimal_Default to /Game/Niveles/Mapa/UEDPIE_0_Minimal_Default.Minimal_Default (0.436451s)
[2020.11.03-17.51.50:874][ 22]LogInit: XAudio2 using 'Speakers (Realtek High Definition Audio)' : 2 channels at 48 kHz using 32 bits per sample (channel mask 0x3)
[2020.11.03-17.51.50:935][ 22]LogInit: FAudioDevice initialized.
[2020.11.03-17.51.51:036][ 22]LogLoad: Game class is 'GameModeBase'
[2020.11.03-17.51.51:106][ 22]LogWorld: Bringing World /Game/Niveles/Mapa/UEDPIE_0_Minimal_Default.Minimal_Default up for play (max tick rate 60) at 2020.11.03-14.51.51
[2020.11.03-17.51.51:111][ 22]LogWorld: Bringing up level for play took: 0.072748
[2020.11.03-17.51.51:134][ 22]PIE: Información Tiempo de inicio de la reproducción en el editor para  /Game/Niveles/Mapa/UEDPIE_0_Minimal_Default 1,126
[2020.11.03-17.51.51:137][ 22]LogBlueprintUserMessages: Late PlayInEditor Detection: Level '/Game/Niveles/Mapa/Minimal_Default.Minimal_Default:PersistentLevel' has LevelScriptBlueprint '/Game/Niveles/Mapa/Minimal_Default.Minimal_Default:PersistentLevel.Minimal_Default' with GeneratedClass '/Game/Niveles/Mapa/Minimal_Default.Minimal_Default_C' with ClassGeneratedBy '/Game/Niveles/Mapa/Minimal_Default.Minimal_Default:PersistentLevel.Minimal_Default'
[2020.11.03-17.52.33:239][399]LogBlueprintUserMessages: Early EndPlayMap Detection: Level '/Game/Niveles/Mapa/Minimal_Default.Minimal_Default:PersistentLevel' has LevelScriptBlueprint '/Game/Niveles/Mapa/Minimal_Default.Minimal_Default:PersistentLevel.Minimal_Default' with GeneratedClass '/Game/Niveles/Mapa/Minimal_Default.Minimal_Default_C' with ClassGeneratedBy '/Game/Niveles/Mapa/Minimal_Default.Minimal_Default:PersistentLevel.Minimal_Default'
[2020.11.03-17.52.33:749][399]LogBlueprintUserMessages: Late EndPlayMap Detection: Level '/Game/Niveles/Mapa/Minimal_Default.Minimal_Default:PersistentLevel' has LevelScriptBlueprint '/Game/Niveles/Mapa/Minimal_Default.Minimal_Default:PersistentLevel.Minimal_Default' with GeneratedClass '/Game/Niveles/Mapa/Minimal_Default.Minimal_Default_C' with ClassGeneratedBy '/Game/Niveles/Mapa/Minimal_Default.Minimal_Default:PersistentLevel.Minimal_Default'
[2020.11.03-17.52.48:411][570]LogEditorViewport: Clicking on Actor (LMB): StaticMeshActor (Shape_Cube3)
[2020.11.03-17.53.09:135][778]LogSavePackage: Save=19.96ms
[2020.11.03-17.53.09:135][778]LogSavePackage: Moving '../../../../../../Users/Belci_3/Documents/GitHub/Proyecto-Laberinto-Grupo-1/ProyectoLabApps/Saved/Shape_CubeE3CAD979496A98712FBED789ACC0D7A4.tmp' to '../../../../../../Users/Belci_3/Documents/GitHub/Proyecto-Laberinto-Grupo-1/ProyectoLabApps/Content/StarterContent/Estructura/Shape_Cube.uasset'
[2020.11.03-17.53.09:150][778]LogSavePackage:Display: Finished SavePackage ../../../../../../Users/Belci_3/Documents/GitHub/Proyecto-Laberinto-Grupo-1/ProyectoLabApps/Content/StarterContent/Estructura/Shape_Cube.uasset
[2020.11.03-17.53.12:422][816]LogEditorViewport: Clicking on Actor (LMB): StaticMeshActor (Wall_400x317)
[2020.11.03-17.53.31:915][ 15]LogSavePackage: Save=25.28ms
[2020.11.03-17.53.31:915][ 15]LogSavePackage: Moving '../../../../../../Users/Belci_3/Documents/GitHub/Proyecto-Laberinto-Grupo-1/ProyectoLabApps/Saved/Wall_400x300EEAB9A21425FF36D1BBB7D80CF279CBF.tmp' to '../../../../../../Users/Belci_3/Documents/GitHub/Proyecto-Laberinto-Grupo-1/ProyectoLabApps/Content/StarterContent/Estructura/Wall_400x300.uasset'
[2020.11.03-17.53.31:938][ 15]LogSavePackage:Display: Finished SavePackage ../../../../../../Users/Belci_3/Documents/GitHub/Proyecto-Laberinto-Grupo-1/ProyectoLabApps/Content/StarterContent/Estructura/Wall_400x300.uasset
[2020.11.03-17.53.40:703][155]LogEditorViewport: Clicking on Actor (context menu): StaticMeshActor (Wall_400x304)
[2020.11.03-17.53.41:956][174]LogEditorViewport: Clicking on Actor (LMB): StaticMeshActor (Wall_400x304)
[2020.11.03-17.53.59:541][333]LogSavePackage: Save=28.57ms
[2020.11.03-17.53.59:541][333]LogSavePackage: Moving '../../../../../../Users/Belci_3/Documents/GitHub/Proyecto-Laberinto-Grupo-1/ProyectoLabApps/Saved/Wall_400x300022F9842490EB7CBD7986FB33384B01B.tmp' to '../../../../../../Users/Belci_3/Documents/GitHub/Proyecto-Laberinto-Grupo-1/ProyectoLabApps/Content/StarterContent/Estructura/Wall_400x300.uasset'
[2020.11.03-17.53.59:562][333]LogSavePackage:Display: Finished SavePackage ../../../../../../Users/Belci_3/Documents/GitHub/Proyecto-Laberinto-Grupo-1/ProyectoLabApps/Content/StarterContent/Estructura/Wall_400x300.uasset
[2020.11.03-17.54.03:271][383]LogEditorViewport: Clicking on Actor (LMB): StaticMeshActor (Shape_Cube4)
[2020.11.03-17.54.20:930][540]LogSavePackage: Save=9.62ms
[2020.11.03-17.54.20:930][540]LogSavePackage: Moving '../../../../../../Users/Belci_3/Documents/GitHub/Proyecto-Laberinto-Grupo-1/ProyectoLabApps/Saved/Shape_Cube8DF4DE284CF9DC635F148A8E8F767BA5.tmp' to '../../../../../../Users/Belci_3/Documents/GitHub/Proyecto-Laberinto-Grupo-1/ProyectoLabApps/Content/StarterContent/Estructura/Shape_Cube.uasset'
[2020.11.03-17.54.20:938][540]LogSavePackage:Display: Finished SavePackage ../../../../../../Users/Belci_3/Documents/GitHub/Proyecto-Laberinto-Grupo-1/ProyectoLabApps/Content/StarterContent/Estructura/Shape_Cube.uasset
[2020.11.03-17.54.42:827][820]LogEditorViewport: Clicking on Actor (LMB): StaticMeshActor (Wall_400x305)
[2020.11.03-17.54.54:427][  0]LogD3D11RHI: Timed out while waiting for GPU to catch up. (0.5 s)
[2020.11.03-17.55.00:442][ 40]LogSavePackage: Save=19.31ms
[2020.11.03-17.55.00:442][ 40]LogSavePackage: Moving '../../../../../../Users/Belci_3/Documents/GitHub/Proyecto-Laberinto-Grupo-1/ProyectoLabApps/Saved/Wall_400x300E67980334A67837674E506835A587C83.tmp' to '../../../../../../Users/Belci_3/Documents/GitHub/Proyecto-Laberinto-Grupo-1/ProyectoLabApps/Content/StarterContent/Estructura/Wall_400x300.uasset'
[2020.11.03-17.55.00:462][ 40]LogSavePackage:Display: Finished SavePackage ../../../../../../Users/Belci_3/Documents/GitHub/Proyecto-Laberinto-Grupo-1/ProyectoLabApps/Content/StarterContent/Estructura/Wall_400x300.uasset
[2020.11.03-17.55.04:807][ 91]LogEditorViewport: Clicking on Actor (LMB): StaticMeshActor (Wall_400x307)
[2020.11.03-17.55.05:660][101]LogEditorViewport: Clicking on Actor (context menu): StaticMeshActor (Wall_400x307)
[2020.11.03-17.55.18:741][193]LogSavePackage: Save=11.36ms
[2020.11.03-17.55.18:742][193]LogSavePackage: Moving '../../../../../../Users/Belci_3/Documents/GitHub/Proyecto-Laberinto-Grupo-1/ProyectoLabApps/Saved/Wall_400x300C0698F194C739379D8562D8F9BF96B05.tmp' to '../../../../../../Users/Belci_3/Documents/GitHub/Proyecto-Laberinto-Grupo-1/ProyectoLabApps/Content/StarterContent/Estructura/Wall_400x300.uasset'
[2020.11.03-17.55.18:750][193]LogSavePackage:Display: Finished SavePackage ../../../../../../Users/Belci_3/Documents/GitHub/Proyecto-Laberinto-Grupo-1/ProyectoLabApps/Content/StarterContent/Estructura/Wall_400x300.uasset
[2020.11.03-17.55.22:553][245]LogTemp: Repeting last play command: New Editor Window (PIE)
[2020.11.03-17.55.22:576][245]LogBlueprintUserMessages: Early PlayInEditor Detection: Level '/Game/Niveles/Mapa/Minimal_Default.Minimal_Default:PersistentLevel' has LevelScriptBlueprint '/Game/Niveles/Mapa/Minimal_Default.Minimal_Default:PersistentLevel.Minimal_Default' with GeneratedClass '/Game/Niveles/Mapa/Minimal_Default.Minimal_Default_C' with ClassGeneratedBy '/Game/Niveles/Mapa/Minimal_Default.Minimal_Default:PersistentLevel.Minimal_Default'
[2020.11.03-17.55.22:576][245]LogPlayLevel: PlayLevel: No blueprints needed recompiling
[2020.11.03-17.55.22:577][245]PIE: New page: Sesión PIE (reproducción en el editor): Minimal_Default (3/11/2020 11:55:22)
[2020.11.03-17.55.22:577][245]LogPlayLevel: Creating play world package: /Game/Niveles/Mapa/UEDPIE_0_Minimal_Default
[2020.11.03-17.55.22:795][245]LogPlayLevel: PIE: StaticDuplicateObject took: (0.218538s)
[2020.11.03-17.55.22:798][245]LogAIModule: Creating AISystem for world Minimal_Default
[2020.11.03-17.55.22:799][245]LogPlayLevel: PIE: World Init took: (0.003759s)
[2020.11.03-17.55.22:800][245]LogPlayLevel: PIE: Created PIE world by copying editor world from /Game/Niveles/Mapa/Minimal_Default.Minimal_Default to /Game/Niveles/Mapa/UEDPIE_0_Minimal_Default.Minimal_Default (0.223218s)
[2020.11.03-17.55.22:991][245]LogInit: XAudio2 using 'Speakers (Realtek High Definition Audio)' : 2 channels at 48 kHz using 32 bits per sample (channel mask 0x3)
[2020.11.03-17.55.23:043][245]LogInit: FAudioDevice initialized.
[2020.11.03-17.55.23:134][245]LogLoad: Game class is 'GameModeBase'
[2020.11.03-17.55.23:196][245]LogWorld: Bringing World /Game/Niveles/Mapa/UEDPIE_0_Minimal_Default.Minimal_Default up for play (max tick rate 60) at 2020.11.03-14.55.23
[2020.11.03-17.55.23:200][245]LogWorld: Bringing up level for play took: 0.061258
[2020.11.03-17.55.23:235][245]PIE: Información Tiempo de inicio de la reproducción en el editor para  /Game/Niveles/Mapa/UEDPIE_0_Minimal_Default 1,226
[2020.11.03-17.55.23:237][245]LogBlueprintUserMessages: Late PlayInEditor Detection: Level '/Game/Niveles/Mapa/Minimal_Default.Minimal_Default:PersistentLevel' has LevelScriptBlueprint '/Game/Niveles/Mapa/Minimal_Default.Minimal_Default:PersistentLevel.Minimal_Default' with GeneratedClass '/Game/Niveles/Mapa/Minimal_Default.Minimal_Default_C' with ClassGeneratedBy '/Game/Niveles/Mapa/Minimal_Default.Minimal_Default:PersistentLevel.Minimal_Default'
[2020.11.03-17.55.40:904][403]LogBlueprintUserMessages: Early EndPlayMap Detection: Level '/Game/Niveles/Mapa/Minimal_Default.Minimal_Default:PersistentLevel' has LevelScriptBlueprint '/Game/Niveles/Mapa/Minimal_Default.Minimal_Default:PersistentLevel.Minimal_Default' with GeneratedClass '/Game/Niveles/Mapa/Minimal_Default.Minimal_Default_C' with ClassGeneratedBy '/Game/Niveles/Mapa/Minimal_Default.Minimal_Default:PersistentLevel.Minimal_Default'
[2020.11.03-17.55.41:243][403]LogBlueprintUserMessages: Late EndPlayMap Detection: Level '/Game/Niveles/Mapa/Minimal_Default.Minimal_Default:PersistentLevel' has LevelScriptBlueprint '/Game/Niveles/Mapa/Minimal_Default.Minimal_Default:PersistentLevel.Minimal_Default' with GeneratedClass '/Game/Niveles/Mapa/Minimal_Default.Minimal_Default_C' with ClassGeneratedBy '/Game/Niveles/Mapa/Minimal_Default.Minimal_Default:PersistentLevel.Minimal_Default'
[2020.11.03-17.56.10:860][876]LogTemp: Repeting last play command: New Editor Window (PIE)
[2020.11.03-17.56.10:918][876]LogBlueprintUserMessages: Early PlayInEditor Detection: Level '/Game/Niveles/Mapa/Minimal_Default.Minimal_Default:PersistentLevel' has LevelScriptBlueprint '/Game/Niveles/Mapa/Minimal_Default.Minimal_Default:PersistentLevel.Minimal_Default' with GeneratedClass '/Game/Niveles/Mapa/Minimal_Default.Minimal_Default_C' with ClassGeneratedBy '/Game/Niveles/Mapa/Minimal_Default.Minimal_Default:PersistentLevel.Minimal_Default'
[2020.11.03-17.56.10:918][876]LogPlayLevel: PlayLevel: No blueprints needed recompiling
[2020.11.03-17.56.10:919][876]PIE: New page: Sesión PIE (reproducción en el editor): Minimal_Default (3/11/2020 11:56:10)
[2020.11.03-17.56.10:919][876]LogPlayLevel: Creating play world package: /Game/Niveles/Mapa/UEDPIE_0_Minimal_Default
[2020.11.03-17.56.11:231][876]LogPlayLevel: PIE: StaticDuplicateObject took: (0.311507s)
[2020.11.03-17.56.11:233][876]LogAIModule: Creating AISystem for world Minimal_Default
[2020.11.03-17.56.11:234][876]LogPlayLevel: PIE: World Init took: (0.002802s)
[2020.11.03-17.56.11:234][876]LogPlayLevel: PIE: Created PIE world by copying editor world from /Game/Niveles/Mapa/Minimal_Default.Minimal_Default to /Game/Niveles/Mapa/UEDPIE_0_Minimal_Default.Minimal_Default (0.315330s)
[2020.11.03-17.56.11:379][876]LogInit: XAudio2 using 'Speakers (Realtek High Definition Audio)' : 2 channels at 48 kHz using 32 bits per sample (channel mask 0x3)
[2020.11.03-17.56.11:424][876]LogInit: FAudioDevice initialized.
[2020.11.03-17.56.11:622][876]LogLoad: Game class is 'GameModeBase'
[2020.11.03-17.56.11:684][876]LogWorld: Bringing World /Game/Niveles/Mapa/UEDPIE_0_Minimal_Default.Minimal_Default up for play (max tick rate 60) at 2020.11.03-14.56.11
[2020.11.03-17.56.11:688][876]LogWorld: Bringing up level for play took: 0.064588
[2020.11.03-17.56.11:712][876]PIE: Información Tiempo de inicio de la reproducción en el editor para  /Game/Niveles/Mapa/UEDPIE_0_Minimal_Default 1,704
[2020.11.03-17.56.11:714][876]LogBlueprintUserMessages: Late PlayInEditor Detection: Level '/Game/Niveles/Mapa/Minimal_Default.Minimal_Default:PersistentLevel' has LevelScriptBlueprint '/Game/Niveles/Mapa/Minimal_Default.Minimal_Default:PersistentLevel.Minimal_Default' with GeneratedClass '/Game/Niveles/Mapa/Minimal_Default.Minimal_Default_C' with ClassGeneratedBy '/Game/Niveles/Mapa/Minimal_Default.Minimal_Default:PersistentLevel.Minimal_Default'
[2020.11.03-17.56.15:530][907]LogBlueprintUserMessages: Early EndPlayMap Detection: Level '/Game/Niveles/Mapa/Minimal_Default.Minimal_Default:PersistentLevel' has LevelScriptBlueprint '/Game/Niveles/Mapa/Minimal_Default.Minimal_Default:PersistentLevel.Minimal_Default' with GeneratedClass '/Game/Niveles/Mapa/Minimal_Default.Minimal_Default_C' with ClassGeneratedBy '/Game/Niveles/Mapa/Minimal_Default.Minimal_Default:PersistentLevel.Minimal_Default'
[2020.11.03-17.56.15:761][907]LogBlueprintUserMessages: Late EndPlayMap Detection: Level '/Game/Niveles/Mapa/Minimal_Default.Minimal_Default:PersistentLevel' has LevelScriptBlueprint '/Game/Niveles/Mapa/Minimal_Default.Minimal_Default:PersistentLevel.Minimal_Default' with GeneratedClass '/Game/Niveles/Mapa/Minimal_Default.Minimal_Default_C' with ClassGeneratedBy '/Game/Niveles/Mapa/Minimal_Default.Minimal_Default:PersistentLevel.Minimal_Default'
[2020.11.03-17.56.26:002][160]LogEditorViewport: Clicking on Actor (LMB): StaticMeshActor (Wall_400x326)
[2020.11.03-17.56.28:459][213]LogEditorViewport: Clicking on Actor (LMB): StaticMeshActor (Shape_Cube13)
[2020.11.03-17.56.29:779][234]LogEditorViewport: Clicking on Actor (LMB): StaticMeshActor (Wall_400x326)
[2020.11.03-17.56.30:761][246]LogEditorViewport: Clicking on Actor (context menu): StaticMeshActor (Wall_400x326)
[2020.11.03-17.56.37:075][278]LogD3D11RHI: Timed out while waiting for GPU to catch up. (0.5 s)
[2020.11.03-17.56.47:677][355]LogSavePackage: Save=31.38ms
[2020.11.03-17.56.47:677][355]LogSavePackage: Moving '../../../../../../Users/Belci_3/Documents/GitHub/Proyecto-Laberinto-Grupo-1/ProyectoLabApps/Saved/Wall_400x300D0D8AC7B436058792FFB8EB879395007.tmp' to '../../../../../../Users/Belci_3/Documents/GitHub/Proyecto-Laberinto-Grupo-1/ProyectoLabApps/Content/StarterContent/Estructura/Wall_400x300.uasset'
[2020.11.03-17.56.47:699][355]LogSavePackage:Display: Finished SavePackage ../../../../../../Users/Belci_3/Documents/GitHub/Proyecto-Laberinto-Grupo-1/ProyectoLabApps/Content/StarterContent/Estructura/Wall_400x300.uasset
[2020.11.03-17.56.54:793][456]LogEditorViewport: Clicking on Actor (LMB): StaticMeshActor (Shape_Cube13)
[2020.11.03-17.56.56:238][479]LogEditorViewport: Clicking on Actor (CTRL LMB): StaticMeshActor (Shape_Cube14)
[2020.11.03-17.56.57:870][514]LogEditorViewport: Clicking on Actor (CTRL LMB): StaticMeshActor (Wall_400x324)
[2020.11.03-17.56.59:519][551]LogEditorViewport: Clicking on Actor (CTRL LMB): StaticMeshActor (Wall_400x325)
[2020.11.03-17.57.01:119][581]LogEditorViewport: Clicking on Actor (context menu): StaticMeshActor (Wall_400x325)
[2020.11.03-17.57.06:699][675]LogD3D11RHI: Timed out while waiting for GPU to catch up. (0.5 s)
[2020.11.03-17.57.31:504][812]LogSavePackage: Save=50.26ms
[2020.11.03-17.57.31:504][812]LogSavePackage: Moving '../../../../../../Users/Belci_3/Documents/GitHub/Proyecto-Laberinto-Grupo-1/ProyectoLabApps/Saved/Wall_400x3005706C4464E0C209BE981ADA7E426C833.tmp' to '../../../../../../Users/Belci_3/Documents/GitHub/Proyecto-Laberinto-Grupo-1/ProyectoLabApps/Content/StarterContent/Estructura/Wall_400x300.uasset'
[2020.11.03-17.57.31:525][812]LogSavePackage:Display: Finished SavePackage ../../../../../../Users/Belci_3/Documents/GitHub/Proyecto-Laberinto-Grupo-1/ProyectoLabApps/Content/StarterContent/Estructura/Wall_400x300.uasset
[2020.11.03-17.57.46:820][930]LogSavePackage: Save=34.95ms
[2020.11.03-17.57.46:820][930]LogSavePackage: Moving '../../../../../../Users/Belci_3/Documents/GitHub/Proyecto-Laberinto-Grupo-1/ProyectoLabApps/Saved/Shape_CubeA58AC51D492F8FF44AEB8CA0A6661969.tmp' to '../../../../../../Users/Belci_3/Documents/GitHub/Proyecto-Laberinto-Grupo-1/ProyectoLabApps/Content/StarterContent/Estructura/Shape_Cube.uasset'
[2020.11.03-17.57.46:839][930]LogSavePackage:Display: Finished SavePackage ../../../../../../Users/Belci_3/Documents/GitHub/Proyecto-Laberinto-Grupo-1/ProyectoLabApps/Content/StarterContent/Estructura/Shape_Cube.uasset
[2020.11.03-17.57.54:757][ 76]Cmd: SELECT NONE
[2020.11.03-17.57.55:814][102]LogEditorViewport: Clicking on Actor (LMB): StaticMeshActor (Wall_400x325)
[2020.11.03-17.57.56:429][104]LogEditorViewport: Clicking on Actor (context menu): StaticMeshActor (Wall_400x325)
[2020.11.03-17.58.02:164][135]LogD3D11RHI: Timed out while waiting for GPU to catch up. (0.5 s)
[2020.11.03-17.58.15:192][227]LogSavePackage: Save=42.44ms
[2020.11.03-17.58.15:192][227]LogSavePackage: Moving '../../../../../../Users/Belci_3/Documents/GitHub/Proyecto-Laberinto-Grupo-1/ProyectoLabApps/Saved/Wall_400x300B6C79FEB4646677C0584B3A53409E8EC.tmp' to '../../../../../../Users/Belci_3/Documents/GitHub/Proyecto-Laberinto-Grupo-1/ProyectoLabApps/Content/StarterContent/Estructura/Wall_400x300.uasset'
[2020.11.03-17.58.15:212][227]LogSavePackage:Display: Finished SavePackage ../../../../../../Users/Belci_3/Documents/GitHub/Proyecto-Laberinto-Grupo-1/ProyectoLabApps/Content/StarterContent/Estructura/Wall_400x300.uasset
[2020.11.03-17.58.17:628][257]LogEditorViewport: Clicking on Actor (LMB): StaticMeshActor (Wall_400x324)
[2020.11.03-17.58.18:713][276]LogEditorViewport: Clicking on Actor (context menu): StaticMeshActor (Wall_400x324)
[2020.11.03-17.58.32:420][371]LogSavePackage: Save=27.98ms
[2020.11.03-17.58.32:420][371]LogSavePackage: Moving '../../../../../../Users/Belci_3/Documents/GitHub/Proyecto-Laberinto-Grupo-1/ProyectoLabApps/Saved/Wall_400x30040ADF0ED495D4A637932A586F6EBAB43.tmp' to '../../../../../../Users/Belci_3/Documents/GitHub/Proyecto-Laberinto-Grupo-1/ProyectoLabApps/Content/StarterContent/Estructura/Wall_400x300.uasset'
[2020.11.03-17.58.32:441][371]LogSavePackage:Display: Finished SavePackage ../../../../../../Users/Belci_3/Documents/GitHub/Proyecto-Laberinto-Grupo-1/ProyectoLabApps/Content/StarterContent/Estructura/Wall_400x300.uasset
[2020.11.03-17.58.34:477][390]LogEditorViewport: Clicking on Actor (LMB): StaticMeshActor (Shape_Cube13)
[2020.11.03-17.58.35:031][392]LogEditorViewport: Clicking on Actor (context menu): StaticMeshActor (Shape_Cube13)
[2020.11.03-17.58.40:348][424]LogD3D11RHI: Timed out while waiting for GPU to catch up. (0.5 s)
[2020.11.03-17.58.49:505][491]LogSavePackage: Save=28.66ms
[2020.11.03-17.58.49:505][491]LogSavePackage: Moving '../../../../../../Users/Belci_3/Documents/GitHub/Proyecto-Laberinto-Grupo-1/ProyectoLabApps/Saved/Shape_CubeCC49FB1649C4DC2FA36F15858C593A33.tmp' to '../../../../../../Users/Belci_3/Documents/GitHub/Proyecto-Laberinto-Grupo-1/ProyectoLabApps/Content/StarterContent/Estructura/Shape_Cube.uasset'
[2020.11.03-17.58.49:525][491]LogSavePackage:Display: Finished SavePackage ../../../../../../Users/Belci_3/Documents/GitHub/Proyecto-Laberinto-Grupo-1/ProyectoLabApps/Content/StarterContent/Estructura/Shape_Cube.uasset
[2020.11.03-17.58.55:122][547]LogEditorViewport: Clicking on Actor (LMB): StaticMeshActor (Shape_Cube14)
[2020.11.03-17.58.55:704][550]LogEditorViewport: Clicking on Actor (context menu): StaticMeshActor (Shape_Cube14)
[2020.11.03-17.59.16:473][673]LogSavePackage: Save=28.56ms
[2020.11.03-17.59.16:475][673]LogSavePackage: Moving '../../../../../../Users/Belci_3/Documents/GitHub/Proyecto-Laberinto-Grupo-1/ProyectoLabApps/Saved/Shape_CubeECFB5F27474F2837305B809137016DB3.tmp' to '../../../../../../Users/Belci_3/Documents/GitHub/Proyecto-Laberinto-Grupo-1/ProyectoLabApps/Content/StarterContent/Estructura/Shape_Cube.uasset'
[2020.11.03-17.59.16:483][673]LogSavePackage:Display: Finished SavePackage ../../../../../../Users/Belci_3/Documents/GitHub/Proyecto-Laberinto-Grupo-1/ProyectoLabApps/Content/StarterContent/Estructura/Shape_Cube.uasset
[2020.11.03-17.59.19:531][719]LogTemp: Repeting last play command: New Editor Window (PIE)
[2020.11.03-17.59.19:580][719]LogBlueprintUserMessages: Early PlayInEditor Detection: Level '/Game/Niveles/Mapa/Minimal_Default.Minimal_Default:PersistentLevel' has LevelScriptBlueprint '/Game/Niveles/Mapa/Minimal_Default.Minimal_Default:PersistentLevel.Minimal_Default' with GeneratedClass '/Game/Niveles/Mapa/Minimal_Default.Minimal_Default_C' with ClassGeneratedBy '/Game/Niveles/Mapa/Minimal_Default.Minimal_Default:PersistentLevel.Minimal_Default'
[2020.11.03-17.59.19:580][719]LogPlayLevel: PlayLevel: No blueprints needed recompiling
[2020.11.03-17.59.19:580][719]PIE: New page: Sesión PIE (reproducción en el editor): Minimal_Default (3/11/2020 11:59:19)
[2020.11.03-17.59.19:581][719]LogPlayLevel: Creating play world package: /Game/Niveles/Mapa/UEDPIE_0_Minimal_Default
[2020.11.03-17.59.19:832][719]LogPlayLevel: PIE: StaticDuplicateObject took: (0.251030s)
[2020.11.03-17.59.19:834][719]LogAIModule: Creating AISystem for world Minimal_Default
[2020.11.03-17.59.19:835][719]LogPlayLevel: PIE: World Init took: (0.003198s)
[2020.11.03-17.59.19:836][719]LogPlayLevel: PIE: Created PIE world by copying editor world from /Game/Niveles/Mapa/Minimal_Default.Minimal_Default to /Game/Niveles/Mapa/UEDPIE_0_Minimal_Default.Minimal_Default (0.255243s)
[2020.11.03-17.59.19:973][719]LogInit: XAudio2 using 'Speakers (Realtek High Definition Audio)' : 2 channels at 48 kHz using 32 bits per sample (channel mask 0x3)
[2020.11.03-17.59.20:007][719]LogInit: FAudioDevice initialized.
[2020.11.03-17.59.20:074][719]LogLoad: Game class is 'GameModeBase'
[2020.11.03-17.59.20:127][719]LogWorld: Bringing World /Game/Niveles/Mapa/UEDPIE_0_Minimal_Default.Minimal_Default up for play (max tick rate 60) at 2020.11.03-14.59.20
[2020.11.03-17.59.20:128][719]LogWorld: Bringing up level for play took: 0.053035
[2020.11.03-17.59.20:141][719]PIE: Información Tiempo de inicio de la reproducción en el editor para  /Game/Niveles/Mapa/UEDPIE_0_Minimal_Default 0,133
[2020.11.03-17.59.20:143][719]LogBlueprintUserMessages: Late PlayInEditor Detection: Level '/Game/Niveles/Mapa/Minimal_Default.Minimal_Default:PersistentLevel' has LevelScriptBlueprint '/Game/Niveles/Mapa/Minimal_Default.Minimal_Default:PersistentLevel.Minimal_Default' with GeneratedClass '/Game/Niveles/Mapa/Minimal_Default.Minimal_Default_C' with ClassGeneratedBy '/Game/Niveles/Mapa/Minimal_Default.Minimal_Default:PersistentLevel.Minimal_Default'
[2020.11.03-17.59.52:747][ 21]LogBlueprintUserMessages: Early EndPlayMap Detection: Level '/Game/Niveles/Mapa/Minimal_Default.Minimal_Default:PersistentLevel' has LevelScriptBlueprint '/Game/Niveles/Mapa/Minimal_Default.Minimal_Default:PersistentLevel.Minimal_Default' with GeneratedClass '/Game/Niveles/Mapa/Minimal_Default.Minimal_Default_C' with ClassGeneratedBy '/Game/Niveles/Mapa/Minimal_Default.Minimal_Default:PersistentLevel.Minimal_Default'
[2020.11.03-17.59.53:235][ 21]LogBlueprintUserMessages: Late EndPlayMap Detection: Level '/Game/Niveles/Mapa/Minimal_Default.Minimal_Default:PersistentLevel' has LevelScriptBlueprint '/Game/Niveles/Mapa/Minimal_Default.Minimal_Default:PersistentLevel.Minimal_Default' with GeneratedClass '/Game/Niveles/Mapa/Minimal_Default.Minimal_Default_C' with ClassGeneratedBy '/Game/Niveles/Mapa/Minimal_Default.Minimal_Default:PersistentLevel.Minimal_Default'
[2020.11.03-18.00.24:560][458]LogEditorViewport: Clicking on Actor (LMB): StaticMeshActor (Shape_Cube18)
[2020.11.03-18.00.25:240][461]LogEditorViewport: Clicking on Actor (context menu): StaticMeshActor (Shape_Cube18)
[2020.11.03-18.01.07:753][ 94]LogEditorViewport: Clicking on Actor (context menu): StaticMeshActor (Wall_400x335)
[2020.11.03-18.01.09:326][112]LogEditorViewport: Clicking on Actor (LMB): StaticMeshActor (Wall_400x335)
[2020.11.03-18.01.20:167][292]LogEditorViewport: Clicking on Actor (LMB): StaticMeshActor (Wall_400x338)
[2020.11.03-18.02.07:970][108]LogEditorViewport: Clicking on Actor (LMB): StaticMeshActor (Wall_400x335)
[2020.11.03-18.02.20:117][305]LogEditorViewport: Clicking on Actor (LMB): StaticMeshActor (SM_Door)
[2020.11.03-18.02.26:481][415]LogEditorViewport: Clicking on Actor (LMB): StaticMeshActor (Wall_400x338)
[2020.11.03-18.02.40:564][624]LogEditorViewport: Clicking on Actor (LMB): StaticMeshActor (SM_Door)
[2020.11.03-18.02.49:897][848]LogEditorViewport: Clicking on Actor (LMB): StaticMeshActor (Wall_400x338)
[2020.11.03-18.03.21:700][379]LogEditorViewport: Clicking on Actor (LMB): StaticMeshActor (Wall_400x335)
[2020.11.03-18.04.02:864][ 36]LogEditorViewport: Clicking on Actor (LMB): StaticMeshActor (Wall_400x335)
[2020.11.03-18.04.21:171][415]LogActorFactory: Actor Factory created SM_GlassWindow
[2020.11.03-18.04.36:560][699]LogEditorViewport: Clicking on Actor (LMB): StaticMeshActor (Wall_400x335)
[2020.11.03-18.04.37:620][723]Cmd: EDIT COPY
[2020.11.03-18.04.40:797][778]LogEditorViewport: Clicking on Actor (LMB): StaticMeshActor (Wall_400x332)
[2020.11.03-18.04.41:548][783]LogEditorViewport: Clicking on Actor (LMB): StaticMeshActor (Floor5)
[2020.11.03-18.04.42:339][793]Cmd: EDIT PASTE
[2020.11.03-18.06.06:860][168]LogEditorViewport: Clicking on Actor (LMB): StaticMeshActor (Wall_400x335)
[2020.11.03-18.06.08:982][219]LogEditorViewport: Clicking on Actor (LMB): StaticMeshActor (Wall_400x355)
[2020.11.03-18.06.18:013][394]LogEditorViewport: Clicking on Actor (LMB): StaticMeshActor (Wall_400x335)
[2020.11.03-18.06.23:257][479]LogEditorViewport: Clicking on Actor (LMB): StaticMeshActor (Wall_400x355)
[2020.11.03-18.06.47:837][951]LogEditorViewport: Clicking on Actor (LMB): StaticMeshActor (Floor5)
[2020.11.03-18.07.27:778][485]LogEditorViewport: Clicking on Actor (LMB): StaticMeshActor (Wall_400x355)
[2020.11.03-18.07.37:758][662]Cmd: TRANSACTION UNDO
[2020.11.03-18.07.37:758][662]LogEditorTransaction: Undo Scale Actors
[2020.11.03-18.07.52:588][897]Cmd: TRANSACTION UNDO
[2020.11.03-18.07.52:588][897]LogEditorTransaction: Undo Move Actors
[2020.11.03-18.08.09:325][182]LogEditorViewport: Clicking on Actor (LMB): StaticMeshActor (Wall_400x338)
[2020.11.03-18.08.11:242][223]LogEditorViewport: Clicking on Actor (LMB): StaticMeshActor (Wall_400x355)
[2020.11.03-18.08.18:291][383]LogEditorViewport: Clicking on Actor (LMB): StaticMeshActor (Wall_400x335)
[2020.11.03-18.08.19:524][405]LogEditorViewport: Clicking on Actor (LMB): StaticMeshActor (Wall_400x338)
[2020.11.03-18.08.21:074][436]LogEditorViewport: Clicking on Actor (LMB): StaticMeshActor (Wall_400x355)
[2020.11.03-18.08.25:845][533]LogEditorViewport: Clicking on Actor (LMB): StaticMeshActor (Wall_400x335)
[2020.11.03-18.08.38:907][684]LogSavePackage: Save=2719.34ms
[2020.11.03-18.08.38:907][684]LogSavePackage: Moving '../../../../../../Users/Belci_3/Documents/GitHub/Proyecto-Laberinto-Grupo-1/ProyectoLabApps/Saved/Minimal_Default75F357DD4C62026BAFC2D4A4EA8A69B2.tmp' to '../../../../../../Users/Belci_3/Documents/GitHub/Proyecto-Laberinto-Grupo-1/ProyectoLabApps/Content/Niveles/Mapa/Minimal_Default.umap'
[2020.11.03-18.08.38:932][684]LogSavePackage:Display: Finished SavePackage ../../../../../../Users/Belci_3/Documents/GitHub/Proyecto-Laberinto-Grupo-1/ProyectoLabApps/Content/Niveles/Mapa/Minimal_Default.umap
[2020.11.03-18.08.39:068][684]LogFileHelpers: Saving map 'Minimal_Default' took 3.660
