Log file open, 10/31/20 19:40:47
LogInit:Display: Running engine for game: ProyectoLabApps
LogPlatformFile: Not using cached read wrapper
LogInit:Display: RandInit(-1281245229) SRandInit(-1281245229).
LogTaskGraph: Started task graph with 5 named threads and 8 total threads with 1 sets of task threads.
LogStats: Stats thread started at 0.106163
LogInit: Using libcurl 7.47.1
LogInit:  - built for x86_64-pc-win32
LogInit:  - supports SSL with OpenSSL/1.0.2g
LogInit:  - supports HTTP deflate (compression) using libz 1.2.8
LogInit:  - other features:
LogInit:      CURL_VERSION_SSL
LogInit:      CURL_VERSION_LIBZ
LogInit:      CURL_VERSION_IPV6
LogInit:      CURL_VERSION_ASYNCHDNS
LogInit:      CURL_VERSION_LARGEFILE
LogInit:      CURL_VERSION_IDN
LogInit:  CurlRequestOptions (configurable via config and command line):
LogInit:  - bVerifyPeer = false  - Libcurl will NOT verify peer certificate
LogInit:  - bUseHttpProxy = false  - Libcurl will NOT use HTTP proxy
LogInit:  - bDontReuseConnections = false  - Libcurl will reuse connections
LogInit:  - CertBundlePath = nullptr  - Libcurl will use whatever was configured at build time.
LogInit: Build: ++UE4+Release-4.15-CL-3450819
LogInit: Engine Version: 4.15.3-3450819+++UE4+Release-4.15
LogInit: Compatible Engine Version: 4.15.0-3299760+++UE4+Release-4.15
LogInit: Net CL: 3299760
LogDevObjectVersion: Number of dev versions registered: 14
LogDevObjectVersion:   Dev-Blueprints (B0D832E4-1F89-4F0D-ACCF-7EB736FD4AA2): 8
LogDevObjectVersion:   Dev-Build (E1C64328-A22C-4D53-A36C-8E866417BD8C): 0
LogDevObjectVersion:   Dev-Core (375EC13C-06E4-48FB-B500-84F0262A717E): 2
LogDevObjectVersion:   Dev-Editor (E4B068ED-F494-42E9-A231-DA0B2E46BB41): 14
LogDevObjectVersion:   Dev-Framework (CFFC743F-43B0-4480-9391-14DF171D2073): 22
LogDevObjectVersion:   Dev-Mobile (B02B49B5-BB20-44E9-A304-32B752E40360): 0
LogDevObjectVersion:   Dev-Networking (A4E4105C-59A1-49B5-A7C5-40C4547EDFEE): 0
LogDevObjectVersion:   Dev-Online (39C831C9-5AE6-47DC-9A44-9C173E1C8E7C): 0
LogDevObjectVersion:   Dev-Physics (78F01B33-EBEA-4F98-B9B4-84EACCB95AA2): 0
LogDevObjectVersion:   Dev-Platform (6631380F-2D4D-43E0-8009-CF276956A95A): 0
LogDevObjectVersion:   Dev-Rendering (12F88B9F-8875-4AFC-A67C-D90C383ABD29): 12
LogDevObjectVersion:   Dev-Sequencer (7B5AE74C-D270-4C10-A958-57980B212A5A): 3
LogDevObjectVersion:   Dev-VR (D7296918-1DD6-4BDD-9DE2-64A83CC13884): 0
LogDevObjectVersion:   Dev-LoadTimes (C2A15278-BFE7-4AFE-6C17-90FF531DF755): 1
LogInit: Compiled (64-bit): May 21 2017 11:02:34
LogInit: Compiled with Visual C++: 19.00.23026.00
LogInit: Build Configuration: Development
LogInit: Branch Name: ++UE4+Release-4.15
LogInit: Command line: -EpicPortal  -epicusername="Ink Fischer" -epicuserid=feada0bc91244e1bbc85f333bfb7432e -epiclocale=es
LogInit: Base directory: D:/Epic Games/Juegos epic/UE_4.15/Engine/Binaries/Win64/
LogInit: Installed Engine Build: 1
LogInit: Presizing for max 8388607 objects, including 0 objects not considered by GC, pre-allocating 0 bytes for permanent pool.
LogInit: Object subsystem initialized
[2020.10.31-22.40.48:111][  0]LogInit: Selected Device Profile: [Windows]
[2020.10.31-22.40.48:111][  0]LogInit: Applying CVar settings loaded from the selected device profile: [Windows]
[2020.10.31-22.40.48:121][  0]LogInit: Computer: DESKTOP-8EMTTPP
[2020.10.31-22.40.48:121][  0]LogInit: User: Usuario
[2020.10.31-22.40.48:121][  0]LogInit: CPU Page size=65536, Cores=4
[2020.10.31-22.40.48:121][  0]LogInit: High frequency timer resolution =10.000000 MHz
[2020.10.31-22.40.48:121][  0]LogMemory: Memory total: Physical=7.9GB (8GB approx)
[2020.10.31-22.40.48:121][  0]LogMemory: Platform Memory Stats for Windows
[2020.10.31-22.40.48:121][  0]LogMemory: Process Physical Memory: 264.34 MB used, 264.34 MB peak
[2020.10.31-22.40.48:121][  0]LogMemory: Process Virtual Memory: 262.34 MB used, 262.34 MB peak
[2020.10.31-22.40.48:121][  0]LogMemory: Physical Memory: 4484.34 MB used,  3634.06 MB free, 8118.40 MB total
[2020.10.31-22.40.48:121][  0]LogMemory: Virtual Memory: 4749.52 MB used,  3634.06 MB free, 134217728.00 MB total
[2020.10.31-22.40.48:303][  0]LogTextLocalizationManager: No specific translations for ('es-AR') exist, so ('es') translations will be used.
[2020.10.31-22.40.48:847][  0]LogD3D11RHI: D3D11 adapters:
[2020.10.31-22.40.48:940][  0]LogD3D11RHI:    0. 'NVIDIA GeForce GTX 1050 Ti' (Feature Level 11_0)
[2020.10.31-22.40.48:940][  0]LogD3D11RHI:       4018/0/4059 MB DedicatedVideo/DedicatedSystem/SharedSystem, Outputs:1, VendorId:0x10de
[2020.10.31-22.40.48:943][  0]LogD3D11RHI:    1. 'Microsoft Basic Render Driver' (Feature Level 11_0)
[2020.10.31-22.40.48:943][  0]LogD3D11RHI:       0/0/4059 MB DedicatedVideo/DedicatedSystem/SharedSystem, Outputs:0, VendorId:0x1414
[2020.10.31-22.40.48:943][  0]LogD3D11RHI: Chosen D3D11 Adapter: 0
[2020.10.31-22.40.48:950][  0]LogD3D11RHI: Creating new Direct3DDevice
[2020.10.31-22.40.48:950][  0]LogD3D11RHI:     GPU DeviceId: 0x1c82 (for the marketing name, search the web for "GPU Device Id")
[2020.10.31-22.40.48:950][  0]LogWindows: EnumDisplayDevices:
[2020.10.31-22.40.48:950][  0]LogWindows:    0. 'NVIDIA GeForce GTX 1050 Ti' (P:1 D:1)
[2020.10.31-22.40.48:951][  0]LogWindows:    1. 'NVIDIA GeForce GTX 1050 Ti' (P:0 D:0)
[2020.10.31-22.40.48:951][  0]LogWindows:    2. 'NVIDIA GeForce GTX 1050 Ti' (P:0 D:0)
[2020.10.31-22.40.48:951][  0]LogWindows:    3. 'NVIDIA GeForce GTX 1050 Ti' (P:0 D:0)
[2020.10.31-22.40.48:951][  0]LogWindows: DebugString: GetVideoDriverDetailsInvalid PrimaryIsNotTheChoosenAdapter GetVideoDriverDetailsInvalid PrimaryIsNotTheChoosenAdapter GetVideoDriverDetailsInvalid PrimaryIsNotTheChoosenAdapter GetVideoDriverDetailsInvalid PrimaryIsNotTheChoosenAdapter FoundDriverCount:0 
[2020.10.31-22.40.48:951][  0]LogD3D11RHI:     Adapter Name: NVIDIA GeForce GTX 1050 Ti
[2020.10.31-22.40.48:951][  0]LogD3D11RHI:   Driver Version: Unknown (internal:Unknown, unified:Unknown)
[2020.10.31-22.40.48:951][  0]LogD3D11RHI:      Driver Date: Unknown
[2020.10.31-22.40.48:951][  0]LogRHI: Texture pool is 1361 MB (70% of 1945 MB)
[2020.10.31-22.40.49:013][  0]LogD3D11RHI: Async texture creation enabled
[2020.10.31-22.40.49:026][  0]LogD3D11RHI: GPU Timing Frequency: 1000.000000 (Debug: 2 1)
[2020.10.31-22.40.49:076][  0]LogShaderCompilers: Guid format shader working directory is -33 characters bigger than the processId version (../../../../../../Escritorio/Proyecto/Proyecto-Laberinto-Grupo-1/ProyectoLabApps/Intermediate/Shaders/WorkingDirectory/12696/).
[2020.10.31-22.40.49:076][  0]LogShaderCompilers: Cleaned the shader compiler working directory 'C:/Users/Usuario/AppData/Local/Temp/UnrealShaderWorkingDir/3EA65DFD413F224AD1FBCCBFED5961A0/'.
[2020.10.31-22.40.49:076][  0]LogShaderCompilers:Display: Using Local Shader Compiler.
[2020.10.31-22.40.50:243][  0]LogTemp:Display: Loaded TP AllDesktopTargetPlatform
[2020.10.31-22.40.50:316][  0]LogTemp:Display: Loaded TP MacClientTargetPlatform
[2020.10.31-22.40.50:384][  0]LogTemp:Display: Loaded TP MacNoEditorTargetPlatform
[2020.10.31-22.40.50:452][  0]LogTemp:Display: Loaded TP MacServerTargetPlatform
[2020.10.31-22.40.50:519][  0]LogTemp:Display: Loaded TP MacTargetPlatform
[2020.10.31-22.40.50:585][  0]LogTemp:Display: Loaded TP WindowsClientTargetPlatform
[2020.10.31-22.40.50:648][  0]LogTemp:Display: Loaded TP WindowsNoEditorTargetPlatform
[2020.10.31-22.40.50:711][  0]LogTemp:Display: Loaded TP WindowsServerTargetPlatform
[2020.10.31-22.40.50:765][  0]LogTemp:Display: Loaded TP WindowsTargetPlatform
[2020.10.31-22.40.50:827][  0]LogTemp:Display: Loaded TP AndroidTargetPlatform
[2020.10.31-22.40.50:889][  0]LogTemp:Display: Loaded TP Android_ASTCTargetPlatform
[2020.10.31-22.40.50:948][  0]LogTemp:Display: Loaded TP Android_ATCTargetPlatform
[2020.10.31-22.40.51:023][  0]LogTemp:Display: Loaded TP Android_DXTTargetPlatform
[2020.10.31-22.40.51:085][  0]LogTemp:Display: Loaded TP Android_ETC1TargetPlatform
[2020.10.31-22.40.51:158][  0]LogTemp:Display: Loaded TP Android_ETC2TargetPlatform
[2020.10.31-22.40.51:281][  0]LogTemp:Display: Loaded TP Android_MultiTargetPlatform
[2020.10.31-22.40.51:281][  0]LogTemp:Display: Loaded TP Android_PVRTCTargetPlatform
[2020.10.31-22.40.51:327][  0]LogTemp:Display: Loaded TP HTML5TargetPlatform
[2020.10.31-22.40.51:436][  0]LogTemp:Display: Loaded TP IOSTargetPlatform
[2020.10.31-22.40.51:477][  0]LogTemp:Display: Loaded TP TVOSTargetPlatform
[2020.10.31-22.40.51:546][  0]LogTemp:Display: Loaded TP LinuxClientTargetPlatform
[2020.10.31-22.40.51:608][  0]LogTemp:Display: Loaded TP LinuxNoEditorTargetPlatform
[2020.10.31-22.40.51:673][  0]LogTemp:Display: Loaded TP LinuxServerTargetPlatform
[2020.10.31-22.40.51:754][  0]LogTemp:Display: Loaded TP LinuxTargetPlatform
[2020.10.31-22.40.51:754][  0]LogTargetPlatformManager:Display: Building Assets For Windows
[2020.10.31-22.40.52:290][  0]LogDerivedDataCache:Display: Max Cache Size: 512 MB
[2020.10.31-22.40.52:348][  0]LogDerivedDataCache: Loaded boot cache 0.06s 50MB C:/Users/Usuario/AppData/Local/UnrealEngine/4.15/DerivedDataCache/Boot.ddc.
[2020.10.31-22.40.52:348][  0]LogDerivedDataCache:Display: Loaded Boot cache: C:/Users/Usuario/AppData/Local/UnrealEngine/4.15/DerivedDataCache/Boot.ddc
[2020.10.31-22.40.52:348][  0]LogDerivedDataCache: FDerivedDataBackendGraph:  Pak pak cache file ../../../../../../Escritorio/Proyecto/Proyecto-Laberinto-Grupo-1/ProyectoLabApps/DerivedDataCache/DDC.ddp not found, will not use a pak cache.
[2020.10.31-22.40.52:348][  0]LogDerivedDataCache: Unable to find inner node Pak for hierarchical cache Hierarchy.
[2020.10.31-22.40.52:348][  0]LogDerivedDataCache: FDerivedDataBackendGraph:  CompressedPak pak cache file ../../../../../../Escritorio/Proyecto/Proyecto-Laberinto-Grupo-1/ProyectoLabApps/DerivedDataCache/Compressed.ddp not found, will not use a pak cache.
[2020.10.31-22.40.52:348][  0]LogDerivedDataCache: Unable to find inner node CompressedPak for hierarchical cache Hierarchy.
[2020.10.31-22.40.52:367][  0]LogDerivedDataCache:Display: Pak cache opened for reading ../../../Engine/DerivedDataCache/Compressed.ddp.
[2020.10.31-22.40.52:380][  0]LogDerivedDataCache: Using Local data cache path C:/Users/Usuario/AppData/Local/UnrealEngine/Common/DerivedDataCache: Writable
[2020.10.31-22.40.52:391][  0]LogSlate: Using Freetype 2.6.0
[2020.10.31-22.40.52:392][  0]LogSlate: SlateFontCache - WITH_FREETYPE: 1, WITH_HARFBUZZ: 1
[2020.10.31-22.40.52:392][  0]LogSlate: SlateFontCache - WITH_FREETYPE: 1, WITH_HARFBUZZ: 1
[2020.10.31-22.40.52:682][  0]LogInit: Selected Device Profile: [Windows]
[2020.10.31-22.40.52:685][  0]LogContentStreaming: Texture pool size is 0.00 MB
[2020.10.31-22.40.52:912][  0]LogMeshUtilities: Using QuadricMeshReduction for automatic static mesh reduction
[2020.10.31-22.40.52:968][  0]LogSimplygon: Simplygon DLL not present - disabling.
[2020.10.31-22.40.53:020][  0]LogMeshUtilities: Using SimplygonSwarm for distributed automatic mesh merging
[2020.10.31-22.40.53:020][  0]LogMeshUtilities: No automatic skeletal mesh reduction module available
[2020.10.31-22.40.53:020][  0]LogMeshUtilities: No automatic mesh merging module available
[2020.10.31-22.40.53:743][  0]LogNetVersion: GetLocalNetworkVersion: CL: 3299760, ProjectName: proyectolabapps, ProjectVersion: , EngineNetworkVersion: 2, GameNetworkVersion: 0, NetworkChecksum: 1791571130
[2020.10.31-22.40.53:791][  0]LogAssetRegistry: FAssetRegistry took 0.0221 seconds to start up
[2020.10.31-22.40.53:942][  0]LogPackageLocalizationCache: Processed 3 localized package path(s) for 2 prioritized culture(s) in 0.129705 seconds
[2020.10.31-22.40.53:948][  0]LogUObjectArray: 32493 objects as part of root set at end of initial load.
[2020.10.31-22.40.53:948][  0]LogUObjectAllocator: 7077024 out of 0 bytes used by permanent object pool.
[2020.10.31-22.40.53:948][  0]LogUObjectArray: CloseDisregardForGC: 0/0 objects in disregard for GC pool
[2020.10.31-22.40.54:026][  0]LogInit: WinSock: version 1.1 (2.2), MaxSocks=32767, MaxUdp=65467
[2020.10.31-22.40.57:331][  0]LogTcpMessaging: Initializing TcpMessaging bridge
[2020.10.31-22.40.57:377][  0]LogUdpMessaging: Initializing bridge on interface 0.0.0.0:0 to multicast group 230.0.0.1:6666.
[2020.10.31-22.40.57:985][  0]LogMaterial: Uniform references updated for custom material expression Custom.
[2020.10.31-22.40.58:517][  0]SourceControl: Información El control de código fuente está desactivado
[2020.10.31-22.40.58:519][  0]SourceControl: Información El control de código fuente está desactivado
[2020.10.31-22.40.58:580][  0]SourceControl: Información El control de código fuente está desactivado
[2020.10.31-22.40.58:648][  0]SourceControl: Información El control de código fuente está desactivado
[2020.10.31-22.41.00:209][  0]LogEngine: Initializing Engine...
[2020.10.31-22.41.00:210][  0]LogHMD: Failed to initialize OpenVR with code 110
[2020.10.31-22.41.00:315][  0]LogStats: UGameplayTagsManager::ConstructGameplayTagTree: Construct from data asset -  0.000 s
[2020.10.31-22.41.00:315][  0]LogStats: UGameplayTagsManager::ConstructGameplayTagTree: GameplayTagTreeChangedEvent.Broadcast -  0.000 s
[2020.10.31-22.41.00:468][  0]LogAIModule: Creating AISystem for world Untitled
[2020.10.31-22.41.00:496][  0]LogInit: XAudio2 using 'Altavoces (Realtek High Definition Audio)' : 2 channels at 48 kHz using 32 bits per sample (channel mask 0x3)
[2020.10.31-22.41.00:561][  0]LogInit: FAudioDevice initialized.
[2020.10.31-22.41.00:602][  0]LogDerivedDataCache: Saved boot cache 0.04s 50MB C:/Users/Usuario/AppData/Local/UnrealEngine/4.15/DerivedDataCache/Boot.ddc.
[2020.10.31-22.41.00:608][  0]LogInit: Texture streaming: Enabled
[2020.10.31-22.41.00:727][  0]LogEngineSessionManager: EngineSessionManager initialized
[2020.10.31-22.41.00:935][  0]LogInit: Transaction tracking system initialized
[2020.10.31-22.41.01:344][  0]BlueprintLog: New page: Cargar el editor
[2020.10.31-22.41.02:416][  0]LocalizationService: Información Localization service is disabled
[2020.10.31-22.41.03:227][  0]LogConsoleResponse:Display: 
[2020.10.31-22.41.03:441][  0]LogCook:Display: Max memory allowance for cook 16384mb min free memory 0mb
[2020.10.31-22.41.03:441][  0]LogCook:Display: Mobile HDR setting 1
[2020.10.31-22.41.04:611][  0]LogFileCache: Scanning file cache for directory 'D:/Escritorio/Proyecto/Proyecto-Laberinto-Grupo-1/ProyectoLabApps/Content/' took 0.01s
[2020.10.31-22.41.04:660][  0]SourceControl: Información El control de código fuente está desactivado
[2020.10.31-22.41.04:660][  0]Cmd: MAP LOAD FILE="../../../../../../Escritorio/Proyecto/Proyecto-Laberinto-Grupo-1/ProyectoLabApps/Content/StarterContent/Maps/Minimal_Default.umap" TEMPLATE=0 SHOWPROGRESS=1 FEATURELEVEL=3
[2020.10.31-22.41.04:660][  0]LogEditorServer:Warning: Can't find file '../../../../../../Escritorio/Proyecto/Proyecto-Laberinto-Grupo-1/ProyectoLabApps/Content/StarterContent/Maps/Minimal_Default.umap'
[2020.10.31-22.41.04:676][  0]Cmd: MAP CHECKDEP NOCLEARLOG
[2020.10.31-22.41.04:720][  0]MapCheck: Información Map check complete: 0 Error(s), 0 Warning(s), took 44,758ms to complete.
[2020.10.31-22.41.04:720][  0]LogFileHelpers: Loading map 'Minimal_Default' took 0.061
[2020.10.31-22.41.08:280][  0]LogCollectionManager: Loaded 0 collections in 0.000988 seconds
[2020.10.31-22.41.09:507][  0]LogFileCache: Scanning file cache for directory 'D:/Escritorio/Proyecto/Proyecto-Laberinto-Grupo-1/ProyectoLabApps/Saved/Collections/' took 0.01s
[2020.10.31-22.41.09:507][  0]LogFileCache: Scanning file cache for directory 'D:/Escritorio/Proyecto/Proyecto-Laberinto-Grupo-1/ProyectoLabApps/Content/Developers/Usuario/Collections/' took 0.01s
[2020.10.31-22.41.09:507][  0]LogFileCache: Scanning file cache for directory 'D:/Escritorio/Proyecto/Proyecto-Laberinto-Grupo-1/ProyectoLabApps/Content/Collections/' took 0.01s
[2020.10.31-22.41.09:507][  0]LogCollectionManager: Rebuilt the GUID cache for 0 collections in 0.000004 seconds
[2020.10.31-22.41.09:585][  0]LogContentBrowser: Native class hierarchy populated in 0.0191 seconds. Added 2246 classes and 455 folders.
[2020.10.31-22.41.10:052][  0]LogContentBrowser: Native class hierarchy updated for 'WidgetCarousel' in 0.0017 seconds. Added 0 classes and 0 folders.
[2020.10.31-22.41.15:158][  0]LogContentBrowser: Native class hierarchy updated for 'AddContentDialog' in 0.0022 seconds. Added 0 classes and 0 folders.
[2020.10.31-22.41.15:943][  0]LogContentBrowser: Native class hierarchy updated for 'SceneOutliner' in 0.0022 seconds. Added 1 classes and 2 folders.
[2020.10.31-22.41.22:295][  0]LogCrashTracker: Crashtracker disabled due to settings.
[2020.10.31-22.41.22:596][  0]LogUObjectGlobals:Warning: Error al encontrar el objeto 'Class Ninguno.'
[2020.10.31-22.41.22:742][  0]LogContentBrowser: Native class hierarchy updated for 'HierarchicalLODOutliner' in 0.0019 seconds. Added 1 classes and 2 folders.
[2020.10.31-22.41.22:742][  0]LogLoad: (Engine Initialization) Total time: 37.06 seconds
[2020.10.31-22.41.22:742][  0]LogLoad: (Engine Initialization) Total Blueprint compile time: 0.05 seconds
[2020.10.31-22.41.22:742][  0]LogExternalProfiler: No external profilers were discovered.  External profiling features will not be available.
[2020.10.31-22.41.22:752][  0]LogOcInput: OculusInput pre-init called
[2020.10.31-22.41.22:774][  0]LogContentStreaming: Texture pool size now 1000 MB
[2020.10.31-22.41.22:776][  0]LogSlate: Took 0.000338 seconds to synchronously load lazily loaded font '../../../Engine/Content/Slate/Fonts/Roboto-Regular.ttf' (155K)
[2020.10.31-22.41.22:780][  0]LogSlate: Took 0.000343 seconds to synchronously load lazily loaded font '../../../Engine/Content/Slate/Fonts/Roboto-Bold.ttf' (160K)
[2020.10.31-22.41.22:862][  0]LogSlate: Took 0.056966 seconds to synchronously load lazily loaded font '../../../Engine/Content/Editor/Slate/Fonts/FontAwesome.ttf' (139K)
[2020.10.31-22.41.23:325][  0]LogRenderer: Reallocating scene render targets to support 808x480 NumSamples 1 (Frame:2).
[2020.10.31-22.41.24:029][  1]LogSlate: Took 0.058967 seconds to synchronously load lazily loaded font '../../../Engine/Content/Slate/Fonts/Roboto-Light.ttf' (159K)
[2020.10.31-22.41.27:788][439]LogAssetRegistry: Asset discovery search completed in 34.0206 seconds
[2020.10.31-22.41.27:788][439]LogCollectionManager: Rebuilt the object cache for 0 collections in 0.000016 seconds (found 0 objects)
[2020.10.31-22.41.27:788][439]LogCollectionManager: Fixed up redirectors for 0 collections in 0.000031 seconds (updated 0 objects)
[2020.10.31-22.42.16:104][228]LogSlate: Took 0.000299 seconds to synchronously load lazily loaded font '../../../Engine/Content/Slate/Fonts/Roboto-Light.ttf' (159K)
[2020.10.31-22.42.16:705][228]LogStaticMesh: Generando la malla estática SILLON_CON_TEXTURA2_Cylinder_001...
[2020.10.31-22.42.16:771][228]LogStaticMesh: Built static mesh [0.08s] /Game/ObjetosBlender/SILLON/SILLON_CON_TEXTURA2_Cylinder_001.SILLON_CON_TEXTURA2_Cylinder_001
[2020.10.31-22.42.16:847][228]LogStaticMesh: Generando la malla estática SILLON_CON_TEXTURA2_Cylinder...
[2020.10.31-22.42.16:849][228]LogStaticMesh: Built static mesh [0.01s] /Game/ObjetosBlender/SILLON/SILLON_CON_TEXTURA2_Cylinder.SILLON_CON_TEXTURA2_Cylinder
[2020.10.31-22.42.16:869][228]LogStaticMesh: Generando la malla estática SILLON_CON_TEXTURA2_Cube_009...
[2020.10.31-22.42.16:875][228]LogStaticMesh: Built static mesh [0.01s] /Game/ObjetosBlender/SILLON/SILLON_CON_TEXTURA2_Cube_009.SILLON_CON_TEXTURA2_Cube_009
[2020.10.31-22.42.16:883][228]LogStaticMesh: Generando la malla estática SILLON_CON_TEXTURA2_Cube_008...
[2020.10.31-22.42.16:887][228]LogStaticMesh: Built static mesh [0.01s] /Game/ObjetosBlender/SILLON/SILLON_CON_TEXTURA2_Cube_008.SILLON_CON_TEXTURA2_Cube_008
[2020.10.31-22.42.16:900][228]LogStaticMesh: Generando la malla estática SILLON_CON_TEXTURA2_Cube_007...
[2020.10.31-22.42.16:906][228]LogStaticMesh: Built static mesh [0.01s] /Game/ObjetosBlender/SILLON/SILLON_CON_TEXTURA2_Cube_007.SILLON_CON_TEXTURA2_Cube_007
[2020.10.31-22.42.16:907][228]LogStaticMesh: Generando la malla estática SILLON_CON_TEXTURA2_Cube_006...
[2020.10.31-22.42.16:910][228]LogStaticMesh: Built static mesh [0.00s] /Game/ObjetosBlender/SILLON/SILLON_CON_TEXTURA2_Cube_006.SILLON_CON_TEXTURA2_Cube_006
[2020.10.31-22.42.16:920][228]LogTexture:Display: Building textures: textura-tela-negra_1122-945 (BGRA8, 626X417) - 68 MB total VRAM
[2020.10.31-22.42.16:947][228]LogMaterial: Missing cached shader map for material Material_003, compiling. 
[2020.10.31-22.42.17:005][228]LogTemp:Display: Added material ShaderMap 0x000001FF07CEFC80 with Material 0x000001FF07909780 to ShaderMapsBeingCompiled
[2020.10.31-22.42.17:118][228]LogTemp:Display: Kicking off shader compilation for Material_003, GameThreadShaderMap 0x000001FF07CEFC80
[2020.10.31-22.42.17:120][228]LogStaticMesh: Generando la malla estática SILLON_CON_TEXTURA2_Cube_005...
[2020.10.31-22.42.17:124][228]LogStaticMesh: Built static mesh [0.00s] /Game/ObjetosBlender/SILLON/SILLON_CON_TEXTURA2_Cube_005.SILLON_CON_TEXTURA2_Cube_005
[2020.10.31-22.42.17:127][228]LogMaterial: Missing cached shader map for material Material_004, compiling. 
[2020.10.31-22.42.17:127][228]LogTemp:Display: Added material ShaderMap 0x000001FF0908DD00 with Material 0x000001FF078F5480 to ShaderMapsBeingCompiled
[2020.10.31-22.42.17:138][228]LogTemp:Display: Kicking off shader compilation for Material_004, GameThreadShaderMap 0x000001FF0908DD00
[2020.10.31-22.42.17:181][228]LogStaticMesh: Generando la malla estática SILLON_CON_TEXTURA2_Cube_004...
[2020.10.31-22.42.17:184][228]LogStaticMesh: Built static mesh [0.05s] /Game/ObjetosBlender/SILLON/SILLON_CON_TEXTURA2_Cube_004.SILLON_CON_TEXTURA2_Cube_004
[2020.10.31-22.42.17:194][228]LogStaticMesh: Generando la malla estática SILLON_CON_TEXTURA2_Cube_003...
[2020.10.31-22.42.17:197][228]LogStaticMesh: Built static mesh [0.01s] /Game/ObjetosBlender/SILLON/SILLON_CON_TEXTURA2_Cube_003.SILLON_CON_TEXTURA2_Cube_003
[2020.10.31-22.42.17:216][228]LogMaterial: Missing cached shader map for material Material, compiling. 
[2020.10.31-22.42.17:217][228]LogTemp:Display: Added material ShaderMap 0x000001FF09CFB200 with Material 0x000001FF0790C100 to ShaderMapsBeingCompiled
[2020.10.31-22.42.17:228][228]LogTemp:Display: Kicking off shader compilation for Material, GameThreadShaderMap 0x000001FF09CFB200
[2020.10.31-22.42.17:228][228]LogStaticMesh: Generando la malla estática SILLON_CON_TEXTURA2_Cube_002...
[2020.10.31-22.42.17:231][228]LogStaticMesh: Built static mesh [0.00s] /Game/ObjetosBlender/SILLON/SILLON_CON_TEXTURA2_Cube_002.SILLON_CON_TEXTURA2_Cube_002
[2020.10.31-22.42.17:235][228]LogStaticMesh: Generando la malla estática SILLON_CON_TEXTURA2_Cube_001...
[2020.10.31-22.42.17:238][228]LogStaticMesh: Built static mesh [0.00s] /Game/ObjetosBlender/SILLON/SILLON_CON_TEXTURA2_Cube_001.SILLON_CON_TEXTURA2_Cube_001
[2020.10.31-22.42.17:239][228]LogStaticMesh: Generando la malla estática SILLON_CON_TEXTURA2_Cube...
[2020.10.31-22.42.17:242][228]LogStaticMesh: Built static mesh [0.00s] /Game/ObjetosBlender/SILLON/SILLON_CON_TEXTURA2_Cube.SILLON_CON_TEXTURA2_Cube
[2020.10.31-22.42.17:245][228]LogTexture:Display: Building textures: dark-texture-grunge-background-260nw-660170887 (BGRA8, 404X259) - 69 MB total VRAM
[2020.10.31-22.42.17:255][228]LogMaterial: Missing cached shader map for material madera_008, compiling. 
[2020.10.31-22.42.17:256][228]LogTemp:Display: Added material ShaderMap 0x000001FF09943C80 with Material 0x000001FF0790AF80 to ShaderMapsBeingCompiled
[2020.10.31-22.42.17:267][228]LogTemp:Display: Kicking off shader compilation for madera_008, GameThreadShaderMap 0x000001FF09943C80
[2020.10.31-22.42.17:268][228]LogStaticMesh: Generando la malla estática untitled_Cube_014...
[2020.10.31-22.42.17:269][228]LogStaticMesh: Built static mesh [0.00s] /Game/ObjetosBlender/SILLA/untitled_Cube_014.untitled_Cube_014
[2020.10.31-22.42.17:272][228]LogMaterial: Missing cached shader map for material madera_007, compiling. 
[2020.10.31-22.42.17:273][228]LogTemp:Display: Added material ShaderMap 0x000001FF0A129980 with Material 0x000001FF0790D300 to ShaderMapsBeingCompiled
[2020.10.31-22.42.17:283][228]LogTemp:Display: Kicking off shader compilation for madera_007, GameThreadShaderMap 0x000001FF0A129980
[2020.10.31-22.42.17:284][228]LogStaticMesh: Generando la malla estática untitled_Cube_013...
[2020.10.31-22.42.17:285][228]LogStaticMesh: Built static mesh [0.00s] /Game/ObjetosBlender/SILLA/untitled_Cube_013.untitled_Cube_013
[2020.10.31-22.42.17:294][228]LogMaterial: Missing cached shader map for material madera_006, compiling. 
[2020.10.31-22.42.17:295][228]LogTemp:Display: Added material ShaderMap 0x000001FF09FC3C80 with Material 0x000001FF0790FB80 to ShaderMapsBeingCompiled
[2020.10.31-22.42.17:306][228]LogTemp:Display: Kicking off shader compilation for madera_006, GameThreadShaderMap 0x000001FF09FC3C80
[2020.10.31-22.42.17:307][228]LogStaticMesh: Generando la malla estática untitled_Cube_012...
[2020.10.31-22.42.17:308][228]LogStaticMesh: Built static mesh [0.00s] /Game/ObjetosBlender/SILLA/untitled_Cube_012.untitled_Cube_012
[2020.10.31-22.42.17:310][228]LogMaterial: Missing cached shader map for material madera_005, compiling. 
[2020.10.31-22.42.17:311][228]LogTemp:Display: Added material ShaderMap 0x000001FF0FA61980 with Material 0x000001FF07921900 to ShaderMapsBeingCompiled
[2020.10.31-22.42.17:322][228]LogTemp:Display: Kicking off shader compilation for madera_005, GameThreadShaderMap 0x000001FF0FA61980
[2020.10.31-22.42.17:324][228]LogStaticMesh: Generando la malla estática untitled_Cube_011...
[2020.10.31-22.42.17:325][228]LogStaticMesh: Built static mesh [0.00s] /Game/ObjetosBlender/SILLA/untitled_Cube_011.untitled_Cube_011
[2020.10.31-22.42.17:364][228]LogMaterial: Missing cached shader map for material madera_004, compiling. 
[2020.10.31-22.42.17:365][228]LogTemp:Display: Added material ShaderMap 0x000001FF0F8DFC80 with Material 0x000001FF74DDC580 to ShaderMapsBeingCompiled
[2020.10.31-22.42.17:377][228]LogTemp:Display: Kicking off shader compilation for madera_004, GameThreadShaderMap 0x000001FF0F8DFC80
[2020.10.31-22.42.17:378][228]LogStaticMesh: Generando la malla estática untitled_Cube_010...
[2020.10.31-22.42.17:379][228]LogStaticMesh: Built static mesh [0.00s] /Game/ObjetosBlender/SILLA/untitled_Cube_010.untitled_Cube_010
[2020.10.31-22.42.17:490][228]LogStaticMesh: Generando la malla estática ALFOMBRA...
[2020.10.31-22.42.17:491][228]LogStaticMesh: Built static mesh [0.00s] /Game/ObjetosBlender/ALFOMBRA/ALFOMBRA.ALFOMBRA
[2020.10.31-22.42.17:507][228]LogStaticMesh: Generando la malla estática untitled...
[2020.10.31-22.42.17:511][228]LogStaticMesh: Built static mesh [0.02s] /Game/ObjetosBlender/MESA/untitled.untitled
[2020.10.31-22.42.17:513][228]LogStaticMesh: Generando la malla estática untitled_Cube...
[2020.10.31-22.42.17:514][228]LogStaticMesh: Built static mesh [0.00s] /Game/ObjetosBlender/SILLA/untitled_Cube.untitled_Cube
[2020.10.31-22.42.17:515][228]LogStaticMesh: Generando la malla estática untitled_Cube_001...
[2020.10.31-22.42.17:517][228]LogStaticMesh: Built static mesh [0.00s] /Game/ObjetosBlender/SILLA/untitled_Cube_001.untitled_Cube_001
[2020.10.31-22.42.17:518][228]LogStaticMesh: Generando la malla estática untitled_Cube_002...
[2020.10.31-22.42.17:519][228]LogStaticMesh: Built static mesh [0.00s] /Game/ObjetosBlender/SILLA/untitled_Cube_002.untitled_Cube_002
[2020.10.31-22.42.17:539][228]LogStaticMesh: Generando la malla estática untitled_Cube_004...
[2020.10.31-22.42.17:540][228]LogStaticMesh: Built static mesh [0.02s] /Game/ObjetosBlender/SILLA/untitled_Cube_004.untitled_Cube_004
[2020.10.31-22.42.17:577][228]LogStaticMesh: Generando la malla estática untitled_Cube_006...
[2020.10.31-22.42.17:579][228]LogStaticMesh: Built static mesh [0.00s] /Game/ObjetosBlender/SILLA/untitled_Cube_006.untitled_Cube_006
[2020.10.31-22.42.17:607][228]LogStaticMesh: Generando la malla estática untitled_Cube_007...
[2020.10.31-22.42.17:609][228]LogStaticMesh: Built static mesh [0.00s] /Game/ObjetosBlender/SILLA/untitled_Cube_007.untitled_Cube_007
[2020.10.31-22.42.17:610][228]LogStaticMesh: Generando la malla estática untitled_Cube_008...
[2020.10.31-22.42.17:612][228]LogStaticMesh: Built static mesh [0.00s] /Game/ObjetosBlender/SILLA/untitled_Cube_008.untitled_Cube_008
[2020.10.31-22.42.17:622][228]LogTexture:Display: Building textures: alfombra-gris-fondo_1339-7411 (BGRA8, 626X417) - 73 MB total VRAM
[2020.10.31-22.42.17:647][228]LogMaterial: Missing cached shader map for material Material, compiling. 
[2020.10.31-22.42.17:647][228]LogTemp:Display: Added material ShaderMap 0x000001FF0F59AE80 with Material 0x000001FF74D92F80 to ShaderMapsBeingCompiled
[2020.10.31-22.42.17:658][228]LogTemp:Display: Kicking off shader compilation for Material, GameThreadShaderMap 0x000001FF0F59AE80
[2020.10.31-22.42.17:660][228]LogMaterial: Missing cached shader map for material T_Wood_Oak_Mat, compiling. 
[2020.10.31-22.42.17:660][228]LogTemp:Display: Added material ShaderMap 0x000001FF100DE080 with Material 0x000001FF0C850A00 to ShaderMapsBeingCompiled
[2020.10.31-22.42.17:671][228]LogTemp:Display: Kicking off shader compilation for T_Wood_Oak_Mat, GameThreadShaderMap 0x000001FF100DE080
[2020.10.31-22.42.17:673][228]LogMaterial: Missing cached shader map for material T_Metal_Aluminum_Mat, compiling. 
[2020.10.31-22.42.17:674][228]LogTemp:Display: Added material ShaderMap 0x000001FF10B90480 with Material 0x000001FF0C852380 to ShaderMapsBeingCompiled
[2020.10.31-22.42.17:685][228]LogTemp:Display: Kicking off shader compilation for T_Metal_Aluminum_Mat, GameThreadShaderMap 0x000001FF10B90480
[2020.10.31-22.42.17:687][228]LogMaterial: Missing cached shader map for material T_Burst_M_Mat, compiling. 
[2020.10.31-22.42.17:687][228]LogTemp:Display: Added material ShaderMap 0x000001FF117B6E80 with Material 0x000001FF0C864580 to ShaderMapsBeingCompiled
[2020.10.31-22.42.17:699][228]LogTemp:Display: Kicking off shader compilation for T_Burst_M_Mat, GameThreadShaderMap 0x000001FF117B6E80
[2020.10.31-22.42.17:706][228]LogTexture:Display: Building textures: tela-tejida-blanca_53876-89528 (BGRA8, 626X417) - 74 MB total VRAM
[2020.10.31-22.42.17:731][228]LogMaterial: Missing cached shader map for material madera_001, compiling. 
[2020.10.31-22.42.17:732][228]LogTemp:Display: Added material ShaderMap 0x000001FF116AD280 with Material 0x000001FF0C856F80 to ShaderMapsBeingCompiled
[2020.10.31-22.42.17:744][228]LogTemp:Display: Kicking off shader compilation for madera_001, GameThreadShaderMap 0x000001FF116AD280
[2020.10.31-22.42.17:746][228]LogSlate: Took 0.000410 seconds to synchronously load lazily loaded font '../../../Engine/Content/Slate/Fonts/Roboto-Regular.ttf' (155K)
[2020.10.31-22.42.17:760][228]LogTexture:Display: Building textures: 1_2 (AutoDXT, 852X480) - 75 MB total VRAM
[2020.10.31-22.42.17:900][228]LogMaterial: Missing cached shader map for material 1_2_Mat, compiling. 
[2020.10.31-22.42.17:901][228]LogTemp:Display: Added material ShaderMap 0x000001FF10F3F200 with Material 0x000001FF0C865780 to ShaderMapsBeingCompiled
[2020.10.31-22.42.17:913][228]LogTemp:Display: Kicking off shader compilation for 1_2_Mat, GameThreadShaderMap 0x000001FF10F3F200
[2020.10.31-22.42.17:929][228]LogMaterial: Missing cached shader map for material Material_002, compiling. 
[2020.10.31-22.42.17:930][228]LogTemp:Display: Added material ShaderMap 0x000001FF1210A080 with Material 0x000001FF0C855300 to ShaderMapsBeingCompiled
[2020.10.31-22.42.17:942][228]LogTemp:Display: Kicking off shader compilation for Material_002, GameThreadShaderMap 0x000001FF1210A080
[2020.10.31-22.42.17:948][228]LogTexture:Display: Building textures: tela-tejida-blanca_53876-89528 (BGRA8, 626X417) - 75 MB total VRAM
[2020.10.31-22.42.17:976][228]LogMaterial: Missing cached shader map for material Material_001, compiling. 
[2020.10.31-22.42.17:977][228]LogTemp:Display: Added material ShaderMap 0x000001FF12914480 with Material 0x000001FF75104A00 to ShaderMapsBeingCompiled
[2020.10.31-22.42.17:989][228]LogTemp:Display: Kicking off shader compilation for Material_001, GameThreadShaderMap 0x000001FF12914480
[2020.10.31-22.42.17:991][228]LogMaterial: Missing cached shader map for material Material, compiling. 
[2020.10.31-22.42.17:992][228]LogTemp:Display: Added material ShaderMap 0x000001FF13522E80 with Material 0x000001FF75106F80 to ShaderMapsBeingCompiled
[2020.10.31-22.42.18:004][228]LogTemp:Display: Kicking off shader compilation for Material, GameThreadShaderMap 0x000001FF13522E80
[2020.10.31-22.42.18:006][228]LogMaterial: Missing cached shader map for material Material_003, compiling. 
[2020.10.31-22.42.18:006][228]LogTemp:Display: Added material ShaderMap 0x000001FF1306D600 with Material 0x000001FF74D90280 to ShaderMapsBeingCompiled
[2020.10.31-22.42.18:018][228]LogTemp:Display: Kicking off shader compilation for Material_003, GameThreadShaderMap 0x000001FF1306D600
[2020.10.31-22.42.18:019][228]LogMaterial: Missing cached shader map for material madera_002, compiling. 
[2020.10.31-22.42.18:020][228]LogTemp:Display: Added material ShaderMap 0x000001FF12CBBC80 with Material 0x000001FF74DDEE00 to ShaderMapsBeingCompiled
[2020.10.31-22.42.18:031][228]LogTemp:Display: Kicking off shader compilation for madera_002, GameThreadShaderMap 0x000001FF12CBBC80
[2020.10.31-22.42.18:033][228]LogMaterial: Missing cached shader map for material madera, compiling. 
[2020.10.31-22.42.18:034][228]LogTemp:Display: Added material ShaderMap 0x000001FF12BAE780 with Material 0x000001FF7512D900 to ShaderMapsBeingCompiled
[2020.10.31-22.42.18:046][228]LogTemp:Display: Kicking off shader compilation for madera, GameThreadShaderMap 0x000001FF12BAE780
[2020.10.31-22.42.18:047][228]LogAIModule: Creating AISystem for world Minimal_Default
[2020.10.31-22.42.18:146][228]Cmd: MAP LOAD FILE="../../../../../../Escritorio/Proyecto/Proyecto-Laberinto-Grupo-1/ProyectoLabApps/Content/Niveles/Mapa/Minimal_Default.umap" TEMPLATE=0 SHOWPROGRESS=1 FEATURELEVEL=3
[2020.10.31-22.42.18:146][228]LightingResults: New page: Diseñar la iluminación
[2020.10.31-22.42.18:198][228]LogContentBrowser: Native class hierarchy updated for 'StatsViewer' in 0.0018 seconds. Added 5 classes and 0 folders.
[2020.10.31-22.42.18:199][228]LoadErrors: New page: Cargando mapa: Minimal_Default.umap
[2020.10.31-22.42.18:200][228]MapCheck: New page: Revisión del mapa
[2020.10.31-22.42.18:200][228]LightingResults: New page: Diseñar la iluminación
[2020.10.31-22.42.18:692][228]LogEditorServer: Finished looking for orphan Actors (0.000 secs)
[2020.10.31-22.42.18:722][228]Cmd: MAP CHECKDEP NOCLEARLOG
[2020.10.31-22.42.18:785][228]MapCheck: Información Map check complete: 0 Error(s), 0 Warning(s), took 62,439ms to complete.
[2020.10.31-22.42.18:785][228]LogFileHelpers: Loading map 'Minimal_Default' took 0.640
[2020.10.31-22.42.19:820][303]LogTemp:Display: Finished compile of shader map 0x000001FF07CEFC80
[2020.10.31-22.42.19:820][303]LogTemp:Display: Shader map Material_003 complete, GameThreadShaderMap 0x000001FF07CEFC80, marking material Material_003 as finished
[2020.10.31-22.42.19:820][303]LogTemp:Display: Marking material as finished 0x000001FF07909780
[2020.10.31-22.42.22:701][581]LogTemp:Display: Finished compile of shader map 0x000001FF0908DD00
[2020.10.31-22.42.22:701][581]LogTemp:Display: Shader map Material_004 complete, GameThreadShaderMap 0x000001FF0908DD00, marking material Material_004 as finished
[2020.10.31-22.42.22:701][581]LogTemp:Display: Marking material as finished 0x000001FF078F5480
[2020.10.31-22.42.22:705][581]LogTemp:Display: Finished compile of shader map 0x000001FF09CFB200
[2020.10.31-22.42.22:705][581]LogTemp:Display: Shader map Material complete, GameThreadShaderMap 0x000001FF09CFB200, marking material Material as finished
[2020.10.31-22.42.22:705][581]LogTemp:Display: Marking material as finished 0x000001FF0790C100
[2020.10.31-22.42.26:596][963]LogTemp:Display: Finished compile of shader map 0x000001FF09943C80
[2020.10.31-22.42.26:596][963]LogTemp:Display: Shader map madera_008 complete, GameThreadShaderMap 0x000001FF09943C80, marking material madera_008 as finished
[2020.10.31-22.42.26:596][963]LogTemp:Display: Marking material as finished 0x000001FF0790AF80
[2020.10.31-22.42.26:911][992]LogTemp: Repeting last play command: New Editor Window (PIE)
[2020.10.31-22.42.26:921][992]LogBlueprintUserMessages: Early PlayInEditor Detection: Level '/Game/Niveles/Mapa/Minimal_Default.Minimal_Default:PersistentLevel' has LevelScriptBlueprint '/Game/Niveles/Mapa/Minimal_Default.Minimal_Default:PersistentLevel.Minimal_Default' with GeneratedClass '/Game/Niveles/Mapa/Minimal_Default.Minimal_Default_C' with ClassGeneratedBy '/Game/Niveles/Mapa/Minimal_Default.Minimal_Default:PersistentLevel.Minimal_Default'
[2020.10.31-22.42.26:921][992]LogPlayLevel: PlayLevel: No blueprints needed recompiling
[2020.10.31-22.42.26:950][992]PIE: New page: Sesión PIE (reproducción en el editor): Minimal_Default (31/10/2020 16:42:26)
[2020.10.31-22.42.26:950][992]LogPlayLevel: Creating play world package: /Game/Niveles/Mapa/UEDPIE_0_Minimal_Default
[2020.10.31-22.42.26:996][992]LogPlayLevel: PIE: StaticDuplicateObject took: (0.045389s)
[2020.10.31-22.42.26:997][992]LogAIModule: Creating AISystem for world Minimal_Default
[2020.10.31-22.42.26:997][992]LogPlayLevel: PIE: World Init took: (0.001167s)
[2020.10.31-22.42.27:005][992]LogPlayLevel: PIE: Created PIE world by copying editor world from /Game/Niveles/Mapa/Minimal_Default.Minimal_Default to /Game/Niveles/Mapa/UEDPIE_0_Minimal_Default.Minimal_Default (0.054527s)
[2020.10.31-22.42.27:029][992]LogInit: XAudio2 using 'Altavoces (Realtek High Definition Audio)' : 2 channels at 48 kHz using 32 bits per sample (channel mask 0x3)
[2020.10.31-22.42.27:057][992]LogInit: FAudioDevice initialized.
[2020.10.31-22.42.27:121][992]LogUObjectGlobals:Warning: Error al encontrar el objeto 'Class /Script/ProyectoLabApps.ProyectoLabAppsGameMode'
[2020.10.31-22.42.27:121][992]LogLoad: Game class is 'GameModeBase'
[2020.10.31-22.42.27:126][992]LogWorld: Bringing World /Game/Niveles/Mapa/UEDPIE_0_Minimal_Default.Minimal_Default up for play (max tick rate 0) at 2020.10.31-19.42.27
[2020.10.31-22.42.27:149][992]LogWorld: Bringing up level for play took: 0.026273
[2020.10.31-22.42.27:246][992]LogContentBrowser: Native class hierarchy updated for 'MovieSceneCapture' in 0.0023 seconds. Added 11 classes and 0 folders.
[2020.10.31-22.42.27:267][992]PIE: Información Tiempo de inicio de la reproducción en el editor para  /Game/Niveles/Mapa/UEDPIE_0_Minimal_Default 0,01
[2020.10.31-22.42.27:268][992]LogBlueprintUserMessages: Late PlayInEditor Detection: Level '/Game/Niveles/Mapa/Minimal_Default.Minimal_Default:PersistentLevel' has LevelScriptBlueprint '/Game/Niveles/Mapa/Minimal_Default.Minimal_Default:PersistentLevel.Minimal_Default' with GeneratedClass '/Game/Niveles/Mapa/Minimal_Default.Minimal_Default_C' with ClassGeneratedBy '/Game/Niveles/Mapa/Minimal_Default.Minimal_Default:PersistentLevel.Minimal_Default'
[2020.10.31-22.42.27:407][992]LogRenderer: Reallocating scene render targets to support 1292x756 NumSamples 1 (Frame:637).
[2020.10.31-22.42.27:569][993]LogCharacterMovement:Warning: GetSimulationTimeStep() - Max iterations 8 hit while remaining time 0.093045 > MaxSimulationTimeStep (0.050) for 'Personaje_58', movement 'Walking'
[2020.10.31-22.42.28:386][993]LogTemp:Display: Finished compile of shader map 0x000001FF09FC3C80
[2020.10.31-22.42.28:386][993]LogTemp:Display: Shader map madera_006 complete, GameThreadShaderMap 0x000001FF09FC3C80, marking material madera_006 as finished
[2020.10.31-22.42.28:386][993]LogTemp:Display: Marking material as finished 0x000001FF0790FB80
[2020.10.31-22.42.28:390][993]LogTemp:Display: Finished compile of shader map 0x000001FF0A129980
[2020.10.31-22.42.28:390][993]LogTemp:Display: Shader map madera_007 complete, GameThreadShaderMap 0x000001FF0A129980, marking material madera_007 as finished
[2020.10.31-22.42.28:390][993]LogTemp:Display: Marking material as finished 0x000001FF0790D300
[2020.10.31-22.42.30:066][ 46]LogTemp:Display: Finished compile of shader map 0x000001FF0FA61980
[2020.10.31-22.42.30:066][ 46]LogTemp:Display: Shader map madera_005 complete, GameThreadShaderMap 0x000001FF0FA61980, marking material madera_005 as finished
[2020.10.31-22.42.30:066][ 46]LogTemp:Display: Marking material as finished 0x000001FF07921900
[2020.10.31-22.42.33:009][358]LogTemp:Display: Finished compile of shader map 0x000001FF0F8DFC80
[2020.10.31-22.42.33:009][358]LogTemp:Display: Shader map madera_004 complete, GameThreadShaderMap 0x000001FF0F8DFC80, marking material madera_004 as finished
[2020.10.31-22.42.33:009][358]LogTemp:Display: Marking material as finished 0x000001FF74DDC580
[2020.10.31-22.42.34:781][537]LogTemp:Display: Finished compile of shader map 0x000001FF0F59AE80
[2020.10.31-22.42.34:781][537]LogTemp:Display: Shader map Material complete, GameThreadShaderMap 0x000001FF0F59AE80, marking material Material as finished
[2020.10.31-22.42.34:781][537]LogTemp:Display: Marking material as finished 0x000001FF74D92F80
[2020.10.31-22.42.37:806][856]LogTemp:Display: Finished compile of shader map 0x000001FF100DE080
[2020.10.31-22.42.37:806][856]LogTemp:Display: Shader map T_Wood_Oak_Mat complete, GameThreadShaderMap 0x000001FF100DE080, marking material T_Wood_Oak_Mat as finished
[2020.10.31-22.42.37:806][856]LogTemp:Display: Marking material as finished 0x000001FF0C850A00
[2020.10.31-22.42.39:818][ 69]LogTemp:Display: Finished compile of shader map 0x000001FF10B90480
[2020.10.31-22.42.39:818][ 69]LogTemp:Display: Shader map T_Metal_Aluminum_Mat complete, GameThreadShaderMap 0x000001FF10B90480, marking material T_Metal_Aluminum_Mat as finished
[2020.10.31-22.42.39:818][ 69]LogTemp:Display: Marking material as finished 0x000001FF0C852380
[2020.10.31-22.42.42:449][342]LogTemp:Display: Finished compile of shader map 0x000001FF117B6E80
[2020.10.31-22.42.42:449][342]LogTemp:Display: Shader map T_Burst_M_Mat complete, GameThreadShaderMap 0x000001FF117B6E80, marking material T_Burst_M_Mat as finished
[2020.10.31-22.42.42:449][342]LogTemp:Display: Marking material as finished 0x000001FF0C864580
[2020.10.31-22.42.45:090][624]LogTemp:Display: Finished compile of shader map 0x000001FF116AD280
[2020.10.31-22.42.45:090][624]LogTemp:Display: Shader map madera_001 complete, GameThreadShaderMap 0x000001FF116AD280, marking material madera_001 as finished
[2020.10.31-22.42.45:091][624]LogTemp:Display: Marking material as finished 0x000001FF0C856F80
[2020.10.31-22.42.47:895][924]LogTemp:Display: Finished compile of shader map 0x000001FF10F3F200
[2020.10.31-22.42.47:895][924]LogTemp:Display: Shader map 1_2_Mat complete, GameThreadShaderMap 0x000001FF10F3F200, marking material 1_2_Mat as finished
[2020.10.31-22.42.47:895][924]LogTemp:Display: Marking material as finished 0x000001FF0C865780
[2020.10.31-22.42.49:923][141]LogTemp:Display: Finished compile of shader map 0x000001FF1210A080
[2020.10.31-22.42.49:923][141]LogTemp:Display: Shader map Material_002 complete, GameThreadShaderMap 0x000001FF1210A080, marking material Material_002 as finished
[2020.10.31-22.42.49:923][141]LogTemp:Display: Marking material as finished 0x000001FF0C855300
[2020.10.31-22.42.52:649][432]LogTemp:Display: Finished compile of shader map 0x000001FF12914480
[2020.10.31-22.42.52:649][432]LogTemp:Display: Shader map Material_001 complete, GameThreadShaderMap 0x000001FF12914480, marking material Material_001 as finished
[2020.10.31-22.42.52:649][432]LogTemp:Display: Marking material as finished 0x000001FF75104A00
[2020.10.31-22.42.55:625][750]LogTemp:Display: Finished compile of shader map 0x000001FF13522E80
[2020.10.31-22.42.55:625][750]LogTemp:Display: Shader map Material complete, GameThreadShaderMap 0x000001FF13522E80, marking material Material as finished
[2020.10.31-22.42.55:625][750]LogTemp:Display: Marking material as finished 0x000001FF75106F80
[2020.10.31-22.42.57:191][918]LogTemp:Display: Finished compile of shader map 0x000001FF1306D600
[2020.10.31-22.42.57:191][918]LogTemp:Display: Shader map Material_003 complete, GameThreadShaderMap 0x000001FF1306D600, marking material Material_003 as finished
[2020.10.31-22.42.57:191][918]LogTemp:Display: Marking material as finished 0x000001FF74D90280
[2020.10.31-22.43.00:121][229]LogTemp:Display: Finished compile of shader map 0x000001FF12CBBC80
[2020.10.31-22.43.00:121][229]LogTemp:Display: Shader map madera_002 complete, GameThreadShaderMap 0x000001FF12CBBC80, marking material madera_002 as finished
[2020.10.31-22.43.00:121][229]LogTemp:Display: Marking material as finished 0x000001FF74DDEE00
[2020.10.31-22.43.01:135][339]LogTemp:Display: Finished compile of shader map 0x000001FF12BAE780
[2020.10.31-22.43.01:135][339]LogTemp:Display: Shader map madera complete, GameThreadShaderMap 0x000001FF12BAE780, marking material madera as finished
[2020.10.31-22.43.01:135][339]LogTemp:Display: Marking material as finished 0x000001FF7512D900
[2020.10.31-22.43.14:387][915]LogBlueprintUserMessages: Early EndPlayMap Detection: Level '/Game/Niveles/Mapa/Minimal_Default.Minimal_Default:PersistentLevel' has LevelScriptBlueprint '/Game/Niveles/Mapa/Minimal_Default.Minimal_Default:PersistentLevel.Minimal_Default' with GeneratedClass '/Game/Niveles/Mapa/Minimal_Default.Minimal_Default_C' with ClassGeneratedBy '/Game/Niveles/Mapa/Minimal_Default.Minimal_Default:PersistentLevel.Minimal_Default'
[2020.10.31-22.43.14:462][915]LogBlueprintUserMessages: Late EndPlayMap Detection: Level '/Game/Niveles/Mapa/Minimal_Default.Minimal_Default:PersistentLevel' has LevelScriptBlueprint '/Game/Niveles/Mapa/Minimal_Default.Minimal_Default:PersistentLevel.Minimal_Default' with GeneratedClass '/Game/Niveles/Mapa/Minimal_Default.Minimal_Default_C' with ClassGeneratedBy '/Game/Niveles/Mapa/Minimal_Default.Minimal_Default:PersistentLevel.Minimal_Default'
[2020.10.31-22.43.38:102][728]LogEditorViewport: Clicking Background
[2020.10.31-22.43.38:777][808]LogEditorViewport: Clicking Background
[2020.10.31-22.43.40:376][999]LogEditorViewport: Clicking Background
[2020.10.31-22.44.09:953][514]LogEditorViewport: Clicking on Actor (LMB): SphereReflectionCapture (SphereReflectionCapture)
[2020.10.31-22.47.02:931][189]LogEditorViewport: Clicking on Actor (LMB): StaticMeshActor (Floor)
[2020.10.31-22.47.32:769][441]LogEditorViewport: Clicking on Actor (LMB): StaticMeshActor (Floor)
[2020.10.31-22.47.34:330][625]LogEditorViewport: Clicking on Actor (LMB): StaticMeshActor (Floor)
[2020.10.31-22.47.37:273][928]LogEditorViewport: Clicking on Actor (LMB): StaticMeshActor (Floor)
[2020.10.31-22.48.16:071][367]LogEditorViewport: Clicking on Component (context menu): StaticMeshComponent (StaticMeshComponent0)
[2020.10.31-22.48.17:875][561]LogEditorViewport: Clicking Background
[2020.10.31-22.48.18:946][680]LogEditorViewport: Clicking on Actor (LMB): StaticMeshActor (Floor)
[2020.10.31-22.48.40:718][ 97]LogTemp: Repeting last play command: New Editor Window (PIE)
[2020.10.31-22.48.40:730][ 97]LogBlueprintUserMessages: Early PlayInEditor Detection: Level '/Game/Niveles/Mapa/Minimal_Default.Minimal_Default:PersistentLevel' has LevelScriptBlueprint '/Game/Niveles/Mapa/Minimal_Default.Minimal_Default:PersistentLevel.Minimal_Default' with GeneratedClass '/Game/Niveles/Mapa/Minimal_Default.Minimal_Default_C' with ClassGeneratedBy '/Game/Niveles/Mapa/Minimal_Default.Minimal_Default:PersistentLevel.Minimal_Default'
[2020.10.31-22.48.40:730][ 97]LogPlayLevel: PlayLevel: No blueprints needed recompiling
[2020.10.31-22.48.40:730][ 97]PIE: New page: Sesión PIE (reproducción en el editor): Minimal_Default (31/10/2020 16:48:40)
[2020.10.31-22.48.40:730][ 97]LogPlayLevel: Creating play world package: /Game/Niveles/Mapa/UEDPIE_0_Minimal_Default
[2020.10.31-22.48.40:752][ 97]LogPlayLevel: PIE: StaticDuplicateObject took: (0.022282s)
[2020.10.31-22.48.40:753][ 97]LogAIModule: Creating AISystem for world Minimal_Default
[2020.10.31-22.48.40:754][ 97]LogPlayLevel: PIE: World Init took: (0.001252s)
[2020.10.31-22.48.40:754][ 97]LogPlayLevel: PIE: Created PIE world by copying editor world from /Game/Niveles/Mapa/Minimal_Default.Minimal_Default to /Game/Niveles/Mapa/UEDPIE_0_Minimal_Default.Minimal_Default (0.023822s)
[2020.10.31-22.48.40:793][ 97]LogInit: XAudio2 using 'Altavoces (Realtek High Definition Audio)' : 2 channels at 48 kHz using 32 bits per sample (channel mask 0x3)
[2020.10.31-22.48.40:816][ 97]LogInit: FAudioDevice initialized.
[2020.10.31-22.48.40:860][ 97]LogLoad: Game class is 'GameModeBase'
[2020.10.31-22.48.40:865][ 97]LogWorld: Bringing World /Game/Niveles/Mapa/UEDPIE_0_Minimal_Default.Minimal_Default up for play (max tick rate 0) at 2020.10.31-19.48.40
[2020.10.31-22.48.40:866][ 97]LogWorld: Bringing up level for play took: 0.004049
[2020.10.31-22.48.40:871][ 97]PIE: Información Tiempo de inicio de la reproducción en el editor para  /Game/Niveles/Mapa/UEDPIE_0_Minimal_Default -0,387
[2020.10.31-22.48.40:871][ 97]LogBlueprintUserMessages: Late PlayInEditor Detection: Level '/Game/Niveles/Mapa/Minimal_Default.Minimal_Default:PersistentLevel' has LevelScriptBlueprint '/Game/Niveles/Mapa/Minimal_Default.Minimal_Default:PersistentLevel.Minimal_Default' with GeneratedClass '/Game/Niveles/Mapa/Minimal_Default.Minimal_Default_C' with ClassGeneratedBy '/Game/Niveles/Mapa/Minimal_Default.Minimal_Default:PersistentLevel.Minimal_Default'
[2020.10.31-22.48.53:424][593]LogBlueprintUserMessages: Early EndPlayMap Detection: Level '/Game/Niveles/Mapa/Minimal_Default.Minimal_Default:PersistentLevel' has LevelScriptBlueprint '/Game/Niveles/Mapa/Minimal_Default.Minimal_Default:PersistentLevel.Minimal_Default' with GeneratedClass '/Game/Niveles/Mapa/Minimal_Default.Minimal_Default_C' with ClassGeneratedBy '/Game/Niveles/Mapa/Minimal_Default.Minimal_Default:PersistentLevel.Minimal_Default'
[2020.10.31-22.48.53:505][593]LogBlueprintUserMessages: Late EndPlayMap Detection: Level '/Game/Niveles/Mapa/Minimal_Default.Minimal_Default:PersistentLevel' has LevelScriptBlueprint '/Game/Niveles/Mapa/Minimal_Default.Minimal_Default:PersistentLevel.Minimal_Default' with GeneratedClass '/Game/Niveles/Mapa/Minimal_Default.Minimal_Default_C' with ClassGeneratedBy '/Game/Niveles/Mapa/Minimal_Default.Minimal_Default:PersistentLevel.Minimal_Default'
[2020.10.31-22.48.58:848][181]LogEditorViewport: Clicking on Actor (LMB): StaticMeshActor (Floor)
[2020.10.31-22.49.01:358][459]LogEditorViewport: Clicking on Actor (LMB): StaticMeshActor (ALFOMBRA)
[2020.10.31-22.53.18:348][682]LogSlate: Took 0.000373 seconds to synchronously load lazily loaded font '../../../Engine/Content/Slate/Fonts/Roboto-Light.ttf' (159K)
[2020.10.31-22.53.28:352][709]LogSavePackage: Save=669.08ms
[2020.10.31-22.53.28:352][709]LogSavePackage: Moving '../../../../../../Escritorio/Proyecto/Proyecto-Laberinto-Grupo-1/ProyectoLabApps/Saved/Minimal_Default_Auto13D7DB34847A4F27AB7E737A331D24424.tmp' to '../../../../../../Escritorio/Proyecto/Proyecto-Laberinto-Grupo-1/ProyectoLabApps/Saved/Autosaves/Game/Niveles/Mapa/Minimal_Default_Auto1.umap'
[2020.10.31-22.53.28:354][709]LogSavePackage:Display: Finished SavePackage ../../../../../../Escritorio/Proyecto/Proyecto-Laberinto-Grupo-1/ProyectoLabApps/Saved/Autosaves/Game/Niveles/Mapa/Minimal_Default_Auto1.umap
[2020.10.31-22.53.28:373][709]LogFileHelpers: Editor autosave (incl. sublevels) for '/Game/Niveles/Mapa/Minimal_Default' took 0.988
[2020.10.31-22.53.28:373][709]LogFileHelpers: Editor autosave (incl. sublevels) for all levels took 0.988
[2020.10.31-23.02.08:582][689]LogSavePackage: Save=204.71ms
[2020.10.31-23.02.08:582][689]LogSavePackage: Moving '../../../../../../Escritorio/Proyecto/Proyecto-Laberinto-Grupo-1/ProyectoLabApps/Saved/Minimal_DefaultB9FBD16B4F1AF40D4B7C9A9262A09286.tmp' to '../../../../../../Escritorio/Proyecto/Proyecto-Laberinto-Grupo-1/ProyectoLabApps/Content/Niveles/Mapa/Minimal_Default.umap'
[2020.10.31-23.02.08:586][689]LogSavePackage:Display: Finished SavePackage ../../../../../../Escritorio/Proyecto/Proyecto-Laberinto-Grupo-1/ProyectoLabApps/Content/Niveles/Mapa/Minimal_Default.umap
[2020.10.31-23.02.08:607][689]LogFileHelpers: Saving map 'Minimal_Default' took 0.316
[2020.10.31-23.02.08:985][690]Cmd: QUIT_EDITOR
[2020.10.31-23.02.09:238][690]LogWindowsTextInputMethodSystem:Display: IME system now deactivated.
[2020.10.31-23.02.09:268][690]LogExit: Preparing to exit.
[2020.10.31-23.02.09:631][690]LogDirectoryWatcher: A directory notification for 'D:/Escritorio/Proyecto/Proyecto-Laberinto-Grupo-1/ProyectoLabApps/Content/' was aborted.
[2020.10.31-23.02.09:652][690]LogExit: Editor shut down
[2020.10.31-23.02.09:652][690]LogExit: Transaction tracking system shut down
[2020.10.31-23.02.09:712][690]LogObj: Freed 0b from 0 cluster array pools.
[2020.10.31-23.02.09:712][690]LogExit: Object subsystem successfully closed.
[2020.10.31-23.02.09:728][690]LogD3D11RHI: Shutdown
[2020.10.31-23.02.09:728][690]LogD3D11RHI: CleanupD3DDevice
[2020.10.31-23.02.09:810][690]LogD3D11RHI: ~FD3D11DynamicRHI
[2020.10.31-23.02.09:820][690]LogModuleManager: Shutting down and abandoning module MovieSceneCapture (502)
[2020.10.31-23.02.09:820][690]LogModuleManager: Shutting down and abandoning module StatsViewer (500)
[2020.10.31-23.02.09:820][690]LogModuleManager: Shutting down and abandoning module HierarchicalLODOutliner (498)
[2020.10.31-23.02.09:820][690]LogModuleManager: Shutting down and abandoning module CrashTracker (496)
[2020.10.31-23.02.09:820][690]LogModuleManager: Shutting down and abandoning module SceneOutliner (494)
[2020.10.31-23.02.09:820][690]LogModuleManager: Shutting down and abandoning module AddContentDialog (492)
[2020.10.31-23.02.09:820][690]LogDirectoryWatcher: A directory notification for 'D:/Epic Games/Juegos epic/UE_4.15/FeaturePacks/' was aborted.
[2020.10.31-23.02.09:821][690]LogModuleManager: Shutting down and abandoning module WidgetCarousel (491)
[2020.10.31-23.02.09:821][690]LogModuleManager: Shutting down and abandoning module EditorWidgets (488)
[2020.10.31-23.02.09:821][690]LogModuleManager: Shutting down and abandoning module CollectionManager (486)
[2020.10.31-23.02.09:821][690]LogDirectoryWatcher: A directory notification for 'D:/Escritorio/Proyecto/Proyecto-Laberinto-Grupo-1/ProyectoLabApps/Content/Collections/' was aborted.
[2020.10.31-23.02.09:821][690]LogDirectoryWatcher: A directory notification for 'D:/Escritorio/Proyecto/Proyecto-Laberinto-Grupo-1/ProyectoLabApps/Content/Developers/Usuario/Collections/' was aborted.
[2020.10.31-23.02.09:822][690]LogDirectoryWatcher: A directory notification for 'D:/Escritorio/Proyecto/Proyecto-Laberinto-Grupo-1/ProyectoLabApps/Saved/Collections/' was aborted.
[2020.10.31-23.02.09:822][690]LogModuleManager: Shutting down and abandoning module FoliageEdit (484)
[2020.10.31-23.02.09:822][690]LogModuleManager: Shutting down and abandoning module LandscapeEditor (482)
[2020.10.31-23.02.09:822][690]LogModuleManager: Shutting down and abandoning module SceneDepthPickerMode (480)
[2020.10.31-23.02.09:822][690]LogModuleManager: Shutting down and abandoning module ActorPickerMode (478)
[2020.10.31-23.02.09:822][690]LogModuleManager: Shutting down and abandoning module GeometryMode (476)
[2020.10.31-23.02.09:822][690]LogModuleManager: Shutting down and abandoning module TextureAlignMode (474)
[2020.10.31-23.02.09:822][690]LogModuleManager: Shutting down and abandoning module BspMode (472)
[2020.10.31-23.02.09:822][690]LogModuleManager: Shutting down and abandoning module HardwareSurvey (470)
[2020.10.31-23.02.09:822][690]LogModuleManager: Shutting down and abandoning module SequenceRecorderSections (468)
[2020.10.31-23.02.09:822][690]LogModuleManager: Shutting down and abandoning module AutomationWorker (466)
[2020.10.31-23.02.09:822][690]LogModuleManager: Shutting down and abandoning module MatineeToLevelSequence (464)
[2020.10.31-23.02.09:822][690]LogModuleManager: Shutting down and abandoning module LevelSequenceEditor (462)
[2020.10.31-23.02.09:822][690]LogModuleManager: Shutting down and abandoning module PlacementMode (461)
[2020.10.31-23.02.09:822][690]LogModuleManager: Shutting down and abandoning module WmfMediaFactory (458)
[2020.10.31-23.02.09:822][690]LogModuleManager: Shutting down and abandoning module WmfMediaEditor (456)
[2020.10.31-23.02.09:822][690]LogModuleManager: Shutting down and abandoning module MfMediaFactory (454)
[2020.10.31-23.02.09:822][690]LogModuleManager: Shutting down and abandoning module MfMediaEditor (452)
[2020.10.31-23.02.09:822][690]LogModuleManager: Shutting down and abandoning module AvfMediaFactory (450)
[2020.10.31-23.02.09:822][690]LogModuleManager: Shutting down and abandoning module AvfMediaEditor (448)
[2020.10.31-23.02.09:822][690]LogModuleManager: Shutting down and abandoning module AndroidMediaFactory (446)
[2020.10.31-23.02.09:822][690]LogModuleManager: Shutting down and abandoning module Media (445)
[2020.10.31-23.02.09:822][690]LogModuleManager: Shutting down and abandoning module AndroidMediaEditor (442)
[2020.10.31-23.02.09:822][690]LogModuleManager: Shutting down and abandoning module CharacterAI (440)
[2020.10.31-23.02.09:822][690]LogModuleManager: Shutting down and abandoning module AudioCapture (438)
[2020.10.31-23.02.09:822][690]LogModuleManager: Shutting down and abandoning module SequenceRecorder (437)
[2020.10.31-23.02.09:822][690]LogModuleManager: Shutting down and abandoning module SmartSnapping (434)
[2020.10.31-23.02.09:822][690]LogModuleManager: Shutting down and abandoning module SessionServices (432)
[2020.10.31-23.02.09:822][690]LogModuleManager: Shutting down and abandoning module ViewportSnapping (430)
[2020.10.31-23.02.09:822][690]LogModuleManager: Shutting down and abandoning module ViewportInteraction (428)
[2020.10.31-23.02.09:822][690]LogModuleManager: Shutting down and abandoning module LogVisualizer (426)
[2020.10.31-23.02.09:822][690]LogModuleManager: Shutting down and abandoning module IntroTutorials (424)
[2020.10.31-23.02.09:822][690]LogModuleManager: Shutting down and abandoning module GameProjectGeneration (423)
[2020.10.31-23.02.09:822][690]LogModuleManager: Shutting down and abandoning module EditorLiveStreaming (420)
[2020.10.31-23.02.09:822][690]LogModuleManager: Shutting down and abandoning module IOSPlatformEditor (418)
[2020.10.31-23.02.09:822][690]LogModuleManager: Shutting down and abandoning module HTML5PlatformEditor (416)
[2020.10.31-23.02.09:822][690]LogModuleManager: Shutting down and abandoning module AndroidPlatformEditor (414)
[2020.10.31-23.02.09:822][690]LogModuleManager: Shutting down and abandoning module AndroidDeviceDetection (413)
[2020.10.31-23.02.10:046][690]LogModuleManager: Shutting down and abandoning module IOSRuntimeSettings (410)
[2020.10.31-23.02.10:046][690]LogModuleManager: Shutting down and abandoning module AndroidRuntimeSettings (408)
[2020.10.31-23.02.10:046][690]LogModuleManager: Shutting down and abandoning module InputBindingEditor (406)
[2020.10.31-23.02.10:046][690]LogModuleManager: Shutting down and abandoning module NiagaraEditor (404)
[2020.10.31-23.02.10:046][690]LogModuleManager: Shutting down and abandoning module MergeActors (402)
[2020.10.31-23.02.10:046][690]LogModuleManager: Shutting down and abandoning module SizeMap (400)
[2020.10.31-23.02.10:046][690]LogModuleManager: Shutting down and abandoning module TreeMap (398)
[2020.10.31-23.02.10:046][690]LogModuleManager: Shutting down and abandoning module ReferenceViewer (396)
[2020.10.31-23.02.10:046][690]LogModuleManager: Shutting down and abandoning module LocalizationDashboard (394)
[2020.10.31-23.02.10:046][690]LogModuleManager: Shutting down and abandoning module LocalizationService (393)
[2020.10.31-23.02.10:046][690]LogModuleManager: Shutting down and abandoning module HardwareTargeting (390)
[2020.10.31-23.02.10:046][690]LogModuleManager: Shutting down and abandoning module DeviceProfileEditor (388)
[2020.10.31-23.02.10:046][690]LogModuleManager: Shutting down and abandoning module UndoHistory (386)
[2020.10.31-23.02.10:046][690]LogModuleManager: Shutting down and abandoning module UserFeedback (384)
[2020.10.31-23.02.10:047][690]LogModuleManager: Shutting down and abandoning module XmlParser (382)
[2020.10.31-23.02.10:047][690]LogModuleManager: Shutting down and abandoning module Blutility (380)
[2020.10.31-23.02.10:047][690]LogModuleManager: Shutting down and abandoning module ProjectSettingsViewer (378)
[2020.10.31-23.02.10:047][690]LogModuleManager: Shutting down and abandoning module ProjectTargetPlatformEditor (377)
[2020.10.31-23.02.10:047][690]LogModuleManager: Shutting down and abandoning module EditorSettingsViewer (374)
[2020.10.31-23.02.10:047][690]LogModuleManager: Shutting down and abandoning module SettingsEditor (372)
[2020.10.31-23.02.10:047][690]LogModuleManager: Shutting down and abandoning module ProjectLauncher (370)
[2020.10.31-23.02.10:047][690]LogModuleManager: Shutting down and abandoning module SessionFrontend (368)
[2020.10.31-23.02.10:047][690]LogModuleManager: Shutting down and abandoning module ProfilerClient (366)
[2020.10.31-23.02.10:047][690]LogModuleManager: Shutting down and abandoning module DeviceManager (364)
[2020.10.31-23.02.10:047][690]LogModuleManager: Shutting down and abandoning module TargetDeviceServices (363)
[2020.10.31-23.02.10:089][690]LogModuleManager: Shutting down and abandoning module AutomationController (360)
[2020.10.31-23.02.10:089][690]LogModuleManager: Shutting down and abandoning module AutomationWindow (358)
[2020.10.31-23.02.10:089][690]LogModuleManager: Shutting down and abandoning module Layers (356)
[2020.10.31-23.02.10:089][690]LogModuleManager: Shutting down and abandoning module ComponentVisualizers (354)
[2020.10.31-23.02.10:089][690]LogModuleManager: Shutting down and abandoning module DetailCustomizations (352)
[2020.10.31-23.02.10:089][690]LogModuleManager: Shutting down and abandoning module PackagesDialog (350)
[2020.10.31-23.02.10:089][690]LogModuleManager: Shutting down and abandoning module Persona (348)
[2020.10.31-23.02.10:089][690]LogModuleManager: Shutting down and abandoning module AnimGraph (347)
[2020.10.31-23.02.10:089][690]LogModuleManager: Shutting down and abandoning module Kismet (344)
[2020.10.31-23.02.10:089][690]LogModuleManager: Shutting down and abandoning module GraphEditor (342)
[2020.10.31-23.02.10:089][690]LogModuleManager: Shutting down and abandoning module ClassViewer (340)
[2020.10.31-23.02.10:089][690]LogModuleManager: Shutting down and abandoning module Toolbox (338)
[2020.10.31-23.02.10:089][690]LogModuleManager: Shutting down and abandoning module ModuleUI (336)
[2020.10.31-23.02.10:089][690]LogModuleManager: Shutting down and abandoning module MovieSceneTools (334)
[2020.10.31-23.02.10:089][690]LogModuleManager: Shutting down and abandoning module OutputLog (332)
[2020.10.31-23.02.10:089][690]LogModuleManager: Shutting down and abandoning module GammaUI (330)
[2020.10.31-23.02.10:089][690]LogModuleManager: Shutting down and abandoning module Documentation (328)
[2020.10.31-23.02.10:089][690]LogModuleManager: Shutting down and abandoning module Niagara (326)
[2020.10.31-23.02.10:089][690]LogModuleManager: Shutting down and abandoning module StreamingPauseRendering (324)
[2020.10.31-23.02.10:089][690]LogModuleManager: Shutting down and abandoning module AnalyticsET (322)
[2020.10.31-23.02.10:089][690]LogModuleManager: Shutting down and abandoning module PortalServices (320)
[2020.10.31-23.02.10:089][690]LogModuleManager: Shutting down and abandoning module PortalRpc (318)
[2020.10.31-23.02.10:089][690]LogModuleManager: Shutting down and abandoning module MessagingRpc (316)
[2020.10.31-23.02.10:089][690]LogModuleManager: Shutting down and abandoning module AIModule (314)
[2020.10.31-23.02.10:089][690]LogModuleManager: Shutting down and abandoning module GameplayDebugger (313)
[2020.10.31-23.02.10:090][690]LogModuleManager: Shutting down and abandoning module AITestSuite (311)
[2020.10.31-23.02.10:090][690]LogModuleManager: Shutting down and abandoning module ProfilerService (308)
[2020.10.31-23.02.10:197][690]LogModuleManager: Shutting down and abandoning module TaskGraph (306)
[2020.10.31-23.02.10:197][690]LogModuleManager: Shutting down and abandoning module SteamVRController (304)
[2020.10.31-23.02.10:197][690]LogModuleManager: Shutting down and abandoning module SteamVR (302)
[2020.10.31-23.02.10:197][690]LogModuleManager: Shutting down and abandoning module ProceduralMeshComponentEditor (300)
[2020.10.31-23.02.10:197][690]LogModuleManager: Shutting down and abandoning module ProceduralMeshComponent (298)
[2020.10.31-23.02.10:198][690]LogModuleManager: Shutting down and abandoning module OculusLibrary (296)
[2020.10.31-23.02.10:198][690]LogModuleManager: Shutting down and abandoning module OculusInput (294)
[2020.10.31-23.02.10:198][690]LogModuleManager: Shutting down and abandoning module MobilePatchingUtils (292)
[2020.10.31-23.02.10:198][690]LogModuleManager: Shutting down and abandoning module CustomMeshComponent (290)
[2020.10.31-23.02.10:198][690]LogModuleManager: Shutting down and abandoning module CableComponent (288)
[2020.10.31-23.02.10:198][690]LogModuleManager: Shutting down and abandoning module ArchVisCharacter (286)
[2020.10.31-23.02.10:198][690]LogModuleManager: Shutting down and abandoning module MediaPlayerEditor (282)
[2020.10.31-23.02.10:198][690]LogModuleManager: Shutting down and abandoning module HTML5Networking (280)
[2020.10.31-23.02.10:198][690]LogModuleManager: Shutting down and abandoning module AlembicImporter (278)
[2020.10.31-23.02.10:198][690]LogModuleManager: Shutting down and abandoning module AlembicLibrary (277)
[2020.10.31-23.02.10:198][690]LogModuleManager: Shutting down and abandoning module GeometryCache (276)
[2020.10.31-23.02.10:198][690]LogModuleManager: Shutting down and abandoning module GeometryCacheEd (275)
[2020.10.31-23.02.10:198][690]LogModuleManager: Shutting down and abandoning module SuperSearchEditor (270)
[2020.10.31-23.02.10:198][690]LogModuleManager: Shutting down and abandoning module SuperSearch (269)
[2020.10.31-23.02.10:198][690]LogModuleManager: Shutting down and abandoning module SpeedTreeImporter (266)
[2020.10.31-23.02.10:198][690]LogModuleManager: Shutting down and abandoning module PluginBrowser (264)
[2020.10.31-23.02.10:198][690]LogModuleManager: Shutting down and abandoning module MobileLauncherProfileWizard (262)
[2020.10.31-23.02.10:198][690]LogModuleManager: Shutting down and abandoning module EpicSurvey (260)
[2020.10.31-23.02.10:198][690]LogModuleManager: Shutting down and abandoning module VisualStudioSourceCodeAccess (258)
[2020.10.31-23.02.10:198][690]LogModuleManager: Shutting down and abandoning module DesktopPlatform (257)
[2020.10.31-23.02.10:198][690]LogModuleManager: Shutting down and abandoning module UObjectPlugin (254)
[2020.10.31-23.02.10:198][690]LogModuleManager: Shutting down and abandoning module SubversionSourceControl (252)
[2020.10.31-23.02.10:198][690]LogModuleManager: Shutting down and abandoning module PerforceSourceControl (250)
[2020.10.31-23.02.10:198][690]LogModuleManager: Shutting down and abandoning module GitSourceControl (248)
[2020.10.31-23.02.10:198][690]LogModuleManager: Shutting down and abandoning module SourceControl (247)
[2020.10.31-23.02.10:198][690]LogModuleManager: Shutting down and abandoning module LightPropagationVolumeEditor (244)
[2020.10.31-23.02.10:198][690]LogModuleManager: Shutting down and abandoning module PaperTiledImporter (242)
[2020.10.31-23.02.10:198][690]LogModuleManager: Shutting down and abandoning module PaperSpriteSheetImporter (240)
[2020.10.31-23.02.10:198][690]LogModuleManager: Shutting down and abandoning module Paper2DEditor (238)
[2020.10.31-23.02.10:198][690]LogModuleManager: Shutting down and abandoning module MeshPaint (237)
[2020.10.31-23.02.10:198][690]LogModuleManager: Shutting down and abandoning module LevelEditor (235)
[2020.10.31-23.02.10:199][690]LogModuleManager: Shutting down and abandoning module PixelInspectorModule (234)
[2020.10.31-23.02.10:199][690]LogModuleManager: Shutting down and abandoning module MainFrame (232)
[2020.10.31-23.02.10:199][690]LogModuleManager: Shutting down and abandoning module HotReload (231)
[2020.10.31-23.02.10:199][690]LogDirectoryWatcher: A directory notification for 'D:/Escritorio/Proyecto/Proyecto-Laberinto-Grupo-1/ProyectoLabApps/Binaries/Win64' was aborted.
[2020.10.31-23.02.10:200][690]LogModuleManager: Shutting down and abandoning module ContentBrowser (227)
[2020.10.31-23.02.10:201][690]LogModuleManager: Shutting down and abandoning module ProyectoLabApps (224)
[2020.10.31-23.02.10:201][690]LogModuleManager: Shutting down and abandoning module PhysXVehiclesEditor (222)
[2020.10.31-23.02.10:201][690]LogModuleManager: Shutting down and abandoning module PhysXVehicles (220)
[2020.10.31-23.02.10:201][690]LogModuleManager: Shutting down and abandoning module LocationServicesBPLibrary (218)
[2020.10.31-23.02.10:201][690]LogModuleManager: Shutting down and abandoning module UdpMessaging (216)
[2020.10.31-23.02.10:302][690]LogModuleManager: Shutting down and abandoning module TcpMessaging (214)
[2020.10.31-23.02.10:403][690]LogModuleManager: Shutting down and abandoning module GameplayTagsEditor (212)
[2020.10.31-23.02.10:403][690]LogModuleManager: Shutting down and abandoning module FacialAnimationEditor (210)
[2020.10.31-23.02.10:403][690]LogModuleManager: Shutting down and abandoning module FacialAnimation (208)
[2020.10.31-23.02.10:403][690]LogModuleManager: Shutting down and abandoning module LightPropagationVolumeRuntime (206)
[2020.10.31-23.02.10:403][690]LogModuleManager: Shutting down and abandoning module Paper2D (204)
[2020.10.31-23.02.10:403][690]LogModuleManager: Shutting down and abandoning module WindowsMoviePlayer (202)
[2020.10.31-23.02.10:403][690]LogModuleManager: Shutting down and abandoning module WmfMedia (200)
[2020.10.31-23.02.10:405][690]LogModuleManager: Shutting down and abandoning module MfMedia (198)
[2020.10.31-23.02.10:405][690]LogModuleManager: Shutting down and abandoning module MediaAssets (196)
[2020.10.31-23.02.10:405][690]LogModuleManager: Shutting down and abandoning module GameLiveStreaming (194)
[2020.10.31-23.02.10:405][690]LogModuleManager: Shutting down and abandoning module VREditor (192)
[2020.10.31-23.02.10:405][690]LogModuleManager: Shutting down and abandoning module GameplayTasksEditor (190)
[2020.10.31-23.02.10:405][690]LogModuleManager: Shutting down and abandoning module BehaviorTreeEditor (188)
[2020.10.31-23.02.10:405][690]LogModuleManager: Shutting down and abandoning module FunctionalTesting (186)
[2020.10.31-23.02.10:405][690]LogModuleManager: Shutting down and abandoning module CollisionAnalyzer (184)
[2020.10.31-23.02.10:405][690]LogModuleManager: Shutting down and abandoning module UMG (182)
[2020.10.31-23.02.10:406][690]LogModuleManager: Shutting down and abandoning module UMGEditor (181)
[2020.10.31-23.02.10:406][690]LogModuleManager: Shutting down and abandoning module Sequencer (180)
[2020.10.31-23.02.10:406][690]LogModuleManager: Shutting down and abandoning module AssetTools (178)
[2020.10.31-23.02.10:406][690]LogModuleManager: Shutting down and abandoning module MessageLog (177)
[2020.10.31-23.02.10:406][690]LogModuleManager: Shutting down and abandoning module WorkspaceMenuStructure (176)
[2020.10.31-23.02.10:406][690]LogModuleManager: Shutting down and abandoning module SlateReflector (170)
[2020.10.31-23.02.10:406][690]LogModuleManager: Shutting down and abandoning module Slate (168)
[2020.10.31-23.02.10:406][690]LogModuleManager: Shutting down and abandoning module EditorStyle (166)
[2020.10.31-23.02.10:409][690]LogModuleManager: Shutting down and abandoning module SourceCodeAccess (164)
[2020.10.31-23.02.10:409][690]LogModuleManager: Shutting down and abandoning module HeadMountedDisplay (162)
[2020.10.31-23.02.10:409][690]LogModuleManager: Shutting down and abandoning module XAudio2 (160)
[2020.10.31-23.02.10:409][690]LogModuleManager: Shutting down and abandoning module Networking (158)
[2020.10.31-23.02.10:409][690]LogModuleManager: Shutting down and abandoning module Core (154)
[2020.10.31-23.02.10:409][690]LogModuleManager: Shutting down and abandoning module AssetRegistry (152)
[2020.10.31-23.02.10:524][690]LogDirectoryWatcher: A directory notification for '../../../Engine/Content/' was aborted.
[2020.10.31-23.02.10:524][690]LogDirectoryWatcher: A directory notification for '../../../../../../Escritorio/Proyecto/Proyecto-Laberinto-Grupo-1/ProyectoLabApps/Content/' was aborted.
[2020.10.31-23.02.10:524][690]LogDirectoryWatcher: A directory notification for '../../../Engine/Plugins/2D/Paper2D/Content/' was aborted.
[2020.10.31-23.02.10:524][690]LogModuleManager: Shutting down and abandoning module DirectoryWatcher (151)
[2020.10.31-23.02.10:527][690]LogModuleManager: Shutting down and abandoning module KismetCompiler (148)
[2020.10.31-23.02.10:528][690]LogModuleManager: Shutting down and abandoning module PhysXFormats (146)
[2020.10.31-23.02.10:528][690]LogModuleManager: Shutting down and abandoning module MeshUtilities (144)
[2020.10.31-23.02.10:528][690]LogModuleManager: Shutting down and abandoning module SimplygonSwarm (143)
[2020.10.31-23.02.10:528][690]LogModuleManager: Shutting down and abandoning module SimplygonMeshReduction (141)
[2020.10.31-23.02.10:528][690]LogModuleManager: Shutting down and abandoning module QuadricMeshReduction (139)
[2020.10.31-23.02.10:528][690]LogModuleManager: Shutting down and abandoning module PropertyEditor (137)
[2020.10.31-23.02.10:528][690]LogModuleManager: Shutting down and abandoning module DerivedDataCache (134)
[2020.10.31-23.02.10:570][690]LogDerivedDataCache: Shutdown
[2020.10.31-23.02.10:570][690]LogModuleManager: Shutting down and abandoning module TargetPlatform (132)
[2020.10.31-23.02.10:570][690]LogModuleManager: Shutting down and abandoning module VulkanShaderFormat (131)
[2020.10.31-23.02.10:570][690]LogModuleManager: Shutting down and abandoning module ShaderFormatOpenGL (129)
[2020.10.31-23.02.10:570][690]LogModuleManager: Shutting down and abandoning module ShaderFormatD3D (127)
[2020.10.31-23.02.10:570][690]LogModuleManager: Shutting down and abandoning module MetalShaderFormat (125)
[2020.10.31-23.02.10:570][690]LogModuleManager: Shutting down and abandoning module TextureFormatUncompressed (123)
[2020.10.31-23.02.10:570][690]LogModuleManager: Shutting down and abandoning module TextureFormatPVR (121)
[2020.10.31-23.02.10:570][690]LogModuleManager: Shutting down and abandoning module TextureFormatDXT (119)
[2020.10.31-23.02.10:570][690]LogModuleManager: Shutting down and abandoning module TextureFormatIntelISPCTexComp (117)
[2020.10.31-23.02.10:570][690]LogModuleManager: Shutting down and abandoning module TextureFormatASTC (115)
[2020.10.31-23.02.10:570][690]LogModuleManager: Shutting down and abandoning module ImageWrapper (114)
[2020.10.31-23.02.10:570][690]LogModuleManager: Shutting down and abandoning module TextureFormatAndroid (111)
[2020.10.31-23.02.10:570][690]LogModuleManager: Shutting down and abandoning module AudioFormatOpus (109)
[2020.10.31-23.02.10:570][690]LogModuleManager: Shutting down and abandoning module AudioFormatOgg (107)
[2020.10.31-23.02.10:570][690]LogModuleManager: Shutting down and abandoning module AudioFormatADPCM (105)
[2020.10.31-23.02.10:570][690]LogModuleManager: Shutting down and abandoning module LinuxTargetPlatform (103)
[2020.10.31-23.02.10:570][690]LogModuleManager: Shutting down and abandoning module LinuxServerTargetPlatform (101)
[2020.10.31-23.02.10:570][690]LogModuleManager: Shutting down and abandoning module LinuxNoEditorTargetPlatform (99)
[2020.10.31-23.02.10:570][690]LogModuleManager: Shutting down and abandoning module LinuxClientTargetPlatform (97)
[2020.10.31-23.02.10:570][690]LogModuleManager: Shutting down and abandoning module TVOSTargetPlatform (95)
[2020.10.31-23.02.10:570][690]LogModuleManager: Shutting down and abandoning module Messaging (93)
[2020.10.31-23.02.10:570][690]LogModuleManager: Shutting down and abandoning module IOSTargetPlatform (91)
[2020.10.31-23.02.10:570][690]LogModuleManager: Shutting down and abandoning module HTML5TargetPlatform (89)
[2020.10.31-23.02.10:570][690]LogModuleManager: Shutting down and abandoning module Android_PVRTCTargetPlatform (87)
[2020.10.31-23.02.10:570][690]LogModuleManager: Shutting down and abandoning module Android_MultiTargetPlatform (85)
[2020.10.31-23.02.10:570][690]LogModuleManager: Shutting down and abandoning module Android_ETC2TargetPlatform (83)
[2020.10.31-23.02.10:571][690]LogModuleManager: Shutting down and abandoning module Android_ETC1TargetPlatform (81)
[2020.10.31-23.02.10:571][690]LogModuleManager: Shutting down and abandoning module Android_DXTTargetPlatform (79)
[2020.10.31-23.02.10:571][690]LogModuleManager: Shutting down and abandoning module Android_ATCTargetPlatform (77)
[2020.10.31-23.02.10:571][690]LogModuleManager: Shutting down and abandoning module Android_ASTCTargetPlatform (75)
[2020.10.31-23.02.10:571][690]LogModuleManager: Shutting down and abandoning module AndroidTargetPlatform (73)
[2020.10.31-23.02.10:571][690]LogModuleManager: Shutting down and abandoning module WindowsTargetPlatform (71)
[2020.10.31-23.02.10:571][690]LogModuleManager: Shutting down and abandoning module WindowsServerTargetPlatform (69)
[2020.10.31-23.02.10:571][690]LogModuleManager: Shutting down and abandoning module WindowsNoEditorTargetPlatform (67)
[2020.10.31-23.02.10:571][690]LogModuleManager: Shutting down and abandoning module WindowsClientTargetPlatform (65)
[2020.10.31-23.02.10:571][690]LogModuleManager: Shutting down and abandoning module MacTargetPlatform (63)
[2020.10.31-23.02.10:571][690]LogModuleManager: Shutting down and abandoning module MacServerTargetPlatform (61)
[2020.10.31-23.02.10:571][690]LogModuleManager: Shutting down and abandoning module MacNoEditorTargetPlatform (59)
[2020.10.31-23.02.10:571][690]LogModuleManager: Shutting down and abandoning module MacClientTargetPlatform (57)
[2020.10.31-23.02.10:571][690]LogModuleManager: Shutting down and abandoning module AllDesktopTargetPlatform (55)
[2020.10.31-23.02.10:571][690]LogModuleManager: Shutting down and abandoning module InputCore (52)
[2020.10.31-23.02.10:571][690]LogModuleManager: Shutting down and abandoning module Settings (50)
[2020.10.31-23.02.10:571][690]LogModuleManager: Shutting down and abandoning module OculusRift (48)
[2020.10.31-23.02.10:571][690]LogModuleManager: Shutting down and abandoning module GearVR (46)
[2020.10.31-23.02.10:571][690]LogModuleManager: Shutting down and abandoning module ExampleDeviceProfileSelector (44)
[2020.10.31-23.02.10:571][690]LogModuleManager: Shutting down and abandoning module OnlineBlueprintSupport (42)
[2020.10.31-23.02.10:571][690]LogModuleManager: Shutting down and abandoning module OnlineSubsystem (38)
[2020.10.31-23.02.10:571][690]LogOnline:Display: Unloading online subsystem: NULL
[2020.10.31-23.02.10:571][690]LogModuleManager: Shutting down and abandoning module XMPP (37)
[2020.10.31-23.02.10:571][690]LogModuleManager: Shutting down and abandoning module HTTP (35)
[2020.10.31-23.02.10:571][690]LogHttp:Display: Http module shutting down, but needs to wait on 1 outstanding Http requests:
[2020.10.31-23.02.10:571][690]LogHttp:Display: 	verb=[POST] url=[https://datarouter.ol.epicgames.com/datarouter/api/v1/public/data?SessionID=%7B3AD96B0E-4EEE-D0B4-E10C-9CAF3EFDED19%7D&AppID=UEEditor.Rocket.Release&AppVersion=4.15.3-3450819%2B%2B%2BUE4%2BRelease-4.15&UserID=e10535a64fb9ed94f97320a8db6f28bc%7Cfeada0bc91244e1bbc85f333bfb7432e%7Cc8f7922c-32f3-4db3-b025-d5db5959e73b&AppEnvironment=datacollector-binary&UploadType=eteventstream] status=Processing
[2020.10.31-23.02.10:596][690]LogModuleManager: Shutting down and abandoning module SSL (34)
[2020.10.31-23.02.10:598][690]LogModuleManager: Shutting down and abandoning module AudioEditor (30)
[2020.10.31-23.02.10:598][690]LogModuleManager: Shutting down and abandoning module TextureCompressor (28)
[2020.10.31-23.02.10:598][690]LogModuleManager: Shutting down and abandoning module ShaderCore (26)
[2020.10.31-23.02.10:598][690]LogModuleManager: Shutting down and abandoning module Landscape (24)
[2020.10.31-23.02.10:598][690]LogModuleManager: Shutting down and abandoning module SlateRHIRenderer (22)
[2020.10.31-23.02.10:600][690]LogModuleManager: Shutting down and abandoning module OpenGLDrv (20)
[2020.10.31-23.02.10:600][690]LogModuleManager: Shutting down and abandoning module D3D11RHI (18)
[2020.10.31-23.02.10:600][690]LogModuleManager: Shutting down and abandoning module AnimGraphRuntime (16)
[2020.10.31-23.02.10:600][690]LogModuleManager: Shutting down and abandoning module Renderer (14)
[2020.10.31-23.02.10:600][690]LogModuleManager: Shutting down and abandoning module Engine (12)
[2020.10.31-23.02.10:600][690]LogModuleManager: Shutting down and abandoning module CoreUObject (10)
[2020.10.31-23.02.10:600][690]LogModuleManager: Shutting down and abandoning module NetworkFile (8)
[2020.10.31-23.02.10:600][690]LogModuleManager: Shutting down and abandoning module StreamingFile (6)
[2020.10.31-23.02.10:600][690]LogModuleManager: Shutting down and abandoning module SandboxFile (4)
[2020.10.31-23.02.10:600][690]LogModuleManager: Shutting down and abandoning module PakFile (2)
[2020.10.31-23.02.10:603][690]LogExit: Exiting.
[2020.10.31-23.02.10:604][690]Log file closed, 10/31/20 20:02:10
