Log file open, 11/09/20 00:28:47
LogInit:Display: Running engine for game: ProyectoLabApps
LogPlatformFile: Not using cached read wrapper
LogInit:Display: RandInit(-409614316) SRandInit(-409614316).
LogTaskGraph: Started task graph with 5 named threads and 6 total threads with 1 sets of task threads.
LogStats: Stats thread started at 0.214533
LogInit: Using libcurl 7.47.1
LogInit:  - built for x86_64-pc-win32
LogInit:  - supports SSL with OpenSSL/1.0.2g
LogInit:  - supports HTTP deflate (compression) using libz 1.2.8
LogInit:  - other features:
LogInit:      CURL_VERSION_SSL
LogInit:      CURL_VERSION_LIBZ
LogInit:      CURL_VERSION_IPV6
LogInit:      CURL_VERSION_ASYNCHDNS
LogInit:      CURL_VERSION_LARGEFILE
LogInit:      CURL_VERSION_IDN
LogInit:  CurlRequestOptions (configurable via config and command line):
LogInit:  - bVerifyPeer = false  - Libcurl will NOT verify peer certificate
LogInit:  - bUseHttpProxy = false  - Libcurl will NOT use HTTP proxy
LogInit:  - bDontReuseConnections = false  - Libcurl will reuse connections
LogInit:  - CertBundlePath = nullptr  - Libcurl will use whatever was configured at build time.
LogInit: Build: ++UE4+Release-4.15-CL-3450819
LogInit: Engine Version: 4.15.3-3450819+++UE4+Release-4.15
LogInit: Compatible Engine Version: 4.15.0-3299760+++UE4+Release-4.15
LogInit: Net CL: 3299760
LogDevObjectVersion: Number of dev versions registered: 14
LogDevObjectVersion:   Dev-Blueprints (B0D832E4-1F89-4F0D-ACCF-7EB736FD4AA2): 8
LogDevObjectVersion:   Dev-Build (E1C64328-A22C-4D53-A36C-8E866417BD8C): 0
LogDevObjectVersion:   Dev-Core (375EC13C-06E4-48FB-B500-84F0262A717E): 2
LogDevObjectVersion:   Dev-Editor (E4B068ED-F494-42E9-A231-DA0B2E46BB41): 14
LogDevObjectVersion:   Dev-Framework (CFFC743F-43B0-4480-9391-14DF171D2073): 22
LogDevObjectVersion:   Dev-Mobile (B02B49B5-BB20-44E9-A304-32B752E40360): 0
LogDevObjectVersion:   Dev-Networking (A4E4105C-59A1-49B5-A7C5-40C4547EDFEE): 0
LogDevObjectVersion:   Dev-Online (39C831C9-5AE6-47DC-9A44-9C173E1C8E7C): 0
LogDevObjectVersion:   Dev-Physics (78F01B33-EBEA-4F98-B9B4-84EACCB95AA2): 0
LogDevObjectVersion:   Dev-Platform (6631380F-2D4D-43E0-8009-CF276956A95A): 0
LogDevObjectVersion:   Dev-Rendering (12F88B9F-8875-4AFC-A67C-D90C383ABD29): 12
LogDevObjectVersion:   Dev-Sequencer (7B5AE74C-D270-4C10-A958-57980B212A5A): 3
LogDevObjectVersion:   Dev-VR (D7296918-1DD6-4BDD-9DE2-64A83CC13884): 0
LogDevObjectVersion:   Dev-LoadTimes (C2A15278-BFE7-4AFE-6C17-90FF531DF755): 1
LogInit: Compiled (64-bit): May 21 2017 11:02:34
LogInit: Compiled with Visual C++: 19.00.23026.00
LogInit: Build Configuration: Development
LogInit: Branch Name: ++UE4+Release-4.15
LogInit: Command line: 
LogInit: Base directory: C:/Program Files/Epic Games/UE_4.15/Engine/Binaries/Win64/
LogInit: Installed Engine Build: 1
LogInit: Presizing for max 8388607 objects, including 0 objects not considered by GC, pre-allocating 0 bytes for permanent pool.
LogInit: Object subsystem initialized
[2020.11.09-03.28.50:699][  0]LogInit: Selected Device Profile: [Windows]
[2020.11.09-03.28.50:699][  0]LogInit: Applying CVar settings loaded from the selected device profile: [Windows]
[2020.11.09-03.28.50:780][  0]LogInit: Computer: BELU
[2020.11.09-03.28.50:780][  0]LogInit: User: Beluu
[2020.11.09-03.28.50:780][  0]LogInit: CPU Page size=65536, Cores=2
[2020.11.09-03.28.50:780][  0]LogInit: High frequency timer resolution =2.143578 MHz
[2020.11.09-03.28.50:781][  0]LogMemory: Memory total: Physical=3.7GB (4GB approx)
[2020.11.09-03.28.50:782][  0]LogMemory: Platform Memory Stats for Windows
[2020.11.09-03.28.50:782][  0]LogMemory: Process Physical Memory: 263.54 MB used, 263.54 MB peak
[2020.11.09-03.28.50:782][  0]LogMemory: Process Virtual Memory: 262.51 MB used, 262.51 MB peak
[2020.11.09-03.28.50:782][  0]LogMemory: Physical Memory: 2962.08 MB used,  833.46 MB free, 3795.54 MB total
[2020.11.09-03.28.50:782][  0]LogMemory: Virtual Memory: 643.31 MB used,  833.46 MB free, 134217728.00 MB total
[2020.11.09-03.28.51:299][  0]LogTextLocalizationManager: No specific translations for ('es-AR') exist, so ('es') translations will be used.
[2020.11.09-03.28.53:293][  0]LogD3D11RHI: D3D11 adapters:
[2020.11.09-03.28.53:303][  0]LogD3D11RHI:    0. 'Intel(R) HD Graphics' (Feature Level 10_0)
[2020.11.09-03.28.53:303][  0]LogD3D11RHI:       32/0/1632 MB DedicatedVideo/DedicatedSystem/SharedSystem, Outputs:1, VendorId:0x8086
[2020.11.09-03.28.53:308][  0]LogD3D11RHI:    1. 'Microsoft Basic Render Driver' (Feature Level 11_0)
[2020.11.09-03.28.53:309][  0]LogD3D11RHI:       0/0/1897 MB DedicatedVideo/DedicatedSystem/SharedSystem, Outputs:0, VendorId:0x1414
[2020.11.09-03.28.53:309][  0]LogD3D11RHI: Chosen D3D11 Adapter: 0
[2020.11.09-03.28.53:321][  0]LogD3D11RHI: Creating new Direct3DDevice
[2020.11.09-03.28.53:321][  0]LogD3D11RHI:     GPU DeviceId: 0x106 (for the marketing name, search the web for "GPU Device Id")
[2020.11.09-03.28.53:321][  0]LogWindows: EnumDisplayDevices:
[2020.11.09-03.28.53:322][  0]LogWindows:    0. 'Intel(R) HD Graphics' (P:1 D:1)
[2020.11.09-03.28.53:322][  0]LogWindows:    1. 'Intel(R) HD Graphics' (P:0 D:0)
[2020.11.09-03.28.53:323][  0]LogWindows: DebugString: FoundDriverCount:2 
[2020.11.09-03.28.53:323][  0]LogD3D11RHI:     Adapter Name: Intel(R) HD Graphics
[2020.11.09-03.28.53:323][  0]LogD3D11RHI:   Driver Version: 9.17.10.4459 (internal:9.17.10.4459, unified:9.17.10.4459)
[2020.11.09-03.28.53:323][  0]LogD3D11RHI:      Driver Date: 5-19-2016
[2020.11.09-03.28.53:323][  0]LogRHI: Texture pool is 593 MB (70% of 848 MB)
[2020.11.09-03.28.53:330][  0]LogD3D11RHI: Async texture creation enabled
[2020.11.09-03.28.53:364][  0]LogD3D11RHI: GPU Timing Frequency: 12.500000 (Debug: 2 1)
[2020.11.09-03.28.53:366][  0]LogShaderCompilers: Guid format shader working directory is -43 characters bigger than the processId version (../../../../../../Users/Belci_3/Documents/GitHub/Proyecto-Laberinto-Grupo-1/ProyectoLabApps/Intermediate/Shaders/WorkingDirectory/8428/).
[2020.11.09-03.28.53:367][  0]LogShaderCompilers: Cleaned the shader compiler working directory 'C:/Users/Belci_3/AppData/Local/Temp/UnrealShaderWorkingDir/1CACA51C401995B033E6DC8E7FF0F602/'.
[2020.11.09-03.28.53:367][  0]LogShaderCompilers:Display: Using Local Shader Compiler.
[2020.11.09-03.28.58:600][  0]LogTemp:Display: Loaded TP AllDesktopTargetPlatform
[2020.11.09-03.28.58:810][  0]LogTemp:Display: Loaded TP MacClientTargetPlatform
[2020.11.09-03.28.59:023][  0]LogTemp:Display: Loaded TP MacNoEditorTargetPlatform
[2020.11.09-03.28.59:233][  0]LogTemp:Display: Loaded TP MacServerTargetPlatform
[2020.11.09-03.28.59:434][  0]LogTemp:Display: Loaded TP MacTargetPlatform
[2020.11.09-03.28.59:619][  0]LogTemp:Display: Loaded TP WindowsClientTargetPlatform
[2020.11.09-03.28.59:803][  0]LogTemp:Display: Loaded TP WindowsNoEditorTargetPlatform
[2020.11.09-03.28.59:989][  0]LogTemp:Display: Loaded TP WindowsServerTargetPlatform
[2020.11.09-03.29.00:147][  0]LogTemp:Display: Loaded TP WindowsTargetPlatform
[2020.11.09-03.29.00:330][  0]LogTemp:Display: Loaded TP AndroidTargetPlatform
[2020.11.09-03.29.00:511][  0]LogTemp:Display: Loaded TP Android_ASTCTargetPlatform
[2020.11.09-03.29.00:693][  0]LogTemp:Display: Loaded TP Android_ATCTargetPlatform
[2020.11.09-03.29.00:858][  0]LogTemp:Display: Loaded TP Android_DXTTargetPlatform
[2020.11.09-03.29.01:022][  0]LogTemp:Display: Loaded TP Android_ETC1TargetPlatform
[2020.11.09-03.29.01:182][  0]LogTemp:Display: Loaded TP Android_ETC2TargetPlatform
[2020.11.09-03.29.01:505][  0]LogTemp:Display: Loaded TP Android_MultiTargetPlatform
[2020.11.09-03.29.01:505][  0]LogTemp:Display: Loaded TP Android_PVRTCTargetPlatform
[2020.11.09-03.29.01:623][  0]LogTemp:Display: Loaded TP HTML5TargetPlatform
[2020.11.09-03.29.01:852][  0]LogTemp:Display: Loaded TP IOSTargetPlatform
[2020.11.09-03.29.01:944][  0]LogTemp:Display: Loaded TP TVOSTargetPlatform
[2020.11.09-03.29.02:088][  0]LogTemp:Display: Loaded TP LinuxClientTargetPlatform
[2020.11.09-03.29.02:234][  0]LogTemp:Display: Loaded TP LinuxNoEditorTargetPlatform
[2020.11.09-03.29.02:379][  0]LogTemp:Display: Loaded TP LinuxServerTargetPlatform
[2020.11.09-03.29.02:528][  0]LogTemp:Display: Loaded TP LinuxTargetPlatform
[2020.11.09-03.29.02:529][  0]LogTargetPlatformManager:Display: Building Assets For Windows
[2020.11.09-03.29.03:767][  0]LogDerivedDataCache:Display: Max Cache Size: 512 MB
[2020.11.09-03.29.03:849][  0]LogDerivedDataCache: Loaded boot cache 0.08s 48MB C:/Users/Belci_3/AppData/Local/UnrealEngine/4.15/DerivedDataCache/Boot.ddc.
[2020.11.09-03.29.03:849][  0]LogDerivedDataCache:Display: Loaded Boot cache: C:/Users/Belci_3/AppData/Local/UnrealEngine/4.15/DerivedDataCache/Boot.ddc
[2020.11.09-03.29.03:849][  0]LogDerivedDataCache: FDerivedDataBackendGraph:  Pak pak cache file ../../../../../../Users/Belci_3/Documents/GitHub/Proyecto-Laberinto-Grupo-1/ProyectoLabApps/DerivedDataCache/DDC.ddp not found, will not use a pak cache.
[2020.11.09-03.29.03:849][  0]LogDerivedDataCache: Unable to find inner node Pak for hierarchical cache Hierarchy.
[2020.11.09-03.29.03:849][  0]LogDerivedDataCache: FDerivedDataBackendGraph:  CompressedPak pak cache file ../../../../../../Users/Belci_3/Documents/GitHub/Proyecto-Laberinto-Grupo-1/ProyectoLabApps/DerivedDataCache/Compressed.ddp not found, will not use a pak cache.
[2020.11.09-03.29.03:849][  0]LogDerivedDataCache: Unable to find inner node CompressedPak for hierarchical cache Hierarchy.
[2020.11.09-03.29.03:882][  0]LogDerivedDataCache:Display: Pak cache opened for reading ../../../Engine/DerivedDataCache/Compressed.ddp.
[2020.11.09-03.29.03:895][  0]LogDerivedDataCache: Using Local data cache path C:/Users/Belci_3/AppData/Local/UnrealEngine/Common/DerivedDataCache: Writable
[2020.11.09-03.29.03:906][  0]LogSlate: Using Freetype 2.6.0
[2020.11.09-03.29.03:908][  0]LogSlate: SlateFontCache - WITH_FREETYPE: 1, WITH_HARFBUZZ: 1
[2020.11.09-03.29.03:908][  0]LogSlate: SlateFontCache - WITH_FREETYPE: 1, WITH_HARFBUZZ: 1
[2020.11.09-03.29.04:439][  0]LogInit: Selected Device Profile: [Windows]
[2020.11.09-03.29.04:446][  0]LogContentStreaming: Texture pool size is 0.00 MB
[2020.11.09-03.29.04:923][  0]LogMeshUtilities: Using QuadricMeshReduction for automatic static mesh reduction
[2020.11.09-03.29.05:047][  0]LogSimplygon: Simplygon DLL not present - disabling.
[2020.11.09-03.29.05:177][  0]LogMeshUtilities: Using SimplygonSwarm for distributed automatic mesh merging
[2020.11.09-03.29.05:177][  0]LogMeshUtilities: No automatic skeletal mesh reduction module available
[2020.11.09-03.29.05:177][  0]LogMeshUtilities: No automatic mesh merging module available
[2020.11.09-03.29.06:581][  0]LogNetVersion: GetLocalNetworkVersion: CL: 3299760, ProjectName: proyectolabapps, ProjectVersion: , EngineNetworkVersion: 2, GameNetworkVersion: 0, NetworkChecksum: 1791571130
[2020.11.09-03.29.06:690][  0]LogAssetRegistry: FAssetRegistry took 0.0438 seconds to start up
[2020.11.09-03.29.06:865][  0]LogPackageLocalizationCache: Processed 3 localized package path(s) for 2 prioritized culture(s) in 0.106368 seconds
[2020.11.09-03.29.06:873][  0]LogUObjectArray: 32493 objects as part of root set at end of initial load.
[2020.11.09-03.29.06:873][  0]LogUObjectAllocator: 7077024 out of 0 bytes used by permanent object pool.
[2020.11.09-03.29.06:873][  0]LogUObjectArray: CloseDisregardForGC: 0/0 objects in disregard for GC pool
[2020.11.09-03.29.07:054][  0]LogInit: WinSock: version 1.1 (2.2), MaxSocks=32767, MaxUdp=65467
[2020.11.09-03.29.11:286][  0]LogTcpMessaging: Initializing TcpMessaging bridge
[2020.11.09-03.29.11:379][  0]LogUdpMessaging: Initializing bridge on interface 0.0.0.0:0 to multicast group 230.0.0.1:6666.
[2020.11.09-03.29.12:912][  0]LogMaterial: Uniform references updated for custom material expression Custom.
[2020.11.09-03.29.13:990][  0]SourceControl: Información El control de código fuente está desactivado
[2020.11.09-03.29.13:992][  0]SourceControl: Información El control de código fuente está desactivado
[2020.11.09-03.29.14:133][  0]SourceControl: Información El control de código fuente está desactivado
[2020.11.09-03.29.14:270][  0]SourceControl: Información El control de código fuente está desactivado
[2020.11.09-03.29.17:865][  0]LogEngine: Initializing Engine...
[2020.11.09-03.29.17:867][  0]LogHMD: Failed to initialize OpenVR with code 110
[2020.11.09-03.29.18:068][  0]LogStats: UGameplayTagsManager::ConstructGameplayTagTree: Construct from data asset -  0.000 s
[2020.11.09-03.29.18:068][  0]LogStats: UGameplayTagsManager::ConstructGameplayTagTree: GameplayTagTreeChangedEvent.Broadcast -  0.000 s
[2020.11.09-03.29.18:445][  0]LogAIModule: Creating AISystem for world Untitled
[2020.11.09-03.29.18:457][  0]LogInit: XAudio2 using 'Speakers (Realtek High Definition Audio)' : 2 channels at 48 kHz using 32 bits per sample (channel mask 0x3)
[2020.11.09-03.29.18:545][  0]LogInit: FAudioDevice initialized.
[2020.11.09-03.29.18:636][  0]LogDerivedDataCache: Saved boot cache 0.09s 48MB C:/Users/Belci_3/AppData/Local/UnrealEngine/4.15/DerivedDataCache/Boot.ddc.
[2020.11.09-03.29.18:734][  0]LogInit: Texture streaming: Enabled
[2020.11.09-03.29.19:022][  0]LogEngineSessionManager: EngineSessionManager initialized
[2020.11.09-03.29.19:331][  0]LogInit: Transaction tracking system initialized
[2020.11.09-03.29.20:465][  0]BlueprintLog: New page: Cargar el editor
[2020.11.09-03.29.23:292][  0]LocalizationService: Información Localization service is disabled
[2020.11.09-03.29.25:939][  0]LogConsoleResponse:Display: 
[2020.11.09-03.29.26:551][  0]LogCook:Display: Max memory allowance for cook 16384mb min free memory 0mb
[2020.11.09-03.29.26:551][  0]LogCook:Display: Mobile HDR setting 1
[2020.11.09-03.29.27:556][  0]LogFileCache: Scanning file cache for directory 'C:/Users/Belci_3/Documents/GitHub/Proyecto-Laberinto-Grupo-1/ProyectoLabApps/Content/' took 0.09s
[2020.11.09-03.29.29:760][  0]SourceControl: Información El control de código fuente está desactivado
[2020.11.09-03.29.29:760][  0]Cmd: MAP LOAD FILE="../../../../../../Users/Belci_3/Documents/GitHub/Proyecto-Laberinto-Grupo-1/ProyectoLabApps/Content/StarterContent/Maps/Minimal_Default.umap" TEMPLATE=0 SHOWPROGRESS=1 FEATURELEVEL=2
[2020.11.09-03.29.29:760][  0]LogEditorServer:Warning: Can't find file '../../../../../../Users/Belci_3/Documents/GitHub/Proyecto-Laberinto-Grupo-1/ProyectoLabApps/Content/StarterContent/Maps/Minimal_Default.umap'
[2020.11.09-03.29.29:760][  0]Cmd: MAP CHECKDEP NOCLEARLOG
[2020.11.09-03.29.29:862][  0]MapCheck: Información Map check complete: 0 Error(s), 0 Warning(s), took 102,152ms to complete.
[2020.11.09-03.29.29:863][  0]LogFileHelpers: Loading map 'Minimal_Default' took 0.103
[2020.11.09-03.29.30:348][  0]LogWindowsTextInputMethodSystem:Display: IME system now deactivated.
[2020.11.09-03.29.35:202][  0]LogCollectionManager: Loaded 0 collections in 0.007546 seconds
[2020.11.09-03.29.36:315][  0]LogFileCache: Scanning file cache for directory 'C:/Users/Belci_3/Documents/GitHub/Proyecto-Laberinto-Grupo-1/ProyectoLabApps/Saved/Collections/' took 0.01s
[2020.11.09-03.29.36:316][  0]LogFileCache: Scanning file cache for directory 'C:/Users/Belci_3/Documents/GitHub/Proyecto-Laberinto-Grupo-1/ProyectoLabApps/Content/Developers/Beluu/Collections/' took 0.01s
[2020.11.09-03.29.36:316][  0]LogFileCache: Scanning file cache for directory 'C:/Users/Belci_3/Documents/GitHub/Proyecto-Laberinto-Grupo-1/ProyectoLabApps/Content/Collections/' took 0.01s
[2020.11.09-03.29.36:316][  0]LogCollectionManager: Rebuilt the GUID cache for 0 collections in 0.000008 seconds
[2020.11.09-03.29.36:505][  0]LogContentBrowser: Native class hierarchy populated in 0.1051 seconds. Added 2246 classes and 455 folders.
[2020.11.09-03.29.37:364][  0]LogContentBrowser: Native class hierarchy updated for 'WidgetCarousel' in 0.0086 seconds. Added 0 classes and 0 folders.
[2020.11.09-03.29.42:318][  0]LogContentBrowser: Native class hierarchy updated for 'AddContentDialog' in 0.0083 seconds. Added 0 classes and 0 folders.
[2020.11.09-03.29.43:067][  0]LogContentBrowser: Native class hierarchy updated for 'SceneOutliner' in 0.0092 seconds. Added 1 classes and 2 folders.
[2020.11.09-03.29.45:979][  0]LogCrashTracker: Crashtracker disabled due to settings.
[2020.11.09-03.29.46:534][  0]LogUObjectGlobals:Warning: Error al encontrar el objeto 'Class Ninguno.'
[2020.11.09-03.29.47:027][  0]LogContentBrowser: Native class hierarchy updated for 'HierarchicalLODOutliner' in 0.0093 seconds. Added 1 classes and 2 folders.
[2020.11.09-03.29.47:028][  0]LogLoad: (Engine Initialization) Total time: 66.87 seconds
[2020.11.09-03.29.47:028][  0]LogLoad: (Engine Initialization) Total Blueprint compile time: 0.14 seconds
[2020.11.09-03.29.47:028][  0]LogExternalProfiler: Found external profiler: VSPerf
[2020.11.09-03.29.47:028][  0]LogExternalProfiler: Using external profiler: VSPerf
[2020.11.09-03.29.47:050][  0]LogOcInput: OculusInput pre-init called
[2020.11.09-03.29.47:481][  0]LogContentStreaming: Texture pool size now 400 MB
[2020.11.09-03.29.47:486][  0]LogSlate: Took 0.000930 seconds to synchronously load lazily loaded font '../../../Engine/Content/Slate/Fonts/Roboto-Regular.ttf' (155K)
[2020.11.09-03.29.47:502][  0]LogSlate: Took 0.001006 seconds to synchronously load lazily loaded font '../../../Engine/Content/Slate/Fonts/Roboto-Bold.ttf' (160K)
[2020.11.09-03.29.47:858][  0]LogSlate: Took 0.081230 seconds to synchronously load lazily loaded font '../../../Engine/Content/Editor/Slate/Fonts/FontAwesome.ttf' (139K)
[2020.11.09-03.29.50:686][  0]LogRenderer: Reallocating scene render targets to support 664x372 NumSamples 1 (Frame:2).
[2020.11.09-03.30.03:462][187]LogSlate: Took 0.040856 seconds to synchronously load lazily loaded font '../../../Engine/Content/Slate/Fonts/Roboto-Light.ttf' (159K)
[2020.11.09-03.30.04:551][205]LogAssetRegistry: Asset discovery search completed in 57.9044 seconds
[2020.11.09-03.30.04:551][205]LogCollectionManager: Rebuilt the object cache for 0 collections in 0.000028 seconds (found 0 objects)
[2020.11.09-03.30.04:551][205]LogCollectionManager: Fixed up redirectors for 0 collections in 0.000115 seconds (updated 0 objects)
[2020.11.09-03.30.24:656][770]LogUObjectGlobals:Warning: Error al encontrar el objeto 'Object /Script/ProyectoLabApps.ProyectoLabAppsGameMode'
[2020.11.09-03.30.26:311][809]LogSlate: Took 0.000439 seconds to synchronously load lazily loaded font '../../../Engine/Content/Slate/Fonts/Roboto-Light.ttf' (159K)
[2020.11.09-03.30.27:675][809]LogSlate: Took 0.000470 seconds to synchronously load lazily loaded font '../../../Engine/Content/Slate/Fonts/Roboto-Regular.ttf' (155K)
[2020.11.09-03.30.28:700][809]LogContentBrowser: Native class hierarchy updated for 'BlueprintGraph' in 0.0116 seconds. Added 112 classes and 0 folders.
[2020.11.09-03.30.34:785][809]LogSlate: Took 0.029835 seconds to synchronously load lazily loaded font '../../../Engine/Content/Editor/Slate/Fonts/Roboto-BoldCondensed.ttf' (158K)
[2020.11.09-03.33.11:302][856]LogSlate: Took 0.021490 seconds to synchronously load lazily loaded font '../../../Engine/Content/Editor/Slate/Fonts/Roboto-Italic.ttf' (157K)
[2020.11.09-03.36.42:485][630]LogAIModule: Creating AISystem for world Minimal_Default
[2020.11.09-03.36.44:920][630]Cmd: MAP LOAD FILE="../../../../../../Users/Belci_3/Documents/GitHub/Proyecto-Laberinto-Grupo-1/ProyectoLabApps/Content/Niveles/Mapa/Minimal_Default.umap" TEMPLATE=0 SHOWPROGRESS=1 FEATURELEVEL=2
[2020.11.09-03.36.44:937][630]LightingResults: New page: Diseñar la iluminación
[2020.11.09-03.36.45:352][630]LogContentBrowser: Native class hierarchy updated for 'StatsViewer' in 0.0104 seconds. Added 5 classes and 0 folders.
[2020.11.09-03.36.45:360][630]LoadErrors: New page: Cargando mapa: Minimal_Default.umap
[2020.11.09-03.36.45:429][630]MapCheck: New page: Revisión del mapa
[2020.11.09-03.36.45:429][630]LightingResults: New page: Diseñar la iluminación
[2020.11.09-03.36.45:923][630]LogEditorServer: Finished looking for orphan Actors (0.000 secs)
[2020.11.09-03.36.46:171][630]Cmd: MAP CHECKDEP NOCLEARLOG
[2020.11.09-03.36.46:612][630]MapCheck: Información Map check complete: 0 Error(s), 0 Warning(s), took 440,728ms to complete.
[2020.11.09-03.36.46:614][630]LogFileHelpers: Loading map 'Minimal_Default' took 1.711
[2020.11.09-03.39.37:835][170]LogSlate: Took 0.000986 seconds to synchronously load lazily loaded font '../../../Engine/Content/Slate/Fonts/Roboto-Light.ttf' (159K)
[2020.11.09-03.41.21:305][551]BlueprintLog: New page: Compilar Minimal_Default
[2020.11.09-03.41.29:885][745]LogTemp: Repeting last play command: New Editor Window (PIE)
[2020.11.09-03.41.30:031][745]LogBlueprintUserMessages: Early PlayInEditor Detection: Level '/Game/Niveles/Mapa/Minimal_Default.Minimal_Default:PersistentLevel' has LevelScriptBlueprint '/Game/Niveles/Mapa/Minimal_Default.Minimal_Default:PersistentLevel.Minimal_Default' with GeneratedClass '/Game/Niveles/Mapa/Minimal_Default.Minimal_Default_C' with ClassGeneratedBy '/Game/Niveles/Mapa/Minimal_Default.Minimal_Default:PersistentLevel.Minimal_Default'
[2020.11.09-03.41.30:042][745]LogPlayLevel: PlayLevel: No blueprints needed recompiling
[2020.11.09-03.41.30:137][745]PIE: New page: Sesión PIE (reproducción en el editor): Minimal_Default (8/11/2020 21:41:30)
[2020.11.09-03.41.30:159][745]LogPlayLevel: Creating play world package: /Game/Niveles/Mapa/UEDPIE_0_Minimal_Default
[2020.11.09-03.41.30:511][745]LogPlayLevel: PIE: StaticDuplicateObject took: (0.352082s)
[2020.11.09-03.41.30:514][745]LogAIModule: Creating AISystem for world Minimal_Default
[2020.11.09-03.41.30:515][745]LogPlayLevel: PIE: World Init took: (0.003441s)
[2020.11.09-03.41.30:520][745]LogPlayLevel: PIE: Created PIE world by copying editor world from /Game/Niveles/Mapa/Minimal_Default.Minimal_Default to /Game/Niveles/Mapa/UEDPIE_0_Minimal_Default.Minimal_Default (0.367352s)
[2020.11.09-03.41.30:798][745]LogInit: XAudio2 using 'Speakers (Realtek High Definition Audio)' : 2 channels at 48 kHz using 32 bits per sample (channel mask 0x3)
[2020.11.09-03.41.30:861][745]LogInit: FAudioDevice initialized.
[2020.11.09-03.41.31:104][745]LogLoad: Game class is 'GameModeBase'
[2020.11.09-03.41.31:345][745]LogWorld: Bringing World /Game/Niveles/Mapa/UEDPIE_0_Minimal_Default.Minimal_Default up for play (max tick rate 60) at 2020.11.09-00.41.31
[2020.11.09-03.41.31:417][745]LogWorld: Bringing up level for play took: 0.152390
[2020.11.09-03.41.32:081][745]LogContentBrowser: Native class hierarchy updated for 'MovieSceneCapture' in 0.0110 seconds. Added 11 classes and 0 folders.
[2020.11.09-03.41.32:239][745]PIE: Información Tiempo de inicio de la reproducción en el editor para  /Game/Niveles/Mapa/UEDPIE_0_Minimal_Default 1,786
[2020.11.09-03.41.32:242][745]LogBlueprintUserMessages: Late PlayInEditor Detection: Level '/Game/Niveles/Mapa/Minimal_Default.Minimal_Default:PersistentLevel' has LevelScriptBlueprint '/Game/Niveles/Mapa/Minimal_Default.Minimal_Default:PersistentLevel.Minimal_Default' with GeneratedClass '/Game/Niveles/Mapa/Minimal_Default.Minimal_Default_C' with ClassGeneratedBy '/Game/Niveles/Mapa/Minimal_Default.Minimal_Default:PersistentLevel.Minimal_Default'
[2020.11.09-03.41.32:665][745]LogRenderer: Reallocating scene render targets to support 664x380 NumSamples 1 (Frame:990).
[2020.11.09-03.41.48:794][910]LogBlueprintUserMessages: [Minimal_Default_C_1] A veces solo necesitamos ver las cosas con otra perspectiva...
[2020.11.09-03.41.54:155][963]LogBlueprintUserMessages: [Minimal_Default_C_1] A veces solo necesitamos ver las cosas con otra perspectiva...
[2020.11.09-03.41.57:115][995]LogBlueprintUserMessages: [Minimal_Default_C_1] A veces solo necesitamos ver las cosas con otra perspectiva...
[2020.11.09-03.42.01:382][ 41]LogBlueprintUserMessages: [Minimal_Default_C_1] A veces solo necesitamos ver las cosas con otra perspectiva...
[2020.11.09-03.42.03:932][ 68]LogBlueprintUserMessages: [Minimal_Default_C_1] A veces solo necesitamos ver las cosas con otra perspectiva...
[2020.11.09-03.42.04:405][ 73]LogBlueprintUserMessages: [Minimal_Default_C_1] A veces solo necesitamos ver las cosas con otra perspectiva...
[2020.11.09-03.42.07:621][107]LogBlueprintUserMessages: [Minimal_Default_C_1] A veces solo necesitamos ver las cosas con otra perspectiva...
[2020.11.09-03.42.09:114][123]LogBlueprintUserMessages: Early EndPlayMap Detection: Level '/Game/Niveles/Mapa/Minimal_Default.Minimal_Default:PersistentLevel' has LevelScriptBlueprint '/Game/Niveles/Mapa/Minimal_Default.Minimal_Default:PersistentLevel.Minimal_Default' with GeneratedClass '/Game/Niveles/Mapa/Minimal_Default.Minimal_Default_C' with ClassGeneratedBy '/Game/Niveles/Mapa/Minimal_Default.Minimal_Default:PersistentLevel.Minimal_Default'
[2020.11.09-03.42.09:432][123]LogBlueprintUserMessages: Late EndPlayMap Detection: Level '/Game/Niveles/Mapa/Minimal_Default.Minimal_Default:PersistentLevel' has LevelScriptBlueprint '/Game/Niveles/Mapa/Minimal_Default.Minimal_Default:PersistentLevel.Minimal_Default' with GeneratedClass '/Game/Niveles/Mapa/Minimal_Default.Minimal_Default_C' with ClassGeneratedBy '/Game/Niveles/Mapa/Minimal_Default.Minimal_Default:PersistentLevel.Minimal_Default'
[2020.11.09-03.43.22:361][859]Cmd: DELETE
[2020.11.09-03.43.22:380][859]Cmd: ACTOR DELETE
[2020.11.09-03.43.22:527][859]LogEditorActor: Deleted Actor: TriggerBox
[2020.11.09-03.43.22:677][859]LogEditorActor: Deleted 1 Actors (0.161 secs)
[2020.11.09-03.44.19:821][143]BlueprintLog: New page: Compilar Minimal_Default
[2020.11.09-03.44.23:056][204]LogEditorViewport: Clicking on Actor (LMB): TriggerBox (TriggerBox)
[2020.11.09-03.44.24:878][242]Cmd: DELETE
[2020.11.09-03.44.24:878][242]Cmd: ACTOR DELETE
[2020.11.09-03.44.24:882][242]LogEditorActor: Deleted Actor: TriggerBox
[2020.11.09-03.44.25:024][242]LogEditorActor: Deleted 1 Actors (0.146 secs)
[2020.11.09-03.44.26:360][276]LogEditorViewport: Clicking on Actor (LMB): TriggerVolume (TriggerVolume10)
[2020.11.09-03.44.53:914][713]LogEditorViewport: Clicking on Actor (LMB): StaticMeshActor (Floor_400x403)
[2020.11.09-03.44.55:247][734]LogTemp: Repeting last play command: New Editor Window (PIE)
[2020.11.09-03.44.55:275][734]LogBlueprintUserMessages: Early PlayInEditor Detection: Level '/Game/Niveles/Mapa/Minimal_Default.Minimal_Default:PersistentLevel' has LevelScriptBlueprint '/Game/Niveles/Mapa/Minimal_Default.Minimal_Default:PersistentLevel.Minimal_Default' with GeneratedClass '/Game/Niveles/Mapa/Minimal_Default.Minimal_Default_C' with ClassGeneratedBy '/Game/Niveles/Mapa/Minimal_Default.Minimal_Default:PersistentLevel.Minimal_Default'
[2020.11.09-03.44.55:275][734]LogPlayLevel: PlayLevel: No blueprints needed recompiling
[2020.11.09-03.44.55:276][734]PIE: New page: Sesión PIE (reproducción en el editor): Minimal_Default (8/11/2020 21:44:55)
[2020.11.09-03.44.55:276][734]LogPlayLevel: Creating play world package: /Game/Niveles/Mapa/UEDPIE_0_Minimal_Default
[2020.11.09-03.44.55:393][734]LogPlayLevel: PIE: StaticDuplicateObject took: (0.117555s)
[2020.11.09-03.44.55:395][734]LogAIModule: Creating AISystem for world Minimal_Default
[2020.11.09-03.44.55:395][734]LogPlayLevel: PIE: World Init took: (0.002201s)
[2020.11.09-03.44.55:396][734]LogPlayLevel: PIE: Created PIE world by copying editor world from /Game/Niveles/Mapa/Minimal_Default.Minimal_Default to /Game/Niveles/Mapa/UEDPIE_0_Minimal_Default.Minimal_Default (0.120219s)
[2020.11.09-03.44.55:458][734]LogInit: XAudio2 using 'Speakers (Realtek High Definition Audio)' : 2 channels at 48 kHz using 32 bits per sample (channel mask 0x3)
[2020.11.09-03.44.55:475][734]LogInit: FAudioDevice initialized.
[2020.11.09-03.44.55:525][734]LogLoad: Game class is 'GameModeBase'
[2020.11.09-03.44.55:542][734]LogWorld: Bringing World /Game/Niveles/Mapa/UEDPIE_0_Minimal_Default.Minimal_Default up for play (max tick rate 60) at 2020.11.09-00.44.55
[2020.11.09-03.44.55:544][734]LogWorld: Bringing up level for play took: 0.017659
[2020.11.09-03.44.55:553][734]PIE: Información Tiempo de inicio de la reproducción en el editor para  /Game/Niveles/Mapa/UEDPIE_0_Minimal_Default 1,1
[2020.11.09-03.44.55:554][734]LogBlueprintUserMessages: Late PlayInEditor Detection: Level '/Game/Niveles/Mapa/Minimal_Default.Minimal_Default:PersistentLevel' has LevelScriptBlueprint '/Game/Niveles/Mapa/Minimal_Default.Minimal_Default:PersistentLevel.Minimal_Default' with GeneratedClass '/Game/Niveles/Mapa/Minimal_Default.Minimal_Default_C' with ClassGeneratedBy '/Game/Niveles/Mapa/Minimal_Default.Minimal_Default:PersistentLevel.Minimal_Default'
[2020.11.09-03.45.03:382][812]LogBlueprintUserMessages: [Minimal_Default_C_2] A veces solo necesitamos ver las cosas con otra perspectiva...
[2020.11.09-03.45.03:383][812]LogBlueprintUserMessages: [Minimal_Default_C_2] A veces solo necesitamos ver las cosas con otra perspectiva...
[2020.11.09-03.45.11:410][897]LogBlueprintUserMessages: [Minimal_Default_C_2] A veces solo necesitamos ver las cosas con otra perspectiva...
[2020.11.09-03.45.18:602][973]LogBlueprintUserMessages: Early EndPlayMap Detection: Level '/Game/Niveles/Mapa/Minimal_Default.Minimal_Default:PersistentLevel' has LevelScriptBlueprint '/Game/Niveles/Mapa/Minimal_Default.Minimal_Default:PersistentLevel.Minimal_Default' with GeneratedClass '/Game/Niveles/Mapa/Minimal_Default.Minimal_Default_C' with ClassGeneratedBy '/Game/Niveles/Mapa/Minimal_Default.Minimal_Default:PersistentLevel.Minimal_Default'
[2020.11.09-03.45.19:032][973]LogBlueprintUserMessages: Late EndPlayMap Detection: Level '/Game/Niveles/Mapa/Minimal_Default.Minimal_Default:PersistentLevel' has LevelScriptBlueprint '/Game/Niveles/Mapa/Minimal_Default.Minimal_Default:PersistentLevel.Minimal_Default' with GeneratedClass '/Game/Niveles/Mapa/Minimal_Default.Minimal_Default_C' with ClassGeneratedBy '/Game/Niveles/Mapa/Minimal_Default.Minimal_Default:PersistentLevel.Minimal_Default'
[2020.11.09-03.45.20:497][999]LogEditorViewport: Clicking on Actor (LMB): TriggerVolume (TriggerVolume10)
[2020.11.09-03.45.36:891][291]LogTemp: Repeting last play command: New Editor Window (PIE)
[2020.11.09-03.45.36:962][291]LogBlueprintUserMessages: Early PlayInEditor Detection: Level '/Game/Niveles/Mapa/Minimal_Default.Minimal_Default:PersistentLevel' has LevelScriptBlueprint '/Game/Niveles/Mapa/Minimal_Default.Minimal_Default:PersistentLevel.Minimal_Default' with GeneratedClass '/Game/Niveles/Mapa/Minimal_Default.Minimal_Default_C' with ClassGeneratedBy '/Game/Niveles/Mapa/Minimal_Default.Minimal_Default:PersistentLevel.Minimal_Default'
[2020.11.09-03.45.36:962][291]LogPlayLevel: PlayLevel: No blueprints needed recompiling
[2020.11.09-03.45.36:963][291]PIE: New page: Sesión PIE (reproducción en el editor): Minimal_Default (8/11/2020 21:45:36)
[2020.11.09-03.45.36:963][291]LogPlayLevel: Creating play world package: /Game/Niveles/Mapa/UEDPIE_0_Minimal_Default
[2020.11.09-03.45.37:198][291]LogPlayLevel: PIE: StaticDuplicateObject took: (0.234054s)
[2020.11.09-03.45.37:201][291]LogAIModule: Creating AISystem for world Minimal_Default
[2020.11.09-03.45.37:201][291]LogPlayLevel: PIE: World Init took: (0.003792s)
[2020.11.09-03.45.37:202][291]LogPlayLevel: PIE: Created PIE world by copying editor world from /Game/Niveles/Mapa/Minimal_Default.Minimal_Default to /Game/Niveles/Mapa/UEDPIE_0_Minimal_Default.Minimal_Default (0.238838s)
[2020.11.09-03.45.37:353][291]LogInit: XAudio2 using 'Speakers (Realtek High Definition Audio)' : 2 channels at 48 kHz using 32 bits per sample (channel mask 0x3)
[2020.11.09-03.45.37:400][291]LogInit: FAudioDevice initialized.
[2020.11.09-03.45.37:485][291]LogLoad: Game class is 'GameModeBase'
[2020.11.09-03.45.37:529][291]LogWorld: Bringing World /Game/Niveles/Mapa/UEDPIE_0_Minimal_Default.Minimal_Default up for play (max tick rate 60) at 2020.11.09-00.45.37
[2020.11.09-03.45.37:533][291]LogWorld: Bringing up level for play took: 0.045547
[2020.11.09-03.45.37:553][291]PIE: Información Tiempo de inicio de la reproducción en el editor para  /Game/Niveles/Mapa/UEDPIE_0_Minimal_Default 1,1
[2020.11.09-03.45.37:555][291]LogBlueprintUserMessages: Late PlayInEditor Detection: Level '/Game/Niveles/Mapa/Minimal_Default.Minimal_Default:PersistentLevel' has LevelScriptBlueprint '/Game/Niveles/Mapa/Minimal_Default.Minimal_Default:PersistentLevel.Minimal_Default' with GeneratedClass '/Game/Niveles/Mapa/Minimal_Default.Minimal_Default_C' with ClassGeneratedBy '/Game/Niveles/Mapa/Minimal_Default.Minimal_Default:PersistentLevel.Minimal_Default'
[2020.11.09-03.45.49:197][409]LogBlueprintUserMessages: [Minimal_Default_C_2] A veces solo necesitamos ver las cosas con otra perspectiva...
[2020.11.09-03.45.55:221][473]LogBlueprintUserMessages: [Minimal_Default_C_2] A veces solo necesitamos ver las cosas con otra perspectiva...
[2020.11.09-03.45.59:472][519]LogBlueprintUserMessages: [Minimal_Default_C_2] A veces solo necesitamos ver las cosas con otra perspectiva...
[2020.11.09-03.46.03:061][558]LogBlueprintUserMessages: [Minimal_Default_C_2] A veces solo necesitamos ver las cosas con otra perspectiva...
[2020.11.09-03.46.05:982][589]LogBlueprintUserMessages: [Minimal_Default_C_2] A veces solo necesitamos ver las cosas con otra perspectiva...
[2020.11.09-03.46.07:778][608]LogBlueprintUserMessages: [Minimal_Default_C_2] A veces solo necesitamos ver las cosas con otra perspectiva...
[2020.11.09-03.46.09:955][631]LogBlueprintUserMessages: [Minimal_Default_C_2] A veces solo necesitamos ver las cosas con otra perspectiva...
[2020.11.09-03.46.21:087][749]LogBlueprintUserMessages: [Minimal_Default_C_2] A veces solo necesitamos ver las cosas con otra perspectiva...
[2020.11.09-03.46.25:884][800]LogBlueprintUserMessages: Early EndPlayMap Detection: Level '/Game/Niveles/Mapa/Minimal_Default.Minimal_Default:PersistentLevel' has LevelScriptBlueprint '/Game/Niveles/Mapa/Minimal_Default.Minimal_Default:PersistentLevel.Minimal_Default' with GeneratedClass '/Game/Niveles/Mapa/Minimal_Default.Minimal_Default_C' with ClassGeneratedBy '/Game/Niveles/Mapa/Minimal_Default.Minimal_Default:PersistentLevel.Minimal_Default'
[2020.11.09-03.46.26:225][800]LogBlueprintUserMessages: Late EndPlayMap Detection: Level '/Game/Niveles/Mapa/Minimal_Default.Minimal_Default:PersistentLevel' has LevelScriptBlueprint '/Game/Niveles/Mapa/Minimal_Default.Minimal_Default:PersistentLevel.Minimal_Default' with GeneratedClass '/Game/Niveles/Mapa/Minimal_Default.Minimal_Default_C' with ClassGeneratedBy '/Game/Niveles/Mapa/Minimal_Default.Minimal_Default:PersistentLevel.Minimal_Default'
[2020.11.09-03.47.13:239][963]BlueprintLog: New page: Compilar Minimal_Default
[2020.11.09-03.47.16:171][ 20]LogTemp: Repeting last play command: New Editor Window (PIE)
[2020.11.09-03.47.16:243][ 20]LogBlueprintUserMessages: Early PlayInEditor Detection: Level '/Game/Niveles/Mapa/Minimal_Default.Minimal_Default:PersistentLevel' has LevelScriptBlueprint '/Game/Niveles/Mapa/Minimal_Default.Minimal_Default:PersistentLevel.Minimal_Default' with GeneratedClass '/Game/Niveles/Mapa/Minimal_Default.Minimal_Default_C' with ClassGeneratedBy '/Game/Niveles/Mapa/Minimal_Default.Minimal_Default:PersistentLevel.Minimal_Default'
[2020.11.09-03.47.16:243][ 20]LogPlayLevel: PlayLevel: No blueprints needed recompiling
[2020.11.09-03.47.16:244][ 20]PIE: New page: Sesión PIE (reproducción en el editor): Minimal_Default (8/11/2020 21:47:16)
[2020.11.09-03.47.16:244][ 20]LogPlayLevel: Creating play world package: /Game/Niveles/Mapa/UEDPIE_0_Minimal_Default
[2020.11.09-03.47.16:482][ 20]LogPlayLevel: PIE: StaticDuplicateObject took: (0.237548s)
[2020.11.09-03.47.16:484][ 20]LogAIModule: Creating AISystem for world Minimal_Default
[2020.11.09-03.47.16:485][ 20]LogPlayLevel: PIE: World Init took: (0.002719s)
[2020.11.09-03.47.16:485][ 20]LogPlayLevel: PIE: Created PIE world by copying editor world from /Game/Niveles/Mapa/Minimal_Default.Minimal_Default to /Game/Niveles/Mapa/UEDPIE_0_Minimal_Default.Minimal_Default (0.241323s)
[2020.11.09-03.47.16:635][ 20]LogInit: XAudio2 using 'Speakers (Realtek High Definition Audio)' : 2 channels at 48 kHz using 32 bits per sample (channel mask 0x3)
[2020.11.09-03.47.16:682][ 20]LogInit: FAudioDevice initialized.
[2020.11.09-03.47.16:763][ 20]LogLoad: Game class is 'GameModeBase'
[2020.11.09-03.47.16:811][ 20]LogWorld: Bringing World /Game/Niveles/Mapa/UEDPIE_0_Minimal_Default.Minimal_Default up for play (max tick rate 60) at 2020.11.09-00.47.16
[2020.11.09-03.47.16:815][ 20]LogWorld: Bringing up level for play took: 0.049376
[2020.11.09-03.47.16:835][ 20]PIE: Información Tiempo de inicio de la reproducción en el editor para  /Game/Niveles/Mapa/UEDPIE_0_Minimal_Default 0,382
[2020.11.09-03.47.16:838][ 20]LogBlueprintUserMessages: Late PlayInEditor Detection: Level '/Game/Niveles/Mapa/Minimal_Default.Minimal_Default:PersistentLevel' has LevelScriptBlueprint '/Game/Niveles/Mapa/Minimal_Default.Minimal_Default:PersistentLevel.Minimal_Default' with GeneratedClass '/Game/Niveles/Mapa/Minimal_Default.Minimal_Default_C' with ClassGeneratedBy '/Game/Niveles/Mapa/Minimal_Default.Minimal_Default:PersistentLevel.Minimal_Default'
[2020.11.09-03.47.31:791][169]LogBlueprintUserMessages: [Minimal_Default_C_3] A veces solo necesitamos ver las cosas con otra perspectiva...
[2020.11.09-03.47.36:575][219]LogBlueprintUserMessages: [Minimal_Default_C_3] A veces solo necesitamos ver las cosas con otra perspectiva...
[2020.11.09-03.47.39:617][251]LogBlueprintUserMessages: Early EndPlayMap Detection: Level '/Game/Niveles/Mapa/Minimal_Default.Minimal_Default:PersistentLevel' has LevelScriptBlueprint '/Game/Niveles/Mapa/Minimal_Default.Minimal_Default:PersistentLevel.Minimal_Default' with GeneratedClass '/Game/Niveles/Mapa/Minimal_Default.Minimal_Default_C' with ClassGeneratedBy '/Game/Niveles/Mapa/Minimal_Default.Minimal_Default:PersistentLevel.Minimal_Default'
[2020.11.09-03.47.40:042][251]LogBlueprintUserMessages: Late EndPlayMap Detection: Level '/Game/Niveles/Mapa/Minimal_Default.Minimal_Default:PersistentLevel' has LevelScriptBlueprint '/Game/Niveles/Mapa/Minimal_Default.Minimal_Default:PersistentLevel.Minimal_Default' with GeneratedClass '/Game/Niveles/Mapa/Minimal_Default.Minimal_Default_C' with ClassGeneratedBy '/Game/Niveles/Mapa/Minimal_Default.Minimal_Default:PersistentLevel.Minimal_Default'
[2020.11.09-03.47.47:302][397]BlueprintLog: New page: Compilar Minimal_Default
[2020.11.09-03.47.49:938][446]LogTemp: Repeting last play command: New Editor Window (PIE)
[2020.11.09-03.47.50:013][446]LogBlueprintUserMessages: Early PlayInEditor Detection: Level '/Game/Niveles/Mapa/Minimal_Default.Minimal_Default:PersistentLevel' has LevelScriptBlueprint '/Game/Niveles/Mapa/Minimal_Default.Minimal_Default:PersistentLevel.Minimal_Default' with GeneratedClass '/Game/Niveles/Mapa/Minimal_Default.Minimal_Default_C' with ClassGeneratedBy '/Game/Niveles/Mapa/Minimal_Default.Minimal_Default:PersistentLevel.Minimal_Default'
[2020.11.09-03.47.50:013][446]LogPlayLevel: PlayLevel: No blueprints needed recompiling
[2020.11.09-03.47.50:014][446]PIE: New page: Sesión PIE (reproducción en el editor): Minimal_Default (8/11/2020 21:47:50)
[2020.11.09-03.47.50:014][446]LogPlayLevel: Creating play world package: /Game/Niveles/Mapa/UEDPIE_0_Minimal_Default
[2020.11.09-03.47.50:251][446]LogPlayLevel: PIE: StaticDuplicateObject took: (0.236725s)
[2020.11.09-03.47.50:253][446]LogAIModule: Creating AISystem for world Minimal_Default
[2020.11.09-03.47.50:254][446]LogPlayLevel: PIE: World Init took: (0.002913s)
[2020.11.09-03.47.50:254][446]LogPlayLevel: PIE: Created PIE world by copying editor world from /Game/Niveles/Mapa/Minimal_Default.Minimal_Default to /Game/Niveles/Mapa/UEDPIE_0_Minimal_Default.Minimal_Default (0.240721s)
[2020.11.09-03.47.50:411][446]LogInit: XAudio2 using 'Speakers (Realtek High Definition Audio)' : 2 channels at 48 kHz using 32 bits per sample (channel mask 0x3)
[2020.11.09-03.47.50:457][446]LogInit: FAudioDevice initialized.
[2020.11.09-03.47.50:530][446]LogLoad: Game class is 'GameModeBase'
[2020.11.09-03.47.50:581][446]LogWorld: Bringing World /Game/Niveles/Mapa/UEDPIE_0_Minimal_Default.Minimal_Default up for play (max tick rate 60) at 2020.11.09-00.47.50
[2020.11.09-03.47.50:584][446]LogWorld: Bringing up level for play took: 0.052724
[2020.11.09-03.47.50:606][446]PIE: Información Tiempo de inicio de la reproducción en el editor para  /Game/Niveles/Mapa/UEDPIE_0_Minimal_Default 0,153
[2020.11.09-03.47.50:609][446]LogBlueprintUserMessages: Late PlayInEditor Detection: Level '/Game/Niveles/Mapa/Minimal_Default.Minimal_Default:PersistentLevel' has LevelScriptBlueprint '/Game/Niveles/Mapa/Minimal_Default.Minimal_Default:PersistentLevel.Minimal_Default' with GeneratedClass '/Game/Niveles/Mapa/Minimal_Default.Minimal_Default_C' with ClassGeneratedBy '/Game/Niveles/Mapa/Minimal_Default.Minimal_Default:PersistentLevel.Minimal_Default'
[2020.11.09-03.48.07:406][613]LogBlueprintUserMessages: [Minimal_Default_C_4] A veces solo necesitamos ver las cosas con otra perspectiva...
[2020.11.09-03.48.10:650][648]LogBlueprintUserMessages: Early EndPlayMap Detection: Level '/Game/Niveles/Mapa/Minimal_Default.Minimal_Default:PersistentLevel' has LevelScriptBlueprint '/Game/Niveles/Mapa/Minimal_Default.Minimal_Default:PersistentLevel.Minimal_Default' with GeneratedClass '/Game/Niveles/Mapa/Minimal_Default.Minimal_Default_C' with ClassGeneratedBy '/Game/Niveles/Mapa/Minimal_Default.Minimal_Default:PersistentLevel.Minimal_Default'
[2020.11.09-03.48.11:037][648]LogBlueprintUserMessages: Late EndPlayMap Detection: Level '/Game/Niveles/Mapa/Minimal_Default.Minimal_Default:PersistentLevel' has LevelScriptBlueprint '/Game/Niveles/Mapa/Minimal_Default.Minimal_Default:PersistentLevel.Minimal_Default' with GeneratedClass '/Game/Niveles/Mapa/Minimal_Default.Minimal_Default_C' with ClassGeneratedBy '/Game/Niveles/Mapa/Minimal_Default.Minimal_Default:PersistentLevel.Minimal_Default'
[2020.11.09-03.48.25:247][963]BlueprintLog: New page: Compilar Minimal_Default
[2020.11.09-03.51.09:020][604]BlueprintLog: New page: Compilar Minimal_Default
[2020.11.09-03.51.11:492][646]LogTemp: Repeting last play command: New Editor Window (PIE)
[2020.11.09-03.51.11:567][646]LogBlueprintUserMessages: Early PlayInEditor Detection: Level '/Game/Niveles/Mapa/Minimal_Default.Minimal_Default:PersistentLevel' has LevelScriptBlueprint '/Game/Niveles/Mapa/Minimal_Default.Minimal_Default:PersistentLevel.Minimal_Default' with GeneratedClass '/Game/Niveles/Mapa/Minimal_Default.Minimal_Default_C' with ClassGeneratedBy '/Game/Niveles/Mapa/Minimal_Default.Minimal_Default:PersistentLevel.Minimal_Default'
[2020.11.09-03.51.11:567][646]LogPlayLevel: PlayLevel: No blueprints needed recompiling
[2020.11.09-03.51.11:568][646]PIE: New page: Sesión PIE (reproducción en el editor): Minimal_Default (8/11/2020 21:51:11)
[2020.11.09-03.51.11:568][646]LogPlayLevel: Creating play world package: /Game/Niveles/Mapa/UEDPIE_0_Minimal_Default
[2020.11.09-03.51.11:822][646]LogPlayLevel: PIE: StaticDuplicateObject took: (0.253521s)
[2020.11.09-03.51.11:825][646]LogAIModule: Creating AISystem for world Minimal_Default
[2020.11.09-03.51.11:825][646]LogPlayLevel: PIE: World Init took: (0.003054s)
[2020.11.09-03.51.11:827][646]LogPlayLevel: PIE: Created PIE world by copying editor world from /Game/Niveles/Mapa/Minimal_Default.Minimal_Default to /Game/Niveles/Mapa/UEDPIE_0_Minimal_Default.Minimal_Default (0.258721s)
[2020.11.09-03.51.11:980][646]LogInit: XAudio2 using 'Speakers (Realtek High Definition Audio)' : 2 channels at 48 kHz using 32 bits per sample (channel mask 0x3)
[2020.11.09-03.51.12:026][646]LogInit: FAudioDevice initialized.
[2020.11.09-03.51.12:107][646]LogLoad: Game class is 'GameModeBase'
[2020.11.09-03.51.12:151][646]LogWorld: Bringing World /Game/Niveles/Mapa/UEDPIE_0_Minimal_Default.Minimal_Default up for play (max tick rate 60) at 2020.11.09-00.51.12
[2020.11.09-03.51.12:154][646]LogWorld: Bringing up level for play took: 0.045318
[2020.11.09-03.51.12:175][646]PIE: Información Tiempo de inicio de la reproducción en el editor para  /Game/Niveles/Mapa/UEDPIE_0_Minimal_Default -0,277
[2020.11.09-03.51.12:178][646]LogBlueprintUserMessages: Late PlayInEditor Detection: Level '/Game/Niveles/Mapa/Minimal_Default.Minimal_Default:PersistentLevel' has LevelScriptBlueprint '/Game/Niveles/Mapa/Minimal_Default.Minimal_Default:PersistentLevel.Minimal_Default' with GeneratedClass '/Game/Niveles/Mapa/Minimal_Default.Minimal_Default_C' with ClassGeneratedBy '/Game/Niveles/Mapa/Minimal_Default.Minimal_Default:PersistentLevel.Minimal_Default'
[2020.11.09-03.51.32:367][843]LogBlueprintUserMessages: [Minimal_Default_C_4] A veces solo necesitamos ver las cosas con otra perspectiva...
[2020.11.09-03.51.36:060][882]LogBlueprintUserMessages: Early EndPlayMap Detection: Level '/Game/Niveles/Mapa/Minimal_Default.Minimal_Default:PersistentLevel' has LevelScriptBlueprint '/Game/Niveles/Mapa/Minimal_Default.Minimal_Default:PersistentLevel.Minimal_Default' with GeneratedClass '/Game/Niveles/Mapa/Minimal_Default.Minimal_Default_C' with ClassGeneratedBy '/Game/Niveles/Mapa/Minimal_Default.Minimal_Default:PersistentLevel.Minimal_Default'
[2020.11.09-03.51.36:450][882]LogBlueprintUserMessages: Late EndPlayMap Detection: Level '/Game/Niveles/Mapa/Minimal_Default.Minimal_Default:PersistentLevel' has LevelScriptBlueprint '/Game/Niveles/Mapa/Minimal_Default.Minimal_Default:PersistentLevel.Minimal_Default' with GeneratedClass '/Game/Niveles/Mapa/Minimal_Default.Minimal_Default_C' with ClassGeneratedBy '/Game/Niveles/Mapa/Minimal_Default.Minimal_Default:PersistentLevel.Minimal_Default'
[2020.11.09-03.51.45:053][ 41]BlueprintLog: New page: Compilar Minimal_Default
[2020.11.09-03.52.47:597][522]LogSavePackage: Save=2605.19ms
[2020.11.09-03.52.47:597][522]LogSavePackage: Moving '../../../../../../Users/Belci_3/Documents/GitHub/Proyecto-Laberinto-Grupo-1/ProyectoLabApps/Saved/Minimal_Default_Auto1EA0D34C7419FC162A0170FAA1E622055.tmp' to '../../../../../../Users/Belci_3/Documents/GitHub/Proyecto-Laberinto-Grupo-1/ProyectoLabApps/Saved/Autosaves/Game/Niveles/Mapa/Minimal_Default_Auto1.umap'
[2020.11.09-03.52.47:647][522]LogSavePackage:Display: Finished SavePackage ../../../../../../Users/Belci_3/Documents/GitHub/Proyecto-Laberinto-Grupo-1/ProyectoLabApps/Saved/Autosaves/Game/Niveles/Mapa/Minimal_Default_Auto1.umap
[2020.11.09-03.52.47:715][522]LogFileHelpers: Editor autosave (incl. sublevels) for '/Game/Niveles/Mapa/Minimal_Default' took 4.344
[2020.11.09-03.52.47:715][522]LogFileHelpers: Editor autosave (incl. sublevels) for all levels took 4.344
[2020.11.09-03.53.46:634][ 39]LogSavePackage: Save=2362.89ms
[2020.11.09-03.53.46:634][ 39]LogSavePackage: Moving '../../../../../../Users/Belci_3/Documents/GitHub/Proyecto-Laberinto-Grupo-1/ProyectoLabApps/Saved/Minimal_Default50A656D54731C891B647AA97569BFD37.tmp' to '../../../../../../Users/Belci_3/Documents/GitHub/Proyecto-Laberinto-Grupo-1/ProyectoLabApps/Content/Niveles/Mapa/Minimal_Default.umap'
[2020.11.09-03.53.46:688][ 39]LogSavePackage:Display: Finished SavePackage ../../../../../../Users/Belci_3/Documents/GitHub/Proyecto-Laberinto-Grupo-1/ProyectoLabApps/Content/Niveles/Mapa/Minimal_Default.umap
[2020.11.09-03.53.46:839][ 39]LogFileHelpers: Saving map 'Minimal_Default' took 3.209
[2020.11.09-04.03.10:178][147]LogTemp: Repeting last play command: New Editor Window (PIE)
[2020.11.09-04.03.10:255][147]LogBlueprintUserMessages: Early PlayInEditor Detection: Level '/Game/Niveles/Mapa/Minimal_Default.Minimal_Default:PersistentLevel' has LevelScriptBlueprint '/Game/Niveles/Mapa/Minimal_Default.Minimal_Default:PersistentLevel.Minimal_Default' with GeneratedClass '/Game/Niveles/Mapa/Minimal_Default.Minimal_Default_C' with ClassGeneratedBy '/Game/Niveles/Mapa/Minimal_Default.Minimal_Default:PersistentLevel.Minimal_Default'
[2020.11.09-04.03.10:256][147]LogPlayLevel: PlayLevel: No blueprints needed recompiling
[2020.11.09-04.03.10:257][147]PIE: New page: Sesión PIE (reproducción en el editor): Minimal_Default (8/11/2020 22:03:10)
[2020.11.09-04.03.10:258][147]LogPlayLevel: Creating play world package: /Game/Niveles/Mapa/UEDPIE_0_Minimal_Default
[2020.11.09-04.03.10:519][147]LogPlayLevel: PIE: StaticDuplicateObject took: (0.261012s)
[2020.11.09-04.03.10:527][147]LogAIModule: Creating AISystem for world Minimal_Default
[2020.11.09-04.03.10:528][147]LogPlayLevel: PIE: World Init took: (0.008883s)
[2020.11.09-04.03.10:529][147]LogPlayLevel: PIE: Created PIE world by copying editor world from /Game/Niveles/Mapa/Minimal_Default.Minimal_Default to /Game/Niveles/Mapa/UEDPIE_0_Minimal_Default.Minimal_Default (0.271219s)
[2020.11.09-04.03.10:740][147]LogInit: XAudio2 using 'Speakers (Realtek High Definition Audio)' : 2 channels at 48 kHz using 32 bits per sample (channel mask 0x3)
[2020.11.09-04.03.10:790][147]LogInit: FAudioDevice initialized.
[2020.11.09-04.03.10:873][147]LogLoad: Game class is 'GameModeBase'
[2020.11.09-04.03.10:922][147]LogWorld: Bringing World /Game/Niveles/Mapa/UEDPIE_0_Minimal_Default.Minimal_Default up for play (max tick rate 60) at 2020.11.09-01.03.10
[2020.11.09-04.03.10:925][147]LogWorld: Bringing up level for play took: 0.049767
[2020.11.09-04.03.10:949][147]PIE: Información Tiempo de inicio de la reproducción en el editor para  /Game/Niveles/Mapa/UEDPIE_0_Minimal_Default 0,496
[2020.11.09-04.03.10:956][147]LogBlueprintUserMessages: Late PlayInEditor Detection: Level '/Game/Niveles/Mapa/Minimal_Default.Minimal_Default:PersistentLevel' has LevelScriptBlueprint '/Game/Niveles/Mapa/Minimal_Default.Minimal_Default:PersistentLevel.Minimal_Default' with GeneratedClass '/Game/Niveles/Mapa/Minimal_Default.Minimal_Default_C' with ClassGeneratedBy '/Game/Niveles/Mapa/Minimal_Default.Minimal_Default:PersistentLevel.Minimal_Default'
[2020.11.09-04.03.19:215][222]LogBlueprintUserMessages: Early EndPlayMap Detection: Level '/Game/Niveles/Mapa/Minimal_Default.Minimal_Default:PersistentLevel' has LevelScriptBlueprint '/Game/Niveles/Mapa/Minimal_Default.Minimal_Default:PersistentLevel.Minimal_Default' with GeneratedClass '/Game/Niveles/Mapa/Minimal_Default.Minimal_Default_C' with ClassGeneratedBy '/Game/Niveles/Mapa/Minimal_Default.Minimal_Default:PersistentLevel.Minimal_Default'
[2020.11.09-04.03.19:608][222]LogBlueprintUserMessages: Late EndPlayMap Detection: Level '/Game/Niveles/Mapa/Minimal_Default.Minimal_Default:PersistentLevel' has LevelScriptBlueprint '/Game/Niveles/Mapa/Minimal_Default.Minimal_Default:PersistentLevel.Minimal_Default' with GeneratedClass '/Game/Niveles/Mapa/Minimal_Default.Minimal_Default_C' with ClassGeneratedBy '/Game/Niveles/Mapa/Minimal_Default.Minimal_Default:PersistentLevel.Minimal_Default'
[2020.11.09-04.17.15:760][209]LogWindowsTextInputMethodSystem:Display: IME system now deactivated.
[2020.11.09-04.17.16:832][210]Cmd: QUIT_EDITOR
[2020.11.09-04.17.19:761][210]LogExit: Preparing to exit.
[2020.11.09-04.17.23:558][210]LogDirectoryWatcher: A directory notification for 'C:/Users/Belci_3/Documents/GitHub/Proyecto-Laberinto-Grupo-1/ProyectoLabApps/Content/' was aborted.
[2020.11.09-04.17.26:288][210]LogExit: Editor shut down
[2020.11.09-04.17.26:312][210]LogExit: Transaction tracking system shut down
[2020.11.09-04.17.35:431][210]LogObj: Freed 0b from 0 cluster array pools.
[2020.11.09-04.17.35:526][210]LogExit: Object subsystem successfully closed.
[2020.11.09-04.17.36:490][210]LogD3D11RHI: Shutdown
[2020.11.09-04.17.36:490][210]LogD3D11RHI: CleanupD3DDevice
[2020.11.09-04.17.37:743][210]LogD3D11RHI: ~FD3D11DynamicRHI
[2020.11.09-04.17.41:445][210]LogModuleManager: Shutting down and abandoning module MovieSceneCapture (506)
[2020.11.09-04.17.41:452][210]LogModuleManager: Shutting down and abandoning module StatsViewer (504)
[2020.11.09-04.17.41:460][210]LogModuleManager: Shutting down and abandoning module BlueprintGraph (502)
[2020.11.09-04.17.41:460][210]LogModuleManager: Shutting down and abandoning module BlueprintProfiler (500)
[2020.11.09-04.17.41:474][210]LogModuleManager: Shutting down and abandoning module HierarchicalLODOutliner (498)
[2020.11.09-04.17.41:490][210]LogModuleManager: Shutting down and abandoning module CrashTracker (496)
[2020.11.09-04.17.41:490][210]LogModuleManager: Shutting down and abandoning module SceneOutliner (494)
[2020.11.09-04.17.41:491][210]LogModuleManager: Shutting down and abandoning module AddContentDialog (492)
[2020.11.09-04.17.41:508][210]LogDirectoryWatcher: A directory notification for 'C:/Program Files/Epic Games/UE_4.15/FeaturePacks/' was aborted.
[2020.11.09-04.17.41:542][210]LogModuleManager: Shutting down and abandoning module WidgetCarousel (491)
[2020.11.09-04.17.41:542][210]LogModuleManager: Shutting down and abandoning module EditorWidgets (488)
[2020.11.09-04.17.41:542][210]LogModuleManager: Shutting down and abandoning module CollectionManager (486)
[2020.11.09-04.17.41:568][210]LogDirectoryWatcher: A directory notification for 'C:/Users/Belci_3/Documents/GitHub/Proyecto-Laberinto-Grupo-1/ProyectoLabApps/Content/Collections/' was aborted.
[2020.11.09-04.17.41:568][210]LogDirectoryWatcher: A directory notification for 'C:/Users/Belci_3/Documents/GitHub/Proyecto-Laberinto-Grupo-1/ProyectoLabApps/Content/Developers/Beluu/Collections/' was aborted.
[2020.11.09-04.17.41:569][210]LogDirectoryWatcher: A directory notification for 'C:/Users/Belci_3/Documents/GitHub/Proyecto-Laberinto-Grupo-1/ProyectoLabApps/Saved/Collections/' was aborted.
[2020.11.09-04.17.41:570][210]LogModuleManager: Shutting down and abandoning module FoliageEdit (484)
[2020.11.09-04.17.41:589][210]LogModuleManager: Shutting down and abandoning module LandscapeEditor (482)
[2020.11.09-04.17.41:645][210]LogModuleManager: Shutting down and abandoning module SceneDepthPickerMode (480)
[2020.11.09-04.17.41:645][210]LogModuleManager: Shutting down and abandoning module ActorPickerMode (478)
[2020.11.09-04.17.41:645][210]LogModuleManager: Shutting down and abandoning module GeometryMode (476)
[2020.11.09-04.17.41:659][210]LogModuleManager: Shutting down and abandoning module TextureAlignMode (474)
[2020.11.09-04.17.41:659][210]LogModuleManager: Shutting down and abandoning module BspMode (472)
[2020.11.09-04.17.41:672][210]LogModuleManager: Shutting down and abandoning module HardwareSurvey (470)
[2020.11.09-04.17.41:688][210]LogModuleManager: Shutting down and abandoning module SequenceRecorderSections (468)
[2020.11.09-04.17.41:701][210]LogModuleManager: Shutting down and abandoning module AutomationWorker (466)
[2020.11.09-04.17.41:737][210]LogModuleManager: Shutting down and abandoning module MatineeToLevelSequence (464)
[2020.11.09-04.17.41:789][210]LogModuleManager: Shutting down and abandoning module LevelSequenceEditor (462)
[2020.11.09-04.17.41:983][210]LogModuleManager: Shutting down and abandoning module PlacementMode (461)
[2020.11.09-04.17.42:033][210]LogModuleManager: Shutting down and abandoning module WmfMediaFactory (458)
[2020.11.09-04.17.42:033][210]LogModuleManager: Shutting down and abandoning module WmfMediaEditor (456)
[2020.11.09-04.17.42:033][210]LogModuleManager: Shutting down and abandoning module MfMediaFactory (454)
[2020.11.09-04.17.42:033][210]LogModuleManager: Shutting down and abandoning module MfMediaEditor (452)
[2020.11.09-04.17.42:033][210]LogModuleManager: Shutting down and abandoning module AvfMediaFactory (450)
[2020.11.09-04.17.42:033][210]LogModuleManager: Shutting down and abandoning module AvfMediaEditor (448)
[2020.11.09-04.17.42:033][210]LogModuleManager: Shutting down and abandoning module AndroidMediaFactory (446)
[2020.11.09-04.17.42:033][210]LogModuleManager: Shutting down and abandoning module Media (445)
[2020.11.09-04.17.42:033][210]LogModuleManager: Shutting down and abandoning module AndroidMediaEditor (442)
[2020.11.09-04.17.42:033][210]LogModuleManager: Shutting down and abandoning module CharacterAI (440)
[2020.11.09-04.17.42:034][210]LogModuleManager: Shutting down and abandoning module AudioCapture (438)
[2020.11.09-04.17.42:063][210]LogModuleManager: Shutting down and abandoning module SequenceRecorder (437)
[2020.11.09-04.17.42:077][210]LogModuleManager: Shutting down and abandoning module SmartSnapping (434)
[2020.11.09-04.17.42:077][210]LogModuleManager: Shutting down and abandoning module SessionServices (432)
[2020.11.09-04.17.42:077][210]LogModuleManager: Shutting down and abandoning module ViewportSnapping (430)
[2020.11.09-04.17.42:077][210]LogModuleManager: Shutting down and abandoning module ViewportInteraction (428)
[2020.11.09-04.17.42:077][210]LogModuleManager: Shutting down and abandoning module LogVisualizer (426)
[2020.11.09-04.17.42:102][210]LogModuleManager: Shutting down and abandoning module IntroTutorials (424)
[2020.11.09-04.17.42:111][210]LogModuleManager: Shutting down and abandoning module GameProjectGeneration (423)
[2020.11.09-04.17.42:304][210]LogModuleManager: Shutting down and abandoning module EditorLiveStreaming (420)
[2020.11.09-04.17.42:352][210]LogModuleManager: Shutting down and abandoning module IOSPlatformEditor (418)
[2020.11.09-04.17.42:353][210]LogModuleManager: Shutting down and abandoning module HTML5PlatformEditor (416)
[2020.11.09-04.17.42:353][210]LogModuleManager: Shutting down and abandoning module AndroidPlatformEditor (414)
[2020.11.09-04.17.42:402][210]LogModuleManager: Shutting down and abandoning module AndroidDeviceDetection (413)
[2020.11.09-04.17.42:580][210]LogModuleManager: Shutting down and abandoning module IOSRuntimeSettings (410)
[2020.11.09-04.17.42:580][210]LogModuleManager: Shutting down and abandoning module AndroidRuntimeSettings (408)
[2020.11.09-04.17.42:581][210]LogModuleManager: Shutting down and abandoning module InputBindingEditor (406)
[2020.11.09-04.17.42:589][210]LogModuleManager: Shutting down and abandoning module NiagaraEditor (404)
[2020.11.09-04.17.42:635][210]LogModuleManager: Shutting down and abandoning module MergeActors (402)
[2020.11.09-04.17.42:642][210]LogModuleManager: Shutting down and abandoning module SizeMap (400)
[2020.11.09-04.17.42:647][210]LogModuleManager: Shutting down and abandoning module TreeMap (398)
[2020.11.09-04.17.42:659][210]LogModuleManager: Shutting down and abandoning module ReferenceViewer (396)
[2020.11.09-04.17.42:659][210]LogModuleManager: Shutting down and abandoning module LocalizationDashboard (394)
[2020.11.09-04.17.42:668][210]LogModuleManager: Shutting down and abandoning module LocalizationService (393)
[2020.11.09-04.17.42:674][210]LogModuleManager: Shutting down and abandoning module HardwareTargeting (390)
[2020.11.09-04.17.42:683][210]LogModuleManager: Shutting down and abandoning module DeviceProfileEditor (388)
[2020.11.09-04.17.42:692][210]LogModuleManager: Shutting down and abandoning module UndoHistory (386)
[2020.11.09-04.17.42:704][210]LogModuleManager: Shutting down and abandoning module UserFeedback (384)
[2020.11.09-04.17.42:708][210]LogModuleManager: Shutting down and abandoning module XmlParser (382)
[2020.11.09-04.17.42:708][210]LogModuleManager: Shutting down and abandoning module Blutility (380)
[2020.11.09-04.17.42:718][210]LogModuleManager: Shutting down and abandoning module ProjectSettingsViewer (378)
[2020.11.09-04.17.42:718][210]LogModuleManager: Shutting down and abandoning module ProjectTargetPlatformEditor (377)
[2020.11.09-04.17.42:719][210]LogModuleManager: Shutting down and abandoning module EditorSettingsViewer (374)
[2020.11.09-04.17.42:720][210]LogModuleManager: Shutting down and abandoning module SettingsEditor (372)
[2020.11.09-04.17.42:741][210]LogModuleManager: Shutting down and abandoning module ProjectLauncher (370)
[2020.11.09-04.17.42:750][210]LogModuleManager: Shutting down and abandoning module SessionFrontend (368)
[2020.11.09-04.17.42:756][210]LogModuleManager: Shutting down and abandoning module ProfilerClient (366)
[2020.11.09-04.17.42:770][210]LogModuleManager: Shutting down and abandoning module DeviceManager (364)
[2020.11.09-04.17.42:854][210]LogModuleManager: Shutting down and abandoning module TargetDeviceServices (363)
[2020.11.09-04.17.42:956][210]LogModuleManager: Shutting down and abandoning module AutomationController (360)
[2020.11.09-04.17.42:972][210]LogModuleManager: Shutting down and abandoning module AutomationWindow (358)
[2020.11.09-04.17.42:992][210]LogModuleManager: Shutting down and abandoning module Layers (356)
[2020.11.09-04.17.43:017][210]LogModuleManager: Shutting down and abandoning module ComponentVisualizers (354)
[2020.11.09-04.17.43:017][210]LogModuleManager: Shutting down and abandoning module DetailCustomizations (352)
[2020.11.09-04.17.43:041][210]LogModuleManager: Shutting down and abandoning module PackagesDialog (350)
[2020.11.09-04.17.43:052][210]LogModuleManager: Shutting down and abandoning module Persona (348)
[2020.11.09-04.17.43:078][210]LogModuleManager: Shutting down and abandoning module AnimGraph (347)
[2020.11.09-04.17.43:079][210]LogModuleManager: Shutting down and abandoning module Kismet (344)
[2020.11.09-04.17.43:174][210]LogModuleManager: Shutting down and abandoning module GraphEditor (342)
[2020.11.09-04.17.43:175][210]LogModuleManager: Shutting down and abandoning module ClassViewer (340)
[2020.11.09-04.17.43:175][210]LogModuleManager: Shutting down and abandoning module Toolbox (338)
[2020.11.09-04.17.43:187][210]LogModuleManager: Shutting down and abandoning module ModuleUI (336)
[2020.11.09-04.17.43:192][210]LogModuleManager: Shutting down and abandoning module MovieSceneTools (334)
[2020.11.09-04.17.43:199][210]LogModuleManager: Shutting down and abandoning module OutputLog (332)
[2020.11.09-04.17.43:210][210]LogModuleManager: Shutting down and abandoning module GammaUI (330)
[2020.11.09-04.17.43:219][210]LogModuleManager: Shutting down and abandoning module Documentation (328)
[2020.11.09-04.17.43:221][210]LogModuleManager: Shutting down and abandoning module Niagara (326)
[2020.11.09-04.17.43:221][210]LogModuleManager: Shutting down and abandoning module StreamingPauseRendering (324)
[2020.11.09-04.17.43:221][210]LogModuleManager: Shutting down and abandoning module AnalyticsET (322)
[2020.11.09-04.17.43:221][210]LogModuleManager: Shutting down and abandoning module PortalServices (320)
[2020.11.09-04.17.43:221][210]LogModuleManager: Shutting down and abandoning module PortalRpc (318)
[2020.11.09-04.17.43:221][210]LogModuleManager: Shutting down and abandoning module MessagingRpc (316)
[2020.11.09-04.17.43:221][210]LogModuleManager: Shutting down and abandoning module AIModule (314)
[2020.11.09-04.17.43:232][210]LogModuleManager: Shutting down and abandoning module GameplayDebugger (313)
[2020.11.09-04.17.43:242][210]LogModuleManager: Shutting down and abandoning module AITestSuite (311)
[2020.11.09-04.17.43:242][210]LogModuleManager: Shutting down and abandoning module ProfilerService (308)
[2020.11.09-04.17.43:303][210]LogModuleManager: Shutting down and abandoning module TaskGraph (306)
[2020.11.09-04.17.43:303][210]LogModuleManager: Shutting down and abandoning module SteamVRController (304)
[2020.11.09-04.17.43:303][210]LogModuleManager: Shutting down and abandoning module SteamVR (302)
[2020.11.09-04.17.43:303][210]LogModuleManager: Shutting down and abandoning module ProceduralMeshComponentEditor (300)
[2020.11.09-04.17.43:303][210]LogModuleManager: Shutting down and abandoning module ProceduralMeshComponent (298)
[2020.11.09-04.17.43:332][210]LogModuleManager: Shutting down and abandoning module OculusLibrary (296)
[2020.11.09-04.17.43:332][210]LogModuleManager: Shutting down and abandoning module OculusInput (294)
[2020.11.09-04.17.43:332][210]LogModuleManager: Shutting down and abandoning module MobilePatchingUtils (292)
[2020.11.09-04.17.43:332][210]LogModuleManager: Shutting down and abandoning module CustomMeshComponent (290)
[2020.11.09-04.17.43:332][210]LogModuleManager: Shutting down and abandoning module CableComponent (288)
[2020.11.09-04.17.43:332][210]LogModuleManager: Shutting down and abandoning module ArchVisCharacter (286)
[2020.11.09-04.17.43:332][210]LogModuleManager: Shutting down and abandoning module MediaPlayerEditor (282)
[2020.11.09-04.17.43:353][210]LogModuleManager: Shutting down and abandoning module HTML5Networking (280)
[2020.11.09-04.17.43:353][210]LogModuleManager: Shutting down and abandoning module AlembicImporter (278)
[2020.11.09-04.17.43:365][210]LogModuleManager: Shutting down and abandoning module AlembicLibrary (277)
[2020.11.09-04.17.43:365][210]LogModuleManager: Shutting down and abandoning module GeometryCache (276)
[2020.11.09-04.17.43:383][210]LogModuleManager: Shutting down and abandoning module GeometryCacheEd (275)
[2020.11.09-04.17.43:383][210]LogModuleManager: Shutting down and abandoning module SuperSearchEditor (270)
[2020.11.09-04.17.43:383][210]LogModuleManager: Shutting down and abandoning module SuperSearch (269)
[2020.11.09-04.17.43:383][210]LogModuleManager: Shutting down and abandoning module SpeedTreeImporter (266)
[2020.11.09-04.17.43:392][210]LogModuleManager: Shutting down and abandoning module PluginBrowser (264)
[2020.11.09-04.17.43:402][210]LogModuleManager: Shutting down and abandoning module MobileLauncherProfileWizard (262)
[2020.11.09-04.17.43:427][210]LogModuleManager: Shutting down and abandoning module EpicSurvey (260)
[2020.11.09-04.17.43:428][210]LogModuleManager: Shutting down and abandoning module VisualStudioSourceCodeAccess (258)
[2020.11.09-04.17.43:428][210]LogModuleManager: Shutting down and abandoning module DesktopPlatform (257)
[2020.11.09-04.17.43:442][210]LogModuleManager: Shutting down and abandoning module UObjectPlugin (254)
[2020.11.09-04.17.43:443][210]LogModuleManager: Shutting down and abandoning module SubversionSourceControl (252)
[2020.11.09-04.17.43:451][210]LogModuleManager: Shutting down and abandoning module PerforceSourceControl (250)
[2020.11.09-04.17.43:459][210]LogModuleManager: Shutting down and abandoning module GitSourceControl (248)
[2020.11.09-04.17.43:469][210]LogModuleManager: Shutting down and abandoning module SourceControl (247)
[2020.11.09-04.17.43:477][210]LogModuleManager: Shutting down and abandoning module LightPropagationVolumeEditor (244)
[2020.11.09-04.17.43:477][210]LogModuleManager: Shutting down and abandoning module PaperTiledImporter (242)
[2020.11.09-04.17.43:477][210]LogModuleManager: Shutting down and abandoning module PaperSpriteSheetImporter (240)
[2020.11.09-04.17.43:479][210]LogModuleManager: Shutting down and abandoning module Paper2DEditor (238)
[2020.11.09-04.17.43:499][210]LogModuleManager: Shutting down and abandoning module MeshPaint (237)
[2020.11.09-04.17.43:499][210]LogModuleManager: Shutting down and abandoning module LevelEditor (235)
[2020.11.09-04.17.43:527][210]LogModuleManager: Shutting down and abandoning module PixelInspectorModule (234)
[2020.11.09-04.17.43:541][210]LogModuleManager: Shutting down and abandoning module MainFrame (232)
[2020.11.09-04.17.43:541][210]LogModuleManager: Shutting down and abandoning module HotReload (231)
[2020.11.09-04.17.43:541][210]LogDirectoryWatcher: A directory notification for 'C:/Users/Belci_3/Documents/GitHub/Proyecto-Laberinto-Grupo-1/ProyectoLabApps/Binaries/Win64' was aborted.
[2020.11.09-04.17.43:583][210]LogModuleManager: Shutting down and abandoning module ContentBrowser (227)
[2020.11.09-04.17.43:593][210]LogModuleManager: Shutting down and abandoning module ProyectoLabApps (224)
[2020.11.09-04.17.43:593][210]LogModuleManager: Shutting down and abandoning module PhysXVehiclesEditor (222)
[2020.11.09-04.17.43:593][210]LogModuleManager: Shutting down and abandoning module PhysXVehicles (220)
[2020.11.09-04.17.43:593][210]LogModuleManager: Shutting down and abandoning module LocationServicesBPLibrary (218)
[2020.11.09-04.17.43:593][210]LogModuleManager: Shutting down and abandoning module UdpMessaging (216)
[2020.11.09-04.17.43:706][210]LogModuleManager: Shutting down and abandoning module TcpMessaging (214)
[2020.11.09-04.17.43:807][210]LogModuleManager: Shutting down and abandoning module GameplayTagsEditor (212)
[2020.11.09-04.17.43:879][210]LogModuleManager: Shutting down and abandoning module FacialAnimationEditor (210)
[2020.11.09-04.17.43:918][210]LogModuleManager: Shutting down and abandoning module FacialAnimation (208)
[2020.11.09-04.17.43:918][210]LogModuleManager: Shutting down and abandoning module LightPropagationVolumeRuntime (206)
[2020.11.09-04.17.43:918][210]LogModuleManager: Shutting down and abandoning module Paper2D (204)
[2020.11.09-04.17.43:930][210]LogModuleManager: Shutting down and abandoning module WindowsMoviePlayer (202)
[2020.11.09-04.17.43:967][210]LogModuleManager: Shutting down and abandoning module WmfMedia (200)
[2020.11.09-04.17.43:970][210]LogModuleManager: Shutting down and abandoning module MfMedia (198)
[2020.11.09-04.17.43:970][210]LogModuleManager: Shutting down and abandoning module MediaAssets (196)
[2020.11.09-04.17.43:970][210]LogModuleManager: Shutting down and abandoning module GameLiveStreaming (194)
[2020.11.09-04.17.43:987][210]LogModuleManager: Shutting down and abandoning module VREditor (192)
[2020.11.09-04.17.44:019][210]LogModuleManager: Shutting down and abandoning module GameplayTasksEditor (190)
[2020.11.09-04.17.44:019][210]LogModuleManager: Shutting down and abandoning module BehaviorTreeEditor (188)
[2020.11.09-04.17.44:051][210]LogModuleManager: Shutting down and abandoning module FunctionalTesting (186)
[2020.11.09-04.17.44:078][210]LogModuleManager: Shutting down and abandoning module CollisionAnalyzer (184)
[2020.11.09-04.17.44:111][210]LogModuleManager: Shutting down and abandoning module UMG (182)
[2020.11.09-04.17.44:184][210]LogModuleManager: Shutting down and abandoning module UMGEditor (181)
[2020.11.09-04.17.44:278][210]LogModuleManager: Shutting down and abandoning module Sequencer (180)
[2020.11.09-04.17.44:401][210]LogModuleManager: Shutting down and abandoning module AssetTools (178)
[2020.11.09-04.17.44:447][210]LogModuleManager: Shutting down and abandoning module MessageLog (177)
[2020.11.09-04.17.44:447][210]LogModuleManager: Shutting down and abandoning module WorkspaceMenuStructure (176)
[2020.11.09-04.17.44:447][210]LogModuleManager: Shutting down and abandoning module SlateReflector (170)
[2020.11.09-04.17.44:469][210]LogModuleManager: Shutting down and abandoning module Slate (168)
[2020.11.09-04.17.44:469][210]LogModuleManager: Shutting down and abandoning module EditorStyle (166)
[2020.11.09-04.17.44:512][210]LogModuleManager: Shutting down and abandoning module SourceCodeAccess (164)
[2020.11.09-04.17.44:512][210]LogModuleManager: Shutting down and abandoning module HeadMountedDisplay (162)
[2020.11.09-04.17.44:512][210]LogModuleManager: Shutting down and abandoning module XAudio2 (160)
[2020.11.09-04.17.44:512][210]LogModuleManager: Shutting down and abandoning module Networking (158)
[2020.11.09-04.17.44:512][210]LogModuleManager: Shutting down and abandoning module Core (154)
[2020.11.09-04.17.44:512][210]LogModuleManager: Shutting down and abandoning module AssetRegistry (152)
[2020.11.09-04.17.46:161][210]LogDirectoryWatcher: A directory notification for '../../../Engine/Content/' was aborted.
[2020.11.09-04.17.46:161][210]LogDirectoryWatcher: A directory notification for '../../../../../../Users/Belci_3/Documents/GitHub/Proyecto-Laberinto-Grupo-1/ProyectoLabApps/Content/' was aborted.
[2020.11.09-04.17.46:162][210]LogDirectoryWatcher: A directory notification for '../../../Engine/Plugins/2D/Paper2D/Content/' was aborted.
[2020.11.09-04.17.46:173][210]LogModuleManager: Shutting down and abandoning module DirectoryWatcher (151)
[2020.11.09-04.17.46:202][210]LogModuleManager: Shutting down and abandoning module KismetCompiler (148)
[2020.11.09-04.17.46:202][210]LogModuleManager: Shutting down and abandoning module PhysXFormats (146)
[2020.11.09-04.17.46:202][210]LogModuleManager: Shutting down and abandoning module MeshUtilities (144)
[2020.11.09-04.17.46:236][210]LogModuleManager: Shutting down and abandoning module SimplygonSwarm (143)
[2020.11.09-04.17.46:253][210]LogModuleManager: Shutting down and abandoning module SimplygonMeshReduction (141)
[2020.11.09-04.17.46:253][210]LogModuleManager: Shutting down and abandoning module QuadricMeshReduction (139)
[2020.11.09-04.17.46:266][210]LogModuleManager: Shutting down and abandoning module PropertyEditor (137)
[2020.11.09-04.17.46:266][210]LogModuleManager: Shutting down and abandoning module DerivedDataCache (134)
[2020.11.09-04.17.46:353][210]LogDerivedDataCache: Shutdown
[2020.11.09-04.17.46:353][210]LogModuleManager: Shutting down and abandoning module TargetPlatform (132)
[2020.11.09-04.17.46:353][210]LogModuleManager: Shutting down and abandoning module VulkanShaderFormat (131)
[2020.11.09-04.17.46:372][210]LogModuleManager: Shutting down and abandoning module ShaderFormatOpenGL (129)
[2020.11.09-04.17.46:388][210]LogModuleManager: Shutting down and abandoning module ShaderFormatD3D (127)
[2020.11.09-04.17.46:399][210]LogModuleManager: Shutting down and abandoning module MetalShaderFormat (125)
[2020.11.09-04.17.46:420][210]LogModuleManager: Shutting down and abandoning module TextureFormatUncompressed (123)
[2020.11.09-04.17.46:420][210]LogModuleManager: Shutting down and abandoning module TextureFormatPVR (121)
[2020.11.09-04.17.46:420][210]LogModuleManager: Shutting down and abandoning module TextureFormatDXT (119)
[2020.11.09-04.17.46:430][210]LogModuleManager: Shutting down and abandoning module TextureFormatIntelISPCTexComp (117)
[2020.11.09-04.17.46:474][210]LogModuleManager: Shutting down and abandoning module TextureFormatASTC (115)
[2020.11.09-04.17.46:474][210]LogModuleManager: Shutting down and abandoning module ImageWrapper (114)
[2020.11.09-04.17.46:474][210]LogModuleManager: Shutting down and abandoning module TextureFormatAndroid (111)
[2020.11.09-04.17.46:474][210]LogModuleManager: Shutting down and abandoning module AudioFormatOpus (109)
[2020.11.09-04.17.46:489][210]LogModuleManager: Shutting down and abandoning module AudioFormatOgg (107)
[2020.11.09-04.17.46:489][210]LogModuleManager: Shutting down and abandoning module AudioFormatADPCM (105)
[2020.11.09-04.17.46:489][210]LogModuleManager: Shutting down and abandoning module LinuxTargetPlatform (103)
[2020.11.09-04.17.46:489][210]LogModuleManager: Shutting down and abandoning module LinuxServerTargetPlatform (101)
[2020.11.09-04.17.46:489][210]LogModuleManager: Shutting down and abandoning module LinuxNoEditorTargetPlatform (99)
[2020.11.09-04.17.46:489][210]LogModuleManager: Shutting down and abandoning module LinuxClientTargetPlatform (97)
[2020.11.09-04.17.46:489][210]LogModuleManager: Shutting down and abandoning module TVOSTargetPlatform (95)
[2020.11.09-04.17.46:489][210]LogModuleManager: Shutting down and abandoning module Messaging (93)
[2020.11.09-04.17.46:489][210]LogModuleManager: Shutting down and abandoning module IOSTargetPlatform (91)
[2020.11.09-04.17.46:489][210]LogModuleManager: Shutting down and abandoning module HTML5TargetPlatform (89)
[2020.11.09-04.17.46:489][210]LogModuleManager: Shutting down and abandoning module Android_PVRTCTargetPlatform (87)
[2020.11.09-04.17.46:489][210]LogModuleManager: Shutting down and abandoning module Android_MultiTargetPlatform (85)
[2020.11.09-04.17.46:489][210]LogModuleManager: Shutting down and abandoning module Android_ETC2TargetPlatform (83)
[2020.11.09-04.17.46:489][210]LogModuleManager: Shutting down and abandoning module Android_ETC1TargetPlatform (81)
[2020.11.09-04.17.46:489][210]LogModuleManager: Shutting down and abandoning module Android_DXTTargetPlatform (79)
[2020.11.09-04.17.46:489][210]LogModuleManager: Shutting down and abandoning module Android_ATCTargetPlatform (77)
[2020.11.09-04.17.46:490][210]LogModuleManager: Shutting down and abandoning module Android_ASTCTargetPlatform (75)
[2020.11.09-04.17.46:490][210]LogModuleManager: Shutting down and abandoning module AndroidTargetPlatform (73)
[2020.11.09-04.17.46:490][210]LogModuleManager: Shutting down and abandoning module WindowsTargetPlatform (71)
[2020.11.09-04.17.46:490][210]LogModuleManager: Shutting down and abandoning module WindowsServerTargetPlatform (69)
[2020.11.09-04.17.46:490][210]LogModuleManager: Shutting down and abandoning module WindowsNoEditorTargetPlatform (67)
[2020.11.09-04.17.46:491][210]LogModuleManager: Shutting down and abandoning module WindowsClientTargetPlatform (65)
[2020.11.09-04.17.46:491][210]LogModuleManager: Shutting down and abandoning module MacTargetPlatform (63)
[2020.11.09-04.17.46:491][210]LogModuleManager: Shutting down and abandoning module MacServerTargetPlatform (61)
[2020.11.09-04.17.46:491][210]LogModuleManager: Shutting down and abandoning module MacNoEditorTargetPlatform (59)
[2020.11.09-04.17.46:491][210]LogModuleManager: Shutting down and abandoning module MacClientTargetPlatform (57)
[2020.11.09-04.17.46:491][210]LogModuleManager: Shutting down and abandoning module AllDesktopTargetPlatform (55)
[2020.11.09-04.17.46:491][210]LogModuleManager: Shutting down and abandoning module InputCore (52)
[2020.11.09-04.17.46:491][210]LogModuleManager: Shutting down and abandoning module Settings (50)
[2020.11.09-04.17.46:491][210]LogModuleManager: Shutting down and abandoning module OculusRift (48)
[2020.11.09-04.17.46:504][210]LogModuleManager: Shutting down and abandoning module GearVR (46)
[2020.11.09-04.17.46:504][210]LogModuleManager: Shutting down and abandoning module ExampleDeviceProfileSelector (44)
[2020.11.09-04.17.46:510][210]LogModuleManager: Shutting down and abandoning module OnlineBlueprintSupport (42)
[2020.11.09-04.17.46:510][210]LogModuleManager: Shutting down and abandoning module OnlineSubsystem (38)
[2020.11.09-04.17.46:510][210]LogOnline:Display: Unloading online subsystem: NULL
[2020.11.09-04.17.46:522][210]LogModuleManager: Shutting down and abandoning module XMPP (37)
[2020.11.09-04.17.46:544][210]LogModuleManager: Shutting down and abandoning module HTTP (35)
[2020.11.09-04.17.46:555][210]LogHttp:Display: Http module shutting down, but needs to wait on 1 outstanding Http requests:
[2020.11.09-04.17.46:556][210]LogHttp:Display: 	verb=[POST] url=[https://datarouter.ol.epicgames.com/datarouter/api/v1/public/data?SessionID=%7B5B3AC114-43B7-4513-07E8-F09F53D43C08%7D&AppID=UEEditor.Rocket.Release&AppVersion=4.15.3-3450819%2B%2B%2BUE4%2BRelease-4.15&UserID=fb0aaafe49dc5d8fb39af0b03369a559%7Ccfbc9b1d33724aa483afe77c3ecfcf1f%7Cf34cba58-f82d-49bc-a440-7e1a7a229efc&AppEnvironment=datacollector-binary&UploadType=eteventstream] status=Processing
[2020.11.09-04.17.46:570][210]LogModuleManager: Shutting down and abandoning module SSL (34)
[2020.11.09-04.17.46:579][210]LogModuleManager: Shutting down and abandoning module AudioEditor (30)
[2020.11.09-04.17.46:643][210]LogModuleManager: Shutting down and abandoning module TextureCompressor (28)
[2020.11.09-04.17.46:731][210]LogModuleManager: Shutting down and abandoning module ShaderCore (26)
[2020.11.09-04.17.46:731][210]LogModuleManager: Shutting down and abandoning module Landscape (24)
[2020.11.09-04.17.46:731][210]LogModuleManager: Shutting down and abandoning module SlateRHIRenderer (22)
[2020.11.09-04.17.47:347][210]LogModuleManager: Shutting down and abandoning module OpenGLDrv (20)
[2020.11.09-04.17.47:397][210]LogModuleManager: Shutting down and abandoning module D3D11RHI (18)
[2020.11.09-04.17.47:397][210]LogModuleManager: Shutting down and abandoning module AnimGraphRuntime (16)
[2020.11.09-04.17.47:430][210]LogModuleManager: Shutting down and abandoning module Renderer (14)
[2020.11.09-04.17.47:430][210]LogModuleManager: Shutting down and abandoning module Engine (12)
[2020.11.09-04.17.47:430][210]LogModuleManager: Shutting down and abandoning module CoreUObject (10)
[2020.11.09-04.17.47:430][210]LogModuleManager: Shutting down and abandoning module NetworkFile (8)
[2020.11.09-04.17.47:482][210]LogModuleManager: Shutting down and abandoning module StreamingFile (6)
[2020.11.09-04.17.47:489][210]LogModuleManager: Shutting down and abandoning module SandboxFile (4)
[2020.11.09-04.17.47:490][210]LogModuleManager: Shutting down and abandoning module PakFile (2)
[2020.11.09-04.17.47:516][210]LogExit: Exiting.
[2020.11.09-04.17.47:933][210]Log file closed, 11/09/20 01:17:47
