Log file open, 11/09/20 01:35:16
LogInit:Display: Running engine for game: ProyectoLabApps
LogPlatformFile: Not using cached read wrapper
LogInit:Display: RandInit(-452467614) SRandInit(-452467614).
LogTaskGraph: Started task graph with 5 named threads and 6 total threads with 1 sets of task threads.
LogStats: Stats thread started at 0.305370
LogInit: Using libcurl 7.47.1
LogInit:  - built for x86_64-pc-win32
LogInit:  - supports SSL with OpenSSL/1.0.2g
LogInit:  - supports HTTP deflate (compression) using libz 1.2.8
LogInit:  - other features:
LogInit:      CURL_VERSION_SSL
LogInit:      CURL_VERSION_LIBZ
LogInit:      CURL_VERSION_IPV6
LogInit:      CURL_VERSION_ASYNCHDNS
LogInit:      CURL_VERSION_LARGEFILE
LogInit:      CURL_VERSION_IDN
LogInit:  CurlRequestOptions (configurable via config and command line):
LogInit:  - bVerifyPeer = false  - Libcurl will NOT verify peer certificate
LogInit:  - bUseHttpProxy = false  - Libcurl will NOT use HTTP proxy
LogInit:  - bDontReuseConnections = false  - Libcurl will reuse connections
LogInit:  - CertBundlePath = nullptr  - Libcurl will use whatever was configured at build time.
LogInit: Build: ++UE4+Release-4.15-CL-3450819
LogInit: Engine Version: 4.15.3-3450819+++UE4+Release-4.15
LogInit: Compatible Engine Version: 4.15.0-3299760+++UE4+Release-4.15
LogInit: Net CL: 3299760
LogDevObjectVersion: Number of dev versions registered: 14
LogDevObjectVersion:   Dev-Blueprints (B0D832E4-1F89-4F0D-ACCF-7EB736FD4AA2): 8
LogDevObjectVersion:   Dev-Build (E1C64328-A22C-4D53-A36C-8E866417BD8C): 0
LogDevObjectVersion:   Dev-Core (375EC13C-06E4-48FB-B500-84F0262A717E): 2
LogDevObjectVersion:   Dev-Editor (E4B068ED-F494-42E9-A231-DA0B2E46BB41): 14
LogDevObjectVersion:   Dev-Framework (CFFC743F-43B0-4480-9391-14DF171D2073): 22
LogDevObjectVersion:   Dev-Mobile (B02B49B5-BB20-44E9-A304-32B752E40360): 0
LogDevObjectVersion:   Dev-Networking (A4E4105C-59A1-49B5-A7C5-40C4547EDFEE): 0
LogDevObjectVersion:   Dev-Online (39C831C9-5AE6-47DC-9A44-9C173E1C8E7C): 0
LogDevObjectVersion:   Dev-Physics (78F01B33-EBEA-4F98-B9B4-84EACCB95AA2): 0
LogDevObjectVersion:   Dev-Platform (6631380F-2D4D-43E0-8009-CF276956A95A): 0
LogDevObjectVersion:   Dev-Rendering (12F88B9F-8875-4AFC-A67C-D90C383ABD29): 12
LogDevObjectVersion:   Dev-Sequencer (7B5AE74C-D270-4C10-A958-57980B212A5A): 3
LogDevObjectVersion:   Dev-VR (D7296918-1DD6-4BDD-9DE2-64A83CC13884): 0
LogDevObjectVersion:   Dev-LoadTimes (C2A15278-BFE7-4AFE-6C17-90FF531DF755): 1
LogInit: Compiled (64-bit): May 21 2017 11:02:34
LogInit: Compiled with Visual C++: 19.00.23026.00
LogInit: Build Configuration: Development
LogInit: Branch Name: ++UE4+Release-4.15
LogInit: Command line: 
LogInit: Base directory: C:/Program Files/Epic Games/UE_4.15/Engine/Binaries/Win64/
LogInit: Installed Engine Build: 1
LogInit: Presizing for max 8388607 objects, including 0 objects not considered by GC, pre-allocating 0 bytes for permanent pool.
LogInit: Object subsystem initialized
[2020.11.09-04.35.21:030][  0]LogInit: Selected Device Profile: [Windows]
[2020.11.09-04.35.21:030][  0]LogInit: Applying CVar settings loaded from the selected device profile: [Windows]
[2020.11.09-04.35.21:171][  0]LogInit: Computer: BELU
[2020.11.09-04.35.21:171][  0]LogInit: User: Beluu
[2020.11.09-04.35.21:171][  0]LogInit: CPU Page size=65536, Cores=2
[2020.11.09-04.35.21:171][  0]LogInit: High frequency timer resolution =2.143578 MHz
[2020.11.09-04.35.21:172][  0]LogMemory: Memory total: Physical=3.7GB (4GB approx)
[2020.11.09-04.35.21:172][  0]LogMemory: Platform Memory Stats for Windows
[2020.11.09-04.35.21:172][  0]LogMemory: Process Physical Memory: 263.37 MB used, 263.37 MB peak
[2020.11.09-04.35.21:172][  0]LogMemory: Process Virtual Memory: 262.29 MB used, 262.29 MB peak
[2020.11.09-04.35.21:172][  0]LogMemory: Physical Memory: 3327.25 MB used,  468.29 MB free, 3795.54 MB total
[2020.11.09-04.35.21:172][  0]LogMemory: Virtual Memory: 643.31 MB used,  468.29 MB free, 134217728.00 MB total
[2020.11.09-04.35.23:028][  0]LogTextLocalizationManager: No specific translations for ('es-AR') exist, so ('es') translations will be used.
[2020.11.09-04.35.31:534][  0]LogD3D11RHI: D3D11 adapters:
[2020.11.09-04.35.31:547][  0]LogD3D11RHI:    0. 'Intel(R) HD Graphics' (Feature Level 10_0)
[2020.11.09-04.35.31:547][  0]LogD3D11RHI:       32/0/1632 MB DedicatedVideo/DedicatedSystem/SharedSystem, Outputs:1, VendorId:0x8086
[2020.11.09-04.35.31:554][  0]LogD3D11RHI:    1. 'Microsoft Basic Render Driver' (Feature Level 11_0)
[2020.11.09-04.35.31:554][  0]LogD3D11RHI:       0/0/1897 MB DedicatedVideo/DedicatedSystem/SharedSystem, Outputs:0, VendorId:0x1414
[2020.11.09-04.35.31:555][  0]LogD3D11RHI: Chosen D3D11 Adapter: 0
[2020.11.09-04.35.31:571][  0]LogD3D11RHI: Creating new Direct3DDevice
[2020.11.09-04.35.31:571][  0]LogD3D11RHI:     GPU DeviceId: 0x106 (for the marketing name, search the web for "GPU Device Id")
[2020.11.09-04.35.31:571][  0]LogWindows: EnumDisplayDevices:
[2020.11.09-04.35.31:572][  0]LogWindows:    0. 'Intel(R) HD Graphics' (P:1 D:1)
[2020.11.09-04.35.31:573][  0]LogWindows:    1. 'Intel(R) HD Graphics' (P:0 D:0)
[2020.11.09-04.35.31:573][  0]LogWindows: DebugString: FoundDriverCount:2 
[2020.11.09-04.35.31:573][  0]LogD3D11RHI:     Adapter Name: Intel(R) HD Graphics
[2020.11.09-04.35.31:573][  0]LogD3D11RHI:   Driver Version: 9.17.10.4459 (internal:9.17.10.4459, unified:9.17.10.4459)
[2020.11.09-04.35.31:573][  0]LogD3D11RHI:      Driver Date: 5-19-2016
[2020.11.09-04.35.31:573][  0]LogRHI: Texture pool is 593 MB (70% of 848 MB)
[2020.11.09-04.35.31:582][  0]LogD3D11RHI: Async texture creation enabled
[2020.11.09-04.35.31:629][  0]LogD3D11RHI: GPU Timing Frequency: 12.500000 (Debug: 2 1)
[2020.11.09-04.35.31:633][  0]LogShaderCompilers: Guid format shader working directory is -44 characters bigger than the processId version (../../../../../../Users/Belci_3/Documents/GitHub/Proyecto-Laberinto-Grupo-1/ProyectoLabApps/Intermediate/Shaders/WorkingDirectory/10436/).
[2020.11.09-04.35.31:633][  0]LogShaderCompilers: Cleaned the shader compiler working directory 'C:/Users/Belci_3/AppData/Local/Temp/UnrealShaderWorkingDir/7B4DE5B04A70650666F4C7B5E3D4A0AA/'.
[2020.11.09-04.35.31:633][  0]LogShaderCompilers:Display: Using Local Shader Compiler.
[2020.11.09-04.35.42:243][  0]LogTemp:Display: Loaded TP AllDesktopTargetPlatform
[2020.11.09-04.35.42:653][  0]LogTemp:Display: Loaded TP MacClientTargetPlatform
[2020.11.09-04.35.43:066][  0]LogTemp:Display: Loaded TP MacNoEditorTargetPlatform
[2020.11.09-04.35.43:406][  0]LogTemp:Display: Loaded TP MacServerTargetPlatform
[2020.11.09-04.35.43:755][  0]LogTemp:Display: Loaded TP MacTargetPlatform
[2020.11.09-04.35.44:058][  0]LogTemp:Display: Loaded TP WindowsClientTargetPlatform
[2020.11.09-04.35.44:343][  0]LogTemp:Display: Loaded TP WindowsNoEditorTargetPlatform
[2020.11.09-04.35.44:640][  0]LogTemp:Display: Loaded TP WindowsServerTargetPlatform
[2020.11.09-04.35.44:946][  0]LogTemp:Display: Loaded TP WindowsTargetPlatform
[2020.11.09-04.35.45:357][  0]LogTemp:Display: Loaded TP AndroidTargetPlatform
[2020.11.09-04.35.45:765][  0]LogTemp:Display: Loaded TP Android_ASTCTargetPlatform
[2020.11.09-04.35.46:165][  0]LogTemp:Display: Loaded TP Android_ATCTargetPlatform
[2020.11.09-04.35.46:561][  0]LogTemp:Display: Loaded TP Android_DXTTargetPlatform
[2020.11.09-04.35.46:957][  0]LogTemp:Display: Loaded TP Android_ETC1TargetPlatform
[2020.11.09-04.35.47:359][  0]LogTemp:Display: Loaded TP Android_ETC2TargetPlatform
[2020.11.09-04.35.48:146][  0]LogTemp:Display: Loaded TP Android_MultiTargetPlatform
[2020.11.09-04.35.48:146][  0]LogTemp:Display: Loaded TP Android_PVRTCTargetPlatform
[2020.11.09-04.35.48:461][  0]LogTemp:Display: Loaded TP HTML5TargetPlatform
[2020.11.09-04.35.49:095][  0]LogTemp:Display: Loaded TP IOSTargetPlatform
[2020.11.09-04.35.49:340][  0]LogTemp:Display: Loaded TP TVOSTargetPlatform
[2020.11.09-04.35.49:734][  0]LogTemp:Display: Loaded TP LinuxClientTargetPlatform
[2020.11.09-04.35.50:133][  0]LogTemp:Display: Loaded TP LinuxNoEditorTargetPlatform
[2020.11.09-04.35.50:545][  0]LogTemp:Display: Loaded TP LinuxServerTargetPlatform
[2020.11.09-04.35.51:001][  0]LogTemp:Display: Loaded TP LinuxTargetPlatform
[2020.11.09-04.35.51:002][  0]LogTargetPlatformManager:Display: Building Assets For Windows
[2020.11.09-04.35.54:883][  0]LogDerivedDataCache:Display: Max Cache Size: 512 MB
[2020.11.09-04.35.55:061][  0]LogDerivedDataCache: Loaded boot cache 0.18s 48MB C:/Users/Belci_3/AppData/Local/UnrealEngine/4.15/DerivedDataCache/Boot.ddc.
[2020.11.09-04.35.55:062][  0]LogDerivedDataCache:Display: Loaded Boot cache: C:/Users/Belci_3/AppData/Local/UnrealEngine/4.15/DerivedDataCache/Boot.ddc
[2020.11.09-04.35.55:062][  0]LogDerivedDataCache: FDerivedDataBackendGraph:  Pak pak cache file ../../../../../../Users/Belci_3/Documents/GitHub/Proyecto-Laberinto-Grupo-1/ProyectoLabApps/DerivedDataCache/DDC.ddp not found, will not use a pak cache.
[2020.11.09-04.35.55:062][  0]LogDerivedDataCache: Unable to find inner node Pak for hierarchical cache Hierarchy.
[2020.11.09-04.35.55:062][  0]LogDerivedDataCache: FDerivedDataBackendGraph:  CompressedPak pak cache file ../../../../../../Users/Belci_3/Documents/GitHub/Proyecto-Laberinto-Grupo-1/ProyectoLabApps/DerivedDataCache/Compressed.ddp not found, will not use a pak cache.
[2020.11.09-04.35.55:062][  0]LogDerivedDataCache: Unable to find inner node CompressedPak for hierarchical cache Hierarchy.
[2020.11.09-04.35.55:171][  0]LogDerivedDataCache:Display: Pak cache opened for reading ../../../Engine/DerivedDataCache/Compressed.ddp.
[2020.11.09-04.35.55:190][  0]LogDerivedDataCache: Using Local data cache path C:/Users/Belci_3/AppData/Local/UnrealEngine/Common/DerivedDataCache: Writable
[2020.11.09-04.35.55:221][  0]LogSlate: Using Freetype 2.6.0
[2020.11.09-04.35.55:243][  0]LogSlate: SlateFontCache - WITH_FREETYPE: 1, WITH_HARFBUZZ: 1
[2020.11.09-04.35.55:244][  0]LogSlate: SlateFontCache - WITH_FREETYPE: 1, WITH_HARFBUZZ: 1
[2020.11.09-04.36.00:192][  0]LogInit: Selected Device Profile: [Windows]
[2020.11.09-04.36.00:206][  0]LogContentStreaming: Texture pool size is 0.00 MB
[2020.11.09-04.36.01:558][  0]LogMeshUtilities: Using QuadricMeshReduction for automatic static mesh reduction
[2020.11.09-04.36.01:934][  0]LogSimplygon: Simplygon DLL not present - disabling.
[2020.11.09-04.36.02:279][  0]LogMeshUtilities: Using SimplygonSwarm for distributed automatic mesh merging
[2020.11.09-04.36.02:279][  0]LogMeshUtilities: No automatic skeletal mesh reduction module available
[2020.11.09-04.36.02:279][  0]LogMeshUtilities: No automatic mesh merging module available
[2020.11.09-04.36.05:317][  0]LogNetVersion: GetLocalNetworkVersion: CL: 3299760, ProjectName: proyectolabapps, ProjectVersion: , EngineNetworkVersion: 2, GameNetworkVersion: 0, NetworkChecksum: 1791571130
[2020.11.09-04.36.05:524][  0]LogAssetRegistry: FAssetRegistry took 0.0248 seconds to start up
[2020.11.09-04.36.06:010][  0]LogPackageLocalizationCache: Processed 3 localized package path(s) for 2 prioritized culture(s) in 0.297107 seconds
[2020.11.09-04.36.06:031][  0]LogUObjectArray: 32493 objects as part of root set at end of initial load.
[2020.11.09-04.36.06:031][  0]LogUObjectAllocator: 7077024 out of 0 bytes used by permanent object pool.
[2020.11.09-04.36.06:031][  0]LogUObjectArray: CloseDisregardForGC: 0/0 objects in disregard for GC pool
[2020.11.09-04.36.06:777][  0]LogInit: WinSock: version 1.1 (2.2), MaxSocks=32767, MaxUdp=65467
[2020.11.09-04.36.14:609][  0]LogTcpMessaging: Initializing TcpMessaging bridge
[2020.11.09-04.36.14:865][  0]LogUdpMessaging: Initializing bridge on interface 0.0.0.0:0 to multicast group 230.0.0.1:6666.
[2020.11.09-04.36.18:383][  0]LogMaterial: Uniform references updated for custom material expression Custom.
[2020.11.09-04.36.20:355][  0]SourceControl: Información El control de código fuente está desactivado
[2020.11.09-04.36.20:358][  0]SourceControl: Información El control de código fuente está desactivado
[2020.11.09-04.36.20:612][  0]SourceControl: Información El control de código fuente está desactivado
[2020.11.09-04.36.20:862][  0]SourceControl: Información El control de código fuente está desactivado
[2020.11.09-04.36.30:247][  0]LogEngine: Initializing Engine...
[2020.11.09-04.36.30:250][  0]LogHMD: Failed to initialize OpenVR with code 110
[2020.11.09-04.36.30:657][  0]LogStats: UGameplayTagsManager::ConstructGameplayTagTree: Construct from data asset -  0.000 s
[2020.11.09-04.36.30:657][  0]LogStats: UGameplayTagsManager::ConstructGameplayTagTree: GameplayTagTreeChangedEvent.Broadcast -  0.000 s
[2020.11.09-04.36.31:413][  0]LogAIModule: Creating AISystem for world Untitled
[2020.11.09-04.36.31:454][  0]LogInit: XAudio2 using 'Audífono de los auriculares con micrófono (Plantronics Blackwire 3210 Series)' : 1 channels at 48 kHz using 16 bits per sample (channel mask 0x0)
[2020.11.09-04.36.31:503][  0]LogInit: FAudioDevice initialized.
[2020.11.09-04.36.31:603][  0]LogDerivedDataCache: Saved boot cache 0.10s 48MB C:/Users/Belci_3/AppData/Local/UnrealEngine/4.15/DerivedDataCache/Boot.ddc.
[2020.11.09-04.36.31:625][  0]LogInit: Texture streaming: Enabled
[2020.11.09-04.36.32:286][  0]LogEngineSessionManager: EngineSessionManager initialized
[2020.11.09-04.36.32:908][  0]LogInit: Transaction tracking system initialized
[2020.11.09-04.36.35:245][  0]BlueprintLog: New page: Cargar el editor
[2020.11.09-04.36.41:165][  0]LocalizationService: Información Localization service is disabled
[2020.11.09-04.36.44:802][  0]LogConsoleResponse:Display: 
[2020.11.09-04.36.45:414][  0]LogFileCache: Scanning file cache for directory 'C:/Users/Belci_3/Documents/GitHub/Proyecto-Laberinto-Grupo-1/ProyectoLabApps/Content/' took 0.14s
[2020.11.09-04.36.45:414][  0]LogCook:Display: Max memory allowance for cook 16384mb min free memory 0mb
[2020.11.09-04.36.45:415][  0]LogCook:Display: Mobile HDR setting 1
[2020.11.09-04.36.52:166][  0]SourceControl: Información El control de código fuente está desactivado
[2020.11.09-04.36.52:167][  0]Cmd: MAP LOAD FILE="../../../../../../Users/Belci_3/Documents/GitHub/Proyecto-Laberinto-Grupo-1/ProyectoLabApps/Content/StarterContent/Maps/Minimal_Default.umap" TEMPLATE=0 SHOWPROGRESS=1 FEATURELEVEL=2
[2020.11.09-04.36.52:167][  0]LogEditorServer:Warning: Can't find file '../../../../../../Users/Belci_3/Documents/GitHub/Proyecto-Laberinto-Grupo-1/ProyectoLabApps/Content/StarterContent/Maps/Minimal_Default.umap'
[2020.11.09-04.36.52:195][  0]Cmd: MAP CHECKDEP NOCLEARLOG
[2020.11.09-04.36.52:394][  0]MapCheck: Información Map check complete: 0 Error(s), 0 Warning(s), took 199,696ms to complete.
[2020.11.09-04.36.52:395][  0]LogFileHelpers: Loading map 'Minimal_Default' took 0.228
[2020.11.09-04.36.52:551][  0]LogWindowsTextInputMethodSystem:Display: IME system now deactivated.
[2020.11.09-04.36.57:076][  0]LogCollectionManager: Loaded 0 collections in 0.008280 seconds
[2020.11.09-04.36.58:427][  0]LogFileCache: Scanning file cache for directory 'C:/Users/Belci_3/Documents/GitHub/Proyecto-Laberinto-Grupo-1/ProyectoLabApps/Saved/Collections/' took 0.02s
[2020.11.09-04.36.58:427][  0]LogFileCache: Scanning file cache for directory 'C:/Users/Belci_3/Documents/GitHub/Proyecto-Laberinto-Grupo-1/ProyectoLabApps/Content/Developers/Beluu/Collections/' took 0.00s
[2020.11.09-04.36.58:427][  0]LogFileCache: Scanning file cache for directory 'C:/Users/Belci_3/Documents/GitHub/Proyecto-Laberinto-Grupo-1/ProyectoLabApps/Content/Collections/' took 0.02s
[2020.11.09-04.36.58:427][  0]LogCollectionManager: Rebuilt the GUID cache for 0 collections in 0.000020 seconds
[2020.11.09-04.36.58:678][  0]LogContentBrowser: Native class hierarchy populated in 0.1845 seconds. Added 2246 classes and 455 folders.
[2020.11.09-04.36.59:809][  0]LogContentBrowser: Native class hierarchy updated for 'WidgetCarousel' in 0.0117 seconds. Added 0 classes and 0 folders.
[2020.11.09-04.37.02:356][  0]LogContentBrowser: Native class hierarchy updated for 'AddContentDialog' in 0.0098 seconds. Added 0 classes and 0 folders.
[2020.11.09-04.37.02:970][  0]LogContentBrowser: Native class hierarchy updated for 'SceneOutliner' in 0.0095 seconds. Added 1 classes and 2 folders.
[2020.11.09-04.37.04:726][  0]LogCrashTracker: Crashtracker disabled due to settings.
[2020.11.09-04.37.05:051][  0]LogUObjectGlobals:Warning: Error al encontrar el objeto 'Class Ninguno.'
[2020.11.09-04.37.05:349][  0]LogContentBrowser: Native class hierarchy updated for 'HierarchicalLODOutliner' in 0.0084 seconds. Added 1 classes and 2 folders.
[2020.11.09-04.37.05:349][  0]LogLoad: (Engine Initialization) Total time: 117.99 seconds
[2020.11.09-04.37.05:350][  0]LogLoad: (Engine Initialization) Total Blueprint compile time: 0.31 seconds
[2020.11.09-04.37.05:350][  0]LogExternalProfiler: Found external profiler: VSPerf
[2020.11.09-04.37.05:350][  0]LogExternalProfiler: Using external profiler: VSPerf
[2020.11.09-04.37.05:405][  0]LogOcInput: OculusInput pre-init called
[2020.11.09-04.37.05:536][  0]LogContentStreaming: Texture pool size now 400 MB
[2020.11.09-04.37.05:540][  0]LogSlate: Took 0.000746 seconds to synchronously load lazily loaded font '../../../Engine/Content/Slate/Fonts/Roboto-Regular.ttf' (155K)
[2020.11.09-04.37.05:553][  0]LogSlate: Took 0.000876 seconds to synchronously load lazily loaded font '../../../Engine/Content/Slate/Fonts/Roboto-Bold.ttf' (160K)
[2020.11.09-04.37.05:651][  0]LogSlate: Took 0.024858 seconds to synchronously load lazily loaded font '../../../Engine/Content/Editor/Slate/Fonts/FontAwesome.ttf' (139K)
[2020.11.09-04.37.07:291][  0]LogRenderer: Reallocating scene render targets to support 660x356 NumSamples 1 (Frame:2).
[2020.11.09-04.37.09:988][  2]LogSlate: Took 0.018067 seconds to synchronously load lazily loaded font '../../../Engine/Content/Slate/Fonts/Roboto-Light.ttf' (159K)
[2020.11.09-04.37.10:164][  5]LogAssetRegistry: Asset discovery search completed in 64.6650 seconds
[2020.11.09-04.37.10:164][  5]LogCollectionManager: Rebuilt the object cache for 0 collections in 0.000015 seconds (found 0 objects)
[2020.11.09-04.37.10:164][  5]LogCollectionManager: Fixed up redirectors for 0 collections in 0.000053 seconds (updated 0 objects)
[2020.11.09-04.37.13:730][ 87]LogSlate: Took 0.000505 seconds to synchronously load lazily loaded font '../../../Engine/Content/Slate/Fonts/Roboto-Light.ttf' (159K)
[2020.11.09-04.38.06:974][371]LogUObjectGlobals:Warning: Error al encontrar el objeto 'Object /Script/ProyectoLabApps.ProyectoLabAppsGameMode'
[2020.11.09-04.38.08:370][407]LogEditorViewport: Clicking Background
[2020.11.09-04.38.21:575][744]LogSlate: Took 0.000999 seconds to synchronously load lazily loaded font '../../../Engine/Content/Slate/Fonts/Roboto-Light.ttf' (159K)
[2020.11.09-04.38.23:209][744]LogSlate: Took 0.001144 seconds to synchronously load lazily loaded font '../../../Engine/Content/Slate/Fonts/Roboto-Regular.ttf' (155K)
[2020.11.09-04.38.41:327][744]LogAIModule: Creating AISystem for world Minimal_Default
[2020.11.09-04.38.44:334][744]Cmd: MAP LOAD FILE="../../../../../../Users/Belci_3/Documents/GitHub/Proyecto-Laberinto-Grupo-1/ProyectoLabApps/Content/Niveles/Mapa/Minimal_Default.umap" TEMPLATE=0 SHOWPROGRESS=1 FEATURELEVEL=2
[2020.11.09-04.38.44:352][744]LightingResults: New page: Diseñar la iluminación
[2020.11.09-04.38.44:767][744]LogContentBrowser: Native class hierarchy updated for 'StatsViewer' in 0.0099 seconds. Added 5 classes and 0 folders.
[2020.11.09-04.38.44:778][744]LoadErrors: New page: Cargando mapa: Minimal_Default.umap
[2020.11.09-04.38.44:901][744]MapCheck: New page: Revisión del mapa
[2020.11.09-04.38.44:901][744]LightingResults: New page: Diseñar la iluminación
[2020.11.09-04.38.46:003][744]LogEditorServer: Finished looking for orphan Actors (0.001 secs)
[2020.11.09-04.38.46:246][744]Cmd: MAP CHECKDEP NOCLEARLOG
[2020.11.09-04.38.46:707][744]MapCheck: Información Map check complete: 0 Error(s), 0 Warning(s), took 460,528ms to complete.
[2020.11.09-04.38.46:710][744]LogFileHelpers: Loading map 'Minimal_Default' took 2.390
[2020.11.09-04.39.02:297][953]LogContentBrowser: Native class hierarchy updated for 'BlueprintGraph' in 0.0118 seconds. Added 112 classes and 0 folders.
[2020.11.09-04.39.09:371][953]LogSlate: Took 0.029592 seconds to synchronously load lazily loaded font '../../../Engine/Content/Editor/Slate/Fonts/Roboto-BoldCondensed.ttf' (158K)
[2020.11.09-04.39.17:649][176]LogSlate: Took 0.017787 seconds to synchronously load lazily loaded font '../../../Engine/Content/Editor/Slate/Fonts/Roboto-Italic.ttf' (157K)
[2020.11.09-04.40.00:020][775]LogRenderer: Reallocating scene render targets to support 664x372 NumSamples 1 (Frame:58).
[2020.11.09-04.40.05:228][857]LogEditorViewport: Clicking on Actor (LMB): TriggerBox (triggerboxLLAVE)
[2020.11.09-04.40.38:418][368]LogEditorViewport: Clicking on Actor (LMB): StaticMeshActor (Floor_400x403)
[2020.11.09-04.40.41:155][396]LogEditorViewport: Clicking on Actor (LMB): TriggerBox (triggerboxLLAVE)
[2020.11.09-04.40.53:039][586]LogEditorViewport: Clicking on Actor (LMB): StaticMeshActor (LLAVE)
[2020.11.09-04.41.13:961][930]LogTemp: Repeting last play command: New Editor Window (PIE)
[2020.11.09-04.41.14:175][930]LogBlueprintUserMessages: Early PlayInEditor Detection: Level '/Game/Niveles/Mapa/Minimal_Default.Minimal_Default:PersistentLevel' has LevelScriptBlueprint '/Game/Niveles/Mapa/Minimal_Default.Minimal_Default:PersistentLevel.Minimal_Default' with GeneratedClass '/Game/Niveles/Mapa/Minimal_Default.Minimal_Default_C' with ClassGeneratedBy '/Game/Niveles/Mapa/Minimal_Default.Minimal_Default:PersistentLevel.Minimal_Default'
[2020.11.09-04.41.14:190][930]LogPlayLevel: PlayLevel: No blueprints needed recompiling
[2020.11.09-04.41.14:277][930]PIE: New page: Sesión PIE (reproducción en el editor): Minimal_Default (8/11/2020 22:41:14)
[2020.11.09-04.41.14:314][930]LogPlayLevel: Creating play world package: /Game/Niveles/Mapa/UEDPIE_0_Minimal_Default
[2020.11.09-04.41.15:867][930]LogPlayLevel: PIE: StaticDuplicateObject took: (1.550377s)
[2020.11.09-04.41.15:877][930]LogAIModule: Creating AISystem for world Minimal_Default
[2020.11.09-04.41.15:882][930]LogPlayLevel: PIE: World Init took: (0.014822s)
[2020.11.09-04.41.15:887][930]LogPlayLevel: PIE: Created PIE world by copying editor world from /Game/Niveles/Mapa/Minimal_Default.Minimal_Default to /Game/Niveles/Mapa/UEDPIE_0_Minimal_Default.Minimal_Default (1.581971s)
[2020.11.09-04.41.16:752][930]LogInit: XAudio2 using 'Audífono de los auriculares con micrófono (Plantronics Blackwire 3210 Series)' : 1 channels at 48 kHz using 16 bits per sample (channel mask 0x0)
[2020.11.09-04.41.16:817][930]LogInit: FAudioDevice initialized.
[2020.11.09-04.41.17:125][930]LogLoad: Game class is 'GameModeBase'
[2020.11.09-04.41.17:405][930]LogWorld: Bringing World /Game/Niveles/Mapa/UEDPIE_0_Minimal_Default.Minimal_Default up for play (max tick rate 60) at 2020.11.09-01.41.17
[2020.11.09-04.41.17:573][930]LogWorld: Bringing up level for play took: 0.254419
[2020.11.09-04.41.20:056][930]LogContentBrowser: Native class hierarchy updated for 'MovieSceneCapture' in 0.0221 seconds. Added 11 classes and 0 folders.
[2020.11.09-04.41.20:257][930]PIE: Información Tiempo de inicio de la reproducción en el editor para  /Game/Niveles/Mapa/UEDPIE_0_Minimal_Default 5,803
[2020.11.09-04.41.20:260][930]LogBlueprintUserMessages: Late PlayInEditor Detection: Level '/Game/Niveles/Mapa/Minimal_Default.Minimal_Default:PersistentLevel' has LevelScriptBlueprint '/Game/Niveles/Mapa/Minimal_Default.Minimal_Default:PersistentLevel.Minimal_Default' with GeneratedClass '/Game/Niveles/Mapa/Minimal_Default.Minimal_Default_C' with ClassGeneratedBy '/Game/Niveles/Mapa/Minimal_Default.Minimal_Default:PersistentLevel.Minimal_Default'
[2020.11.09-04.41.20:980][930]LogRenderer: Reallocating scene render targets to support 664x380 NumSamples 1 (Frame:626).
[2020.11.09-04.42.09:493][436]LogBlueprintUserMessages: Early EndPlayMap Detection: Level '/Game/Niveles/Mapa/Minimal_Default.Minimal_Default:PersistentLevel' has LevelScriptBlueprint '/Game/Niveles/Mapa/Minimal_Default.Minimal_Default:PersistentLevel.Minimal_Default' with GeneratedClass '/Game/Niveles/Mapa/Minimal_Default.Minimal_Default_C' with ClassGeneratedBy '/Game/Niveles/Mapa/Minimal_Default.Minimal_Default:PersistentLevel.Minimal_Default'
[2020.11.09-04.42.10:251][436]LogBlueprintUserMessages: Late EndPlayMap Detection: Level '/Game/Niveles/Mapa/Minimal_Default.Minimal_Default:PersistentLevel' has LevelScriptBlueprint '/Game/Niveles/Mapa/Minimal_Default.Minimal_Default:PersistentLevel.Minimal_Default' with GeneratedClass '/Game/Niveles/Mapa/Minimal_Default.Minimal_Default_C' with ClassGeneratedBy '/Game/Niveles/Mapa/Minimal_Default.Minimal_Default:PersistentLevel.Minimal_Default'
[2020.11.09-04.42.52:695][881]LogSlate: Only BGRA pngs, bmps or icos are supported in by External Image Picker
[2020.11.09-04.42.57:582][122]LogTemp:Display: Executing iPhonePackager certificates Engine -bundlename com.YourCompany.ProyectoLabApps

[2020.11.09-04.42.57:582][122]LogTemp:Display: CWD: C:\Program Files\Epic Games\UE_4.15\Engine\Binaries\DotNET\IOS

[2020.11.09-04.42.57:582][122]LogTemp:Display: Initial Dir: C:\Program Files\Epic Games\UE_4.15

[2020.11.09-04.42.57:582][122]LogTemp:Display: Env CWD: C:\Program Files\Epic Games\UE_4.15\Engine\Binaries\DotNET\IOS

[2020.11.09-04.42.57:656][126]LogTemp:Display: BranchPath = BELU/C/Program Files/Epic Games/UE_4.15/Engine/Binaries --- GameBranchPath = BELU/C/Program Files/Epic Games/UE_4.15/Engine/Binaries

[2020.11.09-04.42.59:786][250]LogTemp:Display: IPP ERROR: Application exception: System.IO.DirectoryNotFoundException: No se puede encontrar una parte de la ruta de acceso 'C:\Users\Belci_3\AppData\Local\Apple Computer\MobileDevice\Provisioning Profiles'.

[2020.11.09-04.42.59:786][250]LogTemp:Display:    en System.IO.__Error.WinIOError(Int32 errorCode, String maybeFullPath)

[2020.11.09-04.42.59:786][250]LogTemp:Display:    en System.IO.FileSystemEnumerableIterator`1.CommonInit()

[2020.11.09-04.42.59:786][250]LogTemp:Display:    en System.IO.FileSystemEnumerableIterator`1..ctor(String path, String originalUserPath, String searchPattern, SearchOption searchOption, SearchResultHandler`1 resultHandler, Boolean checkHost)

[2020.11.09-04.42.59:786][250]LogTemp:Display:    en System.IO.Directory.EnumerateFiles(String path, String searchPattern)

[2020.11.09-04.42.59:787][250]LogTemp:Display:    en iPhonePackager.CodeSignatureBuilder.FindProvisions(String CFBundleIdentifier)

[2020.11.09-04.42.59:787][250]LogTemp:Display:    en iPhonePackager.Program.Main(String[] args)

[2020.11.09-04.43.17:371][646]LogEditorViewport: Clicking on Actor (LMB): StaticMeshActor (Floor_400x403)
[2020.11.09-04.43.18:597][686]LogEditorViewport: Clicking on Actor (LMB): StaticMeshActor (Floor_400x403)
[2020.11.09-04.43.19:347][712]LogEditorViewport: Clicking on Actor (LMB): StaticMeshActor (Floor_400x403)
[2020.11.09-04.43.20:390][764]LogEditorViewport: Clicking on Actor (LMB): StaticMeshActor (Floor_400x403)
[2020.11.09-04.43.21:132][799]LogEditorViewport: Clicking on Actor (LMB): StaticMeshActor (Floor_400x403)
[2020.11.09-04.43.22:188][851]LogEditorViewport: Clicking on Actor (LMB): TriggerBox (triggerboxLLAVE)
[2020.11.09-04.47.00:681][331]BlueprintLog: New page: Compilar Minimal_Default
[2020.11.09-04.47.19:882][880]LogTemp: Repeting last play command: New Editor Window (PIE)
[2020.11.09-04.47.19:919][880]LogBlueprintUserMessages: Early PlayInEditor Detection: Level '/Game/Niveles/Mapa/Minimal_Default.Minimal_Default:PersistentLevel' has LevelScriptBlueprint '/Game/Niveles/Mapa/Minimal_Default.Minimal_Default:PersistentLevel.Minimal_Default' with GeneratedClass '/Game/Niveles/Mapa/Minimal_Default.Minimal_Default_C' with ClassGeneratedBy '/Game/Niveles/Mapa/Minimal_Default.Minimal_Default:PersistentLevel.Minimal_Default'
[2020.11.09-04.47.19:919][880]LogPlayLevel: PlayLevel: No blueprints needed recompiling
[2020.11.09-04.47.19:920][880]PIE: New page: Sesión PIE (reproducción en el editor): Minimal_Default (8/11/2020 22:47:19)
[2020.11.09-04.47.19:920][880]LogPlayLevel: Creating play world package: /Game/Niveles/Mapa/UEDPIE_0_Minimal_Default
[2020.11.09-04.47.20:057][880]LogPlayLevel: PIE: StaticDuplicateObject took: (0.137598s)
[2020.11.09-04.47.20:065][880]LogAIModule: Creating AISystem for world Minimal_Default
[2020.11.09-04.47.20:066][880]LogPlayLevel: PIE: World Init took: (0.008209s)
[2020.11.09-04.47.20:066][880]LogPlayLevel: PIE: Created PIE world by copying editor world from /Game/Niveles/Mapa/Minimal_Default.Minimal_Default to /Game/Niveles/Mapa/UEDPIE_0_Minimal_Default.Minimal_Default (0.146476s)
[2020.11.09-04.47.20:141][880]LogInit: XAudio2 using 'Audífono de los auriculares con micrófono (Plantronics Blackwire 3210 Series)' : 1 channels at 48 kHz using 16 bits per sample (channel mask 0x0)
[2020.11.09-04.47.20:159][880]LogInit: FAudioDevice initialized.
[2020.11.09-04.47.20:211][880]LogLoad: Game class is 'GameModeBase'
[2020.11.09-04.47.20:241][880]LogWorld: Bringing World /Game/Niveles/Mapa/UEDPIE_0_Minimal_Default.Minimal_Default up for play (max tick rate 60) at 2020.11.09-01.47.20
[2020.11.09-04.47.20:244][880]LogWorld: Bringing up level for play took: 0.024762
[2020.11.09-04.47.20:253][880]PIE: Información Tiempo de inicio de la reproducción en el editor para  /Game/Niveles/Mapa/UEDPIE_0_Minimal_Default -0,199
[2020.11.09-04.47.20:254][880]LogBlueprintUserMessages: Late PlayInEditor Detection: Level '/Game/Niveles/Mapa/Minimal_Default.Minimal_Default:PersistentLevel' has LevelScriptBlueprint '/Game/Niveles/Mapa/Minimal_Default.Minimal_Default:PersistentLevel.Minimal_Default' with GeneratedClass '/Game/Niveles/Mapa/Minimal_Default.Minimal_Default_C' with ClassGeneratedBy '/Game/Niveles/Mapa/Minimal_Default.Minimal_Default:PersistentLevel.Minimal_Default'
[2020.11.09-04.47.56:176][265]LogBlueprintUserMessages: [Minimal_Default_C_0] A veces solo necesitamos ver las cosas con otra perspectiva...
[2020.11.09-04.48.07:929][394]LogBlueprintUserMessages: Early EndPlayMap Detection: Level '/Game/Niveles/Mapa/Minimal_Default.Minimal_Default:PersistentLevel' has LevelScriptBlueprint '/Game/Niveles/Mapa/Minimal_Default.Minimal_Default:PersistentLevel.Minimal_Default' with GeneratedClass '/Game/Niveles/Mapa/Minimal_Default.Minimal_Default_C' with ClassGeneratedBy '/Game/Niveles/Mapa/Minimal_Default.Minimal_Default:PersistentLevel.Minimal_Default'
[2020.11.09-04.48.08:421][394]LogBlueprintUserMessages: Late EndPlayMap Detection: Level '/Game/Niveles/Mapa/Minimal_Default.Minimal_Default:PersistentLevel' has LevelScriptBlueprint '/Game/Niveles/Mapa/Minimal_Default.Minimal_Default:PersistentLevel.Minimal_Default' with GeneratedClass '/Game/Niveles/Mapa/Minimal_Default.Minimal_Default_C' with ClassGeneratedBy '/Game/Niveles/Mapa/Minimal_Default.Minimal_Default:PersistentLevel.Minimal_Default'
[2020.11.09-04.48.09:762][426]LogEditorViewport: Clicking on Actor (LMB): StaticMeshActor (LLAVE)
[2020.11.09-04.48.13:969][525]LogRenderer: Reallocating scene render targets to support 876x380 NumSamples 1 (Frame:1840).
[2020.11.09-04.48.45:754][118]BlueprintLog: New page: Compilar Minimal_Default
[2020.11.09-04.49.05:718][556]LogTemp: Repeting last play command: New Editor Window (PIE)
[2020.11.09-04.49.05:795][556]LogBlueprintUserMessages: Early PlayInEditor Detection: Level '/Game/Niveles/Mapa/Minimal_Default.Minimal_Default:PersistentLevel' has LevelScriptBlueprint '/Game/Niveles/Mapa/Minimal_Default.Minimal_Default:PersistentLevel.Minimal_Default' with GeneratedClass '/Game/Niveles/Mapa/Minimal_Default.Minimal_Default_C' with ClassGeneratedBy '/Game/Niveles/Mapa/Minimal_Default.Minimal_Default:PersistentLevel.Minimal_Default'
[2020.11.09-04.49.05:795][556]LogPlayLevel: PlayLevel: No blueprints needed recompiling
[2020.11.09-04.49.05:796][556]PIE: New page: Sesión PIE (reproducción en el editor): Minimal_Default (8/11/2020 22:49:05)
[2020.11.09-04.49.05:797][556]LogPlayLevel: Creating play world package: /Game/Niveles/Mapa/UEDPIE_0_Minimal_Default
[2020.11.09-04.49.06:048][556]LogPlayLevel: PIE: StaticDuplicateObject took: (0.251586s)
[2020.11.09-04.49.06:051][556]LogAIModule: Creating AISystem for world Minimal_Default
[2020.11.09-04.49.06:052][556]LogPlayLevel: PIE: World Init took: (0.003195s)
[2020.11.09-04.49.06:052][556]LogPlayLevel: PIE: Created PIE world by copying editor world from /Game/Niveles/Mapa/Minimal_Default.Minimal_Default to /Game/Niveles/Mapa/UEDPIE_0_Minimal_Default.Minimal_Default (0.255792s)
[2020.11.09-04.49.06:218][556]LogInit: XAudio2 using 'Audífono de los auriculares con micrófono (Plantronics Blackwire 3210 Series)' : 1 channels at 48 kHz using 16 bits per sample (channel mask 0x0)
[2020.11.09-04.49.06:257][556]LogInit: FAudioDevice initialized.
[2020.11.09-04.49.06:344][556]LogLoad: Game class is 'GameModeBase'
[2020.11.09-04.49.06:391][556]LogWorld: Bringing World /Game/Niveles/Mapa/UEDPIE_0_Minimal_Default.Minimal_Default up for play (max tick rate 60) at 2020.11.09-01.49.06
[2020.11.09-04.49.06:396][556]LogWorld: Bringing up level for play took: 0.049016
[2020.11.09-04.49.06:416][556]PIE: Información Tiempo de inicio de la reproducción en el editor para  /Game/Niveles/Mapa/UEDPIE_0_Minimal_Default -0,036
[2020.11.09-04.49.06:424][556]LogBlueprintUserMessages: Late PlayInEditor Detection: Level '/Game/Niveles/Mapa/Minimal_Default.Minimal_Default:PersistentLevel' has LevelScriptBlueprint '/Game/Niveles/Mapa/Minimal_Default.Minimal_Default:PersistentLevel.Minimal_Default' with GeneratedClass '/Game/Niveles/Mapa/Minimal_Default.Minimal_Default_C' with ClassGeneratedBy '/Game/Niveles/Mapa/Minimal_Default.Minimal_Default:PersistentLevel.Minimal_Default'
[2020.11.09-04.49.38:139][879]LogBlueprintUserMessages: Early EndPlayMap Detection: Level '/Game/Niveles/Mapa/Minimal_Default.Minimal_Default:PersistentLevel' has LevelScriptBlueprint '/Game/Niveles/Mapa/Minimal_Default.Minimal_Default:PersistentLevel.Minimal_Default' with GeneratedClass '/Game/Niveles/Mapa/Minimal_Default.Minimal_Default_C' with ClassGeneratedBy '/Game/Niveles/Mapa/Minimal_Default.Minimal_Default:PersistentLevel.Minimal_Default'
[2020.11.09-04.49.38:574][879]LogBlueprintUserMessages: Late EndPlayMap Detection: Level '/Game/Niveles/Mapa/Minimal_Default.Minimal_Default:PersistentLevel' has LevelScriptBlueprint '/Game/Niveles/Mapa/Minimal_Default.Minimal_Default:PersistentLevel.Minimal_Default' with GeneratedClass '/Game/Niveles/Mapa/Minimal_Default.Minimal_Default_C' with ClassGeneratedBy '/Game/Niveles/Mapa/Minimal_Default.Minimal_Default:PersistentLevel.Minimal_Default'
[2020.11.09-04.50.56:622][569]LogSlate: Only BGRA pngs, bmps or icos are supported in by External Image Picker
[2020.11.09-04.50.56:922][576]LogTemp:Display: Executing iPhonePackager certificates Engine -bundlename com.YourCompany.ProyectoLabApps

[2020.11.09-04.50.56:922][576]LogTemp:Display: CWD: C:\Program Files\Epic Games\UE_4.15\Engine\Binaries\DotNET\IOS

[2020.11.09-04.50.56:922][576]LogTemp:Display: Initial Dir: C:\Program Files\Epic Games\UE_4.15

[2020.11.09-04.50.56:922][576]LogTemp:Display: Env CWD: C:\Program Files\Epic Games\UE_4.15\Engine\Binaries\DotNET\IOS

[2020.11.09-04.50.56:939][577]LogTemp:Display: BranchPath = BELU/C/Program Files/Epic Games/UE_4.15/Engine/Binaries --- GameBranchPath = BELU/C/Program Files/Epic Games/UE_4.15/Engine/Binaries

[2020.11.09-04.50.57:012][581]LogTemp:Display: IPP ERROR: Application exception: System.IO.DirectoryNotFoundException: No se puede encontrar una parte de la ruta de acceso 'C:\Users\Belci_3\AppData\Local\Apple Computer\MobileDevice\Provisioning Profiles'.

[2020.11.09-04.50.57:012][581]LogTemp:Display:    en System.IO.__Error.WinIOError(Int32 errorCode, String maybeFullPath)

[2020.11.09-04.50.57:012][581]LogTemp:Display:    en System.IO.FileSystemEnumerableIterator`1.CommonInit()

[2020.11.09-04.50.57:012][581]LogTemp:Display:    en System.IO.FileSystemEnumerableIterator`1..ctor(String path, String originalUserPath, String searchPattern, SearchOption searchOption, SearchResultHandler`1 resultHandler, Boolean checkHost)

[2020.11.09-04.50.57:012][581]LogTemp:Display:    en System.IO.Directory.EnumerateFiles(String path, String searchPattern)

[2020.11.09-04.50.57:012][581]LogTemp:Display:    en iPhonePackager.CodeSignatureBuilder.FindProvisions(String CFBundleIdentifier)

[2020.11.09-04.50.57:012][581]LogTemp:Display:    en iPhonePackager.Program.Main(String[] args)

[2020.11.09-04.51.52:121][540]LogTemp: Repeting last play command: New Editor Window (PIE)
[2020.11.09-04.51.52:181][540]LogBlueprintUserMessages: Early PlayInEditor Detection: Level '/Game/Niveles/Mapa/Minimal_Default.Minimal_Default:PersistentLevel' has LevelScriptBlueprint '/Game/Niveles/Mapa/Minimal_Default.Minimal_Default:PersistentLevel.Minimal_Default' with GeneratedClass '/Game/Niveles/Mapa/Minimal_Default.Minimal_Default_C' with ClassGeneratedBy '/Game/Niveles/Mapa/Minimal_Default.Minimal_Default:PersistentLevel.Minimal_Default'
[2020.11.09-04.51.52:181][540]LogPlayLevel: PlayLevel: No blueprints needed recompiling
[2020.11.09-04.51.52:182][540]PIE: New page: Sesión PIE (reproducción en el editor): Minimal_Default (8/11/2020 22:51:52)
[2020.11.09-04.51.52:182][540]LogPlayLevel: Creating play world package: /Game/Niveles/Mapa/UEDPIE_0_Minimal_Default
[2020.11.09-04.51.52:381][540]LogPlayLevel: PIE: StaticDuplicateObject took: (0.198818s)
[2020.11.09-04.51.52:383][540]LogAIModule: Creating AISystem for world Minimal_Default
[2020.11.09-04.51.52:384][540]LogPlayLevel: PIE: World Init took: (0.002370s)
[2020.11.09-04.51.52:384][540]LogPlayLevel: PIE: Created PIE world by copying editor world from /Game/Niveles/Mapa/Minimal_Default.Minimal_Default to /Game/Niveles/Mapa/UEDPIE_0_Minimal_Default.Minimal_Default (0.202109s)
[2020.11.09-04.51.52:510][540]LogInit: XAudio2 using 'Audífono de los auriculares con micrófono (Plantronics Blackwire 3210 Series)' : 1 channels at 48 kHz using 16 bits per sample (channel mask 0x0)
[2020.11.09-04.51.52:539][540]LogInit: FAudioDevice initialized.
[2020.11.09-04.51.52:602][540]LogLoad: Game class is 'GameModeBase'
[2020.11.09-04.51.52:636][540]LogWorld: Bringing World /Game/Niveles/Mapa/UEDPIE_0_Minimal_Default.Minimal_Default up for play (max tick rate 60) at 2020.11.09-01.51.52
[2020.11.09-04.51.52:639][540]LogWorld: Bringing up level for play took: 0.036269
[2020.11.09-04.51.52:654][540]PIE: Información Tiempo de inicio de la reproducción en el editor para  /Game/Niveles/Mapa/UEDPIE_0_Minimal_Default 0,201
[2020.11.09-04.51.52:656][540]LogBlueprintUserMessages: Late PlayInEditor Detection: Level '/Game/Niveles/Mapa/Minimal_Default.Minimal_Default:PersistentLevel' has LevelScriptBlueprint '/Game/Niveles/Mapa/Minimal_Default.Minimal_Default:PersistentLevel.Minimal_Default' with GeneratedClass '/Game/Niveles/Mapa/Minimal_Default.Minimal_Default_C' with ClassGeneratedBy '/Game/Niveles/Mapa/Minimal_Default.Minimal_Default:PersistentLevel.Minimal_Default'
[2020.11.09-04.52.12:809][782]LogBlueprintUserMessages: Early EndPlayMap Detection: Level '/Game/Niveles/Mapa/Minimal_Default.Minimal_Default:PersistentLevel' has LevelScriptBlueprint '/Game/Niveles/Mapa/Minimal_Default.Minimal_Default:PersistentLevel.Minimal_Default' with GeneratedClass '/Game/Niveles/Mapa/Minimal_Default.Minimal_Default_C' with ClassGeneratedBy '/Game/Niveles/Mapa/Minimal_Default.Minimal_Default:PersistentLevel.Minimal_Default'
[2020.11.09-04.52.13:238][782]LogBlueprintUserMessages: Late EndPlayMap Detection: Level '/Game/Niveles/Mapa/Minimal_Default.Minimal_Default:PersistentLevel' has LevelScriptBlueprint '/Game/Niveles/Mapa/Minimal_Default.Minimal_Default:PersistentLevel.Minimal_Default' with GeneratedClass '/Game/Niveles/Mapa/Minimal_Default.Minimal_Default_C' with ClassGeneratedBy '/Game/Niveles/Mapa/Minimal_Default.Minimal_Default:PersistentLevel.Minimal_Default'
[2020.11.09-04.52.44:789][ 71]BlueprintLog: New page: Compilar Minimal_Default
[2020.11.09-04.52.53:657][391]BlueprintLog: New page: Compilar Minimal_Default
[2020.11.09-04.53.49:266][971]LogSavePackage: Save=1859.53ms
[2020.11.09-04.53.49:266][971]LogSavePackage: Moving '../../../../../../Users/Belci_3/Documents/GitHub/Proyecto-Laberinto-Grupo-1/ProyectoLabApps/Saved/Minimal_Default_Auto1190876E14DDAB3127509DD90CEB102F1.tmp' to '../../../../../../Users/Belci_3/Documents/GitHub/Proyecto-Laberinto-Grupo-1/ProyectoLabApps/Saved/Autosaves/Game/Niveles/Mapa/Minimal_Default_Auto1.umap'
[2020.11.09-04.53.49:349][971]LogSavePackage:Display: Finished SavePackage ../../../../../../Users/Belci_3/Documents/GitHub/Proyecto-Laberinto-Grupo-1/ProyectoLabApps/Saved/Autosaves/Game/Niveles/Mapa/Minimal_Default_Auto1.umap
[2020.11.09-04.53.49:856][971]LogFileHelpers: Editor autosave (incl. sublevels) for '/Game/Niveles/Mapa/Minimal_Default' took 10.368
[2020.11.09-04.53.49:856][971]LogFileHelpers: Editor autosave (incl. sublevels) for all levels took 10.368
[2020.11.09-04.54.47:952][528]LogEditorViewport: Clicking on Actor (LMB): TriggerBox (triggerboxLLAVE)
[2020.11.09-04.55.23:334][743]BlueprintLog: New page: Compilar Minimal_Default
[2020.11.09-04.55.49:189][664]Cmd: DELETE
[2020.11.09-04.55.49:189][664]Cmd: ACTOR DELETE
[2020.11.09-04.55.49:466][664]LogEditorActor: Deleted Actor: TriggerBox
[2020.11.09-04.55.49:564][664]LogEditorActor: Deleted 1 Actors (0.109 secs)
[2020.11.09-04.56.54:191][663]BlueprintLog: New page: Compilar Minimal_Default
[2020.11.09-04.56.58:597][820]LogTemp: Repeting last play command: New Editor Window (PIE)
[2020.11.09-04.56.58:668][820]LogBlueprintUserMessages: Early PlayInEditor Detection: Level '/Game/Niveles/Mapa/Minimal_Default.Minimal_Default:PersistentLevel' has LevelScriptBlueprint '/Game/Niveles/Mapa/Minimal_Default.Minimal_Default:PersistentLevel.Minimal_Default' with GeneratedClass '/Game/Niveles/Mapa/Minimal_Default.Minimal_Default_C' with ClassGeneratedBy '/Game/Niveles/Mapa/Minimal_Default.Minimal_Default:PersistentLevel.Minimal_Default'
[2020.11.09-04.56.58:668][820]LogPlayLevel: PlayLevel: No blueprints needed recompiling
[2020.11.09-04.56.58:669][820]PIE: New page: Sesión PIE (reproducción en el editor): Minimal_Default (8/11/2020 22:56:58)
[2020.11.09-04.56.58:670][820]LogPlayLevel: Creating play world package: /Game/Niveles/Mapa/UEDPIE_0_Minimal_Default
[2020.11.09-04.56.58:936][820]LogPlayLevel: PIE: StaticDuplicateObject took: (0.265632s)
[2020.11.09-04.56.58:941][820]LogAIModule: Creating AISystem for world Minimal_Default
[2020.11.09-04.56.58:942][820]LogPlayLevel: PIE: World Init took: (0.005691s)
[2020.11.09-04.56.58:943][820]LogPlayLevel: PIE: Created PIE world by copying editor world from /Game/Niveles/Mapa/Minimal_Default.Minimal_Default to /Game/Niveles/Mapa/UEDPIE_0_Minimal_Default.Minimal_Default (0.272361s)
[2020.11.09-04.56.59:062][820]LogInit: XAudio2 using 'Audífono de los auriculares con micrófono (Plantronics Blackwire 3210 Series)' : 1 channels at 48 kHz using 16 bits per sample (channel mask 0x0)
[2020.11.09-04.56.59:092][820]LogInit: FAudioDevice initialized.
[2020.11.09-04.56.59:159][820]LogLoad: Game class is 'GameModeBase'
[2020.11.09-04.56.59:200][820]LogWorld: Bringing World /Game/Niveles/Mapa/UEDPIE_0_Minimal_Default.Minimal_Default up for play (max tick rate 60) at 2020.11.09-01.56.59
[2020.11.09-04.56.59:217][820]LogWorld: Bringing up level for play took: 0.055104
[2020.11.09-04.56.59:232][820]PIE: Información Tiempo de inicio de la reproducción en el editor para  /Game/Niveles/Mapa/UEDPIE_0_Minimal_Default 0,779
[2020.11.09-04.56.59:235][820]LogBlueprintUserMessages: Late PlayInEditor Detection: Level '/Game/Niveles/Mapa/Minimal_Default.Minimal_Default:PersistentLevel' has LevelScriptBlueprint '/Game/Niveles/Mapa/Minimal_Default.Minimal_Default:PersistentLevel.Minimal_Default' with GeneratedClass '/Game/Niveles/Mapa/Minimal_Default.Minimal_Default_C' with ClassGeneratedBy '/Game/Niveles/Mapa/Minimal_Default.Minimal_Default:PersistentLevel.Minimal_Default'
[2020.11.09-04.57.38:867][296]LogBlueprintUserMessages: Early EndPlayMap Detection: Level '/Game/Niveles/Mapa/Minimal_Default.Minimal_Default:PersistentLevel' has LevelScriptBlueprint '/Game/Niveles/Mapa/Minimal_Default.Minimal_Default:PersistentLevel.Minimal_Default' with GeneratedClass '/Game/Niveles/Mapa/Minimal_Default.Minimal_Default_C' with ClassGeneratedBy '/Game/Niveles/Mapa/Minimal_Default.Minimal_Default:PersistentLevel.Minimal_Default'
[2020.11.09-04.57.39:148][296]LogBlueprintUserMessages: Late EndPlayMap Detection: Level '/Game/Niveles/Mapa/Minimal_Default.Minimal_Default:PersistentLevel' has LevelScriptBlueprint '/Game/Niveles/Mapa/Minimal_Default.Minimal_Default:PersistentLevel.Minimal_Default' with GeneratedClass '/Game/Niveles/Mapa/Minimal_Default.Minimal_Default_C' with ClassGeneratedBy '/Game/Niveles/Mapa/Minimal_Default.Minimal_Default:PersistentLevel.Minimal_Default'
[2020.11.09-04.58.01:784][273]LogEditorTransaction: Undo Mover nodo
[2020.11.09-04.58.02:799][274]LogEditorTransaction: Undo Crear enlace del Pin
[2020.11.09-04.58.04:611][307]LogEditorTransaction: Undo Mover nodo
[2020.11.09-04.58.07:410][382]LogEditorTransaction: Undo Añadir nodo
[2020.11.09-04.58.09:457][428]LogEditorTransaction: Undo Delete current selection
[2020.11.09-04.58.10:830][445]LogEditorTransaction: Undo Crear enlace del Pin
[2020.11.09-04.58.12:317][468]LogEditorTransaction: Undo Mover nodo
[2020.11.09-04.58.13:683][486]LogEditorTransaction: Undo Delete current selection
[2020.11.09-04.58.15:937][538]LogEditorTransaction: Undo Mover nodo
[2020.11.09-04.58.17:957][591]LogEditorTransaction: Undo Mover nodo
[2020.11.09-04.58.20:383][652]BlueprintLog: New page: Compilar Minimal_Default
[2020.11.09-04.58.30:933][  4]BlueprintLog: New page: Compilar Minimal_Default
[2020.11.09-04.58.43:840][561]LogEditorViewport: Clicking on Actor (LMB): TriggerVolume (TriggerVolume11)
[2020.11.09-04.58.44:395][576]Cmd: DELETE
[2020.11.09-04.58.44:395][576]Cmd: ACTOR DELETE
[2020.11.09-04.58.44:400][576]LogEditorActor: Deleted Actor: TriggerVolume
[2020.11.09-04.58.44:596][576]LogEditorActor: Deleted 1 Actors (0.201 secs)
[2020.11.09-04.58.47:197][682]LogEditorViewport: Clicking on Actor (LMB): StaticMeshActor (Floor_400x403)
[2020.11.09-04.58.48:748][720]LogEditorViewport: Clicking on Actor (LMB): StaticMeshActor (Floor_400x403)
[2020.11.09-04.58.49:447][739]LogEditorViewport: Clicking on Actor (LMB): TriggerBox (triggerboxLLAVE)
[2020.11.09-04.58.59:019][977]LogRenderer: Reallocating scene render targets to support 904x380 NumSamples 1 (Frame:3421).
[2020.11.09-05.00.35:634][766]LogTemp: Repeting last play command: New Editor Window (PIE)
[2020.11.09-05.00.35:715][766]LogBlueprintUserMessages: Early PlayInEditor Detection: Level '/Game/Niveles/Mapa/Minimal_Default.Minimal_Default:PersistentLevel' has LevelScriptBlueprint '/Game/Niveles/Mapa/Minimal_Default.Minimal_Default:PersistentLevel.Minimal_Default' with GeneratedClass '/Game/Niveles/Mapa/Minimal_Default.Minimal_Default_C' with ClassGeneratedBy '/Game/Niveles/Mapa/Minimal_Default.Minimal_Default:PersistentLevel.Minimal_Default'
[2020.11.09-05.00.35:715][766]LogPlayLevel: PlayLevel: No blueprints needed recompiling
[2020.11.09-05.00.35:716][766]PIE: New page: Sesión PIE (reproducción en el editor): Minimal_Default (8/11/2020 23:00:35)
[2020.11.09-05.00.35:716][766]LogPlayLevel: Creating play world package: /Game/Niveles/Mapa/UEDPIE_0_Minimal_Default
[2020.11.09-05.00.35:981][766]LogPlayLevel: PIE: StaticDuplicateObject took: (0.265114s)
[2020.11.09-05.00.35:985][766]LogAIModule: Creating AISystem for world Minimal_Default
[2020.11.09-05.00.35:985][766]LogPlayLevel: PIE: World Init took: (0.004269s)
[2020.11.09-05.00.35:986][766]LogPlayLevel: PIE: Created PIE world by copying editor world from /Game/Niveles/Mapa/Minimal_Default.Minimal_Default to /Game/Niveles/Mapa/UEDPIE_0_Minimal_Default.Minimal_Default (0.270531s)
[2020.11.09-05.00.36:167][766]LogInit: XAudio2 using 'Audífono de los auriculares con micrófono (Plantronics Blackwire 3210 Series)' : 1 channels at 48 kHz using 16 bits per sample (channel mask 0x0)
[2020.11.09-05.00.36:205][766]LogInit: FAudioDevice initialized.
[2020.11.09-05.00.36:288][766]LogLoad: Game class is 'GameModeBase'
[2020.11.09-05.00.36:337][766]LogWorld: Bringing World /Game/Niveles/Mapa/UEDPIE_0_Minimal_Default.Minimal_Default up for play (max tick rate 60) at 2020.11.09-02.00.36
[2020.11.09-05.00.36:342][766]LogWorld: Bringing up level for play took: 0.051937
[2020.11.09-05.00.36:377][766]PIE: Información Tiempo de inicio de la reproducción en el editor para  /Game/Niveles/Mapa/UEDPIE_0_Minimal_Default -0,076
[2020.11.09-05.00.36:380][766]LogBlueprintUserMessages: Late PlayInEditor Detection: Level '/Game/Niveles/Mapa/Minimal_Default.Minimal_Default:PersistentLevel' has LevelScriptBlueprint '/Game/Niveles/Mapa/Minimal_Default.Minimal_Default:PersistentLevel.Minimal_Default' with GeneratedClass '/Game/Niveles/Mapa/Minimal_Default.Minimal_Default_C' with ClassGeneratedBy '/Game/Niveles/Mapa/Minimal_Default.Minimal_Default:PersistentLevel.Minimal_Default'
[2020.11.09-05.00.38:774][786]LogBlueprintUserMessages: Early EndPlayMap Detection: Level '/Game/Niveles/Mapa/Minimal_Default.Minimal_Default:PersistentLevel' has LevelScriptBlueprint '/Game/Niveles/Mapa/Minimal_Default.Minimal_Default:PersistentLevel.Minimal_Default' with GeneratedClass '/Game/Niveles/Mapa/Minimal_Default.Minimal_Default_C' with ClassGeneratedBy '/Game/Niveles/Mapa/Minimal_Default.Minimal_Default:PersistentLevel.Minimal_Default'
[2020.11.09-05.00.39:234][786]LogBlueprintUserMessages: Late EndPlayMap Detection: Level '/Game/Niveles/Mapa/Minimal_Default.Minimal_Default:PersistentLevel' has LevelScriptBlueprint '/Game/Niveles/Mapa/Minimal_Default.Minimal_Default:PersistentLevel.Minimal_Default' with GeneratedClass '/Game/Niveles/Mapa/Minimal_Default.Minimal_Default_C' with ClassGeneratedBy '/Game/Niveles/Mapa/Minimal_Default.Minimal_Default:PersistentLevel.Minimal_Default'
[2020.11.09-05.02.33:018][982]BlueprintLog: New page: Compilar Minimal_Default
[2020.11.09-05.03.00:162][575]LogTemp: Repeting last play command: New Editor Window (PIE)
[2020.11.09-05.03.00:242][575]LogBlueprintUserMessages: Early PlayInEditor Detection: Level '/Game/Niveles/Mapa/Minimal_Default.Minimal_Default:PersistentLevel' has LevelScriptBlueprint '/Game/Niveles/Mapa/Minimal_Default.Minimal_Default:PersistentLevel.Minimal_Default' with GeneratedClass '/Game/Niveles/Mapa/Minimal_Default.Minimal_Default_C' with ClassGeneratedBy '/Game/Niveles/Mapa/Minimal_Default.Minimal_Default:PersistentLevel.Minimal_Default'
[2020.11.09-05.03.00:242][575]LogPlayLevel: PlayLevel: No blueprints needed recompiling
[2020.11.09-05.03.00:243][575]PIE: New page: Sesión PIE (reproducción en el editor): Minimal_Default (8/11/2020 23:03:00)
[2020.11.09-05.03.00:243][575]LogPlayLevel: Creating play world package: /Game/Niveles/Mapa/UEDPIE_0_Minimal_Default
[2020.11.09-05.03.00:488][575]LogPlayLevel: PIE: StaticDuplicateObject took: (0.245150s)
[2020.11.09-05.03.00:491][575]LogAIModule: Creating AISystem for world Minimal_Default
[2020.11.09-05.03.00:491][575]LogPlayLevel: PIE: World Init took: (0.003185s)
[2020.11.09-05.03.00:492][575]LogPlayLevel: PIE: Created PIE world by copying editor world from /Game/Niveles/Mapa/Minimal_Default.Minimal_Default to /Game/Niveles/Mapa/UEDPIE_0_Minimal_Default.Minimal_Default (0.249363s)
[2020.11.09-05.03.00:674][575]LogInit: XAudio2 using 'Audífono de los auriculares con micrófono (Plantronics Blackwire 3210 Series)' : 1 channels at 48 kHz using 16 bits per sample (channel mask 0x0)
[2020.11.09-05.03.00:716][575]LogInit: FAudioDevice initialized.
[2020.11.09-05.03.00:799][575]LogLoad: Game class is 'GameModeBase'
[2020.11.09-05.03.00:844][575]LogWorld: Bringing World /Game/Niveles/Mapa/UEDPIE_0_Minimal_Default.Minimal_Default up for play (max tick rate 60) at 2020.11.09-02.03.00
[2020.11.09-05.03.00:848][575]LogWorld: Bringing up level for play took: 0.047158
[2020.11.09-05.03.00:868][575]PIE: Información Tiempo de inicio de la reproducción en el editor para  /Game/Niveles/Mapa/UEDPIE_0_Minimal_Default 0,416
[2020.11.09-05.03.00:871][575]LogBlueprintUserMessages: Late PlayInEditor Detection: Level '/Game/Niveles/Mapa/Minimal_Default.Minimal_Default:PersistentLevel' has LevelScriptBlueprint '/Game/Niveles/Mapa/Minimal_Default.Minimal_Default:PersistentLevel.Minimal_Default' with GeneratedClass '/Game/Niveles/Mapa/Minimal_Default.Minimal_Default_C' with ClassGeneratedBy '/Game/Niveles/Mapa/Minimal_Default.Minimal_Default:PersistentLevel.Minimal_Default'
[2020.11.09-05.03.11:814][682]LogBlueprintUserMessages: [Minimal_Default_C_2] A veces solo necesitamos ver las cosas con otra perspectiva...
[2020.11.09-05.03.21:220][781]LogBlueprintUserMessages: Early EndPlayMap Detection: Level '/Game/Niveles/Mapa/Minimal_Default.Minimal_Default:PersistentLevel' has LevelScriptBlueprint '/Game/Niveles/Mapa/Minimal_Default.Minimal_Default:PersistentLevel.Minimal_Default' with GeneratedClass '/Game/Niveles/Mapa/Minimal_Default.Minimal_Default_C' with ClassGeneratedBy '/Game/Niveles/Mapa/Minimal_Default.Minimal_Default:PersistentLevel.Minimal_Default'
[2020.11.09-05.03.21:471][781]LogBlueprintUserMessages: Late EndPlayMap Detection: Level '/Game/Niveles/Mapa/Minimal_Default.Minimal_Default:PersistentLevel' has LevelScriptBlueprint '/Game/Niveles/Mapa/Minimal_Default.Minimal_Default:PersistentLevel.Minimal_Default' with GeneratedClass '/Game/Niveles/Mapa/Minimal_Default.Minimal_Default_C' with ClassGeneratedBy '/Game/Niveles/Mapa/Minimal_Default.Minimal_Default:PersistentLevel.Minimal_Default'
[2020.11.09-05.04.39:045][212]LogEditorViewport: Clicking on Actor (LMB): TriggerBox (triggerboxLLAVE)
[2020.11.09-05.05.16:741][411]LogSavePackage: Save=4376.34ms
[2020.11.09-05.05.16:741][411]LogSavePackage: Moving '../../../../../../Users/Belci_3/Documents/GitHub/Proyecto-Laberinto-Grupo-1/ProyectoLabApps/Saved/Minimal_Default_Auto2F6FCE11D4774D710779F5ABA0AE4F9E8.tmp' to '../../../../../../Users/Belci_3/Documents/GitHub/Proyecto-Laberinto-Grupo-1/ProyectoLabApps/Saved/Autosaves/Game/Niveles/Mapa/Minimal_Default_Auto2.umap'
[2020.11.09-05.05.16:753][411]LogSavePackage:Display: Finished SavePackage ../../../../../../Users/Belci_3/Documents/GitHub/Proyecto-Laberinto-Grupo-1/ProyectoLabApps/Saved/Autosaves/Game/Niveles/Mapa/Minimal_Default_Auto2.umap
[2020.11.09-05.05.16:769][411]LogFileHelpers: Editor autosave (incl. sublevels) for '/Game/Niveles/Mapa/Minimal_Default' took 8.361
[2020.11.09-05.05.16:769][411]LogFileHelpers: Editor autosave (incl. sublevels) for all levels took 8.361
[2020.11.09-05.09.06:990][ 55]LogTemp: Repeting last play command: New Editor Window (PIE)
[2020.11.09-05.09.07:083][ 55]LogBlueprintUserMessages: Early PlayInEditor Detection: Level '/Game/Niveles/Mapa/Minimal_Default.Minimal_Default:PersistentLevel' has LevelScriptBlueprint '/Game/Niveles/Mapa/Minimal_Default.Minimal_Default:PersistentLevel.Minimal_Default' with GeneratedClass '/Game/Niveles/Mapa/Minimal_Default.Minimal_Default_C' with ClassGeneratedBy '/Game/Niveles/Mapa/Minimal_Default.Minimal_Default:PersistentLevel.Minimal_Default'
[2020.11.09-05.09.07:084][ 55]LogPlayLevel: PlayLevel: No blueprints needed recompiling
[2020.11.09-05.09.07:085][ 55]PIE: New page: Sesión PIE (reproducción en el editor): Minimal_Default (8/11/2020 23:09:07)
[2020.11.09-05.09.07:085][ 55]LogPlayLevel: Creating play world package: /Game/Niveles/Mapa/UEDPIE_0_Minimal_Default
[2020.11.09-05.09.08:459][ 55]LogPlayLevel: PIE: StaticDuplicateObject took: (1.372863s)
[2020.11.09-05.09.08:470][ 55]LogAIModule: Creating AISystem for world Minimal_Default
[2020.11.09-05.09.08:472][ 55]LogPlayLevel: PIE: World Init took: (0.012613s)
[2020.11.09-05.09.08:473][ 55]LogPlayLevel: PIE: Created PIE world by copying editor world from /Game/Niveles/Mapa/Minimal_Default.Minimal_Default to /Game/Niveles/Mapa/UEDPIE_0_Minimal_Default.Minimal_Default (1.387946s)
[2020.11.09-05.09.08:688][ 55]LogInit: XAudio2 using 'Audífono de los auriculares con micrófono (Plantronics Blackwire 3210 Series)' : 1 channels at 48 kHz using 16 bits per sample (channel mask 0x0)
[2020.11.09-05.09.08:732][ 55]LogInit: FAudioDevice initialized.
[2020.11.09-05.09.08:833][ 55]LogLoad: Game class is 'GameModeBase'
[2020.11.09-05.09.08:946][ 55]LogWorld: Bringing World /Game/Niveles/Mapa/UEDPIE_0_Minimal_Default.Minimal_Default up for play (max tick rate 60) at 2020.11.09-02.09.08
[2020.11.09-05.09.08:951][ 55]LogWorld: Bringing up level for play took: 0.114652
[2020.11.09-05.09.08:983][ 55]PIE: Información Tiempo de inicio de la reproducción en el editor para  /Game/Niveles/Mapa/UEDPIE_0_Minimal_Default 2,529
[2020.11.09-05.09.08:985][ 55]LogBlueprintUserMessages: Late PlayInEditor Detection: Level '/Game/Niveles/Mapa/Minimal_Default.Minimal_Default:PersistentLevel' has LevelScriptBlueprint '/Game/Niveles/Mapa/Minimal_Default.Minimal_Default:PersistentLevel.Minimal_Default' with GeneratedClass '/Game/Niveles/Mapa/Minimal_Default.Minimal_Default_C' with ClassGeneratedBy '/Game/Niveles/Mapa/Minimal_Default.Minimal_Default:PersistentLevel.Minimal_Default'
[2020.11.09-05.09.25:286][213]LogBlueprintUserMessages: [Minimal_Default_C_5] A veces solo necesitamos ver las cosas con otra perspectiva...
[2020.11.09-05.09.25:768][218]LogBlueprintUserMessages: Early EndPlayMap Detection: Level '/Game/Niveles/Mapa/Minimal_Default.Minimal_Default:PersistentLevel' has LevelScriptBlueprint '/Game/Niveles/Mapa/Minimal_Default.Minimal_Default:PersistentLevel.Minimal_Default' with GeneratedClass '/Game/Niveles/Mapa/Minimal_Default.Minimal_Default_C' with ClassGeneratedBy '/Game/Niveles/Mapa/Minimal_Default.Minimal_Default:PersistentLevel.Minimal_Default'
[2020.11.09-05.09.26:233][218]LogBlueprintUserMessages: Late EndPlayMap Detection: Level '/Game/Niveles/Mapa/Minimal_Default.Minimal_Default:PersistentLevel' has LevelScriptBlueprint '/Game/Niveles/Mapa/Minimal_Default.Minimal_Default:PersistentLevel.Minimal_Default' with GeneratedClass '/Game/Niveles/Mapa/Minimal_Default.Minimal_Default_C' with ClassGeneratedBy '/Game/Niveles/Mapa/Minimal_Default.Minimal_Default:PersistentLevel.Minimal_Default'
[2020.11.09-05.16.37:456][393]LogSavePackage: Save=1446.72ms
[2020.11.09-05.16.37:456][393]LogSavePackage: Moving '../../../../../../Users/Belci_3/Documents/GitHub/Proyecto-Laberinto-Grupo-1/ProyectoLabApps/Saved/Minimal_DefaultEF1C38634D99F43DDEA42D8FA73C9F78.tmp' to '../../../../../../Users/Belci_3/Documents/GitHub/Proyecto-Laberinto-Grupo-1/ProyectoLabApps/Content/Niveles/Mapa/Minimal_Default.umap'
[2020.11.09-05.16.37:486][393]LogSavePackage:Display: Finished SavePackage ../../../../../../Users/Belci_3/Documents/GitHub/Proyecto-Laberinto-Grupo-1/ProyectoLabApps/Content/Niveles/Mapa/Minimal_Default.umap
[2020.11.09-05.16.38:221][393]LogFileHelpers: Saving map 'Minimal_Default' took 4.394
