Log file open, 10/22/20 17:41:59
LogInit:Display: Running engine for game: ProyectoLabApps
LogPlatformFile: Not using cached read wrapper
LogInit:Display: RandInit(-1313795875) SRandInit(-1313795874).
LogTaskGraph: Started task graph with 5 named threads and 6 total threads with 1 sets of task threads.
LogStats: Stats thread started at 1.637616
LogInit: Using libcurl 7.47.1
LogInit:  - built for x86_64-pc-win32
LogInit:  - supports SSL with OpenSSL/1.0.2g
LogInit:  - supports HTTP deflate (compression) using libz 1.2.8
LogInit:  - other features:
LogInit:      CURL_VERSION_SSL
LogInit:      CURL_VERSION_LIBZ
LogInit:      CURL_VERSION_IPV6
LogInit:      CURL_VERSION_ASYNCHDNS
LogInit:      CURL_VERSION_LARGEFILE
LogInit:      CURL_VERSION_IDN
LogInit:  CurlRequestOptions (configurable via config and command line):
LogInit:  - bVerifyPeer = false  - Libcurl will NOT verify peer certificate
LogInit:  - bUseHttpProxy = false  - Libcurl will NOT use HTTP proxy
LogInit:  - bDontReuseConnections = false  - Libcurl will reuse connections
LogInit:  - CertBundlePath = nullptr  - Libcurl will use whatever was configured at build time.
LogInit: Build: ++UE4+Release-4.15-CL-3450819
LogInit: Engine Version: 4.15.3-3450819+++UE4+Release-4.15
LogInit: Compatible Engine Version: 4.15.0-3299760+++UE4+Release-4.15
LogInit: Net CL: 3299760
LogDevObjectVersion: Number of dev versions registered: 14
LogDevObjectVersion:   Dev-Blueprints (B0D832E4-1F89-4F0D-ACCF-7EB736FD4AA2): 8
LogDevObjectVersion:   Dev-Build (E1C64328-A22C-4D53-A36C-8E866417BD8C): 0
LogDevObjectVersion:   Dev-Core (375EC13C-06E4-48FB-B500-84F0262A717E): 2
LogDevObjectVersion:   Dev-Editor (E4B068ED-F494-42E9-A231-DA0B2E46BB41): 14
LogDevObjectVersion:   Dev-Framework (CFFC743F-43B0-4480-9391-14DF171D2073): 22
LogDevObjectVersion:   Dev-Mobile (B02B49B5-BB20-44E9-A304-32B752E40360): 0
LogDevObjectVersion:   Dev-Networking (A4E4105C-59A1-49B5-A7C5-40C4547EDFEE): 0
LogDevObjectVersion:   Dev-Online (39C831C9-5AE6-47DC-9A44-9C173E1C8E7C): 0
LogDevObjectVersion:   Dev-Physics (78F01B33-EBEA-4F98-B9B4-84EACCB95AA2): 0
LogDevObjectVersion:   Dev-Platform (6631380F-2D4D-43E0-8009-CF276956A95A): 0
LogDevObjectVersion:   Dev-Rendering (12F88B9F-8875-4AFC-A67C-D90C383ABD29): 12
LogDevObjectVersion:   Dev-Sequencer (7B5AE74C-D270-4C10-A958-57980B212A5A): 3
LogDevObjectVersion:   Dev-VR (D7296918-1DD6-4BDD-9DE2-64A83CC13884): 0
LogDevObjectVersion:   Dev-LoadTimes (C2A15278-BFE7-4AFE-6C17-90FF531DF755): 1
LogInit: Compiled (64-bit): May 21 2017 11:02:34
LogInit: Compiled with Visual C++: 19.00.23026.00
LogInit: Build Configuration: Development
LogInit: Branch Name: ++UE4+Release-4.15
LogInit: Command line: 
LogInit: Base directory: C:/Program Files/Epic Games/UE_4.15/Engine/Binaries/Win64/
LogInit: Installed Engine Build: 1
LogInit: Presizing for max 8388607 objects, including 0 objects not considered by GC, pre-allocating 0 bytes for permanent pool.
LogInit: Object subsystem initialized
[2020.10.22-20.42.04:346][  0]LogInit: Selected Device Profile: [Windows]
[2020.10.22-20.42.04:346][  0]LogInit: Applying CVar settings loaded from the selected device profile: [Windows]
[2020.10.22-20.42.04:645][  0]LogInit: Computer: BELU
[2020.10.22-20.42.04:645][  0]LogInit: User: Beluu
[2020.10.22-20.42.04:645][  0]LogInit: CPU Page size=65536, Cores=2
[2020.10.22-20.42.04:645][  0]LogInit: High frequency timer resolution =2.143579 MHz
[2020.10.22-20.42.04:646][  0]LogMemory: Memory total: Physical=3.7GB (4GB approx)
[2020.10.22-20.42.04:646][  0]LogMemory: Platform Memory Stats for Windows
[2020.10.22-20.42.04:646][  0]LogMemory: Process Physical Memory: 263.11 MB used, 263.11 MB peak
[2020.10.22-20.42.04:646][  0]LogMemory: Process Virtual Memory: 262.21 MB used, 262.21 MB peak
[2020.10.22-20.42.04:646][  0]LogMemory: Physical Memory: 3091.05 MB used,  704.48 MB free, 3795.54 MB total
[2020.10.22-20.42.04:646][  0]LogMemory: Virtual Memory: 643.31 MB used,  704.48 MB free, 134217728.00 MB total
[2020.10.22-20.42.06:635][  0]LogTextLocalizationManager: No specific translations for ('es-AR') exist, so ('es') translations will be used.
[2020.10.22-20.42.26:440][  0]LogD3D11RHI: D3D11 adapters:
[2020.10.22-20.42.26:487][  0]LogD3D11RHI:    0. 'Intel(R) HD Graphics' (Feature Level 10_0)
[2020.10.22-20.42.26:487][  0]LogD3D11RHI:       32/0/1632 MB DedicatedVideo/DedicatedSystem/SharedSystem, Outputs:2, VendorId:0x8086
[2020.10.22-20.42.26:495][  0]LogD3D11RHI:    1. 'Microsoft Basic Render Driver' (Feature Level 11_0)
[2020.10.22-20.42.26:495][  0]LogD3D11RHI:       0/0/1897 MB DedicatedVideo/DedicatedSystem/SharedSystem, Outputs:0, VendorId:0x1414
[2020.10.22-20.42.26:495][  0]LogD3D11RHI: Chosen D3D11 Adapter: 0
[2020.10.22-20.42.26:514][  0]LogD3D11RHI: Creating new Direct3DDevice
[2020.10.22-20.42.26:514][  0]LogD3D11RHI:     GPU DeviceId: 0x106 (for the marketing name, search the web for "GPU Device Id")
[2020.10.22-20.42.26:514][  0]LogWindows: EnumDisplayDevices:
[2020.10.22-20.42.26:514][  0]LogWindows:    0. 'Intel(R) HD Graphics' (P:1 D:1)
[2020.10.22-20.42.26:515][  0]LogWindows:    1. 'Intel(R) HD Graphics' (P:0 D:1)
[2020.10.22-20.42.26:516][  0]LogWindows: DebugString: FoundDriverCount:2 
[2020.10.22-20.42.26:516][  0]LogD3D11RHI:     Adapter Name: Intel(R) HD Graphics
[2020.10.22-20.42.26:516][  0]LogD3D11RHI:   Driver Version: 9.17.10.4459 (internal:9.17.10.4459, unified:9.17.10.4459)
[2020.10.22-20.42.26:516][  0]LogD3D11RHI:      Driver Date: 5-19-2016
[2020.10.22-20.42.26:516][  0]LogRHI: Texture pool is 593 MB (70% of 848 MB)
[2020.10.22-20.42.26:526][  0]LogD3D11RHI: Async texture creation enabled
[2020.10.22-20.42.26:680][  0]LogD3D11RHI: GPU Timing Frequency: 12.500000 (Debug: 2 1)
[2020.10.22-20.42.26:706][  0]LogShaderCompilers: Guid format shader working directory is -43 characters bigger than the processId version (../../../../../../Users/Belci_3/Documents/GitHub/Proyecto-Laberinto-Grupo-1/ProyectoLabApps/Intermediate/Shaders/WorkingDirectory/3544/).
[2020.10.22-20.42.26:706][  0]LogShaderCompilers: Cleaned the shader compiler working directory 'C:/Users/Belci_3/AppData/Local/Temp/UnrealShaderWorkingDir/8CF86010487AA588F7CDCD96529584BE/'.
[2020.10.22-20.42.26:707][  0]LogShaderCompilers:Display: Using Local Shader Compiler.
[2020.10.22-20.42.57:651][  0]LogTemp:Display: Loaded TP AllDesktopTargetPlatform
[2020.10.22-20.42.58:165][  0]LogTemp:Display: Loaded TP MacClientTargetPlatform
[2020.10.22-20.42.58:631][  0]LogTemp:Display: Loaded TP MacNoEditorTargetPlatform
[2020.10.22-20.42.59:121][  0]LogTemp:Display: Loaded TP MacServerTargetPlatform
[2020.10.22-20.42.59:663][  0]LogTemp:Display: Loaded TP MacTargetPlatform
[2020.10.22-20.43.00:135][  0]LogTemp:Display: Loaded TP WindowsClientTargetPlatform
[2020.10.22-20.43.00:605][  0]LogTemp:Display: Loaded TP WindowsNoEditorTargetPlatform
[2020.10.22-20.43.01:071][  0]LogTemp:Display: Loaded TP WindowsServerTargetPlatform
[2020.10.22-20.43.01:474][  0]LogTemp:Display: Loaded TP WindowsTargetPlatform
[2020.10.22-20.43.01:991][  0]LogTemp:Display: Loaded TP AndroidTargetPlatform
[2020.10.22-20.43.02:469][  0]LogTemp:Display: Loaded TP Android_ASTCTargetPlatform
[2020.10.22-20.43.02:945][  0]LogTemp:Display: Loaded TP Android_ATCTargetPlatform
[2020.10.22-20.43.03:414][  0]LogTemp:Display: Loaded TP Android_DXTTargetPlatform
[2020.10.22-20.43.03:968][  0]LogTemp:Display: Loaded TP Android_ETC1TargetPlatform
[2020.10.22-20.43.04:432][  0]LogTemp:Display: Loaded TP Android_ETC2TargetPlatform
[2020.10.22-20.43.05:184][  0]LogTemp:Display: Loaded TP Android_MultiTargetPlatform
[2020.10.22-20.43.05:184][  0]LogTemp:Display: Loaded TP Android_PVRTCTargetPlatform
[2020.10.22-20.43.05:496][  0]LogTemp:Display: Loaded TP HTML5TargetPlatform
[2020.10.22-20.43.06:273][  0]LogTemp:Display: Loaded TP IOSTargetPlatform
[2020.10.22-20.43.06:537][  0]LogTemp:Display: Loaded TP TVOSTargetPlatform
[2020.10.22-20.43.07:047][  0]LogTemp:Display: Loaded TP LinuxClientTargetPlatform
[2020.10.22-20.43.07:532][  0]LogTemp:Display: Loaded TP LinuxNoEditorTargetPlatform
[2020.10.22-20.43.08:035][  0]LogTemp:Display: Loaded TP LinuxServerTargetPlatform
[2020.10.22-20.43.08:566][  0]LogTemp:Display: Loaded TP LinuxTargetPlatform
[2020.10.22-20.43.08:566][  0]LogTargetPlatformManager:Display: Building Assets For Windows
[2020.10.22-20.43.13:886][  0]LogDerivedDataCache:Display: Max Cache Size: 512 MB
[2020.10.22-20.43.18:996][  0]LogDerivedDataCache: Loaded boot cache 5.07s 48MB C:/Users/Belci_3/AppData/Local/UnrealEngine/4.15/DerivedDataCache/Boot.ddc.
[2020.10.22-20.43.18:996][  0]LogDerivedDataCache:Display: Loaded Boot cache: C:/Users/Belci_3/AppData/Local/UnrealEngine/4.15/DerivedDataCache/Boot.ddc
[2020.10.22-20.43.18:996][  0]LogDerivedDataCache: FDerivedDataBackendGraph:  Pak pak cache file ../../../../../../Users/Belci_3/Documents/GitHub/Proyecto-Laberinto-Grupo-1/ProyectoLabApps/DerivedDataCache/DDC.ddp not found, will not use a pak cache.
[2020.10.22-20.43.18:996][  0]LogDerivedDataCache: Unable to find inner node Pak for hierarchical cache Hierarchy.
[2020.10.22-20.43.18:997][  0]LogDerivedDataCache: FDerivedDataBackendGraph:  CompressedPak pak cache file ../../../../../../Users/Belci_3/Documents/GitHub/Proyecto-Laberinto-Grupo-1/ProyectoLabApps/DerivedDataCache/Compressed.ddp not found, will not use a pak cache.
[2020.10.22-20.43.18:997][  0]LogDerivedDataCache: Unable to find inner node CompressedPak for hierarchical cache Hierarchy.
[2020.10.22-20.43.19:200][  0]LogDerivedDataCache:Display: Pak cache opened for reading ../../../Engine/DerivedDataCache/Compressed.ddp.
[2020.10.22-20.43.19:231][  0]LogDerivedDataCache: Using Local data cache path C:/Users/Belci_3/AppData/Local/UnrealEngine/Common/DerivedDataCache: Writable
[2020.10.22-20.43.19:265][  0]LogSlate: Using Freetype 2.6.0
[2020.10.22-20.43.19:338][  0]LogSlate: SlateFontCache - WITH_FREETYPE: 1, WITH_HARFBUZZ: 1
[2020.10.22-20.43.19:338][  0]LogSlate: SlateFontCache - WITH_FREETYPE: 1, WITH_HARFBUZZ: 1
[2020.10.22-20.43.42:708][  0]LogInit: Selected Device Profile: [Windows]
[2020.10.22-20.43.42:763][  0]LogContentStreaming: Texture pool size is 0.00 MB
[2020.10.22-20.43.44:793][  0]LogMeshUtilities: Using QuadricMeshReduction for automatic static mesh reduction
[2020.10.22-20.43.45:583][  0]LogSimplygon: Simplygon DLL not present - disabling.
[2020.10.22-20.43.46:238][  0]LogMeshUtilities: Using SimplygonSwarm for distributed automatic mesh merging
[2020.10.22-20.43.46:239][  0]LogMeshUtilities: No automatic skeletal mesh reduction module available
[2020.10.22-20.43.46:239][  0]LogMeshUtilities: No automatic mesh merging module available
[2020.10.22-20.44.32:886][  0]LogNetVersion: GetLocalNetworkVersion: CL: 3299760, ProjectName: proyectolabapps, ProjectVersion: , EngineNetworkVersion: 2, GameNetworkVersion: 0, NetworkChecksum: 1791571130
[2020.10.22-20.44.34:510][  0]LogAssetRegistry: FAssetRegistry took 0.0687 seconds to start up
[2020.10.22-20.44.36:002][  0]LogPackageLocalizationCache: Processed 3 localized package path(s) for 2 prioritized culture(s) in 1.061446 seconds
[2020.10.22-20.44.36:756][  0]LogUObjectArray: 32493 objects as part of root set at end of initial load.
[2020.10.22-20.44.36:756][  0]LogUObjectAllocator: 7077032 out of 0 bytes used by permanent object pool.
[2020.10.22-20.44.36:756][  0]LogUObjectArray: CloseDisregardForGC: 0/0 objects in disregard for GC pool
[2020.10.22-20.44.37:659][  0]LogInit: WinSock: version 1.1 (2.2), MaxSocks=32767, MaxUdp=65467
[2020.10.22-20.45.22:197][  0]LogTcpMessaging: Initializing TcpMessaging bridge
[2020.10.22-20.45.22:511][  0]LogUdpMessaging: Initializing bridge on interface 0.0.0.0:0 to multicast group 230.0.0.1:6666.
[2020.10.22-20.45.28:607][  0]LogMaterial: Uniform references updated for custom material expression Custom.
[2020.10.22-20.45.32:618][  0]SourceControl: Información El control de código fuente está desactivado
[2020.10.22-20.45.32:660][  0]SourceControl: Información El control de código fuente está desactivado
[2020.10.22-20.45.33:205][  0]SourceControl: Información El control de código fuente está desactivado
[2020.10.22-20.45.33:651][  0]SourceControl: Información El control de código fuente está desactivado
[2020.10.22-20.45.46:971][  0]LogEngine: Initializing Engine...
[2020.10.22-20.45.47:020][  0]LogHMD: Failed to initialize OpenVR with code 110
[2020.10.22-20.45.48:192][  0]LogStats: UGameplayTagsManager::ConstructGameplayTagTree: Construct from data asset -  0.000 s
[2020.10.22-20.45.48:197][  0]LogStats: UGameplayTagsManager::ConstructGameplayTagTree: GameplayTagTreeChangedEvent.Broadcast -  0.000 s
[2020.10.22-20.45.50:448][  0]LogAIModule: Creating AISystem for world Untitled
[2020.10.22-20.45.51:130][  0]LogInit: XAudio2 using 'HISENSE (Sonido Intel(R) para pantallas)' : 2 channels at 48 kHz using 16 bits per sample (channel mask 0x3)
[2020.10.22-20.45.51:277][  0]LogInit: FAudioDevice initialized.
[2020.10.22-20.45.51:391][  0]LogDerivedDataCache: Saved boot cache 0.08s 48MB C:/Users/Belci_3/AppData/Local/UnrealEngine/4.15/DerivedDataCache/Boot.ddc.
[2020.10.22-20.45.51:409][  0]LogInit: Texture streaming: Enabled
[2020.10.22-20.45.53:349][  0]LogEngineSessionManager: EngineSessionManager initialized
[2020.10.22-20.45.54:437][  0]LogInit: Transaction tracking system initialized
[2020.10.22-20.45.59:262][  0]BlueprintLog: New page: Cargar el editor
[2020.10.22-20.46.07:019][  0]LocalizationService: Información Localization service is disabled
[2020.10.22-20.46.14:229][  0]LogConsoleResponse:Display: 
[2020.10.22-20.46.18:429][  0]LogFileCache: Scanning file cache for directory 'C:/Users/Belci_3/Documents/GitHub/Proyecto-Laberinto-Grupo-1/ProyectoLabApps/Content/' took 0.06s
[2020.10.22-20.46.18:429][  0]LogCook:Display: Max memory allowance for cook 16384mb min free memory 0mb
[2020.10.22-20.46.18:429][  0]LogCook:Display: Mobile HDR setting 1
[2020.10.22-20.46.32:442][  0]SourceControl: Información El control de código fuente está desactivado
[2020.10.22-20.46.32:533][  0]Cmd: MAP LOAD FILE="../../../../../../Users/Belci_3/Documents/GitHub/Proyecto-Laberinto-Grupo-1/ProyectoLabApps/Content/StarterContent/Maps/Minimal_Default.umap" TEMPLATE=0 SHOWPROGRESS=1 FEATURELEVEL=2
[2020.10.22-20.46.32:866][  0]LightingResults: New page: Diseñar la iluminación
[2020.10.22-20.46.33:852][  0]MapCheck: New page: Revisión del mapa
[2020.10.22-20.46.33:852][  0]LightingResults: New page: Diseñar la iluminación
[2020.10.22-20.46.42:579][  0]LogAIModule: Creating AISystem for world Minimal_Default
[2020.10.22-20.46.45:028][  0]LogEditorServer: Finished looking for orphan Actors (0.000 secs)
[2020.10.22-20.46.45:165][  0]Cmd: MAP CHECKDEP NOCLEARLOG
[2020.10.22-20.46.46:431][  0]MapCheck: Información Map check complete: 0 Error(s), 0 Warning(s), took 1.266,125ms to complete.
[2020.10.22-20.46.46:432][  0]LogFileHelpers: Loading map 'Minimal_Default' took 13.935
[2020.10.22-20.46.47:539][  0]LogWindowsTextInputMethodSystem:Display: IME system now deactivated.
[2020.10.22-20.46.50:197][  0]LogCollectionManager: Loaded 0 collections in 0.005389 seconds
[2020.10.22-20.46.50:667][  0]LogFileCache: Scanning file cache for directory 'C:/Users/Belci_3/Documents/GitHub/Proyecto-Laberinto-Grupo-1/ProyectoLabApps/Saved/Collections/' took 0.01s
[2020.10.22-20.46.50:667][  0]LogFileCache: Scanning file cache for directory 'C:/Users/Belci_3/Documents/GitHub/Proyecto-Laberinto-Grupo-1/ProyectoLabApps/Content/Developers/Beluu/Collections/' took 0.01s
[2020.10.22-20.46.50:667][  0]LogFileCache: Scanning file cache for directory 'C:/Users/Belci_3/Documents/GitHub/Proyecto-Laberinto-Grupo-1/ProyectoLabApps/Content/Collections/' took 0.01s
[2020.10.22-20.46.50:667][  0]LogCollectionManager: Rebuilt the GUID cache for 0 collections in 0.000005 seconds
[2020.10.22-20.46.50:774][  0]LogContentBrowser: Native class hierarchy populated in 0.0992 seconds. Added 2246 classes and 455 folders.
[2020.10.22-20.46.51:240][  0]LogContentBrowser: Native class hierarchy updated for 'WidgetCarousel' in 0.0044 seconds. Added 0 classes and 0 folders.
[2020.10.22-20.46.53:173][  0]LogContentBrowser: Native class hierarchy updated for 'AddContentDialog' in 0.0050 seconds. Added 0 classes and 0 folders.
[2020.10.22-20.46.53:485][  0]LogContentBrowser: Native class hierarchy updated for 'SceneOutliner' in 0.0046 seconds. Added 1 classes and 2 folders.
[2020.10.22-20.46.54:442][  0]LogCrashTracker: Crashtracker disabled due to settings.
[2020.10.22-20.47.05:093][  0]LogSlate: Only BGRA pngs, bmps or icos are supported in by External Image Picker
[2020.10.22-20.47.05:843][  0]LogUObjectGlobals:Warning: Error al encontrar el objeto 'Class Ninguno.'
[2020.10.22-20.47.06:719][  0]LogContentBrowser: Native class hierarchy updated for 'HierarchicalLODOutliner' in 0.0069 seconds. Added 1 classes and 2 folders.
[2020.10.22-20.47.06:721][  0]LogLoad: (Engine Initialization) Total time: 329.59 seconds
[2020.10.22-20.47.06:721][  0]LogLoad: (Engine Initialization) Total Blueprint compile time: 7.59 seconds
[2020.10.22-20.47.06:721][  0]LogExternalProfiler: Found external profiler: VSPerf
[2020.10.22-20.47.06:721][  0]LogExternalProfiler: Using external profiler: VSPerf
[2020.10.22-20.47.06:894][  0]LogOcInput: OculusInput pre-init called
[2020.10.22-20.47.07:592][  0]LogContentStreaming: Texture pool size now 400 MB
[2020.10.22-20.47.08:128][  0]LogSlate: Took 0.047856 seconds to synchronously load lazily loaded font '../../../Engine/Content/Slate/Fonts/Roboto-Regular.ttf' (155K)
[2020.10.22-20.47.08:213][  0]LogSlate: Took 0.071783 seconds to synchronously load lazily loaded font '../../../Engine/Content/Slate/Fonts/Roboto-Bold.ttf' (160K)
[2020.10.22-20.47.08:529][  0]LogTemp:Display: Executing iPhonePackager certificates Engine -bundlename com.YourCompany.ProyectoLabApps

[2020.10.22-20.47.08:529][  0]LogTemp:Display: CWD: C:\Program Files\Epic Games\UE_4.15\Engine\Binaries\DotNET\IOS

[2020.10.22-20.47.08:529][  0]LogTemp:Display: Initial Dir: C:\Program Files\Epic Games\UE_4.15

[2020.10.22-20.47.08:529][  0]LogTemp:Display: Env CWD: C:\Program Files\Epic Games\UE_4.15\Engine\Binaries\DotNET\IOS

[2020.10.22-20.47.08:529][  0]LogTemp:Display: BranchPath = BELU/C/Program Files/Epic Games/UE_4.15/Engine/Binaries --- GameBranchPath = BELU/C/Program Files/Epic Games/UE_4.15/Engine/Binaries

[2020.10.22-20.47.08:529][  0]LogSlate: Took 0.129353 seconds to synchronously load lazily loaded font '../../../Engine/Content/Editor/Slate/Fonts/FontAwesome.ttf' (139K)
[2020.10.22-20.47.11:020][  0]LogRenderer: Reallocating scene render targets to support 820x360 NumSamples 1 (Frame:2).
[2020.10.22-20.47.12:838][  0]LogTemp:Display: IPP ERROR: Application exception: System.IO.DirectoryNotFoundException: No se puede encontrar una parte de la ruta de acceso 'C:\Users\Belci_3\AppData\Local\Apple Computer\MobileDevice\Provisioning Profiles'.

[2020.10.22-20.47.12:838][  0]LogTemp:Display:    en System.IO.__Error.WinIOError(Int32 errorCode, String maybeFullPath)

[2020.10.22-20.47.12:838][  0]LogTemp:Display:    en System.IO.FileSystemEnumerableIterator`1.CommonInit()

[2020.10.22-20.47.12:838][  0]LogTemp:Display:    en System.IO.FileSystemEnumerableIterator`1..ctor(String path, String originalUserPath, String searchPattern, SearchOption searchOption, SearchResultHandler`1 resultHandler, Boolean checkHost)

[2020.10.22-20.47.12:838][  0]LogTemp:Display:    en System.IO.Directory.EnumerateFiles(String path, String searchPattern)

[2020.10.22-20.47.12:838][  0]LogTemp:Display:    en iPhonePackager.CodeSignatureBuilder.FindProvisions(String CFBundleIdentifier)

[2020.10.22-20.47.12:838][  0]LogTemp:Display:    en iPhonePackager.Program.Main(String[] args)

[2020.10.22-20.47.15:213][  0]LogSlate: Took 0.040881 seconds to synchronously load lazily loaded font '../../../Engine/Content/Slate/Fonts/Roboto-Light.ttf' (159K)
[2020.10.22-20.47.17:796][  7]LogAssetRegistry: Asset discovery search completed in 163.3118 seconds
[2020.10.22-20.47.17:809][  7]LogCollectionManager: Rebuilt the object cache for 0 collections in 0.012221 seconds (found 0 objects)
[2020.10.22-20.47.17:809][  7]LogCollectionManager: Fixed up redirectors for 0 collections in 0.013229 seconds (updated 0 objects)
[2020.10.22-20.47.56:699][959]LogRenderer: Reallocating scene render targets to support 856x372 NumSamples 1 (Frame:117).
[2020.10.22-20.52.03:214][708]LogAIModule: Creating AISystem for world StarterMap
[2020.10.22-20.52.15:106][708]LogSpawn:Warning: UWorld::DestroyActor: World has no context! World: StarterMap, Actor: /Game/levels/StarterMap.StarterMap:PersistentLevel.StarterMap_C_0
[2020.10.22-20.52.15:798][708]LogAIModule: Creating AISystem for world StarterMap
[2020.10.22-20.52.23:828][708]LogSpawn:Warning: UWorld::DestroyActor: World has no context! World: StarterMap_2, Actor: /Game/levels/StarterMap_2.StarterMap_2:PersistentLevel.StarterMap_C_0
[2020.10.22-20.52.23:918][708]LogAIModule: Creating AISystem for world StarterMap_2
[2020.10.22-20.52.33:471][708]LogSpawn:Warning: UWorld::DestroyActor: World has no context! World: StarterMap_3, Actor: /Game/levels/StarterMap_3.StarterMap_3:PersistentLevel.StarterMap_C_0
[2020.10.22-20.52.33:717][708]LogAIModule: Creating AISystem for world StarterMap_3
[2020.10.22-20.52.46:222][708]LogSpawn:Warning: UWorld::DestroyActor: World has no context! World: StarterMap_4, Actor: /Game/levels/StarterMap_4.StarterMap_4:PersistentLevel.StarterMap_C_0
[2020.10.22-20.52.46:477][708]LogAIModule: Creating AISystem for world StarterMap_4
[2020.10.22-20.53.11:877][254]LogSlate: Took 0.000948 seconds to synchronously load lazily loaded font '../../../Engine/Content/Slate/Fonts/Roboto-Light.ttf' (159K)
[2020.10.22-20.54.27:704][902]LogSpawn:Warning: UWorld::DestroyActor: World has no context! World: world, Actor: /Game/levels/world.world:PersistentLevel.StarterMap_C_1
[2020.10.22-20.54.28:324][902]LogMetaData: Removing '/Game/levels/world.SKEL_world_C' ref from Metadata '/Game/levels/StarterMap.PackageMetaData'
[2020.10.22-20.54.28:324][902]LogMetaData: Removing '/Game/levels/world.world_C' ref from Metadata '/Game/levels/StarterMap.PackageMetaData'
[2020.10.22-20.54.39:243][902]LogSpawn:Warning: UWorld::DestroyActor: World has no context! World: world, Actor: /Game/levels/world.world:PersistentLevel.world_C_0
[2020.10.22-20.54.39:896][902]LogSlate: Took 0.020286 seconds to synchronously load lazily loaded font '../../../Engine/Content/Slate/Fonts/Roboto-Regular.ttf' (155K)
[2020.10.22-20.54.47:100][902]LogSavePackage: Save=8024.47ms
[2020.10.22-20.54.47:103][902]LogSavePackage: Moving '../../../../../../Users/Belci_3/Documents/GitHub/Proyecto-Laberinto-Grupo-1/ProyectoLabApps/Saved/worldC6BE2A9A43ADD78EA4874AA41FAA5A17.tmp' to '../../../../../../Users/Belci_3/Documents/GitHub/Proyecto-Laberinto-Grupo-1/ProyectoLabApps/Content/levels/world.umap'
[2020.10.22-20.54.47:165][902]LogSavePackage:Display: Finished SavePackage ../../../../../../Users/Belci_3/Documents/GitHub/Proyecto-Laberinto-Grupo-1/ProyectoLabApps/Content/levels/world.umap
[2020.10.22-20.54.47:645][902]LogFileHelpers: Saving map 'world' took 19.141
[2020.10.22-20.55.38:081][422]LogSavePackage: Save=43.54ms
[2020.10.22-20.55.38:081][422]LogSavePackage: Moving '../../../../../../Users/Belci_3/Documents/GitHub/Proyecto-Laberinto-Grupo-1/ProyectoLabApps/Saved/mainmenu0CD35E4B4136928941D5678F6108E961.tmp' to '../../../../../../Users/Belci_3/Documents/GitHub/Proyecto-Laberinto-Grupo-1/ProyectoLabApps/Content/levels/mainmenu.umap'
[2020.10.22-20.55.38:094][422]LogSavePackage:Display: Finished SavePackage ../../../../../../Users/Belci_3/Documents/GitHub/Proyecto-Laberinto-Grupo-1/ProyectoLabApps/Content/levels/mainmenu.umap
[2020.10.22-20.55.38:097][422]LogFileHelpers: Saving map 'mainmenu' took 0.901
[2020.10.22-20.55.38:152][422]Cmd: OBJ SAVEPACKAGE PACKAGE="/Game/levels/StarterMap" FILE="../../../../../../Users/Belci_3/Documents/GitHub/Proyecto-Laberinto-Grupo-1/ProyectoLabApps/Content/levels/StarterMap.uasset" SILENT=true
[2020.10.22-20.55.38:167][422]LogSavePackage: Save=7.25ms
[2020.10.22-20.55.38:167][422]LogSavePackage: Moving '../../../../../../Users/Belci_3/Documents/GitHub/Proyecto-Laberinto-Grupo-1/ProyectoLabApps/Saved/StarterMap22B97B0043C8B35EC46611A3261ADA52.tmp' to '../../../../../../Users/Belci_3/Documents/GitHub/Proyecto-Laberinto-Grupo-1/ProyectoLabApps/Content/levels/StarterMap.uasset'
[2020.10.22-20.55.38:179][422]LogSavePackage:Display: Finished SavePackage ../../../../../../Users/Belci_3/Documents/GitHub/Proyecto-Laberinto-Grupo-1/ProyectoLabApps/Content/levels/StarterMap.uasset
[2020.10.22-20.55.39:357][422]LogSpawn:Warning: UWorld::DestroyActor: World has no context! World: world, Actor: /Game/levels/world.world:PersistentLevel.world_C_1
[2020.10.22-20.55.44:456][422]LogSavePackage: Save=5122.11ms
[2020.10.22-20.55.44:456][422]LogSavePackage: Moving '../../../../../../Users/Belci_3/Documents/GitHub/Proyecto-Laberinto-Grupo-1/ProyectoLabApps/Saved/world94C1EE3C478728DC833C38B7E2DA6986.tmp' to '../../../../../../Users/Belci_3/Documents/GitHub/Proyecto-Laberinto-Grupo-1/ProyectoLabApps/Content/levels/world.umap'
[2020.10.22-20.55.44:487][422]LogSavePackage:Display: Finished SavePackage ../../../../../../Users/Belci_3/Documents/GitHub/Proyecto-Laberinto-Grupo-1/ProyectoLabApps/Content/levels/world.umap
[2020.10.22-20.55.44:582][422]LogFileHelpers: Saving map 'world' took 6.391
[2020.10.22-20.57.30:981][588]LogSpawn:Warning: UWorld::DestroyActor: World has no context! World: world, Actor: /Game/levels/world.world:PersistentLevel.world_C_0
[2020.10.22-20.57.37:393][588]LogSavePackage: Save=6462.59ms
[2020.10.22-20.57.37:393][588]LogSavePackage: Moving '../../../../../../Users/Belci_3/Documents/GitHub/Proyecto-Laberinto-Grupo-1/ProyectoLabApps/Saved/world979EC39D431F7FF631728BB782934150.tmp' to '../../../../../../Users/Belci_3/Documents/GitHub/Proyecto-Laberinto-Grupo-1/ProyectoLabApps/Content/levels/world.umap'
[2020.10.22-20.57.37:405][588]LogSavePackage:Display: Finished SavePackage ../../../../../../Users/Belci_3/Documents/GitHub/Proyecto-Laberinto-Grupo-1/ProyectoLabApps/Content/levels/world.umap
[2020.10.22-20.57.37:521][588]LogFileHelpers: Saving map 'world' took 7.582
[2020.10.22-20.57.37:535][588]Cmd: OBJ SAVEPACKAGE PACKAGE="/Game/UI/mainmanu" FILE="../../../../../../Users/Belci_3/Documents/GitHub/Proyecto-Laberinto-Grupo-1/ProyectoLabApps/Content/UI/mainmanu.uasset" SILENT=true
[2020.10.22-20.57.37:758][588]LogSavePackage: Save=209.81ms
[2020.10.22-20.57.37:758][588]LogSavePackage: Moving '../../../../../../Users/Belci_3/Documents/GitHub/Proyecto-Laberinto-Grupo-1/ProyectoLabApps/Saved/mainmanu2E40DC5F4694F7AC0544D5BF7CE4F70B.tmp' to '../../../../../../Users/Belci_3/Documents/GitHub/Proyecto-Laberinto-Grupo-1/ProyectoLabApps/Content/UI/mainmanu.uasset'
[2020.10.22-20.57.37:763][588]LogSavePackage:Display: Finished SavePackage ../../../../../../Users/Belci_3/Documents/GitHub/Proyecto-Laberinto-Grupo-1/ProyectoLabApps/Content/UI/mainmanu.uasset
[2020.10.22-20.57.37:769][588]Cmd: OBJ SAVEPACKAGE PACKAGE="/Game/UI/options" FILE="../../../../../../Users/Belci_3/Documents/GitHub/Proyecto-Laberinto-Grupo-1/ProyectoLabApps/Content/UI/options.uasset" SILENT=true
[2020.10.22-20.57.37:885][588]LogSavePackage: Save=53.89ms
[2020.10.22-20.57.37:885][588]LogSavePackage: Moving '../../../../../../Users/Belci_3/Documents/GitHub/Proyecto-Laberinto-Grupo-1/ProyectoLabApps/Saved/options660FC10149BAC83D043F34BAFEDE33CE.tmp' to '../../../../../../Users/Belci_3/Documents/GitHub/Proyecto-Laberinto-Grupo-1/ProyectoLabApps/Content/UI/options.uasset'
[2020.10.22-20.57.37:911][588]LogSavePackage:Display: Finished SavePackage ../../../../../../Users/Belci_3/Documents/GitHub/Proyecto-Laberinto-Grupo-1/ProyectoLabApps/Content/UI/options.uasset
[2020.10.22-20.57.53:578][605]LogContentBrowser: Native class hierarchy updated for 'BlueprintGraph' in 0.1586 seconds. Added 112 classes and 0 folders.
[2020.10.22-20.58.05:716][605]LogSlate: Took 0.024490 seconds to synchronously load lazily loaded font '../../../Engine/Content/Slate/Fonts/Roboto-Light.ttf' (159K)
[2020.10.22-20.58.05:908][605]LogSlate: Took 0.152469 seconds to synchronously load lazily loaded font '../../../Engine/Content/Editor/Slate/Fonts/Roboto-BoldCondensed.ttf' (158K)
[2020.10.22-21.00.47:599][958]LogSlate: Took 0.150235 seconds to synchronously load lazily loaded font '../../../Engine/Content/Slate/Fonts/DroidSansFallback.ttf' (3848K)
[2020.10.22-21.08.28:503][734]LogFileHelpers: Editor autosave (incl. sublevels) for '/Game/StarterContent/Maps/Minimal_Default' took 0.887
[2020.10.22-21.08.28:599][734]LogExec:Warning: Missing filename
[2020.10.22-21.08.28:643][734]OBJ SavePackage: Generating thumbnails for [0] asset(s) in package [/Game/UI/mainmanu] ([1] browsable assets)...
[2020.10.22-21.08.28:643][734]OBJ SavePackage: Finished generating thumbnails for package [/Game/UI/mainmanu]
[2020.10.22-21.08.28:772][734]LogSavePackage: Save=82.13ms
[2020.10.22-21.08.28:772][734]LogSavePackage: Moving '../../../../../../Users/Belci_3/Documents/GitHub/Proyecto-Laberinto-Grupo-1/ProyectoLabApps/Saved/mainmanu_Auto13E8CEB2B4751C96837C6A5B14E323A06.tmp' to '../../../../../../Users/Belci_3/Documents/GitHub/Proyecto-Laberinto-Grupo-1/ProyectoLabApps/Saved/Autosaves/Game/UI/mainmanu_Auto1.uasset'
[2020.10.22-21.08.28:783][734]LogSavePackage:Display: Finished SavePackage ../../../../../../Users/Belci_3/Documents/GitHub/Proyecto-Laberinto-Grupo-1/ProyectoLabApps/Saved/Autosaves/Game/UI/mainmanu_Auto1.uasset
[2020.10.22-21.08.28:783][734]LogFileHelpers: Auto-saving content packages took 0.276
[2020.10.22-21.19.48:792][638]LogUObjectHash:Warning: Ambiguous search, could be VerticalBox /Game/UI/mainmanu.mainmanu:WidgetTree.VerticalBox_22 or VerticalBox /Engine/Transient.World_1:mainmanu_C_15.WidgetTree.VerticalBox_22
[2020.10.22-21.19.48:792][638]LogUObjectHash:Warning: Ambiguous search, could be VerticalBox /Game/UI/mainmanu.mainmanu:WidgetTree.VerticalBox_22 or VerticalBox /Engine/Transient.World_1:mainmanu_C_16.WidgetTree.VerticalBox_22
[2020.10.22-21.19.48:793][638]LogUObjectHash:Warning: Ambiguous search, could be VerticalBox /Game/UI/mainmanu.mainmanu:WidgetTree.VerticalBox_22 or VerticalBox /Engine/Transient.World_1:mainmanu_C_17.WidgetTree.VerticalBox_22
[2020.10.22-21.19.48:793][638]LogUObjectHash:Warning: Ambiguous search, could be VerticalBox /Game/UI/mainmanu.mainmanu:WidgetTree.VerticalBox_22 or VerticalBox /Engine/Transient.World_1:mainmanu_C_18.WidgetTree.VerticalBox_22
[2020.10.22-21.19.48:793][638]LogUObjectHash:Warning: Ambiguous search, could be VerticalBox /Game/UI/mainmanu.mainmanu:WidgetTree.VerticalBox_22 or VerticalBox /Engine/Transient.World_1:mainmanu_C_19.WidgetTree.VerticalBox_22
[2020.10.22-21.19.48:793][638]LogProperty:Warning: Illegal TEXT reference to a private object in external package (VerticalBoxSlot /Game/UI/mainmanu.mainmanu:WidgetTree.VerticalBox_22.VerticalBoxSlot_0) from referencer (Button /Engine/UMG/Editor/Transient.Button_0).  Import failed...
[2020.10.22-21.19.48:793][638]LogProperty:Warning: ObjectProperty /Script/UMG.Widget:Slot: unresolved reference to 'VerticalBoxSlot'VerticalBox_22.VerticalBoxSlot_0''
[2020.10.22-21.19.50:896][662]LogUObjectHash:Warning: Ambiguous search, could be VerticalBox /Game/UI/mainmanu.mainmanu:WidgetTree.VerticalBox_22 or VerticalBox /Engine/Transient.World_1:mainmanu_C_15.WidgetTree.VerticalBox_22
[2020.10.22-21.19.50:896][662]LogUObjectHash:Warning: Ambiguous search, could be VerticalBox /Game/UI/mainmanu.mainmanu:WidgetTree.VerticalBox_22 or VerticalBox /Engine/Transient.World_1:mainmanu_C_16.WidgetTree.VerticalBox_22
[2020.10.22-21.19.50:896][662]LogUObjectHash:Warning: Ambiguous search, could be VerticalBox /Game/UI/mainmanu.mainmanu:WidgetTree.VerticalBox_22 or VerticalBox /Engine/Transient.World_1:mainmanu_C_17.WidgetTree.VerticalBox_22
[2020.10.22-21.19.50:897][662]LogUObjectHash:Warning: Ambiguous search, could be VerticalBox /Game/UI/mainmanu.mainmanu:WidgetTree.VerticalBox_22 or VerticalBox /Engine/Transient.World_1:mainmanu_C_18.WidgetTree.VerticalBox_22
[2020.10.22-21.19.50:897][662]LogUObjectHash:Warning: Ambiguous search, could be VerticalBox /Game/UI/mainmanu.mainmanu:WidgetTree.VerticalBox_22 or VerticalBox /Engine/Transient.World_1:mainmanu_C_19.WidgetTree.VerticalBox_22
[2020.10.22-21.19.50:897][662]LogUObjectHash:Warning: Ambiguous search, could be VerticalBox /Game/UI/mainmanu.mainmanu:WidgetTree.VerticalBox_22 or VerticalBox /Engine/Transient.World_1:mainmanu_C_20.WidgetTree.VerticalBox_22
[2020.10.22-21.19.50:897][662]LogProperty:Warning: Illegal TEXT reference to a private object in external package (VerticalBoxSlot /Game/UI/mainmanu.mainmanu:WidgetTree.VerticalBox_22.VerticalBoxSlot_0) from referencer (Button /Engine/UMG/Editor/Transient.Button_0).  Import failed...
[2020.10.22-21.19.50:897][662]LogProperty:Warning: ObjectProperty /Script/UMG.Widget:Slot: unresolved reference to 'VerticalBoxSlot'VerticalBox_22.VerticalBoxSlot_0''
[2020.10.22-21.22.50:257][364]BlueprintLog: New page: Compilar mainmanu
[2020.10.22-21.22.51:128][365]LogFileHelpers: Editor autosave (incl. sublevels) for '/Game/StarterContent/Maps/Minimal_Default' took 0.059
[2020.10.22-21.22.51:132][365]OBJ SavePackage: Generating thumbnails for [0] asset(s) in package [/Game/UI/mainmanu] ([1] browsable assets)...
[2020.10.22-21.22.51:132][365]OBJ SavePackage: Finished generating thumbnails for package [/Game/UI/mainmanu]
[2020.10.22-21.22.51:219][365]LogSavePackage: Save=29.20ms
[2020.10.22-21.22.51:219][365]LogSavePackage: Moving '../../../../../../Users/Belci_3/Documents/GitHub/Proyecto-Laberinto-Grupo-1/ProyectoLabApps/Saved/mainmanu_Auto2713CD5B04DD75C30554DBC9135146BE8.tmp' to '../../../../../../Users/Belci_3/Documents/GitHub/Proyecto-Laberinto-Grupo-1/ProyectoLabApps/Saved/Autosaves/Game/UI/mainmanu_Auto2.uasset'
[2020.10.22-21.22.51:222][365]LogSavePackage:Display: Finished SavePackage ../../../../../../Users/Belci_3/Documents/GitHub/Proyecto-Laberinto-Grupo-1/ProyectoLabApps/Saved/Autosaves/Game/UI/mainmanu_Auto2.uasset
[2020.10.22-21.22.51:222][365]LogFileHelpers: Auto-saving content packages took 0.092
[2020.10.22-21.22.52:597][383]Cmd: OBJ SAVEPACKAGE PACKAGE="/Game/UI/mainmanu" FILE="../../../../../../Users/Belci_3/Documents/GitHub/Proyecto-Laberinto-Grupo-1/ProyectoLabApps/Content/UI/mainmanu.uasset" SILENT=true
[2020.10.22-21.22.52:726][383]LogSavePackage: Save=69.11ms
[2020.10.22-21.22.52:726][383]LogSavePackage: Moving '../../../../../../Users/Belci_3/Documents/GitHub/Proyecto-Laberinto-Grupo-1/ProyectoLabApps/Saved/mainmanuCD5841D1405BA98D3AFCC9B3E321ABC2.tmp' to '../../../../../../Users/Belci_3/Documents/GitHub/Proyecto-Laberinto-Grupo-1/ProyectoLabApps/Content/UI/mainmanu.uasset'
[2020.10.22-21.22.52:741][383]LogSavePackage:Display: Finished SavePackage ../../../../../../Users/Belci_3/Documents/GitHub/Proyecto-Laberinto-Grupo-1/ProyectoLabApps/Content/UI/mainmanu.uasset
[2020.10.22-21.26.52:271][181]Cmd: OBJ SAVEPACKAGE PACKAGE="/Game/UI/options" FILE="../../../../../../Users/Belci_3/Documents/GitHub/Proyecto-Laberinto-Grupo-1/ProyectoLabApps/Content/UI/options.uasset" SILENT=true
[2020.10.22-21.26.52:390][181]LogSavePackage: Save=49.03ms
[2020.10.22-21.26.52:390][181]LogSavePackage: Moving '../../../../../../Users/Belci_3/Documents/GitHub/Proyecto-Laberinto-Grupo-1/ProyectoLabApps/Saved/options83C6DF2D4384CB43D146EFB274543218.tmp' to '../../../../../../Users/Belci_3/Documents/GitHub/Proyecto-Laberinto-Grupo-1/ProyectoLabApps/Content/UI/options.uasset'
[2020.10.22-21.26.52:405][181]LogSavePackage:Display: Finished SavePackage ../../../../../../Users/Belci_3/Documents/GitHub/Proyecto-Laberinto-Grupo-1/ProyectoLabApps/Content/UI/options.uasset
[2020.10.22-21.26.55:052][220]BlueprintLog: New page: Compilar options
[2020.10.22-21.26.57:823][241]Cmd: OBJ SAVEPACKAGE PACKAGE="/Game/UI/options" FILE="../../../../../../Users/Belci_3/Documents/GitHub/Proyecto-Laberinto-Grupo-1/ProyectoLabApps/Content/UI/options.uasset" SILENT=true
[2020.10.22-21.26.57:893][241]LogSavePackage: Save=53.21ms
[2020.10.22-21.26.57:893][241]LogSavePackage: Moving '../../../../../../Users/Belci_3/Documents/GitHub/Proyecto-Laberinto-Grupo-1/ProyectoLabApps/Saved/options4AA3E26547E4689657CD43B789F638B3.tmp' to '../../../../../../Users/Belci_3/Documents/GitHub/Proyecto-Laberinto-Grupo-1/ProyectoLabApps/Content/UI/options.uasset'
[2020.10.22-21.26.57:914][241]LogSavePackage:Display: Finished SavePackage ../../../../../../Users/Belci_3/Documents/GitHub/Proyecto-Laberinto-Grupo-1/ProyectoLabApps/Content/UI/options.uasset
[2020.10.22-21.28.08:069][628]LogSpawn:Warning: UWorld::DestroyActor: World has no context! World: world, Actor: /Game/levels/world.world:PersistentLevel.world_C_1
[2020.10.22-21.28.12:644][628]LogSavePackage: Save=4657.12ms
[2020.10.22-21.28.12:644][628]LogSavePackage: Moving '../../../../../../Users/Belci_3/Documents/GitHub/Proyecto-Laberinto-Grupo-1/ProyectoLabApps/Saved/world765C2D64474ECD8E905F529905DF9DFA.tmp' to '../../../../../../Users/Belci_3/Documents/GitHub/Proyecto-Laberinto-Grupo-1/ProyectoLabApps/Content/levels/world.umap'
[2020.10.22-21.28.12:656][628]LogSavePackage:Display: Finished SavePackage ../../../../../../Users/Belci_3/Documents/GitHub/Proyecto-Laberinto-Grupo-1/ProyectoLabApps/Content/levels/world.umap
[2020.10.22-21.28.12:792][628]LogFileHelpers: Saving map 'world' took 15.817
[2020.10.22-21.28.14:011][628]Cmd: MAP LOAD FILE="../../../../../../Users/Belci_3/Documents/GitHub/Proyecto-Laberinto-Grupo-1/ProyectoLabApps/Content/levels/mainmenu.umap" TEMPLATE=0 SHOWPROGRESS=1 FEATURELEVEL=2
[2020.10.22-21.28.14:032][628]LightingResults: New page: Diseñar la iluminación
[2020.10.22-21.28.14:131][628]LoadErrors: New page: Cargando mapa: mainmenu.umap
[2020.10.22-21.28.14:699][628]MapCheck: New page: Revisión del mapa
[2020.10.22-21.28.14:699][628]LightingResults: New page: Diseñar la iluminación
[2020.10.22-21.28.23:956][628]LogEditorServer: Finished looking for orphan Actors (0.000 secs)
[2020.10.22-21.28.24:114][628]LogAIModule: Creating AISystem for world mainmenu
[2020.10.22-21.28.24:641][628]Cmd: MAP CHECKDEP NOCLEARLOG
[2020.10.22-21.28.25:235][628]MapCheck: Información Map check complete: 0 Error(s), 0 Warning(s), took 579,621ms to complete.
[2020.10.22-21.28.25:257][628]LogFileHelpers: Loading map 'mainmenu' took 12.434
[2020.10.22-21.28.40:468][854]LogUObjectGlobals:Warning: Error al encontrar el objeto 'Object /Script/ProyectoLabApps.ProyectoLabAppsGameMode'
[2020.10.22-21.34.28:106][277]LogSlate: Took 0.067430 seconds to synchronously load lazily loaded font '../../../Engine/Content/Editor/Slate/Fonts/Roboto-Italic.ttf' (157K)
[2020.10.22-21.38.06:561][687]BlueprintLog: New page: Compilar mainmenu
[2020.10.22-21.39.07:638][152]LogSavePackage: Save=571.36ms
[2020.10.22-21.39.07:638][152]LogSavePackage: Moving '../../../../../../Users/Belci_3/Documents/GitHub/Proyecto-Laberinto-Grupo-1/ProyectoLabApps/Saved/mainmenu20E0B5184CB25C84E183618DBBEC816E.tmp' to '../../../../../../Users/Belci_3/Documents/GitHub/Proyecto-Laberinto-Grupo-1/ProyectoLabApps/Content/levels/mainmenu.umap'
[2020.10.22-21.39.07:654][152]LogSavePackage:Display: Finished SavePackage ../../../../../../Users/Belci_3/Documents/GitHub/Proyecto-Laberinto-Grupo-1/ProyectoLabApps/Content/levels/mainmenu.umap
[2020.10.22-21.39.07:751][152]LogFileHelpers: Saving map 'mainmenu' took 1.516
[2020.10.22-21.39.08:775][152]LogSpawn:Warning: UWorld::DestroyActor: World has no context! World: world, Actor: /Game/levels/world.world:PersistentLevel.world_C_0
[2020.10.22-21.39.14:205][152]LogSavePackage: Save=5456.21ms
[2020.10.22-21.39.14:205][152]LogSavePackage: Moving '../../../../../../Users/Belci_3/Documents/GitHub/Proyecto-Laberinto-Grupo-1/ProyectoLabApps/Saved/worldF1A771114B534D2B6A5A7C8E8C1A0936.tmp' to '../../../../../../Users/Belci_3/Documents/GitHub/Proyecto-Laberinto-Grupo-1/ProyectoLabApps/Content/levels/world.umap'
[2020.10.22-21.39.14:260][152]LogSavePackage:Display: Finished SavePackage ../../../../../../Users/Belci_3/Documents/GitHub/Proyecto-Laberinto-Grupo-1/ProyectoLabApps/Content/levels/world.umap
[2020.10.22-21.39.14:349][152]LogFileHelpers: Saving map 'world' took 6.596
[2020.10.22-21.39.14:366][152]Cmd: MAP LOAD FILE="../../../../../../Users/Belci_3/Documents/GitHub/Proyecto-Laberinto-Grupo-1/ProyectoLabApps/Content/levels/world.umap" TEMPLATE=0 SHOWPROGRESS=1 FEATURELEVEL=2
[2020.10.22-21.39.14:367][152]LightingResults: New page: Diseñar la iluminación
[2020.10.22-21.39.14:376][152]LoadErrors: New page: Cargando mapa: world.umap
[2020.10.22-21.39.14:871][152]MapCheck: New page: Revisión del mapa
[2020.10.22-21.39.14:871][152]LightingResults: New page: Diseñar la iluminación
[2020.10.22-21.39.15:475][152]LogEditorServer: Finished looking for orphan Actors (0.000 secs)
[2020.10.22-21.39.15:626][152]Cmd: MAP CHECKDEP NOCLEARLOG
[2020.10.22-21.39.16:676][152]MapCheck: Información Map check complete: 0 Error(s), 0 Warning(s), took 1.050,475ms to complete.
[2020.10.22-21.39.16:680][152]LogFileHelpers: Loading map 'world' took 2.329
[2020.10.22-21.39.20:193][155]LogD3D11RHI: Timed out while waiting for GPU to catch up. (0.5 s)
[2020.10.22-21.40.24:393][681]LogTemp: Repeting last play command: Selected Viewport
[2020.10.22-21.40.24:819][681]LogBlueprintUserMessages: Early PlayInEditor Detection: Level '/Game/levels/world.world:PersistentLevel' has LevelScriptBlueprint '/Game/levels/world.world:PersistentLevel.world' with GeneratedClass '/Game/levels/world.world_C' with ClassGeneratedBy '/Game/levels/world.world:PersistentLevel.world'
[2020.10.22-21.40.24:907][681]LogPlayLevel: PlayLevel: No blueprints needed recompiling
[2020.10.22-21.40.25:329][681]PIE: New page: Sesión PIE (reproducción en el editor): world (22/10/2020 15:40:25)
[2020.10.22-21.40.25:413][681]LogPlayLevel: Creating play world package: /Game/levels/UEDPIE_0_world
[2020.10.22-21.40.26:755][681]LogPlayLevel: PIE: StaticDuplicateObject took: (1.341160s)
[2020.10.22-21.40.26:758][681]LogAIModule: Creating AISystem for world world
[2020.10.22-21.40.26:807][681]LogPlayLevel: PIE: World Init took: (0.052415s)
[2020.10.22-21.40.26:833][681]LogPlayLevel: PIE: Created PIE world by copying editor world from /Game/levels/world.world to /Game/levels/UEDPIE_0_world.world (1.436842s)
[2020.10.22-21.40.27:253][681]LogInit: XAudio2 using 'HISENSE (Sonido Intel(R) para pantallas)' : 2 channels at 48 kHz using 16 bits per sample (channel mask 0x3)
[2020.10.22-21.40.27:384][681]LogInit: FAudioDevice initialized.
[2020.10.22-21.40.28:726][681]LogLoad: Game class is 'GameModeBase'
[2020.10.22-21.40.28:813][681]LogWorld: Bringing World /Game/levels/UEDPIE_0_world.world up for play (max tick rate 60) at 2020.10.22-18.40.28
[2020.10.22-21.40.29:027][681]LogWorld: Bringing up level for play took: 0.264556
[2020.10.22-21.40.32:182][681]LogContentBrowser: Native class hierarchy updated for 'MovieSceneCapture' in 0.0940 seconds. Added 11 classes and 0 folders.
[2020.10.22-21.40.32:505][681]PIE: Información Tiempo de inicio de la reproducción en el editor para  /Game/levels/UEDPIE_0_world 7,495
[2020.10.22-21.40.32:519][681]LogBlueprintUserMessages: Late PlayInEditor Detection: Level '/Game/levels/world.world:PersistentLevel' has LevelScriptBlueprint '/Game/levels/world.world:PersistentLevel.world' with GeneratedClass '/Game/levels/world.world_C' with ClassGeneratedBy '/Game/levels/world.world:PersistentLevel.world'
[2020.10.22-21.41.06:298][ 22]LogBlueprintUserMessages: Early EndPlayMap Detection: Level '/Game/levels/world.world:PersistentLevel' has LevelScriptBlueprint '/Game/levels/world.world:PersistentLevel.world' with GeneratedClass '/Game/levels/world.world_C' with ClassGeneratedBy '/Game/levels/world.world:PersistentLevel.world'
[2020.10.22-21.41.06:960][ 22]LogBlueprintUserMessages: Late EndPlayMap Detection: Level '/Game/levels/world.world:PersistentLevel' has LevelScriptBlueprint '/Game/levels/world.world:PersistentLevel.world' with GeneratedClass '/Game/levels/world.world_C' with ClassGeneratedBy '/Game/levels/world.world:PersistentLevel.world'
[2020.10.22-21.41.12:501][156]LogTemp: Repeting last play command: Selected Viewport
[2020.10.22-21.41.12:548][156]LogBlueprintUserMessages: Early PlayInEditor Detection: Level '/Game/levels/world.world:PersistentLevel' has LevelScriptBlueprint '/Game/levels/world.world:PersistentLevel.world' with GeneratedClass '/Game/levels/world.world_C' with ClassGeneratedBy '/Game/levels/world.world:PersistentLevel.world'
[2020.10.22-21.41.12:549][156]LogPlayLevel: PlayLevel: No blueprints needed recompiling
[2020.10.22-21.41.12:549][156]PIE: New page: Sesión PIE (reproducción en el editor): world (22/10/2020 15:41:12)
[2020.10.22-21.41.12:550][156]LogPlayLevel: Creating play world package: /Game/levels/UEDPIE_0_world
[2020.10.22-21.41.12:821][156]LogPlayLevel: PIE: StaticDuplicateObject took: (0.271403s)
[2020.10.22-21.41.12:823][156]LogAIModule: Creating AISystem for world world
[2020.10.22-21.41.12:824][156]LogPlayLevel: PIE: World Init took: (0.003028s)
[2020.10.22-21.41.12:824][156]LogPlayLevel: PIE: Created PIE world by copying editor world from /Game/levels/world.world to /Game/levels/UEDPIE_0_world.world (0.275098s)
[2020.10.22-21.41.12:927][156]LogInit: XAudio2 using 'HISENSE (Sonido Intel(R) para pantallas)' : 2 channels at 48 kHz using 16 bits per sample (channel mask 0x3)
[2020.10.22-21.41.12:950][156]LogInit: FAudioDevice initialized.
[2020.10.22-21.41.12:990][156]LogLoad: Game class is 'GameModeBase'
[2020.10.22-21.41.13:021][156]LogWorld: Bringing World /Game/levels/UEDPIE_0_world.world up for play (max tick rate 60) at 2020.10.22-18.41.13
[2020.10.22-21.41.13:024][156]LogWorld: Bringing up level for play took: 0.032221
[2020.10.22-21.41.13:037][156]PIE: Información Tiempo de inicio de la reproducción en el editor para  /Game/levels/UEDPIE_0_world 0,028
[2020.10.22-21.41.13:038][156]LogBlueprintUserMessages: Late PlayInEditor Detection: Level '/Game/levels/world.world:PersistentLevel' has LevelScriptBlueprint '/Game/levels/world.world:PersistentLevel.world' with GeneratedClass '/Game/levels/world.world_C' with ClassGeneratedBy '/Game/levels/world.world:PersistentLevel.world'
[2020.10.22-21.41.13:904][158]LogD3D11RHI: Timed out while waiting for GPU to catch up. (0.5 s)
[2020.10.22-21.41.15:369][176]LogBlueprintUserMessages: Early EndPlayMap Detection: Level '/Game/levels/world.world:PersistentLevel' has LevelScriptBlueprint '/Game/levels/world.world:PersistentLevel.world' with GeneratedClass '/Game/levels/world.world_C' with ClassGeneratedBy '/Game/levels/world.world:PersistentLevel.world'
[2020.10.22-21.41.15:452][176]LogBlueprintUserMessages: Late EndPlayMap Detection: Level '/Game/levels/world.world:PersistentLevel' has LevelScriptBlueprint '/Game/levels/world.world:PersistentLevel.world' with GeneratedClass '/Game/levels/world.world_C' with ClassGeneratedBy '/Game/levels/world.world:PersistentLevel.world'
[2020.10.22-21.43.08:836][816]LogSavePackage: Save=7436.71ms
[2020.10.22-21.43.08:836][816]LogSavePackage: Moving '../../../../../../Users/Belci_3/Documents/GitHub/Proyecto-Laberinto-Grupo-1/ProyectoLabApps/Saved/world340A33B241EACC2FD6436190F916D6B8.tmp' to '../../../../../../Users/Belci_3/Documents/GitHub/Proyecto-Laberinto-Grupo-1/ProyectoLabApps/Content/levels/world.umap'
[2020.10.22-21.43.08:855][816]LogSavePackage:Display: Finished SavePackage ../../../../../../Users/Belci_3/Documents/GitHub/Proyecto-Laberinto-Grupo-1/ProyectoLabApps/Content/levels/world.umap
[2020.10.22-21.43.08:974][816]LogFileHelpers: Saving map 'world' took 13.548
[2020.10.22-21.43.08:984][816]Cmd: MAP LOAD FILE="../../../../../../Users/Belci_3/Documents/GitHub/Proyecto-Laberinto-Grupo-1/ProyectoLabApps/Content/levels/world.umap" TEMPLATE=0 SHOWPROGRESS=1 FEATURELEVEL=2
[2020.10.22-21.43.08:985][816]LightingResults: New page: Diseñar la iluminación
[2020.10.22-21.43.08:993][816]LoadErrors: New page: Cargando mapa: world.umap
[2020.10.22-21.43.09:011][816]MapCheck: New page: Revisión del mapa
[2020.10.22-21.43.09:011][816]LightingResults: New page: Diseñar la iluminación
[2020.10.22-21.43.17:613][816]LogAIModule: Creating AISystem for world world
[2020.10.22-21.43.17:801][816]LogEditorServer: Finished looking for orphan Actors (0.000 secs)
[2020.10.22-21.43.17:899][816]Cmd: MAP CHECKDEP NOCLEARLOG
[2020.10.22-21.43.18:454][816]MapCheck: Información Map check complete: 0 Error(s), 0 Warning(s), took 554,947ms to complete.
[2020.10.22-21.43.18:457][816]LogFileHelpers: Loading map 'world' took 9.480
[2020.10.22-21.45.36:643][133]BlueprintLog: New page: Compilar world
[2020.10.22-21.50.27:436][446]LogSlate:Warning: Prevented a slow task dialog from being summoned while a context menu was open
[2020.10.22-21.52.33:353][378]BlueprintLog: New page: Compilar mainmanu
[2020.10.22-21.52.35:677][389]Cmd: OBJ SAVEPACKAGE PACKAGE="/Game/UI/mainmanu" FILE="../../../../../../Users/Belci_3/Documents/GitHub/Proyecto-Laberinto-Grupo-1/ProyectoLabApps/Content/UI/mainmanu.uasset" SILENT=true
[2020.10.22-21.52.35:882][389]LogSavePackage: Save=173.59ms
[2020.10.22-21.52.35:882][389]LogSavePackage: Moving '../../../../../../Users/Belci_3/Documents/GitHub/Proyecto-Laberinto-Grupo-1/ProyectoLabApps/Saved/mainmanuF0ED47574841F505E348849E707A2487.tmp' to '../../../../../../Users/Belci_3/Documents/GitHub/Proyecto-Laberinto-Grupo-1/ProyectoLabApps/Content/UI/mainmanu.uasset'
[2020.10.22-21.52.35:912][389]LogSavePackage:Display: Finished SavePackage ../../../../../../Users/Belci_3/Documents/GitHub/Proyecto-Laberinto-Grupo-1/ProyectoLabApps/Content/UI/mainmanu.uasset
[2020.10.22-21.53.04:946][713]LogAIModule: Creating AISystem for world mainmenu
[2020.10.22-21.53.14:026][713]LogSavePackage: Save=6222.43ms
[2020.10.22-21.53.14:026][713]LogSavePackage: Moving '../../../../../../Users/Belci_3/Documents/GitHub/Proyecto-Laberinto-Grupo-1/ProyectoLabApps/Saved/world339B12EE47D0317A2BE2EAB51279BAE3.tmp' to '../../../../../../Users/Belci_3/Documents/GitHub/Proyecto-Laberinto-Grupo-1/ProyectoLabApps/Content/levels/world.umap'
[2020.10.22-21.53.14:058][713]LogSavePackage:Display: Finished SavePackage ../../../../../../Users/Belci_3/Documents/GitHub/Proyecto-Laberinto-Grupo-1/ProyectoLabApps/Content/levels/world.umap
[2020.10.22-21.53.14:125][713]LogFileHelpers: Saving map 'world' took 7.351
[2020.10.22-21.53.14:132][713]Cmd: MAP LOAD FILE="../../../../../../Users/Belci_3/Documents/GitHub/Proyecto-Laberinto-Grupo-1/ProyectoLabApps/Content/levels/mainmenu.umap" TEMPLATE=0 SHOWPROGRESS=1 FEATURELEVEL=2
[2020.10.22-21.53.14:132][713]LightingResults: New page: Diseñar la iluminación
[2020.10.22-21.53.14:136][713]LoadErrors: New page: Cargando mapa: mainmenu.umap
[2020.10.22-21.53.14:284][713]MapCheck: New page: Revisión del mapa
[2020.10.22-21.53.14:284][713]LightingResults: New page: Diseñar la iluminación
[2020.10.22-21.53.14:462][713]LogEditorServer: Finished looking for orphan Actors (0.000 secs)
[2020.10.22-21.53.14:508][713]Cmd: MAP CHECKDEP NOCLEARLOG
[2020.10.22-21.53.14:710][713]MapCheck: Información Map check complete: 0 Error(s), 0 Warning(s), took 200,823ms to complete.
[2020.10.22-21.53.14:711][713]LogFileHelpers: Loading map 'mainmenu' took 0.586
[2020.10.22-21.53.24:286][817]LogBlueprintUserMessages: Early PlayInEditor Detection: Level '/Game/levels/mainmenu.mainmenu:PersistentLevel' has LevelScriptBlueprint '/Game/levels/mainmenu.mainmenu:PersistentLevel.mainmenu' with GeneratedClass '/Game/levels/mainmenu.mainmenu_C' with ClassGeneratedBy '/Game/levels/mainmenu.mainmenu:PersistentLevel.mainmenu'
[2020.10.22-21.53.24:287][817]LogPlayLevel: PlayLevel: No blueprints needed recompiling
[2020.10.22-21.53.24:287][817]PIE: New page: Sesión PIE (reproducción en el editor): mainmenu (22/10/2020 15:53:24)
[2020.10.22-21.53.24:288][817]LogPlayLevel: Creating play world package: /Game/levels/UEDPIE_0_mainmenu
[2020.10.22-21.53.24:293][817]LogPlayLevel: PIE: StaticDuplicateObject took: (0.005198s)
[2020.10.22-21.53.24:295][817]LogAIModule: Creating AISystem for world mainmenu
[2020.10.22-21.53.24:296][817]LogPlayLevel: PIE: World Init took: (0.002646s)
[2020.10.22-21.53.24:297][817]LogPlayLevel: PIE: Created PIE world by copying editor world from /Game/levels/mainmenu.mainmenu to /Game/levels/UEDPIE_0_mainmenu.mainmenu (0.008793s)
[2020.10.22-21.53.24:457][817]LogInit: XAudio2 using 'HISENSE (Sonido Intel(R) para pantallas)' : 2 channels at 48 kHz using 16 bits per sample (channel mask 0x3)
[2020.10.22-21.53.24:500][817]LogInit: FAudioDevice initialized.
[2020.10.22-21.53.24:751][817]LogLoad: Game class is 'GameModeBase'
[2020.10.22-21.53.24:760][817]LogWorld: Bringing World /Game/levels/UEDPIE_0_mainmenu.mainmenu up for play (max tick rate 60) at 2020.10.22-18.53.24
[2020.10.22-21.53.24:761][817]LogWorld: Bringing up level for play took: 0.007656
[2020.10.22-21.53.24:854][817]PIE: Información Tiempo de inicio de la reproducción en el editor para  /Game/levels/UEDPIE_0_mainmenu -0,155
[2020.10.22-21.53.24:856][817]LogBlueprintUserMessages: Late PlayInEditor Detection: Level '/Game/levels/mainmenu.mainmenu:PersistentLevel' has LevelScriptBlueprint '/Game/levels/mainmenu.mainmenu:PersistentLevel.mainmenu' with GeneratedClass '/Game/levels/mainmenu.mainmenu_C' with ClassGeneratedBy '/Game/levels/mainmenu.mainmenu:PersistentLevel.mainmenu'
[2020.10.22-21.53.25:036][817]LogRenderer: Reallocating scene render targets to support 856x380 NumSamples 1 (Frame:597).
[2020.10.22-21.53.33:677][859]LogNet: Browse: /Game/levels/world
[2020.10.22-21.53.33:703][859]LogLoad: LoadMap: /Game/levels/world
[2020.10.22-21.53.33:823][859]Cmd: MEM
[2020.10.22-21.53.34:207][859]LogMemory: Platform Memory Stats for Windows
[2020.10.22-21.53.34:207][859]LogMemory: Process Physical Memory: 736.12 MB used, 1216.19 MB peak
[2020.10.22-21.53.34:207][859]LogMemory: Process Virtual Memory: 2632.67 MB used, 2956.29 MB peak
[2020.10.22-21.53.34:207][859]LogMemory: Physical Memory: 3103.71 MB used,  691.82 MB free, 3795.54 MB total
[2020.10.22-21.53.34:207][859]LogMemory: Virtual Memory: 3317.15 MB used,  691.82 MB free, 134217728.00 MB total
[2020.10.22-21.53.34:207][859]LogMemory: 
[2020.10.22-21.53.34:207][859]Allocator Stats for TBB: (not implemented)
[2020.10.22-21.53.40:749][859]LogStats: FPlatformStackWalk::StackWalkAndDump -  6.198 s
[2020.10.22-21.53.40:749][859]LogOutputDevice:Error: === Handled ensure: ===
[2020.10.22-21.53.40:749][859]LogOutputDevice:Error: 
[2020.10.22-21.53.40:749][859]LogOutputDevice:Error: Ensure condition failed: IsObjectValidForDatabase(AssetObject) [File:D:\Build\++UE4+Release-4.15+Compile\Sync\Engine\Source\Editor\BlueprintGraph\Private\BlueprintActionDatabase.cpp] [Line: 1282]
[2020.10.22-21.53.40:749][859]LogOutputDevice:Error: 
[2020.10.22-21.53.40:749][859]LogOutputDevice:Error: Stack: 
[2020.10.22-21.53.40:749][859]LogOutputDevice:Error: UE4Editor-Core.dll!0x0000000093D195E6
[2020.10.22-21.53.40:749][859]LogOutputDevice:Error: UE4Editor-Core.dll!0x0000000093AC9B82
[2020.10.22-21.53.40:749][859]LogOutputDevice:Error: UE4Editor-Core.dll!0x0000000093ADB666
[2020.10.22-21.53.40:749][859]LogOutputDevice:Error: UE4Editor-BlueprintGraph.dll!0x0000000083E6B7A7
[2020.10.22-21.53.40:749][859]LogOutputDevice:Error: UE4Editor-BlueprintGraph.dll!0x0000000083E3BFCD
[2020.10.22-21.53.40:749][859]LogOutputDevice:Error: UE4Editor-CoreUObject.dll!0x00000000861B0DFA
[2020.10.22-21.53.40:749][859]LogOutputDevice:Error: UE4Editor-CoreUObject.dll!0x00000000863E158A
[2020.10.22-21.53.40:749][859]LogOutputDevice:Error: UE4Editor-CoreUObject.dll!0x00000000863F4DC0
[2020.10.22-21.53.40:749][859]LogOutputDevice:Error: UE4Editor-CoreUObject.dll!0x00000000863F42B7
[2020.10.22-21.53.40:749][859]LogOutputDevice:Error: UE4Editor-Engine.dll!0x000000007820892D
[2020.10.22-21.53.40:749][859]LogOutputDevice:Error: UE4Editor-Engine.dll!0x00000000781BE0AE
[2020.10.22-21.53.40:749][859]LogOutputDevice:Error: UE4Editor-Engine.dll!0x000000007822C8B0
[2020.10.22-21.53.40:749][859]LogOutputDevice:Error: UE4Editor-UnrealEd.dll!0x0000000080F8637F
[2020.10.22-21.53.40:749][859]LogOutputDevice:Error: UE4Editor-UnrealEd.dll!0x0000000081792196
[2020.10.22-21.53.40:749][859]LogOutputDevice:Error: UE4Editor.exe!0x00000000E53ADEE3
[2020.10.22-21.53.40:750][859]LogOutputDevice:Error: UE4Editor.exe!0x00000000E539EB40
[2020.10.22-21.53.40:750][859]LogOutputDevice:Error: UE4Editor.exe!0x00000000E539EBBA
[2020.10.22-21.53.40:750][859]LogOutputDevice:Error: UE4Editor.exe!0x00000000E53B0A29
[2020.10.22-21.53.40:750][859]LogOutputDevice:Error: UE4Editor.exe!0x00000000E53B22B6
[2020.10.22-21.53.40:750][859]LogOutputDevice:Error: KERNEL32.DLL!0x00000000B88D8364
[2020.10.22-21.53.40:750][859]LogOutputDevice:Error: ntdll.dll!0x00000000BB3A7091
[2020.10.22-21.53.40:750][859]LogOutputDevice:Error: 
[2020.10.22-21.53.40:768][859]LogStats:                SubmitErrorReport -  0.008 s
[2020.10.22-21.53.53:052][859]LogStats:                    SendNewReport - 12.284 s
[2020.10.22-21.53.53:053][859]LogStats:             FDebug::EnsureFailed - 18.519 s
[2020.10.22-21.53.54:962][859]LogAIModule: Creating AISystem for world world
[2020.10.22-21.53.54:964][859]LogLoad: Game class is 'GameModeBase'
[2020.10.22-21.53.55:068][859]LogWorld: Bringing World /Game/levels/UEDPIE_0_world.world up for play (max tick rate 60) at 2020.10.22-18.53.55
[2020.10.22-21.53.55:072][859]LogWorld: Bringing up level for play took: 0.106046
[2020.10.22-21.53.55:135][859]LogLoad: Took 21.431958 seconds to LoadMap(/Game/levels/world)
[2020.10.22-21.53.56:140][862]LogD3D11RHI: Timed out while waiting for GPU to catch up. (0.5 s)
[2020.10.22-21.54.42:687][253]LogBlueprintUserMessages: Early EndPlayMap Detection: Level '/Game/levels/mainmenu.mainmenu:PersistentLevel' has LevelScriptBlueprint '/Game/levels/mainmenu.mainmenu:PersistentLevel.mainmenu' with GeneratedClass '/Game/levels/mainmenu.mainmenu_C' with ClassGeneratedBy '/Game/levels/mainmenu.mainmenu:PersistentLevel.mainmenu'
[2020.10.22-21.54.42:972][253]LogBlueprintUserMessages: Late EndPlayMap Detection: Level '/Game/levels/mainmenu.mainmenu:PersistentLevel' has LevelScriptBlueprint '/Game/levels/mainmenu.mainmenu:PersistentLevel.mainmenu' with GeneratedClass '/Game/levels/mainmenu.mainmenu_C' with ClassGeneratedBy '/Game/levels/mainmenu.mainmenu:PersistentLevel.mainmenu'
[2020.10.22-21.56.31:148][827]BlueprintLog: New page: Compilar mainmanu
[2020.10.22-21.56.36:072][847]Cmd: OBJ SAVEPACKAGE PACKAGE="/Game/UI/mainmanu" FILE="../../../../../../Users/Belci_3/Documents/GitHub/Proyecto-Laberinto-Grupo-1/ProyectoLabApps/Content/UI/mainmanu.uasset" SILENT=true
[2020.10.22-21.56.36:224][847]LogSavePackage: Save=131.51ms
[2020.10.22-21.56.36:225][847]LogSavePackage: Moving '../../../../../../Users/Belci_3/Documents/GitHub/Proyecto-Laberinto-Grupo-1/ProyectoLabApps/Saved/mainmanuD2176FE4464DAD1CD7305C87D99CB054.tmp' to '../../../../../../Users/Belci_3/Documents/GitHub/Proyecto-Laberinto-Grupo-1/ProyectoLabApps/Content/UI/mainmanu.uasset'
[2020.10.22-21.56.36:262][847]LogSavePackage:Display: Finished SavePackage ../../../../../../Users/Belci_3/Documents/GitHub/Proyecto-Laberinto-Grupo-1/ProyectoLabApps/Content/UI/mainmanu.uasset
[2020.10.22-21.56.53:132][ 51]BlueprintLog: New page: Compilar options
[2020.10.22-21.56.55:989][ 60]Cmd: OBJ SAVEPACKAGE PACKAGE="/Game/UI/options" FILE="../../../../../../Users/Belci_3/Documents/GitHub/Proyecto-Laberinto-Grupo-1/ProyectoLabApps/Content/UI/options.uasset" SILENT=true
[2020.10.22-21.56.56:057][ 60]LogSavePackage: Save=42.61ms
[2020.10.22-21.56.56:057][ 60]LogSavePackage: Moving '../../../../../../Users/Belci_3/Documents/GitHub/Proyecto-Laberinto-Grupo-1/ProyectoLabApps/Saved/options4FEE58134C070E88502537BA894D772F.tmp' to '../../../../../../Users/Belci_3/Documents/GitHub/Proyecto-Laberinto-Grupo-1/ProyectoLabApps/Content/UI/options.uasset'
[2020.10.22-21.56.56:082][ 60]LogSavePackage:Display: Finished SavePackage ../../../../../../Users/Belci_3/Documents/GitHub/Proyecto-Laberinto-Grupo-1/ProyectoLabApps/Content/UI/options.uasset
[2020.10.22-22.00.42:635][394]LogSlate: Only BGRA pngs, bmps or icos are supported in by External Image Picker
[2020.10.22-22.00.43:567][401]LogTemp:Display: Executing iPhonePackager certificates Engine -bundlename com.YourCompany.ProyectoLabApps

[2020.10.22-22.00.43:567][401]LogTemp:Display: CWD: C:\Program Files\Epic Games\UE_4.15\Engine\Binaries\DotNET\IOS

[2020.10.22-22.00.43:567][401]LogTemp:Display: Initial Dir: C:\Program Files\Epic Games\UE_4.15

[2020.10.22-22.00.43:567][401]LogTemp:Display: Env CWD: C:\Program Files\Epic Games\UE_4.15\Engine\Binaries\DotNET\IOS

[2020.10.22-22.00.43:593][402]LogTemp:Display: BranchPath = BELU/C/Program Files/Epic Games/UE_4.15/Engine/Binaries --- GameBranchPath = BELU/C/Program Files/Epic Games/UE_4.15/Engine/Binaries

[2020.10.22-22.00.43:871][406]LogTemp:Display: IPP ERROR: Application exception: System.IO.DirectoryNotFoundException: No se puede encontrar una parte de la ruta de acceso 'C:\Users\Belci_3\AppData\Local\Apple Computer\MobileDevice\Provisioning Profiles'.

[2020.10.22-22.00.43:871][406]LogTemp:Display:    en System.IO.__Error.WinIOError(Int32 errorCode, String maybeFullPath)

[2020.10.22-22.00.43:871][406]LogTemp:Display:    en System.IO.FileSystemEnumerableIterator`1.CommonInit()

[2020.10.22-22.00.43:871][406]LogTemp:Display:    en System.IO.FileSystemEnumerableIterator`1..ctor(String path, String originalUserPath, String searchPattern, SearchOption searchOption, SearchResultHandler`1 resultHandler, Boolean checkHost)

[2020.10.22-22.00.43:871][406]LogTemp:Display:    en System.IO.Directory.EnumerateFiles(String path, String searchPattern)

[2020.10.22-22.00.43:871][406]LogTemp:Display:    en iPhonePackager.CodeSignatureBuilder.FindProvisions(String CFBundleIdentifier)

[2020.10.22-22.00.43:871][406]LogTemp:Display:    en iPhonePackager.Program.Main(String[] args)

[2020.10.22-22.02.56:807][979]LogAudio:Warning: Current Audio Device with ID {0.0.0.00000000}.{a296fc6d-fb82-421d-a011-3eecc6c01a63} was removed. Shutting down audio device.
[2020.10.22-22.03.18:242][211]LogTemp: Repeting last play command: New Editor Window (PIE)
[2020.10.22-22.03.18:719][211]LogBlueprintUserMessages: Early PlayInEditor Detection: Level '/Game/levels/mainmenu.mainmenu:PersistentLevel' has LevelScriptBlueprint '/Game/levels/mainmenu.mainmenu:PersistentLevel.mainmenu' with GeneratedClass '/Game/levels/mainmenu.mainmenu_C' with ClassGeneratedBy '/Game/levels/mainmenu.mainmenu:PersistentLevel.mainmenu'
[2020.10.22-22.03.18:720][211]LogPlayLevel: PlayLevel: No blueprints needed recompiling
[2020.10.22-22.03.18:723][211]PIE: New page: Sesión PIE (reproducción en el editor): mainmenu (22/10/2020 16:03:18)
[2020.10.22-22.03.18:725][211]LogPlayLevel: Creating play world package: /Game/levels/UEDPIE_0_mainmenu
[2020.10.22-22.03.18:767][211]LogPlayLevel: PIE: StaticDuplicateObject took: (0.021960s)
[2020.10.22-22.03.18:787][211]LogAIModule: Creating AISystem for world mainmenu
[2020.10.22-22.03.18:790][211]LogPlayLevel: PIE: World Init took: (0.022211s)
[2020.10.22-22.03.18:793][211]LogPlayLevel: PIE: Created PIE world by copying editor world from /Game/levels/mainmenu.mainmenu to /Game/levels/UEDPIE_0_mainmenu.mainmenu (0.067404s)
[2020.10.22-22.03.19:384][211]LogInit: XAudio2 using 'Speakers (Realtek High Definition Audio)' : 2 channels at 48 kHz using 32 bits per sample (channel mask 0x3)
[2020.10.22-22.03.19:527][211]LogInit: FAudioDevice initialized.
[2020.10.22-22.03.19:736][211]LogLoad: Game class is 'GameModeBase'
[2020.10.22-22.03.19:743][211]LogWorld: Bringing World /Game/levels/UEDPIE_0_mainmenu.mainmenu up for play (max tick rate 0) at 2020.10.22-19.03.19
[2020.10.22-22.03.19:746][211]LogWorld: Bringing up level for play took: 0.007731
[2020.10.22-22.03.19:819][211]PIE: Información Tiempo de inicio de la reproducción en el editor para  /Game/levels/UEDPIE_0_mainmenu 0,81
[2020.10.22-22.03.19:822][211]LogBlueprintUserMessages: Late PlayInEditor Detection: Level '/Game/levels/mainmenu.mainmenu:PersistentLevel' has LevelScriptBlueprint '/Game/levels/mainmenu.mainmenu:PersistentLevel.mainmenu' with GeneratedClass '/Game/levels/mainmenu.mainmenu_C' with ClassGeneratedBy '/Game/levels/mainmenu.mainmenu:PersistentLevel.mainmenu'
[2020.10.22-22.03.36:058][417]LogNet: Browse: /Game/levels/world
[2020.10.22-22.03.36:059][417]LogLoad: LoadMap: /Game/levels/world
[2020.10.22-22.03.36:298][417]Cmd: MEM
[2020.10.22-22.03.36:432][417]LogMemory: Platform Memory Stats for Windows
[2020.10.22-22.03.36:432][417]LogMemory: Process Physical Memory: 491.89 MB used, 1216.19 MB peak
[2020.10.22-22.03.36:432][417]LogMemory: Process Virtual Memory: 2910.85 MB used, 3035.37 MB peak
[2020.10.22-22.03.36:432][417]LogMemory: Physical Memory: 2999.63 MB used,  795.91 MB free, 3795.54 MB total
[2020.10.22-22.03.36:432][417]LogMemory: Virtual Memory: 3617.09 MB used,  795.91 MB free, 134217728.00 MB total
[2020.10.22-22.03.36:432][417]LogMemory: 
[2020.10.22-22.03.36:432][417]Allocator Stats for TBB: (not implemented)
[2020.10.22-22.03.47:609][417]LogAIModule: Creating AISystem for world world
[2020.10.22-22.03.47:613][417]LogLoad: Game class is 'GameModeBase'
[2020.10.22-22.03.47:743][417]LogWorld: Bringing World /Game/levels/UEDPIE_0_world.world up for play (max tick rate 0) at 2020.10.22-19.03.47
[2020.10.22-22.03.47:750][417]LogWorld: Bringing up level for play took: 0.135856
[2020.10.22-22.03.47:769][417]LogLoad: Took 11.710745 seconds to LoadMap(/Game/levels/world)
[2020.10.22-22.03.49:005][420]LogD3D11RHI: Timed out while waiting for GPU to catch up. (0.5 s)
[2020.10.22-22.03.55:939][476]LogBlueprintUserMessages: Early EndPlayMap Detection: Level '/Game/levels/mainmenu.mainmenu:PersistentLevel' has LevelScriptBlueprint '/Game/levels/mainmenu.mainmenu:PersistentLevel.mainmenu' with GeneratedClass '/Game/levels/mainmenu.mainmenu_C' with ClassGeneratedBy '/Game/levels/mainmenu.mainmenu:PersistentLevel.mainmenu'
[2020.10.22-22.03.56:261][476]LogBlueprintUserMessages: Late EndPlayMap Detection: Level '/Game/levels/mainmenu.mainmenu:PersistentLevel' has LevelScriptBlueprint '/Game/levels/mainmenu.mainmenu:PersistentLevel.mainmenu' with GeneratedClass '/Game/levels/mainmenu.mainmenu_C' with ClassGeneratedBy '/Game/levels/mainmenu.mainmenu:PersistentLevel.mainmenu'
[2020.10.22-22.04.19:509][133]LogBlueprintUserMessages: Early PlayInEditor Detection: Level '/Game/levels/mainmenu.mainmenu:PersistentLevel' has LevelScriptBlueprint '/Game/levels/mainmenu.mainmenu:PersistentLevel.mainmenu' with GeneratedClass '/Game/levels/mainmenu.mainmenu_C' with ClassGeneratedBy '/Game/levels/mainmenu.mainmenu:PersistentLevel.mainmenu'
[2020.10.22-22.04.19:509][133]LogPlayLevel: PlayLevel: No blueprints needed recompiling
[2020.10.22-22.04.19:510][133]PIE: New page: Sesión SIE (simulación en el editor): mainmenu (22/10/2020 16:04:19)
[2020.10.22-22.04.19:510][133]LogPlayLevel: Creating play world package: /Game/levels/UEDPIE_0_mainmenu
[2020.10.22-22.04.19:516][133]LogPlayLevel: PIE: StaticDuplicateObject took: (0.004956s)
[2020.10.22-22.04.19:518][133]LogAIModule: Creating AISystem for world mainmenu
[2020.10.22-22.04.19:518][133]LogPlayLevel: PIE: World Init took: (0.002810s)
[2020.10.22-22.04.19:519][133]LogPlayLevel: PIE: Created PIE world by copying editor world from /Game/levels/mainmenu.mainmenu to /Game/levels/UEDPIE_0_mainmenu.mainmenu (0.008692s)
[2020.10.22-22.04.19:666][133]LogInit: XAudio2 using 'Speakers (Realtek High Definition Audio)' : 2 channels at 48 kHz using 32 bits per sample (channel mask 0x3)
[2020.10.22-22.04.19:776][133]LogInit: FAudioDevice initialized.
[2020.10.22-22.04.19:875][133]LogLoad: Game class is 'GameModeBase'
[2020.10.22-22.04.19:879][133]LogWorld: Bringing World /Game/levels/UEDPIE_0_mainmenu.mainmenu up for play (max tick rate 0) at 2020.10.22-19.04.19
[2020.10.22-22.04.19:880][133]LogWorld: Bringing up level for play took: 0.002598
[2020.10.22-22.04.19:881][133]LogGameMode: FindPlayerStart: PATHS NOT DEFINED or NO PLAYERSTART with positive rating
[2020.10.22-22.04.19:903][133]PIE: Información Tiempo de inicio de la reproducción en el editor para  /Game/levels/UEDPIE_0_mainmenu 0,894
[2020.10.22-22.04.20:073][133]LogBlueprintUserMessages: Late PlayInEditor Detection: Level '/Game/levels/mainmenu.mainmenu:PersistentLevel' has LevelScriptBlueprint '/Game/levels/mainmenu.mainmenu:PersistentLevel.mainmenu' with GeneratedClass '/Game/levels/mainmenu.mainmenu_C' with ClassGeneratedBy '/Game/levels/mainmenu.mainmenu:PersistentLevel.mainmenu'
[2020.10.22-22.04.23:966][196]LogBlueprintUserMessages: Early EndPlayMap Detection: Level '/Game/levels/mainmenu.mainmenu:PersistentLevel' has LevelScriptBlueprint '/Game/levels/mainmenu.mainmenu:PersistentLevel.mainmenu' with GeneratedClass '/Game/levels/mainmenu.mainmenu_C' with ClassGeneratedBy '/Game/levels/mainmenu.mainmenu:PersistentLevel.mainmenu'
[2020.10.22-22.04.24:206][196]LogBlueprintUserMessages: Late EndPlayMap Detection: Level '/Game/levels/mainmenu.mainmenu:PersistentLevel' has LevelScriptBlueprint '/Game/levels/mainmenu.mainmenu:PersistentLevel.mainmenu' with GeneratedClass '/Game/levels/mainmenu.mainmenu_C' with ClassGeneratedBy '/Game/levels/mainmenu.mainmenu:PersistentLevel.mainmenu'
[2020.10.22-22.04.26:914][263]LogBlueprintUserMessages: Early PlayInEditor Detection: Level '/Game/levels/mainmenu.mainmenu:PersistentLevel' has LevelScriptBlueprint '/Game/levels/mainmenu.mainmenu:PersistentLevel.mainmenu' with GeneratedClass '/Game/levels/mainmenu.mainmenu_C' with ClassGeneratedBy '/Game/levels/mainmenu.mainmenu:PersistentLevel.mainmenu'
[2020.10.22-22.04.26:914][263]LogPlayLevel: PlayLevel: No blueprints needed recompiling
[2020.10.22-22.04.26:915][263]PIE: New page: Sesión PIE (reproducción en el editor): mainmenu (22/10/2020 16:04:26)
[2020.10.22-22.04.26:915][263]LogPlayLevel: Creating play world package: /Game/levels/UEDPIE_0_mainmenu
[2020.10.22-22.04.26:921][263]LogPlayLevel: PIE: StaticDuplicateObject took: (0.005851s)
[2020.10.22-22.04.26:925][263]LogAIModule: Creating AISystem for world mainmenu
[2020.10.22-22.04.26:925][263]LogPlayLevel: PIE: World Init took: (0.004287s)
[2020.10.22-22.04.26:926][263]LogPlayLevel: PIE: Created PIE world by copying editor world from /Game/levels/mainmenu.mainmenu to /Game/levels/UEDPIE_0_mainmenu.mainmenu (0.010949s)
[2020.10.22-22.04.27:071][263]LogInit: XAudio2 using 'Speakers (Realtek High Definition Audio)' : 2 channels at 48 kHz using 32 bits per sample (channel mask 0x3)
[2020.10.22-22.04.27:180][263]LogInit: FAudioDevice initialized.
[2020.10.22-22.04.27:251][263]LogLoad: Game class is 'GameModeBase'
[2020.10.22-22.04.27:255][263]LogWorld: Bringing World /Game/levels/UEDPIE_0_mainmenu.mainmenu up for play (max tick rate 0) at 2020.10.22-19.04.27
[2020.10.22-22.04.27:256][263]LogWorld: Bringing up level for play took: 0.003266
[2020.10.22-22.04.27:285][263]PIE: Información Tiempo de inicio de la reproducción en el editor para  /Game/levels/UEDPIE_0_mainmenu 0,276
[2020.10.22-22.04.27:287][263]LogBlueprintUserMessages: Late PlayInEditor Detection: Level '/Game/levels/mainmenu.mainmenu:PersistentLevel' has LevelScriptBlueprint '/Game/levels/mainmenu.mainmenu:PersistentLevel.mainmenu' with GeneratedClass '/Game/levels/mainmenu.mainmenu_C' with ClassGeneratedBy '/Game/levels/mainmenu.mainmenu:PersistentLevel.mainmenu'
[2020.10.22-22.04.29:384][310]LogBlueprintUserMessages: Early EndPlayMap Detection: Level '/Game/levels/mainmenu.mainmenu:PersistentLevel' has LevelScriptBlueprint '/Game/levels/mainmenu.mainmenu:PersistentLevel.mainmenu' with GeneratedClass '/Game/levels/mainmenu.mainmenu_C' with ClassGeneratedBy '/Game/levels/mainmenu.mainmenu:PersistentLevel.mainmenu'
[2020.10.22-22.04.29:469][310]LogBlueprintUserMessages: Late EndPlayMap Detection: Level '/Game/levels/mainmenu.mainmenu:PersistentLevel' has LevelScriptBlueprint '/Game/levels/mainmenu.mainmenu:PersistentLevel.mainmenu' with GeneratedClass '/Game/levels/mainmenu.mainmenu_C' with ClassGeneratedBy '/Game/levels/mainmenu.mainmenu:PersistentLevel.mainmenu'
[2020.10.22-22.04.42:583][665]LogBlueprintUserMessages: Early PlayInEditor Detection: Level '/Game/levels/mainmenu.mainmenu:PersistentLevel' has LevelScriptBlueprint '/Game/levels/mainmenu.mainmenu:PersistentLevel.mainmenu' with GeneratedClass '/Game/levels/mainmenu.mainmenu_C' with ClassGeneratedBy '/Game/levels/mainmenu.mainmenu:PersistentLevel.mainmenu'
[2020.10.22-22.04.42:583][665]LogPlayLevel: PlayLevel: No blueprints needed recompiling
[2020.10.22-22.04.42:584][665]PIE: New page: Sesión PIE (reproducción en el editor): mainmenu (22/10/2020 16:04:42)
[2020.10.22-22.04.42:584][665]LogPlayLevel: Creating play world package: /Game/levels/UEDPIE_0_mainmenu
[2020.10.22-22.04.42:589][665]LogPlayLevel: PIE: StaticDuplicateObject took: (0.005079s)
[2020.10.22-22.04.42:591][665]LogAIModule: Creating AISystem for world mainmenu
[2020.10.22-22.04.42:592][665]LogPlayLevel: PIE: World Init took: (0.002578s)
[2020.10.22-22.04.42:593][665]LogPlayLevel: PIE: Created PIE world by copying editor world from /Game/levels/mainmenu.mainmenu to /Game/levels/UEDPIE_0_mainmenu.mainmenu (0.008321s)
[2020.10.22-22.04.42:741][665]LogInit: XAudio2 using 'Speakers (Realtek High Definition Audio)' : 2 channels at 48 kHz using 32 bits per sample (channel mask 0x3)
[2020.10.22-22.04.42:844][665]LogInit: FAudioDevice initialized.
[2020.10.22-22.04.42:935][665]LogLoad: Game class is 'GameModeBase'
[2020.10.22-22.04.42:940][665]LogWorld: Bringing World /Game/levels/UEDPIE_0_mainmenu.mainmenu up for play (max tick rate 0) at 2020.10.22-19.04.42
[2020.10.22-22.04.42:941][665]LogWorld: Bringing up level for play took: 0.003583
[2020.10.22-22.04.42:972][665]PIE: Información Tiempo de inicio de la reproducción en el editor para  /Game/levels/UEDPIE_0_mainmenu -0,037
[2020.10.22-22.04.42:973][665]LogBlueprintUserMessages: Late PlayInEditor Detection: Level '/Game/levels/mainmenu.mainmenu:PersistentLevel' has LevelScriptBlueprint '/Game/levels/mainmenu.mainmenu:PersistentLevel.mainmenu' with GeneratedClass '/Game/levels/mainmenu.mainmenu_C' with ClassGeneratedBy '/Game/levels/mainmenu.mainmenu:PersistentLevel.mainmenu'
[2020.10.22-22.04.44:962][691]LogBlueprintUserMessages: Early EndPlayMap Detection: Level '/Game/levels/mainmenu.mainmenu:PersistentLevel' has LevelScriptBlueprint '/Game/levels/mainmenu.mainmenu:PersistentLevel.mainmenu' with GeneratedClass '/Game/levels/mainmenu.mainmenu_C' with ClassGeneratedBy '/Game/levels/mainmenu.mainmenu:PersistentLevel.mainmenu'
[2020.10.22-22.04.45:040][691]LogBlueprintUserMessages: Late EndPlayMap Detection: Level '/Game/levels/mainmenu.mainmenu:PersistentLevel' has LevelScriptBlueprint '/Game/levels/mainmenu.mainmenu:PersistentLevel.mainmenu' with GeneratedClass '/Game/levels/mainmenu.mainmenu_C' with ClassGeneratedBy '/Game/levels/mainmenu.mainmenu:PersistentLevel.mainmenu'
[2020.10.22-22.04.49:170][802]LogTemp: Repeting last play command: New Editor Window (PIE)
[2020.10.22-22.04.49:234][802]LogBlueprintUserMessages: Early PlayInEditor Detection: Level '/Game/levels/mainmenu.mainmenu:PersistentLevel' has LevelScriptBlueprint '/Game/levels/mainmenu.mainmenu:PersistentLevel.mainmenu' with GeneratedClass '/Game/levels/mainmenu.mainmenu_C' with ClassGeneratedBy '/Game/levels/mainmenu.mainmenu:PersistentLevel.mainmenu'
[2020.10.22-22.04.49:235][802]LogPlayLevel: PlayLevel: No blueprints needed recompiling
[2020.10.22-22.04.49:236][802]PIE: New page: Sesión PIE (reproducción en el editor): mainmenu (22/10/2020 16:04:49)
[2020.10.22-22.04.49:236][802]LogPlayLevel: Creating play world package: /Game/levels/UEDPIE_0_mainmenu
[2020.10.22-22.04.49:241][802]LogPlayLevel: PIE: StaticDuplicateObject took: (0.004614s)
[2020.10.22-22.04.49:245][802]LogAIModule: Creating AISystem for world mainmenu
[2020.10.22-22.04.49:245][802]LogPlayLevel: PIE: World Init took: (0.004578s)
[2020.10.22-22.04.49:246][802]LogPlayLevel: PIE: Created PIE world by copying editor world from /Game/levels/mainmenu.mainmenu to /Game/levels/UEDPIE_0_mainmenu.mainmenu (0.010004s)
[2020.10.22-22.04.49:401][802]LogInit: XAudio2 using 'Speakers (Realtek High Definition Audio)' : 2 channels at 48 kHz using 32 bits per sample (channel mask 0x3)
[2020.10.22-22.04.49:507][802]LogInit: FAudioDevice initialized.
[2020.10.22-22.04.49:599][802]LogLoad: Game class is 'GameModeBase'
[2020.10.22-22.04.49:605][802]LogWorld: Bringing World /Game/levels/UEDPIE_0_mainmenu.mainmenu up for play (max tick rate 0) at 2020.10.22-19.04.49
[2020.10.22-22.04.49:606][802]LogWorld: Bringing up level for play took: 0.003732
[2020.10.22-22.04.49:632][802]PIE: Información Tiempo de inicio de la reproducción en el editor para  /Game/levels/UEDPIE_0_mainmenu 0,623
[2020.10.22-22.04.49:633][802]LogBlueprintUserMessages: Late PlayInEditor Detection: Level '/Game/levels/mainmenu.mainmenu:PersistentLevel' has LevelScriptBlueprint '/Game/levels/mainmenu.mainmenu:PersistentLevel.mainmenu' with GeneratedClass '/Game/levels/mainmenu.mainmenu_C' with ClassGeneratedBy '/Game/levels/mainmenu.mainmenu:PersistentLevel.mainmenu'
[2020.10.22-22.04.53:719][848]LogBlueprintUserMessages: Early EndPlayMap Detection: Level '/Game/levels/mainmenu.mainmenu:PersistentLevel' has LevelScriptBlueprint '/Game/levels/mainmenu.mainmenu:PersistentLevel.mainmenu' with GeneratedClass '/Game/levels/mainmenu.mainmenu_C' with ClassGeneratedBy '/Game/levels/mainmenu.mainmenu:PersistentLevel.mainmenu'
[2020.10.22-22.04.53:764][848]LogBlueprintUserMessages: Late EndPlayMap Detection: Level '/Game/levels/mainmenu.mainmenu:PersistentLevel' has LevelScriptBlueprint '/Game/levels/mainmenu.mainmenu:PersistentLevel.mainmenu' with GeneratedClass '/Game/levels/mainmenu.mainmenu_C' with ClassGeneratedBy '/Game/levels/mainmenu.mainmenu:PersistentLevel.mainmenu'
[2020.10.22-22.05.28:715][805]LogMetaData: Removing '/Game/UI/mainmenu.SKEL_mainmenu_C' ref from Metadata '/Game/UI/mainmanu.PackageMetaData'
[2020.10.22-22.05.28:715][805]LogMetaData: Removing '/Game/UI/mainmenu.mainmenu_C' ref from Metadata '/Game/UI/mainmanu.PackageMetaData'
[2020.10.22-22.05.28:715][805]LogMetaData: Removing '/Game/UI/mainmenu.mainmenu:EventGraph.K2Node_Event_0' ref from Metadata '/Game/UI/mainmanu.PackageMetaData'
[2020.10.22-22.05.28:715][805]LogMetaData: Removing '/Game/UI/mainmenu.mainmenu:EventGraph.K2Node_Event_1' ref from Metadata '/Game/UI/mainmanu.PackageMetaData'
[2020.10.22-22.05.28:820][805]Cmd: OBJ SAVEPACKAGE PACKAGE="/Game/UI/mainmenu" FILE="../../../../../../Users/Belci_3/Documents/GitHub/Proyecto-Laberinto-Grupo-1/ProyectoLabApps/Content/UI/mainmenu.uasset" SILENT=true
[2020.10.22-22.05.28:968][805]LogSavePackage: Save=134.66ms
[2020.10.22-22.05.28:968][805]LogSavePackage: Moving '../../../../../../Users/Belci_3/Documents/GitHub/Proyecto-Laberinto-Grupo-1/ProyectoLabApps/Saved/mainmenu31E5AF8742B76C072C397C83B1E9E5D3.tmp' to '../../../../../../Users/Belci_3/Documents/GitHub/Proyecto-Laberinto-Grupo-1/ProyectoLabApps/Content/UI/mainmenu.uasset'
[2020.10.22-22.05.28:982][805]LogSavePackage:Display: Finished SavePackage ../../../../../../Users/Belci_3/Documents/GitHub/Proyecto-Laberinto-Grupo-1/ProyectoLabApps/Content/UI/mainmenu.uasset
[2020.10.22-22.05.29:001][805]Cmd: OBJ SAVEPACKAGE PACKAGE="/Game/UI/mainmanu" FILE="../../../../../../Users/Belci_3/Documents/GitHub/Proyecto-Laberinto-Grupo-1/ProyectoLabApps/Content/UI/mainmanu.uasset" SILENT=true
[2020.10.22-22.05.29:042][805]LogSavePackage: Save=13.16ms
[2020.10.22-22.05.29:042][805]LogSavePackage: Moving '../../../../../../Users/Belci_3/Documents/GitHub/Proyecto-Laberinto-Grupo-1/ProyectoLabApps/Saved/mainmanu817CDE14431546F5893AEC959BE3853A.tmp' to '../../../../../../Users/Belci_3/Documents/GitHub/Proyecto-Laberinto-Grupo-1/ProyectoLabApps/Content/UI/mainmanu.uasset'
[2020.10.22-22.05.29:058][805]LogSavePackage:Display: Finished SavePackage ../../../../../../Users/Belci_3/Documents/GitHub/Proyecto-Laberinto-Grupo-1/ProyectoLabApps/Content/UI/mainmanu.uasset
[2020.10.22-22.05.42:995][131]LogAIModule: Creating AISystem for world world
[2020.10.22-22.05.43:242][131]Cmd: MAP LOAD FILE="../../../../../../Users/Belci_3/Documents/GitHub/Proyecto-Laberinto-Grupo-1/ProyectoLabApps/Content/levels/world.umap" TEMPLATE=0 SHOWPROGRESS=1 FEATURELEVEL=2
[2020.10.22-22.05.43:243][131]LightingResults: New page: Diseñar la iluminación
[2020.10.22-22.05.43:251][131]LoadErrors: New page: Cargando mapa: world.umap
[2020.10.22-22.05.43:253][131]MapCheck: New page: Revisión del mapa
[2020.10.22-22.05.43:253][131]LightingResults: New page: Diseñar la iluminación
[2020.10.22-22.05.43:544][131]LogEditorServer: Finished looking for orphan Actors (0.000 secs)
[2020.10.22-22.05.43:687][131]Cmd: MAP CHECKDEP NOCLEARLOG
[2020.10.22-22.05.49:548][131]MapCheck: Información Map check complete: 0 Error(s), 0 Warning(s), took 5.860,123ms to complete.
[2020.10.22-22.05.49:552][131]LogFileHelpers: Loading map 'world' took 6.325
[2020.10.22-22.05.51:041][134]LogD3D11RHI: Timed out while waiting for GPU to catch up. (0.5 s)
[2020.10.22-22.06.00:129][364]LogTemp: Repeting last play command: New Editor Window (PIE)
[2020.10.22-22.06.00:200][364]LogBlueprintUserMessages: Early PlayInEditor Detection: Level '/Game/levels/world.world:PersistentLevel' has LevelScriptBlueprint '/Game/levels/world.world:PersistentLevel.world' with GeneratedClass '/Game/levels/world.world_C' with ClassGeneratedBy '/Game/levels/world.world:PersistentLevel.world'
[2020.10.22-22.06.00:200][364]LogPlayLevel: PlayLevel: No blueprints needed recompiling
[2020.10.22-22.06.00:201][364]PIE: New page: Sesión PIE (reproducción en el editor): world (22/10/2020 16:06:00)
[2020.10.22-22.06.00:201][364]LogPlayLevel: Creating play world package: /Game/levels/UEDPIE_0_world
[2020.10.22-22.06.00:710][364]LogPlayLevel: PIE: StaticDuplicateObject took: (0.507905s)
[2020.10.22-22.06.00:712][364]LogAIModule: Creating AISystem for world world
[2020.10.22-22.06.00:713][364]LogPlayLevel: PIE: World Init took: (0.003771s)
[2020.10.22-22.06.00:714][364]LogPlayLevel: PIE: Created PIE world by copying editor world from /Game/levels/world.world to /Game/levels/UEDPIE_0_world.world (0.512699s)
[2020.10.22-22.06.00:874][364]LogInit: XAudio2 using 'Speakers (Realtek High Definition Audio)' : 2 channels at 48 kHz using 32 bits per sample (channel mask 0x3)
[2020.10.22-22.06.00:979][364]LogInit: FAudioDevice initialized.
[2020.10.22-22.06.01:080][364]LogLoad: Game class is 'GameModeBase'
[2020.10.22-22.06.01:263][364]LogWorld: Bringing World /Game/levels/UEDPIE_0_world.world up for play (max tick rate 0) at 2020.10.22-19.06.01
[2020.10.22-22.06.01:269][364]LogWorld: Bringing up level for play took: 0.187014
[2020.10.22-22.06.01:301][364]PIE: Información Tiempo de inicio de la reproducción en el editor para  /Game/levels/UEDPIE_0_world 0,289
[2020.10.22-22.06.01:303][364]LogBlueprintUserMessages: Late PlayInEditor Detection: Level '/Game/levels/world.world:PersistentLevel' has LevelScriptBlueprint '/Game/levels/world.world:PersistentLevel.world' with GeneratedClass '/Game/levels/world.world_C' with ClassGeneratedBy '/Game/levels/world.world:PersistentLevel.world'
[2020.10.22-22.06.02:478][366]LogD3D11RHI: Timed out while waiting for GPU to catch up. (0.5 s)
[2020.10.22-22.08.29:940][638]LogBlueprintUserMessages: Early EndPlayMap Detection: Level '/Game/levels/world.world:PersistentLevel' has LevelScriptBlueprint '/Game/levels/world.world:PersistentLevel.world' with GeneratedClass '/Game/levels/world.world_C' with ClassGeneratedBy '/Game/levels/world.world:PersistentLevel.world'
[2020.10.22-22.08.30:235][638]LogBlueprintUserMessages: Late EndPlayMap Detection: Level '/Game/levels/world.world:PersistentLevel' has LevelScriptBlueprint '/Game/levels/world.world:PersistentLevel.world' with GeneratedClass '/Game/levels/world.world_C' with ClassGeneratedBy '/Game/levels/world.world:PersistentLevel.world'
[2020.10.22-22.09.04:130][574]LogEditorViewport: Clicking on Actor (LMB): StaticMeshActor (Floor_3)
[2020.10.22-22.09.11:700][700]Cmd: SELECT NONE
[2020.10.22-22.10.20:462][813]LogEditorViewport: Clicking on Actor (LMB): AtmosphericFog (Atmospheric Fog)
[2020.10.22-22.10.22:408][847]Cmd: DELETE
[2020.10.22-22.10.22:408][847]Cmd: ACTOR DELETE
[2020.10.22-22.10.22:476][847]LogEditorActor: Deleted Actor: AtmosphericFog
[2020.10.22-22.10.22:645][847]LogEditorActor: Deleted 1 Actors (0.179 secs)
[2020.10.22-22.10.30:072][  7]LogTemp: Repeting last play command: New Editor Window (PIE)
[2020.10.22-22.10.30:133][  7]LogBlueprintUserMessages: Early PlayInEditor Detection: Level '/Game/levels/world.world:PersistentLevel' has LevelScriptBlueprint '/Game/levels/world.world:PersistentLevel.world' with GeneratedClass '/Game/levels/world.world_C' with ClassGeneratedBy '/Game/levels/world.world:PersistentLevel.world'
[2020.10.22-22.10.30:133][  7]LogPlayLevel: PlayLevel: No blueprints needed recompiling
[2020.10.22-22.10.30:134][  7]PIE: New page: Sesión PIE (reproducción en el editor): world (22/10/2020 16:10:30)
[2020.10.22-22.10.30:134][  7]LogPlayLevel: Creating play world package: /Game/levels/UEDPIE_0_world
[2020.10.22-22.10.30:472][  7]LogPlayLevel: PIE: StaticDuplicateObject took: (0.337450s)
[2020.10.22-22.10.30:475][  7]LogAIModule: Creating AISystem for world world
[2020.10.22-22.10.30:476][  7]LogPlayLevel: PIE: World Init took: (0.003834s)
[2020.10.22-22.10.30:476][  7]LogPlayLevel: PIE: Created PIE world by copying editor world from /Game/levels/world.world to /Game/levels/UEDPIE_0_world.world (0.342292s)
[2020.10.22-22.10.30:619][  7]LogInit: XAudio2 using 'Speakers (Realtek High Definition Audio)' : 2 channels at 48 kHz using 32 bits per sample (channel mask 0x3)
[2020.10.22-22.10.30:734][  7]LogInit: FAudioDevice initialized.
[2020.10.22-22.10.30:908][  7]LogLoad: Game class is 'GameModeBase'
[2020.10.22-22.10.30:972][  7]LogWorld: Bringing World /Game/levels/UEDPIE_0_world.world up for play (max tick rate 0) at 2020.10.22-19.10.30
[2020.10.22-22.10.30:978][  7]LogWorld: Bringing up level for play took: 0.068680
[2020.10.22-22.10.31:013][  7]PIE: Información Tiempo de inicio de la reproducción en el editor para  /Game/levels/UEDPIE_0_world 0,004
[2020.10.22-22.10.31:016][  7]LogBlueprintUserMessages: Late PlayInEditor Detection: Level '/Game/levels/world.world:PersistentLevel' has LevelScriptBlueprint '/Game/levels/world.world:PersistentLevel.world' with GeneratedClass '/Game/levels/world.world_C' with ClassGeneratedBy '/Game/levels/world.world:PersistentLevel.world'
[2020.10.22-22.10.48:821][163]LogBlueprintUserMessages: Early EndPlayMap Detection: Level '/Game/levels/world.world:PersistentLevel' has LevelScriptBlueprint '/Game/levels/world.world:PersistentLevel.world' with GeneratedClass '/Game/levels/world.world_C' with ClassGeneratedBy '/Game/levels/world.world:PersistentLevel.world'
[2020.10.22-22.10.49:087][163]LogBlueprintUserMessages: Late EndPlayMap Detection: Level '/Game/levels/world.world:PersistentLevel' has LevelScriptBlueprint '/Game/levels/world.world:PersistentLevel.world' with GeneratedClass '/Game/levels/world.world_C' with ClassGeneratedBy '/Game/levels/world.world:PersistentLevel.world'
[2020.10.22-22.10.51:652][227]LogEditorViewport: Clicking on Actor (LMB): StaticMeshActor (Floor_3)
[2020.10.22-22.11.15:981][736]Cmd: SELECT NONE
[2020.10.22-22.11.57:191][597]LogEditorViewport: Clicking on Actor (LMB): StaticMeshActor (Floor_3)
[2020.10.22-22.12.11:917][901]LogEditorViewport: Clicking on Actor (LMB): StaticMeshActor (Floor_5)
[2020.10.22-22.12.14:090][933]LogEditorViewport: Clicking on Actor (LMB): StaticMeshActor (Floor_3)
[2020.10.22-22.12.22:789][123]Cmd: SELECT NONE
[2020.10.22-22.12.35:401][403]LogEditorViewport: Clicking on Actor (LMB): StaticMeshActor (Floor_3)
[2020.10.22-22.12.55:416][821]LogEditorViewport: Clicking on Actor (LMB): StaticMeshActor (Floor_11)
[2020.10.22-22.12.57:604][876]Cmd: DELETE
[2020.10.22-22.12.57:604][876]Cmd: ACTOR DELETE
[2020.10.22-22.12.57:609][876]LogEditorActor: Deleted Actor: StaticMeshActor
[2020.10.22-22.12.57:811][876]LogEditorActor: Deleted 1 Actors (0.206 secs)
[2020.10.22-22.13.01:598][943]LogEditorViewport: Clicking on Actor (context menu): StaticMeshActor (MaterialSphere_6)
[2020.10.22-22.13.02:597][943]LogEditorViewport: Clicking on Actor (LMB): StaticMeshActor (MaterialSphere_6)
[2020.10.22-22.13.03:980][969]Cmd: DELETE
[2020.10.22-22.13.03:980][969]Cmd: ACTOR DELETE
[2020.10.22-22.13.03:985][969]LogEditorActor: Deleted Actor: StaticMeshActor
[2020.10.22-22.13.04:127][969]LogEditorActor: Deleted 1 Actors (0.147 secs)
[2020.10.22-22.13.10:654][ 80]LogEditorViewport: Clicking on Actor (LMB): StaticMeshActor (Floor_3)
[2020.10.22-22.13.24:851][302]LogEditorViewport: Clicking on Actor (LMB): StaticMeshActor (Floor_37)
[2020.10.22-22.13.29:006][374]Cmd: SELECT NONE
[2020.10.22-22.13.32:376][446]LogEditorViewport: Clicking on Actor (LMB): StaticMeshActor (Floor_32)
[2020.10.22-22.15.31:529][966]LogTemp: Repeting last play command: New Editor Window (PIE)
[2020.10.22-22.15.31:570][966]LogBlueprintUserMessages: Early PlayInEditor Detection: Level '/Game/levels/world.world:PersistentLevel' has LevelScriptBlueprint '/Game/levels/world.world:PersistentLevel.world' with GeneratedClass '/Game/levels/world.world_C' with ClassGeneratedBy '/Game/levels/world.world:PersistentLevel.world'
[2020.10.22-22.15.31:570][966]LogPlayLevel: PlayLevel: No blueprints needed recompiling
[2020.10.22-22.15.31:571][966]PIE: New page: Sesión PIE (reproducción en el editor): world (22/10/2020 16:15:31)
[2020.10.22-22.15.31:571][966]LogPlayLevel: Creating play world package: /Game/levels/UEDPIE_0_world
[2020.10.22-22.15.31:818][966]LogPlayLevel: PIE: StaticDuplicateObject took: (0.246012s)
[2020.10.22-22.15.31:826][966]LogAIModule: Creating AISystem for world world
[2020.10.22-22.15.31:826][966]LogPlayLevel: PIE: World Init took: (0.008511s)
[2020.10.22-22.15.31:827][966]LogPlayLevel: PIE: Created PIE world by copying editor world from /Game/levels/world.world to /Game/levels/UEDPIE_0_world.world (0.255451s)
[2020.10.22-22.15.31:947][966]LogInit: XAudio2 using 'Speakers (Realtek High Definition Audio)' : 2 channels at 48 kHz using 32 bits per sample (channel mask 0x3)
[2020.10.22-22.15.32:015][966]LogInit: FAudioDevice initialized.
[2020.10.22-22.15.32:078][966]LogLoad: Game class is 'GameModeBase'
[2020.10.22-22.15.32:126][966]LogWorld: Bringing World /Game/levels/UEDPIE_0_world.world up for play (max tick rate 0) at 2020.10.22-19.15.32
[2020.10.22-22.15.32:128][966]LogWorld: Bringing up level for play took: 0.048399
[2020.10.22-22.15.32:144][966]PIE: Información Tiempo de inicio de la reproducción en el editor para  /Game/levels/UEDPIE_0_world 1,134
[2020.10.22-22.15.32:145][966]LogBlueprintUserMessages: Late PlayInEditor Detection: Level '/Game/levels/world.world:PersistentLevel' has LevelScriptBlueprint '/Game/levels/world.world:PersistentLevel.world' with GeneratedClass '/Game/levels/world.world_C' with ClassGeneratedBy '/Game/levels/world.world:PersistentLevel.world'
[2020.10.22-22.15.33:070][968]LogD3D11RHI: Timed out while waiting for GPU to catch up. (0.5 s)
[2020.10.22-22.16.19:606][413]LogBlueprintUserMessages: Early EndPlayMap Detection: Level '/Game/levels/world.world:PersistentLevel' has LevelScriptBlueprint '/Game/levels/world.world:PersistentLevel.world' with GeneratedClass '/Game/levels/world.world_C' with ClassGeneratedBy '/Game/levels/world.world:PersistentLevel.world'
[2020.10.22-22.16.20:057][413]LogBlueprintUserMessages: Late EndPlayMap Detection: Level '/Game/levels/world.world:PersistentLevel' has LevelScriptBlueprint '/Game/levels/world.world:PersistentLevel.world' with GeneratedClass '/Game/levels/world.world_C' with ClassGeneratedBy '/Game/levels/world.world:PersistentLevel.world'
[2020.10.22-22.16.50:072][989]LogSavePackage: Save=7732.56ms
[2020.10.22-22.16.50:072][989]LogSavePackage: Moving '../../../../../../Users/Belci_3/Documents/GitHub/Proyecto-Laberinto-Grupo-1/ProyectoLabApps/Saved/worldFDD56E7540996C927F2AA9A5EFE20FC3.tmp' to '../../../../../../Users/Belci_3/Documents/GitHub/Proyecto-Laberinto-Grupo-1/ProyectoLabApps/Content/levels/world.umap'
[2020.10.22-22.16.50:136][989]LogSavePackage:Display: Finished SavePackage ../../../../../../Users/Belci_3/Documents/GitHub/Proyecto-Laberinto-Grupo-1/ProyectoLabApps/Content/levels/world.umap
[2020.10.22-22.16.50:232][989]LogFileHelpers: Saving map 'world' took 8.680
