Log file open, 11/06/20 19:43:03
LogInit:Display: Running engine for game: ProyectoLabApps
LogPlatformFile: Not using cached read wrapper
LogInit:Display: RandInit(383211874) SRandInit(383211875).
LogTaskGraph: Started task graph with 5 named threads and 6 total threads with 1 sets of task threads.
LogStats: Stats thread started at 0.245290
LogInit: Using libcurl 7.47.1
LogInit:  - built for x86_64-pc-win32
LogInit:  - supports SSL with OpenSSL/1.0.2g
LogInit:  - supports HTTP deflate (compression) using libz 1.2.8
LogInit:  - other features:
LogInit:      CURL_VERSION_SSL
LogInit:      CURL_VERSION_LIBZ
LogInit:      CURL_VERSION_IPV6
LogInit:      CURL_VERSION_ASYNCHDNS
LogInit:      CURL_VERSION_LARGEFILE
LogInit:      CURL_VERSION_IDN
LogInit:  CurlRequestOptions (configurable via config and command line):
LogInit:  - bVerifyPeer = false  - Libcurl will NOT verify peer certificate
LogInit:  - bUseHttpProxy = false  - Libcurl will NOT use HTTP proxy
LogInit:  - bDontReuseConnections = false  - Libcurl will reuse connections
LogInit:  - CertBundlePath = nullptr  - Libcurl will use whatever was configured at build time.
LogInit: Build: ++UE4+Release-4.15-CL-3450819
LogInit: Engine Version: 4.15.3-3450819+++UE4+Release-4.15
LogInit: Compatible Engine Version: 4.15.0-3299760+++UE4+Release-4.15
LogInit: Net CL: 3299760
LogDevObjectVersion: Number of dev versions registered: 14
LogDevObjectVersion:   Dev-Blueprints (B0D832E4-1F89-4F0D-ACCF-7EB736FD4AA2): 8
LogDevObjectVersion:   Dev-Build (E1C64328-A22C-4D53-A36C-8E866417BD8C): 0
LogDevObjectVersion:   Dev-Core (375EC13C-06E4-48FB-B500-84F0262A717E): 2
LogDevObjectVersion:   Dev-Editor (E4B068ED-F494-42E9-A231-DA0B2E46BB41): 14
LogDevObjectVersion:   Dev-Framework (CFFC743F-43B0-4480-9391-14DF171D2073): 22
LogDevObjectVersion:   Dev-Mobile (B02B49B5-BB20-44E9-A304-32B752E40360): 0
LogDevObjectVersion:   Dev-Networking (A4E4105C-59A1-49B5-A7C5-40C4547EDFEE): 0
LogDevObjectVersion:   Dev-Online (39C831C9-5AE6-47DC-9A44-9C173E1C8E7C): 0
LogDevObjectVersion:   Dev-Physics (78F01B33-EBEA-4F98-B9B4-84EACCB95AA2): 0
LogDevObjectVersion:   Dev-Platform (6631380F-2D4D-43E0-8009-CF276956A95A): 0
LogDevObjectVersion:   Dev-Rendering (12F88B9F-8875-4AFC-A67C-D90C383ABD29): 12
LogDevObjectVersion:   Dev-Sequencer (7B5AE74C-D270-4C10-A958-57980B212A5A): 3
LogDevObjectVersion:   Dev-VR (D7296918-1DD6-4BDD-9DE2-64A83CC13884): 0
LogDevObjectVersion:   Dev-LoadTimes (C2A15278-BFE7-4AFE-6C17-90FF531DF755): 1
LogInit: Compiled (64-bit): May 21 2017 11:02:34
LogInit: Compiled with Visual C++: 19.00.23026.00
LogInit: Build Configuration: Development
LogInit: Branch Name: ++UE4+Release-4.15
LogInit: Command line: 
LogInit: Base directory: C:/Program Files/Epic Games/UE_4.15/Engine/Binaries/Win64/
LogInit: Installed Engine Build: 1
LogInit: Presizing for max 8388607 objects, including 0 objects not considered by GC, pre-allocating 0 bytes for permanent pool.
LogInit: Object subsystem initialized
[2020.11.06-22.43.06:779][  0]LogInit: Selected Device Profile: [Windows]
[2020.11.06-22.43.06:779][  0]LogInit: Applying CVar settings loaded from the selected device profile: [Windows]
[2020.11.06-22.43.06:859][  0]LogInit: Computer: BELU
[2020.11.06-22.43.06:860][  0]LogInit: User: Beluu
[2020.11.06-22.43.06:860][  0]LogInit: CPU Page size=65536, Cores=2
[2020.11.06-22.43.06:860][  0]LogInit: High frequency timer resolution =2.143578 MHz
[2020.11.06-22.43.06:861][  0]LogMemory: Memory total: Physical=3.7GB (4GB approx)
[2020.11.06-22.43.06:861][  0]LogMemory: Platform Memory Stats for Windows
[2020.11.06-22.43.06:861][  0]LogMemory: Process Physical Memory: 263.06 MB used, 263.06 MB peak
[2020.11.06-22.43.06:861][  0]LogMemory: Process Virtual Memory: 262.29 MB used, 262.29 MB peak
[2020.11.06-22.43.06:861][  0]LogMemory: Physical Memory: 2798.98 MB used,  996.55 MB free, 3795.54 MB total
[2020.11.06-22.43.06:861][  0]LogMemory: Virtual Memory: 638.50 MB used,  996.55 MB free, 134217728.00 MB total
[2020.11.06-22.43.07:411][  0]LogTextLocalizationManager: No specific translations for ('es-AR') exist, so ('es') translations will be used.
[2020.11.06-22.43.09:513][  0]LogD3D11RHI: D3D11 adapters:
[2020.11.06-22.43.09:522][  0]LogD3D11RHI:    0. 'Intel(R) HD Graphics' (Feature Level 10_0)
[2020.11.06-22.43.09:522][  0]LogD3D11RHI:       32/0/1632 MB DedicatedVideo/DedicatedSystem/SharedSystem, Outputs:1, VendorId:0x8086
[2020.11.06-22.43.09:528][  0]LogD3D11RHI:    1. 'Microsoft Basic Render Driver' (Feature Level 11_0)
[2020.11.06-22.43.09:528][  0]LogD3D11RHI:       0/0/1897 MB DedicatedVideo/DedicatedSystem/SharedSystem, Outputs:0, VendorId:0x1414
[2020.11.06-22.43.09:528][  0]LogD3D11RHI: Chosen D3D11 Adapter: 0
[2020.11.06-22.43.09:540][  0]LogD3D11RHI: Creating new Direct3DDevice
[2020.11.06-22.43.09:540][  0]LogD3D11RHI:     GPU DeviceId: 0x106 (for the marketing name, search the web for "GPU Device Id")
[2020.11.06-22.43.09:540][  0]LogWindows: EnumDisplayDevices:
[2020.11.06-22.43.09:540][  0]LogWindows:    0. 'Intel(R) HD Graphics' (P:1 D:1)
[2020.11.06-22.43.09:541][  0]LogWindows:    1. 'Intel(R) HD Graphics' (P:0 D:0)
[2020.11.06-22.43.09:541][  0]LogWindows: DebugString: FoundDriverCount:2 
[2020.11.06-22.43.09:541][  0]LogD3D11RHI:     Adapter Name: Intel(R) HD Graphics
[2020.11.06-22.43.09:541][  0]LogD3D11RHI:   Driver Version: 9.17.10.4459 (internal:9.17.10.4459, unified:9.17.10.4459)
[2020.11.06-22.43.09:541][  0]LogD3D11RHI:      Driver Date: 5-19-2016
[2020.11.06-22.43.09:541][  0]LogRHI: Texture pool is 593 MB (70% of 848 MB)
[2020.11.06-22.43.09:548][  0]LogD3D11RHI: Async texture creation enabled
[2020.11.06-22.43.09:583][  0]LogD3D11RHI: GPU Timing Frequency: 12.500000 (Debug: 2 1)
[2020.11.06-22.43.09:585][  0]LogShaderCompilers: Guid format shader working directory is -44 characters bigger than the processId version (../../../../../../Users/Belci_3/Documents/GitHub/Proyecto-Laberinto-Grupo-1/ProyectoLabApps/Intermediate/Shaders/WorkingDirectory/10248/).
[2020.11.06-22.43.09:603][  0]LogShaderCompilers: Cleaned the shader compiler working directory 'C:/Users/Belci_3/AppData/Local/Temp/UnrealShaderWorkingDir/CC9C0DA1424E3ACD0A28A0955A6F0488/'.
[2020.11.06-22.43.09:603][  0]LogShaderCompilers:Display: Using Local Shader Compiler.
[2020.11.06-22.43.14:712][  0]LogTemp:Display: Loaded TP AllDesktopTargetPlatform
[2020.11.06-22.43.15:078][  0]LogTemp:Display: Loaded TP MacClientTargetPlatform
[2020.11.06-22.43.15:482][  0]LogTemp:Display: Loaded TP MacNoEditorTargetPlatform
[2020.11.06-22.43.15:878][  0]LogTemp:Display: Loaded TP MacServerTargetPlatform
[2020.11.06-22.43.16:283][  0]LogTemp:Display: Loaded TP MacTargetPlatform
[2020.11.06-22.43.16:682][  0]LogTemp:Display: Loaded TP WindowsClientTargetPlatform
[2020.11.06-22.43.17:081][  0]LogTemp:Display: Loaded TP WindowsNoEditorTargetPlatform
[2020.11.06-22.43.17:484][  0]LogTemp:Display: Loaded TP WindowsServerTargetPlatform
[2020.11.06-22.43.17:829][  0]LogTemp:Display: Loaded TP WindowsTargetPlatform
[2020.11.06-22.43.18:230][  0]LogTemp:Display: Loaded TP AndroidTargetPlatform
[2020.11.06-22.43.18:643][  0]LogTemp:Display: Loaded TP Android_ASTCTargetPlatform
[2020.11.06-22.43.19:049][  0]LogTemp:Display: Loaded TP Android_ATCTargetPlatform
[2020.11.06-22.43.19:458][  0]LogTemp:Display: Loaded TP Android_DXTTargetPlatform
[2020.11.06-22.43.19:868][  0]LogTemp:Display: Loaded TP Android_ETC1TargetPlatform
[2020.11.06-22.43.20:273][  0]LogTemp:Display: Loaded TP Android_ETC2TargetPlatform
[2020.11.06-22.43.21:090][  0]LogTemp:Display: Loaded TP Android_MultiTargetPlatform
[2020.11.06-22.43.21:090][  0]LogTemp:Display: Loaded TP Android_PVRTCTargetPlatform
[2020.11.06-22.43.21:416][  0]LogTemp:Display: Loaded TP HTML5TargetPlatform
[2020.11.06-22.43.21:908][  0]LogTemp:Display: Loaded TP IOSTargetPlatform
[2020.11.06-22.43.22:116][  0]LogTemp:Display: Loaded TP TVOSTargetPlatform
[2020.11.06-22.43.22:433][  0]LogTemp:Display: Loaded TP LinuxClientTargetPlatform
[2020.11.06-22.43.22:752][  0]LogTemp:Display: Loaded TP LinuxNoEditorTargetPlatform
[2020.11.06-22.43.23:076][  0]LogTemp:Display: Loaded TP LinuxServerTargetPlatform
[2020.11.06-22.43.23:401][  0]LogTemp:Display: Loaded TP LinuxTargetPlatform
[2020.11.06-22.43.23:401][  0]LogTargetPlatformManager:Display: Building Assets For Windows
[2020.11.06-22.43.26:546][  0]LogDerivedDataCache:Display: Max Cache Size: 512 MB
[2020.11.06-22.43.26:743][  0]LogDerivedDataCache: Loaded boot cache 0.20s 48MB C:/Users/Belci_3/AppData/Local/UnrealEngine/4.15/DerivedDataCache/Boot.ddc.
[2020.11.06-22.43.26:743][  0]LogDerivedDataCache:Display: Loaded Boot cache: C:/Users/Belci_3/AppData/Local/UnrealEngine/4.15/DerivedDataCache/Boot.ddc
[2020.11.06-22.43.26:743][  0]LogDerivedDataCache: FDerivedDataBackendGraph:  Pak pak cache file ../../../../../../Users/Belci_3/Documents/GitHub/Proyecto-Laberinto-Grupo-1/ProyectoLabApps/DerivedDataCache/DDC.ddp not found, will not use a pak cache.
[2020.11.06-22.43.26:743][  0]LogDerivedDataCache: Unable to find inner node Pak for hierarchical cache Hierarchy.
[2020.11.06-22.43.26:744][  0]LogDerivedDataCache: FDerivedDataBackendGraph:  CompressedPak pak cache file ../../../../../../Users/Belci_3/Documents/GitHub/Proyecto-Laberinto-Grupo-1/ProyectoLabApps/DerivedDataCache/Compressed.ddp not found, will not use a pak cache.
[2020.11.06-22.43.26:744][  0]LogDerivedDataCache: Unable to find inner node CompressedPak for hierarchical cache Hierarchy.
[2020.11.06-22.43.26:833][  0]LogDerivedDataCache:Display: Pak cache opened for reading ../../../Engine/DerivedDataCache/Compressed.ddp.
[2020.11.06-22.43.26:850][  0]LogDerivedDataCache: Using Local data cache path C:/Users/Belci_3/AppData/Local/UnrealEngine/Common/DerivedDataCache: Writable
[2020.11.06-22.43.26:880][  0]LogSlate: Using Freetype 2.6.0
[2020.11.06-22.43.26:883][  0]LogSlate: SlateFontCache - WITH_FREETYPE: 1, WITH_HARFBUZZ: 1
[2020.11.06-22.43.26:883][  0]LogSlate: SlateFontCache - WITH_FREETYPE: 1, WITH_HARFBUZZ: 1
[2020.11.06-22.43.28:160][  0]LogInit: Selected Device Profile: [Windows]
[2020.11.06-22.43.28:172][  0]LogContentStreaming: Texture pool size is 0.00 MB
[2020.11.06-22.43.29:067][  0]LogMeshUtilities: Using QuadricMeshReduction for automatic static mesh reduction
[2020.11.06-22.43.29:275][  0]LogSimplygon: Simplygon DLL not present - disabling.
[2020.11.06-22.43.29:501][  0]LogMeshUtilities: Using SimplygonSwarm for distributed automatic mesh merging
[2020.11.06-22.43.29:501][  0]LogMeshUtilities: No automatic skeletal mesh reduction module available
[2020.11.06-22.43.29:501][  0]LogMeshUtilities: No automatic mesh merging module available
[2020.11.06-22.43.31:037][  0]LogNetVersion: GetLocalNetworkVersion: CL: 3299760, ProjectName: proyectolabapps, ProjectVersion: , EngineNetworkVersion: 2, GameNetworkVersion: 0, NetworkChecksum: 1791571130
[2020.11.06-22.43.31:164][  0]LogAssetRegistry: FAssetRegistry took 0.0569 seconds to start up
[2020.11.06-22.43.31:358][  0]LogPackageLocalizationCache: Processed 3 localized package path(s) for 2 prioritized culture(s) in 0.120682 seconds
[2020.11.06-22.43.31:367][  0]LogUObjectArray: 32493 objects as part of root set at end of initial load.
[2020.11.06-22.43.31:367][  0]LogUObjectAllocator: 7077024 out of 0 bytes used by permanent object pool.
[2020.11.06-22.43.31:367][  0]LogUObjectArray: CloseDisregardForGC: 0/0 objects in disregard for GC pool
[2020.11.06-22.43.31:552][  0]LogInit: WinSock: version 1.1 (2.2), MaxSocks=32767, MaxUdp=65467
[2020.11.06-22.43.35:731][  0]LogTcpMessaging: Initializing TcpMessaging bridge
[2020.11.06-22.43.35:826][  0]LogUdpMessaging: Initializing bridge on interface 0.0.0.0:0 to multicast group 230.0.0.1:6666.
[2020.11.06-22.43.37:294][  0]LogMaterial: Uniform references updated for custom material expression Custom.
[2020.11.06-22.43.38:402][  0]SourceControl: Información El control de código fuente está desactivado
[2020.11.06-22.43.38:404][  0]SourceControl: Información El control de código fuente está desactivado
[2020.11.06-22.43.38:551][  0]SourceControl: Información El control de código fuente está desactivado
[2020.11.06-22.43.38:693][  0]SourceControl: Información El control de código fuente está desactivado
[2020.11.06-22.43.42:433][  0]LogEngine: Initializing Engine...
[2020.11.06-22.43.42:434][  0]LogHMD: Failed to initialize OpenVR with code 110
[2020.11.06-22.43.42:639][  0]LogStats: UGameplayTagsManager::ConstructGameplayTagTree: Construct from data asset -  0.000 s
[2020.11.06-22.43.42:639][  0]LogStats: UGameplayTagsManager::ConstructGameplayTagTree: GameplayTagTreeChangedEvent.Broadcast -  0.000 s
[2020.11.06-22.43.42:985][  0]LogAIModule: Creating AISystem for world Untitled
[2020.11.06-22.43.42:998][  0]LogInit: XAudio2 using 'Speakers (Realtek High Definition Audio)' : 2 channels at 48 kHz using 32 bits per sample (channel mask 0x3)
[2020.11.06-22.43.43:047][  0]LogInit: FAudioDevice initialized.
[2020.11.06-22.43.43:122][  0]LogDerivedDataCache: Saved boot cache 0.07s 48MB C:/Users/Belci_3/AppData/Local/UnrealEngine/4.15/DerivedDataCache/Boot.ddc.
[2020.11.06-22.43.43:273][  0]LogInit: Texture streaming: Enabled
[2020.11.06-22.43.43:555][  0]LogEngineSessionManager: EngineSessionManager initialized
[2020.11.06-22.43.43:868][  0]LogInit: Transaction tracking system initialized
[2020.11.06-22.43.44:972][  0]BlueprintLog: New page: Cargar el editor
[2020.11.06-22.43.47:758][  0]LocalizationService: Información Localization service is disabled
[2020.11.06-22.43.50:221][  0]LogConsoleResponse:Display: 
[2020.11.06-22.43.50:713][  0]LogCook:Display: Max memory allowance for cook 16384mb min free memory 0mb
[2020.11.06-22.43.50:713][  0]LogCook:Display: Mobile HDR setting 1
[2020.11.06-22.43.51:912][  0]LogFileCache: Scanning file cache for directory 'C:/Users/Belci_3/Documents/GitHub/Proyecto-Laberinto-Grupo-1/ProyectoLabApps/Content/' took 0.04s
[2020.11.06-22.43.53:909][  0]SourceControl: Información El control de código fuente está desactivado
[2020.11.06-22.43.53:909][  0]Cmd: MAP LOAD FILE="../../../../../../Users/Belci_3/Documents/GitHub/Proyecto-Laberinto-Grupo-1/ProyectoLabApps/Content/StarterContent/Maps/Minimal_Default.umap" TEMPLATE=0 SHOWPROGRESS=1 FEATURELEVEL=2
[2020.11.06-22.43.53:909][  0]LogEditorServer:Warning: Can't find file '../../../../../../Users/Belci_3/Documents/GitHub/Proyecto-Laberinto-Grupo-1/ProyectoLabApps/Content/StarterContent/Maps/Minimal_Default.umap'
[2020.11.06-22.43.53:909][  0]Cmd: MAP CHECKDEP NOCLEARLOG
[2020.11.06-22.43.54:023][  0]MapCheck: Información Map check complete: 0 Error(s), 0 Warning(s), took 113,764ms to complete.
[2020.11.06-22.43.54:023][  0]LogFileHelpers: Loading map 'Minimal_Default' took 0.115
[2020.11.06-22.43.54:565][  0]LogWindowsTextInputMethodSystem:Display: IME system now deactivated.
[2020.11.06-22.43.59:813][  0]LogCollectionManager: Loaded 0 collections in 0.016091 seconds
[2020.11.06-22.44.01:162][  0]LogFileCache: Scanning file cache for directory 'C:/Users/Belci_3/Documents/GitHub/Proyecto-Laberinto-Grupo-1/ProyectoLabApps/Saved/Collections/' took 0.01s
[2020.11.06-22.44.01:162][  0]LogFileCache: Scanning file cache for directory 'C:/Users/Belci_3/Documents/GitHub/Proyecto-Laberinto-Grupo-1/ProyectoLabApps/Content/Developers/Beluu/Collections/' took 0.01s
[2020.11.06-22.44.01:162][  0]LogFileCache: Scanning file cache for directory 'C:/Users/Belci_3/Documents/GitHub/Proyecto-Laberinto-Grupo-1/ProyectoLabApps/Content/Collections/' took 0.01s
[2020.11.06-22.44.01:162][  0]LogCollectionManager: Rebuilt the GUID cache for 0 collections in 0.000007 seconds
[2020.11.06-22.44.01:388][  0]LogContentBrowser: Native class hierarchy populated in 0.1268 seconds. Added 2246 classes and 455 folders.
[2020.11.06-22.44.02:458][  0]LogContentBrowser: Native class hierarchy updated for 'WidgetCarousel' in 0.0097 seconds. Added 0 classes and 0 folders.
[2020.11.06-22.44.06:393][  0]LogContentBrowser: Native class hierarchy updated for 'AddContentDialog' in 0.0100 seconds. Added 0 classes and 0 folders.
[2020.11.06-22.44.07:360][  0]LogContentBrowser: Native class hierarchy updated for 'SceneOutliner' in 0.0093 seconds. Added 1 classes and 2 folders.
[2020.11.06-22.44.09:880][  0]LogCrashTracker: Crashtracker disabled due to settings.
[2020.11.06-22.44.10:493][  0]LogUObjectGlobals:Warning: Error al encontrar el objeto 'Class Ninguno.'
[2020.11.06-22.44.11:012][  0]LogContentBrowser: Native class hierarchy updated for 'HierarchicalLODOutliner' in 0.0095 seconds. Added 1 classes and 2 folders.
[2020.11.06-22.44.11:013][  0]LogLoad: (Engine Initialization) Total time: 74.65 seconds
[2020.11.06-22.44.11:013][  0]LogLoad: (Engine Initialization) Total Blueprint compile time: 0.13 seconds
[2020.11.06-22.44.11:013][  0]LogExternalProfiler: Found external profiler: VSPerf
[2020.11.06-22.44.11:013][  0]LogExternalProfiler: Using external profiler: VSPerf
[2020.11.06-22.44.11:033][  0]LogOcInput: OculusInput pre-init called
[2020.11.06-22.44.11:285][  0]LogContentStreaming: Texture pool size now 400 MB
[2020.11.06-22.44.11:290][  0]LogSlate: Took 0.000964 seconds to synchronously load lazily loaded font '../../../Engine/Content/Slate/Fonts/Roboto-Regular.ttf' (155K)
[2020.11.06-22.44.11:307][  0]LogSlate: Took 0.001300 seconds to synchronously load lazily loaded font '../../../Engine/Content/Slate/Fonts/Roboto-Bold.ttf' (160K)
[2020.11.06-22.44.11:576][  0]LogSlate: Took 0.085187 seconds to synchronously load lazily loaded font '../../../Engine/Content/Editor/Slate/Fonts/FontAwesome.ttf' (139K)
[2020.11.06-22.44.14:122][  0]LogRenderer: Reallocating scene render targets to support 756x356 NumSamples 1 (Frame:2).
[2020.11.06-22.44.20:599][  1]LogSlate: Took 0.040413 seconds to synchronously load lazily loaded font '../../../Engine/Content/Slate/Fonts/Roboto-Light.ttf' (159K)
[2020.11.06-22.44.24:631][ 64]LogRenderer: Reallocating scene render targets to support 760x372 NumSamples 1 (Frame:5).
[2020.11.06-22.44.37:249][426]LogAssetRegistry: Asset discovery search completed in 66.1417 seconds
[2020.11.06-22.44.37:249][426]LogCollectionManager: Rebuilt the object cache for 0 collections in 0.000015 seconds (found 0 objects)
[2020.11.06-22.44.37:249][426]LogCollectionManager: Fixed up redirectors for 0 collections in 0.000049 seconds (updated 0 objects)
[2020.11.06-22.45.09:538][355]LogSlate: Took 0.000786 seconds to synchronously load lazily loaded font '../../../Engine/Content/Slate/Fonts/Roboto-Light.ttf' (159K)
[2020.11.06-22.45.11:371][355]LogSlate: Took 0.000832 seconds to synchronously load lazily loaded font '../../../Engine/Content/Slate/Fonts/Roboto-Regular.ttf' (155K)
[2020.11.06-22.45.14:910][355]LogStaticMesh: Generando la malla estática BOTON_ROJO_Cube...
[2020.11.06-22.45.15:229][355]LogStaticMesh: Built static mesh [0.34s] /Game/ObjetosBlender/ActorMeshes/BOTON/BOTON_ROJO_Cube.BOTON_ROJO_Cube
[2020.11.06-22.45.15:612][355]LogStaticMesh: Generando la malla estática BOTON_ROJO_Cylinder...
[2020.11.06-22.45.15:634][355]LogStaticMesh: Built static mesh [0.05s] /Game/ObjetosBlender/ActorMeshes/BOTON/BOTON_ROJO_Cylinder.BOTON_ROJO_Cylinder
[2020.11.06-22.45.17:380][355]LogStaticMesh: Generando la malla estática SILLA...
[2020.11.06-22.45.18:528][355]LogStaticMesh: Built static mesh [1.19s] /Game/ObjetosBlender/StaticMeshes/SILLA/SILLA.SILLA
[2020.11.06-22.45.18:564][355]LogStaticMesh: Generando la malla estática SILLON...
[2020.11.06-22.45.19:152][355]LogStaticMesh: Built static mesh [0.60s] /Game/ObjetosBlender/StaticMeshes/SILLON/SILLON.SILLON
[2020.11.06-22.45.19:979][355]LogMaterial: Missing cached shader map for material alfombra-gris-fondo_1339-7411_Mat, compiling. 
[2020.11.06-22.45.20:020][355]LogTemp:Display: Added material ShaderMap 0x000002C494461600 with Material 0x000002C4B0109D80 to ShaderMapsBeingCompiled
[2020.11.06-22.45.20:237][355]LogTemp:Display: Kicking off shader compilation for alfombra-gris-fondo_1339-7411_Mat, GameThreadShaderMap 0x000002C494461600
[2020.11.06-22.45.20:377][355]LogTexture:Display: Building textures: HQ_Lightmap0_3 (AutoDXT, 512X512) - 78 MB total VRAM
[2020.11.06-22.45.21:736][355]LogTexture:Display: Building textures: HQ_Lightmap1_1 (AutoDXT, 1024X1024) - 78 MB total VRAM
[2020.11.06-22.45.25:006][355]LogTexture:Display: Building textures: HQ_Lightmap1_2 (AutoDXT, 1024X1024) - 78 MB total VRAM
[2020.11.06-22.45.27:158][355]LogTexture:Display: Building textures: LQ_Lightmap_0_3 (DXT1, 512X512) - 78 MB total VRAM
[2020.11.06-22.45.27:709][355]LogTexture:Display: Building textures: LQ_Lightmap_1_1 (DXT1, 1024X1024) - 78 MB total VRAM
[2020.11.06-22.45.28:828][355]LogTexture:Display: Building textures: LQ_Lightmap_1_2 (DXT1, 1024X1024) - 78 MB total VRAM
[2020.11.06-22.45.30:066][355]LogTexture:Display: Building textures: ShadowMapTexture2D_1 (BGRA8, 1024X1024) - 78 MB total VRAM
[2020.11.06-22.45.30:179][355]LogMaterial: Missing cached shader map for material NEGRO, compiling. 
[2020.11.06-22.45.30:180][355]LogTemp:Display: Added material ShaderMap 0x000002C49B8FEB00 with Material 0x000002C4AFDFD300 to ShaderMapsBeingCompiled
[2020.11.06-22.45.30:208][355]LogTemp:Display: Kicking off shader compilation for NEGRO, GameThreadShaderMap 0x000002C49B8FEB00
[2020.11.06-22.45.30:216][355]LogMaterial: Missing cached shader map for material ROJO_BOTON, compiling. 
[2020.11.06-22.45.30:217][355]LogTemp:Display: Added material ShaderMap 0x000002C4B9658F00 with Material 0x000002C4AFDEF400 to ShaderMapsBeingCompiled
[2020.11.06-22.45.30:230][355]LogTemp:Display: Kicking off shader compilation for ROJO_BOTON, GameThreadShaderMap 0x000002C4B9658F00
[2020.11.06-22.45.30:524][355]LogMaterial: Missing cached shader map for material Material_002, compiling. 
[2020.11.06-22.45.30:525][355]LogTemp:Display: Added material ShaderMap 0x000002C4B95AB580 with Material 0x000002C4B0121900 to ShaderMapsBeingCompiled
[2020.11.06-22.45.30:550][355]LogTemp:Display: Kicking off shader compilation for Material_002, GameThreadShaderMap 0x000002C4B95AB580
[2020.11.06-22.45.30:945][355]LogMaterial: Missing cached shader map for material T_Metal_Gold_Mat, compiling. 
[2020.11.06-22.45.30:947][355]LogTemp:Display: Added material ShaderMap 0x000002C4BB5BE780 with Material 0x000002C4B010D900 to ShaderMapsBeingCompiled
[2020.11.06-22.45.30:972][355]LogTemp:Display: Kicking off shader compilation for T_Metal_Gold_Mat, GameThreadShaderMap 0x000002C4BB5BE780
[2020.11.06-22.45.31:078][355]LogMaterial: Missing cached shader map for material Material_004, compiling. 
[2020.11.06-22.45.31:079][355]LogTemp:Display: Added material ShaderMap 0x000002C4BC240100 with Material 0x000002C4B00EB280 to ShaderMapsBeingCompiled
[2020.11.06-22.45.31:107][355]LogTemp:Display: Kicking off shader compilation for Material_004, GameThreadShaderMap 0x000002C4BC240100
[2020.11.06-22.45.32:796][355]LogAIModule: Creating AISystem for world Minimal_Default
[2020.11.06-22.45.33:572][355]Cmd: MAP LOAD FILE="../../../../../../Users/Belci_3/Documents/GitHub/Proyecto-Laberinto-Grupo-1/ProyectoLabApps/Content/Niveles/Mapa/Minimal_Default.umap" TEMPLATE=0 SHOWPROGRESS=1 FEATURELEVEL=2
[2020.11.06-22.45.33:573][355]LightingResults: New page: Diseñar la iluminación
[2020.11.06-22.45.33:696][355]LogContentBrowser: Native class hierarchy updated for 'StatsViewer' in 0.0034 seconds. Added 5 classes and 0 folders.
[2020.11.06-22.45.33:699][355]LoadErrors: New page: Cargando mapa: Minimal_Default.umap
[2020.11.06-22.45.33:700][355]MapCheck: New page: Revisión del mapa
[2020.11.06-22.45.33:700][355]LightingResults: New page: Diseñar la iluminación
[2020.11.06-22.45.34:102][355]LogEditorServer: Finished looking for orphan Actors (0.000 secs)
[2020.11.06-22.45.34:187][355]Cmd: MAP CHECKDEP NOCLEARLOG
[2020.11.06-22.45.34:353][355]MapCheck: Información Map check complete: 0 Error(s), 0 Warning(s), took 166,081ms to complete.
[2020.11.06-22.45.34:354][355]LogFileHelpers: Loading map 'Minimal_Default' took 0.793
[2020.11.06-22.45.55:262][720]LogTemp:Display: Finished compile of shader map 0x000002C494461600
[2020.11.06-22.45.55:262][720]LogTemp:Display: Shader map alfombra-gris-fondo_1339-7411_Mat complete, GameThreadShaderMap 0x000002C494461600, marking material alfombra-gris-fondo_1339-7411_Mat as finished
[2020.11.06-22.45.55:262][720]LogTemp:Display: Marking material as finished 0x000002C4B0109D80
[2020.11.06-22.46.05:313][856]LogTemp:Display: Finished compile of shader map 0x000002C49B8FEB00
[2020.11.06-22.46.05:313][856]LogTemp:Display: Shader map NEGRO complete, GameThreadShaderMap 0x000002C49B8FEB00, marking material NEGRO as finished
[2020.11.06-22.46.05:313][856]LogTemp:Display: Marking material as finished 0x000002C4AFDFD300
[2020.11.06-22.46.10:252][913]LogTemp:Display: Finished compile of shader map 0x000002C4B9658F00
[2020.11.06-22.46.10:252][913]LogTemp:Display: Shader map ROJO_BOTON complete, GameThreadShaderMap 0x000002C4B9658F00, marking material ROJO_BOTON as finished
[2020.11.06-22.46.10:252][913]LogTemp:Display: Marking material as finished 0x000002C4AFDEF400
[2020.11.06-22.46.21:352][183]LogTemp:Display: Finished compile of shader map 0x000002C4B95AB580
[2020.11.06-22.46.21:352][183]LogTemp:Display: Shader map Material_002 complete, GameThreadShaderMap 0x000002C4B95AB580, marking material Material_002 as finished
[2020.11.06-22.46.21:352][183]LogTemp:Display: Marking material as finished 0x000002C4B0121900
[2020.11.06-22.46.35:665][597]LogTemp:Display: Finished compile of shader map 0x000002C4BB5BE780
[2020.11.06-22.46.35:665][597]LogTemp:Display: Shader map T_Metal_Gold_Mat complete, GameThreadShaderMap 0x000002C4BB5BE780, marking material T_Metal_Gold_Mat as finished
[2020.11.06-22.46.35:665][597]LogTemp:Display: Marking material as finished 0x000002C4B010D900
[2020.11.06-22.46.42:537][793]LogTemp:Display: Finished compile of shader map 0x000002C4BC240100
[2020.11.06-22.46.42:537][793]LogTemp:Display: Shader map Material_004 complete, GameThreadShaderMap 0x000002C4BC240100, marking material Material_004 as finished
[2020.11.06-22.46.42:537][793]LogTemp:Display: Marking material as finished 0x000002C4B00EB280
[2020.11.06-22.48.55:060][932]LogTemp: Repeting last play command: New Editor Window (PIE)
[2020.11.06-22.48.55:130][932]LogBlueprintUserMessages: Early PlayInEditor Detection: Level '/Game/Niveles/Mapa/Minimal_Default.Minimal_Default:PersistentLevel' has LevelScriptBlueprint '/Game/Niveles/Mapa/Minimal_Default.Minimal_Default:PersistentLevel.Minimal_Default' with GeneratedClass '/Game/Niveles/Mapa/Minimal_Default.Minimal_Default_C' with ClassGeneratedBy '/Game/Niveles/Mapa/Minimal_Default.Minimal_Default:PersistentLevel.Minimal_Default'
[2020.11.06-22.48.55:149][932]LogPlayLevel: PlayLevel: No blueprints needed recompiling
[2020.11.06-22.48.55:224][932]PIE: New page: Sesión PIE (reproducción en el editor): Minimal_Default (6/11/2020 16:48:55)
[2020.11.06-22.48.55:258][932]LogPlayLevel: Creating play world package: /Game/Niveles/Mapa/UEDPIE_0_Minimal_Default
[2020.11.06-22.48.55:677][932]LogPlayLevel: PIE: StaticDuplicateObject took: (0.419161s)
[2020.11.06-22.48.55:680][932]LogAIModule: Creating AISystem for world Minimal_Default
[2020.11.06-22.48.55:680][932]LogPlayLevel: PIE: World Init took: (0.003124s)
[2020.11.06-22.48.55:697][932]LogPlayLevel: PIE: Created PIE world by copying editor world from /Game/Niveles/Mapa/Minimal_Default.Minimal_Default to /Game/Niveles/Mapa/UEDPIE_0_Minimal_Default.Minimal_Default (0.448638s)
[2020.11.06-22.48.55:862][932]LogInit: XAudio2 using 'Speakers (Realtek High Definition Audio)' : 2 channels at 48 kHz using 32 bits per sample (channel mask 0x3)
[2020.11.06-22.48.55:912][932]LogInit: FAudioDevice initialized.
[2020.11.06-22.48.56:274][932]LogUObjectGlobals:Warning: Error al encontrar el objeto 'Class /Script/ProyectoLabApps.ProyectoLabAppsGameMode'
[2020.11.06-22.48.56:283][932]LogLoad: Game class is 'GameModeBase'
[2020.11.06-22.48.56:521][932]LogWorld: Bringing World /Game/Niveles/Mapa/UEDPIE_0_Minimal_Default.Minimal_Default up for play (max tick rate 60) at 2020.11.06-19.48.56
[2020.11.06-22.48.56:716][932]LogWorld: Bringing up level for play took: 0.266142
[2020.11.06-22.48.57:375][932]LogContentBrowser: Native class hierarchy updated for 'MovieSceneCapture' in 0.0103 seconds. Added 11 classes and 0 folders.
[2020.11.06-22.48.57:544][932]PIE: Información Tiempo de inicio de la reproducción en el editor para  /Game/Niveles/Mapa/UEDPIE_0_Minimal_Default 2,535
[2020.11.06-22.48.57:546][932]LogBlueprintUserMessages: Late PlayInEditor Detection: Level '/Game/Niveles/Mapa/Minimal_Default.Minimal_Default:PersistentLevel' has LevelScriptBlueprint '/Game/Niveles/Mapa/Minimal_Default.Minimal_Default:PersistentLevel.Minimal_Default' with GeneratedClass '/Game/Niveles/Mapa/Minimal_Default.Minimal_Default_C' with ClassGeneratedBy '/Game/Niveles/Mapa/Minimal_Default.Minimal_Default:PersistentLevel.Minimal_Default'
[2020.11.06-22.48.58:049][932]LogRenderer: Reallocating scene render targets to support 760x380 NumSamples 1 (Frame:1614).
[2020.11.06-22.49.06:513][ 18]LogBlueprintUserMessages: Early EndPlayMap Detection: Level '/Game/Niveles/Mapa/Minimal_Default.Minimal_Default:PersistentLevel' has LevelScriptBlueprint '/Game/Niveles/Mapa/Minimal_Default.Minimal_Default:PersistentLevel.Minimal_Default' with GeneratedClass '/Game/Niveles/Mapa/Minimal_Default.Minimal_Default_C' with ClassGeneratedBy '/Game/Niveles/Mapa/Minimal_Default.Minimal_Default:PersistentLevel.Minimal_Default'
[2020.11.06-22.49.07:001][ 18]LogBlueprintUserMessages: Late EndPlayMap Detection: Level '/Game/Niveles/Mapa/Minimal_Default.Minimal_Default:PersistentLevel' has LevelScriptBlueprint '/Game/Niveles/Mapa/Minimal_Default.Minimal_Default:PersistentLevel.Minimal_Default' with GeneratedClass '/Game/Niveles/Mapa/Minimal_Default.Minimal_Default_C' with ClassGeneratedBy '/Game/Niveles/Mapa/Minimal_Default.Minimal_Default:PersistentLevel.Minimal_Default'
[2020.11.06-22.49.08:448][ 39]LogTemp: Repeting last play command: New Editor Window (PIE)
[2020.11.06-22.49.08:565][ 39]LogBlueprintUserMessages: Early PlayInEditor Detection: Level '/Game/Niveles/Mapa/Minimal_Default.Minimal_Default:PersistentLevel' has LevelScriptBlueprint '/Game/Niveles/Mapa/Minimal_Default.Minimal_Default:PersistentLevel.Minimal_Default' with GeneratedClass '/Game/Niveles/Mapa/Minimal_Default.Minimal_Default_C' with ClassGeneratedBy '/Game/Niveles/Mapa/Minimal_Default.Minimal_Default:PersistentLevel.Minimal_Default'
[2020.11.06-22.49.08:565][ 39]LogPlayLevel: PlayLevel: No blueprints needed recompiling
[2020.11.06-22.49.08:566][ 39]PIE: New page: Sesión PIE (reproducción en el editor): Minimal_Default (6/11/2020 16:49:08)
[2020.11.06-22.49.08:566][ 39]LogPlayLevel: Creating play world package: /Game/Niveles/Mapa/UEDPIE_0_Minimal_Default
[2020.11.06-22.49.08:865][ 39]LogPlayLevel: PIE: StaticDuplicateObject took: (0.298392s)
[2020.11.06-22.49.08:867][ 39]LogAIModule: Creating AISystem for world Minimal_Default
[2020.11.06-22.49.08:867][ 39]LogPlayLevel: PIE: World Init took: (0.002475s)
[2020.11.06-22.49.08:868][ 39]LogPlayLevel: PIE: Created PIE world by copying editor world from /Game/Niveles/Mapa/Minimal_Default.Minimal_Default to /Game/Niveles/Mapa/UEDPIE_0_Minimal_Default.Minimal_Default (0.301741s)
[2020.11.06-22.49.08:963][ 39]LogInit: XAudio2 using 'Speakers (Realtek High Definition Audio)' : 2 channels at 48 kHz using 32 bits per sample (channel mask 0x3)
[2020.11.06-22.49.09:008][ 39]LogInit: FAudioDevice initialized.
[2020.11.06-22.49.09:087][ 39]LogLoad: Game class is 'GameModeBase'
[2020.11.06-22.49.09:137][ 39]LogWorld: Bringing World /Game/Niveles/Mapa/UEDPIE_0_Minimal_Default.Minimal_Default up for play (max tick rate 60) at 2020.11.06-19.49.09
[2020.11.06-22.49.09:140][ 39]LogWorld: Bringing up level for play took: 0.034824
[2020.11.06-22.49.09:159][ 39]PIE: Información Tiempo de inicio de la reproducción en el editor para  /Game/Niveles/Mapa/UEDPIE_0_Minimal_Default 0,15
[2020.11.06-22.49.09:161][ 39]LogBlueprintUserMessages: Late PlayInEditor Detection: Level '/Game/Niveles/Mapa/Minimal_Default.Minimal_Default:PersistentLevel' has LevelScriptBlueprint '/Game/Niveles/Mapa/Minimal_Default.Minimal_Default:PersistentLevel.Minimal_Default' with GeneratedClass '/Game/Niveles/Mapa/Minimal_Default.Minimal_Default_C' with ClassGeneratedBy '/Game/Niveles/Mapa/Minimal_Default.Minimal_Default:PersistentLevel.Minimal_Default'
[2020.11.06-22.49.15:518][ 97]LogBlueprintUserMessages: Early EndPlayMap Detection: Level '/Game/Niveles/Mapa/Minimal_Default.Minimal_Default:PersistentLevel' has LevelScriptBlueprint '/Game/Niveles/Mapa/Minimal_Default.Minimal_Default:PersistentLevel.Minimal_Default' with GeneratedClass '/Game/Niveles/Mapa/Minimal_Default.Minimal_Default_C' with ClassGeneratedBy '/Game/Niveles/Mapa/Minimal_Default.Minimal_Default:PersistentLevel.Minimal_Default'
[2020.11.06-22.49.15:715][ 97]LogBlueprintUserMessages: Late EndPlayMap Detection: Level '/Game/Niveles/Mapa/Minimal_Default.Minimal_Default:PersistentLevel' has LevelScriptBlueprint '/Game/Niveles/Mapa/Minimal_Default.Minimal_Default:PersistentLevel.Minimal_Default' with GeneratedClass '/Game/Niveles/Mapa/Minimal_Default.Minimal_Default_C' with ClassGeneratedBy '/Game/Niveles/Mapa/Minimal_Default.Minimal_Default:PersistentLevel.Minimal_Default'
[2020.11.06-22.49.54:193][ 89]LogEditorViewport: Clicking on Actor (LMB): TriggerVolume (TriggerVolume)
[2020.11.06-22.50.30:697][ 26]LogSlate: Took 0.001028 seconds to synchronously load lazily loaded font '../../../Engine/Content/Slate/Fonts/Roboto-Light.ttf' (159K)
[2020.11.06-22.50.35:728][ 28]LogContentBrowser: Native class hierarchy updated for 'BlueprintGraph' in 0.0117 seconds. Added 112 classes and 0 folders.
[2020.11.06-22.50.42:035][ 28]LogSlate: Took 0.029568 seconds to synchronously load lazily loaded font '../../../Engine/Content/Editor/Slate/Fonts/Roboto-BoldCondensed.ttf' (158K)
[2020.11.06-22.50.43:778][ 29]LogSlate: Took 0.053392 seconds to synchronously load lazily loaded font '../../../Engine/Content/Editor/Slate/Fonts/Roboto-Italic.ttf' (157K)
[2020.11.06-22.52.26:286][ 66]Cmd: DELETE
[2020.11.06-22.52.26:286][ 66]Cmd: ACTOR DELETE
[2020.11.06-22.52.26:563][ 66]LogEditorActor: Deleted Actor: TriggerBox
[2020.11.06-22.52.26:766][ 66]LogEditorActor: Deleted 1 Actors (0.247 secs)
[2020.11.06-22.52.41:084][444]Cmd: DELETE
[2020.11.06-22.52.41:084][444]Cmd: ACTOR DELETE
[2020.11.06-22.52.41:088][444]LogEditorActor: Deleted Actor: TriggerBox
[2020.11.06-22.52.41:233][444]LogEditorActor: Deleted 1 Actors (0.149 secs)
[2020.11.06-22.52.45:935][567]LogActorFactory: Actor Factory created Cube
[2020.11.06-22.52.47:183][579]LogActorFactory: Actor Factory created Cube
[2020.11.06-22.52.48:859][595]Cmd: DELETE
[2020.11.06-22.52.48:859][595]Cmd: ACTOR DELETE
[2020.11.06-22.52.48:863][595]LogEditorActor: Deleted Actor: StaticMeshActor
[2020.11.06-22.52.48:996][595]LogEditorActor: Deleted 1 Actors (0.137 secs)
[2020.11.06-22.54.29:936][127]Cmd: DELETE
[2020.11.06-22.54.29:936][127]Cmd: ACTOR DELETE
[2020.11.06-22.54.29:942][127]LogEditorActor: Deleted Actor: TriggerVolume
[2020.11.06-22.54.30:135][127]LogEditorActor: Deleted 1 Actors (0.199 secs)
[2020.11.06-22.56.39:352][665]BlueprintLog: New page: Compilar Minimal_Default
[2020.11.06-22.56.42:463][711]LogEditorViewport: Clicking on Actor (context menu): StaticMeshActor (Wall_400x320)
[2020.11.06-22.56.44:240][734]LogTemp: Repeting last play command: New Editor Window (PIE)
[2020.11.06-22.56.44:336][734]LogBlueprintUserMessages: Early PlayInEditor Detection: Level '/Game/Niveles/Mapa/Minimal_Default.Minimal_Default:PersistentLevel' has LevelScriptBlueprint '/Game/Niveles/Mapa/Minimal_Default.Minimal_Default:PersistentLevel.Minimal_Default' with GeneratedClass '/Game/Niveles/Mapa/Minimal_Default.Minimal_Default_C' with ClassGeneratedBy '/Game/Niveles/Mapa/Minimal_Default.Minimal_Default:PersistentLevel.Minimal_Default'
[2020.11.06-22.56.44:337][734]LogPlayLevel: PlayLevel: No blueprints needed recompiling
[2020.11.06-22.56.44:338][734]PIE: New page: Sesión PIE (reproducción en el editor): Minimal_Default (6/11/2020 16:56:44)
[2020.11.06-22.56.44:338][734]LogPlayLevel: Creating play world package: /Game/Niveles/Mapa/UEDPIE_0_Minimal_Default
[2020.11.06-22.56.44:671][734]LogPlayLevel: PIE: StaticDuplicateObject took: (0.332716s)
[2020.11.06-22.56.44:673][734]LogAIModule: Creating AISystem for world Minimal_Default
[2020.11.06-22.56.44:674][734]LogPlayLevel: PIE: World Init took: (0.003262s)
[2020.11.06-22.56.44:675][734]LogPlayLevel: PIE: Created PIE world by copying editor world from /Game/Niveles/Mapa/Minimal_Default.Minimal_Default to /Game/Niveles/Mapa/UEDPIE_0_Minimal_Default.Minimal_Default (0.336861s)
[2020.11.06-22.56.44:836][734]LogInit: XAudio2 using 'Speakers (Realtek High Definition Audio)' : 2 channels at 48 kHz using 32 bits per sample (channel mask 0x3)
[2020.11.06-22.56.44:898][734]LogInit: FAudioDevice initialized.
[2020.11.06-22.56.44:996][734]LogLoad: Game class is 'GameModeBase'
[2020.11.06-22.56.45:033][734]LogWorld: Bringing World /Game/Niveles/Mapa/UEDPIE_0_Minimal_Default.Minimal_Default up for play (max tick rate 60) at 2020.11.06-19.56.45
[2020.11.06-22.56.45:036][734]LogWorld: Bringing up level for play took: 0.036762
[2020.11.06-22.56.45:055][734]PIE: Información Tiempo de inicio de la reproducción en el editor para  /Game/Niveles/Mapa/UEDPIE_0_Minimal_Default 0,046
[2020.11.06-22.56.45:058][734]LogBlueprintUserMessages: Late PlayInEditor Detection: Level '/Game/Niveles/Mapa/Minimal_Default.Minimal_Default:PersistentLevel' has LevelScriptBlueprint '/Game/Niveles/Mapa/Minimal_Default.Minimal_Default:PersistentLevel.Minimal_Default' with GeneratedClass '/Game/Niveles/Mapa/Minimal_Default.Minimal_Default_C' with ClassGeneratedBy '/Game/Niveles/Mapa/Minimal_Default.Minimal_Default:PersistentLevel.Minimal_Default'
[2020.11.06-22.56.53:606][816]LogBlueprintUserMessages: Early EndPlayMap Detection: Level '/Game/Niveles/Mapa/Minimal_Default.Minimal_Default:PersistentLevel' has LevelScriptBlueprint '/Game/Niveles/Mapa/Minimal_Default.Minimal_Default:PersistentLevel.Minimal_Default' with GeneratedClass '/Game/Niveles/Mapa/Minimal_Default.Minimal_Default_C' with ClassGeneratedBy '/Game/Niveles/Mapa/Minimal_Default.Minimal_Default:PersistentLevel.Minimal_Default'
[2020.11.06-22.56.54:040][816]LogBlueprintUserMessages: Late EndPlayMap Detection: Level '/Game/Niveles/Mapa/Minimal_Default.Minimal_Default:PersistentLevel' has LevelScriptBlueprint '/Game/Niveles/Mapa/Minimal_Default.Minimal_Default:PersistentLevel.Minimal_Default' with GeneratedClass '/Game/Niveles/Mapa/Minimal_Default.Minimal_Default_C' with ClassGeneratedBy '/Game/Niveles/Mapa/Minimal_Default.Minimal_Default:PersistentLevel.Minimal_Default'
[2020.11.06-22.58.10:095][ 32]Cmd: DELETE
[2020.11.06-22.58.10:095][ 32]Cmd: ACTOR DELETE
[2020.11.06-22.58.10:099][ 32]LogEditorActor: Deleted Actor: TriggerBox
[2020.11.06-22.58.10:244][ 32]LogEditorActor: Deleted 1 Actors (0.149 secs)
[2020.11.06-22.58.20:713][202]Cmd: TRANSACTION UNDO
[2020.11.06-22.58.20:713][202]LogEditorTransaction: Undo Crear actores
[2020.11.06-22.59.14:811][ 45]Cmd: DELETE
[2020.11.06-22.59.14:811][ 45]Cmd: ACTOR DELETE
[2020.11.06-22.59.14:815][ 45]LogEditorActor: Deleted Actor: TriggerBox
[2020.11.06-22.59.14:962][ 45]LogEditorActor: Deleted 1 Actors (0.151 secs)
[2020.11.06-22.59.28:501][285]Cmd: DELETE
[2020.11.06-22.59.28:501][285]Cmd: ACTOR DELETE
[2020.11.06-22.59.28:505][285]LogEditorActor: Deleted Actor: TriggerVolume
[2020.11.06-22.59.28:640][285]LogEditorActor: Deleted 1 Actors (0.138 secs)
[2020.11.06-22.59.29:707][311]LogEditorViewport: Clicking on Actor (LMB): TriggerVolume (TriggerVolume6)
[2020.11.06-23.00.01:978][ 87]LogSavePackage: Save=2249.42ms
[2020.11.06-23.00.01:979][ 87]LogSavePackage: Moving '../../../../../../Users/Belci_3/Documents/GitHub/Proyecto-Laberinto-Grupo-1/ProyectoLabApps/Saved/Minimal_Default_Auto11E3D09C4400A1E02FAA57C98E6890762.tmp' to '../../../../../../Users/Belci_3/Documents/GitHub/Proyecto-Laberinto-Grupo-1/ProyectoLabApps/Saved/Autosaves/Game/Niveles/Mapa/Minimal_Default_Auto1.umap'
[2020.11.06-23.00.02:001][ 87]LogSavePackage:Display: Finished SavePackage ../../../../../../Users/Belci_3/Documents/GitHub/Proyecto-Laberinto-Grupo-1/ProyectoLabApps/Saved/Autosaves/Game/Niveles/Mapa/Minimal_Default_Auto1.umap
[2020.11.06-23.00.02:103][ 87]LogFileHelpers: Editor autosave (incl. sublevels) for '/Game/Niveles/Mapa/Minimal_Default' took 3.662
[2020.11.06-23.00.02:103][ 87]LogFileHelpers: Editor autosave (incl. sublevels) for all levels took 3.662
[2020.11.06-23.00.44:645][162]LogEditorViewport: Clicking on Actor (LMB): TriggerVolume (TriggerVolume3)
[2020.11.06-23.00.48:633][262]LogEditorViewport: Clicking on Actor (LMB): TriggerVolume (TriggerVolume6)
[2020.11.06-23.00.52:055][342]LogEditorViewport: Clicking on Actor (LMB): TriggerVolume (TriggerVolume3)
[2020.11.06-23.00.57:379][478]LogEditorViewport: Clicking on Actor (LMB): TriggerVolume (TriggerVolume6)
[2020.11.06-23.01.03:803][642]Cmd: TRANSACTION UNDO
[2020.11.06-23.01.03:803][642]LogEditorTransaction: Undo Ajustar ubicación del actor
[2020.11.06-23.01.09:257][789]Cmd: TRANSACTION UNDO
[2020.11.06-23.01.09:257][789]LogEditorTransaction: Undo Pinchar en los actores
[2020.11.06-23.01.09:977][806]Cmd: TRANSACTION UNDO
[2020.11.06-23.01.09:977][806]LogEditorTransaction: Undo Pinchar en los actores
[2020.11.06-23.01.11:686][855]Cmd: TRANSACTION UNDO
[2020.11.06-23.01.11:686][855]LogEditorTransaction: Undo Pinchar en los actores
[2020.11.06-23.01.46:131][716]LogEditorViewport: Clicking on Actor (LMB): TriggerVolume (TriggerVolume6)
[2020.11.06-23.02.29:857][834]Cmd: DELETE
[2020.11.06-23.02.29:857][834]Cmd: ACTOR DELETE
[2020.11.06-23.02.29:861][834]LogEditorActor: Deleted Actor: TriggerBox
[2020.11.06-23.02.30:044][834]LogEditorActor: Deleted 1 Actors (0.187 secs)
[2020.11.06-23.04.40:091][961]Cmd: DELETE
[2020.11.06-23.04.40:092][961]Cmd: ACTOR DELETE
[2020.11.06-23.04.40:096][961]LogEditorActor: Deleted Actor: TriggerVolume
[2020.11.06-23.04.40:244][961]LogEditorActor: Deleted 1 Actors (0.152 secs)
[2020.11.06-23.04.42:444][ 23]LogEditorViewport: Clicking on Actor (LMB): TriggerVolume (TriggerVolume6)
[2020.11.06-23.05.16:543][928]LogEditorViewport: Clicking on Actor (LMB): TriggerVolume (TriggerVolume7)
[2020.11.06-23.05.19:988][  7]LogEditorViewport: Clicking on Actor (LMB): TriggerVolume (TriggerVolume8)
[2020.11.06-23.05.28:110][177]LogEditorViewport: Clicking on Actor (LMB): TriggerVolume (TriggerVolume3)
[2020.11.06-23.05.33:796][332]LogEditorViewport: Clicking on Actor (LMB): TriggerVolume (TriggerVolume6)
[2020.11.06-23.05.35:500][368]LogEditorViewport: Clicking on Actor (LMB): TriggerVolume (TriggerVolume3)
[2020.11.06-23.05.38:332][436]LogEditorViewport: Clicking on Actor (LMB): TriggerVolume (TriggerVolume6)
[2020.11.06-23.07.48:361][ 48]LogUObjectArray:Warning: Other object in slot
[2020.11.06-23.07.50:560][ 48]LogStats: FPlatformStackWalk::StackWalkAndDump -  2.181 s
[2020.11.06-23.07.50:560][ 48]LogOutputDevice:Error: === Handled ensure: ===
[2020.11.06-23.07.50:560][ 48]LogOutputDevice:Error: 
[2020.11.06-23.07.50:560][ 48]LogOutputDevice:Error: Ensure condition failed: false [File:D:\Build\++UE4+Release-4.15+Compile\Sync\Engine\Source\Editor\Kismet\Private\SKismetInspector.cpp] [Line: 568]
[2020.11.06-23.07.50:561][ 48]LogOutputDevice:Error: Object in KismetInspector is invalid, see TTP 281915
[2020.11.06-23.07.50:561][ 48]LogOutputDevice:Error: Stack: 
[2020.11.06-23.07.50:561][ 48]LogOutputDevice:Error: UE4Editor-Core.dll!0x00000000433595E6
[2020.11.06-23.07.50:561][ 48]LogOutputDevice:Error: UE4Editor-Core.dll!0x0000000043109B82
[2020.11.06-23.07.50:561][ 48]LogOutputDevice:Error: UE4Editor-Core.dll!0x000000004311B666
[2020.11.06-23.07.50:561][ 48]LogOutputDevice:Error: UE4Editor-Kismet.dll!0x000000003C108CB9
[2020.11.06-23.07.50:561][ 48]LogOutputDevice:Error: UE4Editor-Kismet.dll!0x000000003C1054F6
[2020.11.06-23.07.50:561][ 48]LogOutputDevice:Error: UE4Editor-SlateCore.dll!0x000000004ED58C02
[2020.11.06-23.07.50:561][ 48]LogOutputDevice:Error: UE4Editor-SlateCore.dll!0x000000004ED5778E
[2020.11.06-23.07.50:561][ 48]LogOutputDevice:Error: UE4Editor-Slate.dll!0x000000004E75CECC
[2020.11.06-23.07.50:561][ 48]LogOutputDevice:Error: UE4Editor-SlateCore.dll!0x000000004ED58C55
[2020.11.06-23.07.50:561][ 48]LogOutputDevice:Error: UE4Editor-SlateCore.dll!0x000000004ED57ABE
[2020.11.06-23.07.50:561][ 48]LogOutputDevice:Error: UE4Editor-SlateCore.dll!0x000000004ED58C55
[2020.11.06-23.07.50:561][ 48]LogOutputDevice:Error: UE4Editor-SlateCore.dll!0x000000004ED59060
[2020.11.06-23.07.50:561][ 48]LogOutputDevice:Error: UE4Editor-SlateCore.dll!0x000000004ED57C08
[2020.11.06-23.07.50:561][ 48]LogOutputDevice:Error: UE4Editor-SlateCore.dll!0x000000004ED58C55
[2020.11.06-23.07.50:561][ 48]LogOutputDevice:Error: UE4Editor-SlateCore.dll!0x000000004ED5778E
[2020.11.06-23.07.50:561][ 48]LogOutputDevice:Error: UE4Editor-SlateCore.dll!0x000000004ED58C55
[2020.11.06-23.07.50:561][ 48]LogOutputDevice:Error: UE4Editor-SlateCore.dll!0x000000004ED59060
[2020.11.06-23.07.50:561][ 48]LogOutputDevice:Error: UE4Editor-Slate.dll!0x000000004E7D91BD
[2020.11.06-23.07.50:561][ 48]LogOutputDevice:Error: UE4Editor-SlateCore.dll!0x000000004ED58C55
[2020.11.06-23.07.50:561][ 48]LogOutputDevice:Error: UE4Editor-SlateCore.dll!0x000000004ED57ABE
[2020.11.06-23.07.50:561][ 48]LogOutputDevice:Error: UE4Editor-SlateCore.dll!0x000000004ED58C55
[2020.11.06-23.07.50:561][ 48]LogOutputDevice:Error: UE4Editor-SlateCore.dll!0x000000004ED5778E
[2020.11.06-23.07.50:561][ 48]LogOutputDevice:Error: UE4Editor-SlateCore.dll!0x000000004ED58C55
[2020.11.06-23.07.50:561][ 48]LogOutputDevice:Error: UE4Editor-SlateCore.dll!0x000000004ED59060
[2020.11.06-23.07.50:561][ 48]LogOutputDevice:Error: UE4Editor-SlateCore.dll!0x000000004ED57C08
[2020.11.06-23.07.50:561][ 48]LogOutputDevice:Error: UE4Editor-SlateCore.dll!0x000000004ED58C55
[2020.11.06-23.07.50:561][ 48]LogOutputDevice:Error: UE4Editor-SlateCore.dll!0x000000004ED5778E
[2020.11.06-23.07.50:561][ 48]LogOutputDevice:Error: UE4Editor-SlateCore.dll!0x000000004ED58C55
[2020.11.06-23.07.50:561][ 48]LogOutputDevice:Error: UE4Editor-SlateCore.dll!0x000000004ED5778E
[2020.11.06-23.07.50:562][ 48]LogOutputDevice:Error: UE4Editor-Slate.dll!0x000000004E75CECC
[2020.11.06-23.07.50:562][ 48]LogOutputDevice:Error: UE4Editor-SlateCore.dll!0x000000004ED58C55
[2020.11.06-23.07.50:562][ 48]LogOutputDevice:Error: UE4Editor-SlateCore.dll!0x000000004ED57ABE
[2020.11.06-23.07.50:562][ 48]LogOutputDevice:Error: UE4Editor-SlateCore.dll!0x000000004ED58C55
[2020.11.06-23.07.50:562][ 48]LogOutputDevice:Error: UE4Editor-SlateCore.dll!0x000000004ED59060
[2020.11.06-23.07.50:562][ 48]LogOutputDevice:Error: UE4Editor-SlateCore.dll!0x000000004ED57C08
[2020.11.06-23.07.50:562][ 48]LogOutputDevice:Error: UE4Editor-SlateCore.dll!0x000000004ED58C55
[2020.11.06-23.07.50:562][ 48]LogOutputDevice:Error: UE4Editor-SlateCore.dll!0x000000004ED5778E
[2020.11.06-23.07.50:562][ 48]LogOutputDevice:Error: UE4Editor-SlateCore.dll!0x000000004ED58C55
[2020.11.06-23.07.50:562][ 48]LogOutputDevice:Error: UE4Editor-SlateCore.dll!0x000000004ED59060
[2020.11.06-23.07.50:562][ 48]LogOutputDevice:Error: UE4Editor-Slate.dll!0x000000004E7D91BD
[2020.11.06-23.07.50:562][ 48]LogOutputDevice:Error: UE4Editor-SlateCore.dll!0x000000004ED58C55
[2020.11.06-23.07.50:562][ 48]LogOutputDevice:Error: UE4Editor-SlateCore.dll!0x000000004ED57ABE
[2020.11.06-23.07.50:562][ 48]LogOutputDevice:Error: UE4Editor-SlateCore.dll!0x000000004ED58C55
[2020.11.06-23.07.50:562][ 48]LogOutputDevice:Error: UE4Editor-SlateCore.dll!0x000000004ED5778E
[2020.11.06-23.07.50:562][ 48]LogOutputDevice:Error: UE4Editor-SlateCore.dll!0x000000004ED58C55
[2020.11.06-23.07.50:562][ 48]LogOutputDevice:Error: UE4Editor-SlateCore.dll!0x000000004ED59060
[2020.11.06-23.07.50:562][ 48]LogOutputDevice:Error: UE4Editor-SlateCore.dll!0x000000004ED57C08
[2020.11.06-23.07.50:562][ 48]LogOutputDevice:Error: UE4Editor-SlateCore.dll!0x000000004ED58C55
[2020.11.06-23.07.50:562][ 48]LogOutputDevice:Error: UE4Editor-SlateCore.dll!0x000000004ED59060
[2020.11.06-23.07.50:562][ 48]LogOutputDevice:Error: UE4Editor-SlateCore.dll!0x000000004ED57C08
[2020.11.06-23.07.50:562][ 48]LogOutputDevice:Error: UE4Editor-SlateCore.dll!0x000000004ED58C55
[2020.11.06-23.07.50:562][ 48]LogOutputDevice:Error: UE4Editor-SlateCore.dll!0x000000004ED57ABE
[2020.11.06-23.07.50:562][ 48]LogOutputDevice:Error: UE4Editor-SlateCore.dll!0x000000004ED58C55
[2020.11.06-23.07.50:562][ 48]LogOutputDevice:Error: UE4Editor-SlateCore.dll!0x000000004ED5778E
[2020.11.06-23.07.50:562][ 48]LogOutputDevice:Error: UE4Editor-SlateCore.dll!0x000000004ED57CAA
[2020.11.06-23.07.50:562][ 48]LogOutputDevice:Error: UE4Editor-SlateCore.dll!0x000000004ED58C55
[2020.11.06-23.07.50:562][ 48]LogOutputDevice:Error: UE4Editor-Slate.dll!0x000000004E5A30FD
[2020.11.06-23.07.50:562][ 48]LogOutputDevice:Error: UE4Editor-Slate.dll!0x000000004E5DCF94
[2020.11.06-23.07.50:562][ 48]LogOutputDevice:Error: UE4Editor-Slate.dll!0x000000004E5A41C0
[2020.11.06-23.07.50:562][ 48]LogOutputDevice:Error: UE4Editor-Slate.dll!0x000000004E602674
[2020.11.06-23.07.50:563][ 48]LogOutputDevice:Error: UE4Editor-Slate.dll!0x000000004E6015C0
[2020.11.06-23.07.50:563][ 48]LogOutputDevice:Error: UE4Editor.exe!0x000000003BE6EA1D
[2020.11.06-23.07.50:563][ 48]LogOutputDevice:Error: UE4Editor.exe!0x000000003BE5EB40
[2020.11.06-23.07.50:563][ 48]LogOutputDevice:Error: UE4Editor.exe!0x000000003BE5EBBA
[2020.11.06-23.07.50:563][ 48]LogOutputDevice:Error: UE4Editor.exe!0x000000003BE70A29
[2020.11.06-23.07.50:563][ 48]LogOutputDevice:Error: UE4Editor.exe!0x000000003BE722B6
[2020.11.06-23.07.50:563][ 48]LogOutputDevice:Error: KERNEL32.DLL!0x000000007DB58364
[2020.11.06-23.07.50:563][ 48]LogOutputDevice:Error: ntdll.dll!0x000000007DD77091
[2020.11.06-23.07.50:563][ 48]LogOutputDevice:Error: 
[2020.11.06-23.07.50:712][ 48]LogStats:                SubmitErrorReport -  0.000 s
